<?xml version="1.0" encoding="UTF-8"?>
<testsuites name="Regression_Mobile" time="443.265" tests="11" failures="0" errors="0">
   <testsuite name="Regression_Mobile" tests="11" failures="0" errors="0" time="443.265" skipped="0" timestamp="2022-07-17 00:34:22" hostname="salsa - SALSABILA" id="Test Suites/TS03_Mobile/Regression_Mobile">
      <properties>
         <property name="deviceName" value="Xiaomi M2003J15SC (Android 11)"/>
         <property name="devicePlatform" value=""/>
         <property name="logFolder" value="F:\\1. UNNES\\6. Semester 6\\2 - MSIB\\CAPSTONE PROJECT\\testing-lms\\Reports\\20220717_003416\\TS03_Mobile\\Regression_Mobile\\20220717_003416"/>
         <property name="logFiles" value="F:\\1. UNNES\\6. Semester 6\\2 - MSIB\\CAPSTONE PROJECT\\testing-lms\\Reports\\20220717_003416\\TS03_Mobile\\Regression_Mobile\\20220717_003416\\appium.log, F:\\1. UNNES\\6. Semester 6\\2 - MSIB\\CAPSTONE PROJECT\\testing-lms\\Reports\\20220717_003416\\TS03_Mobile\\Regression_Mobile\\20220717_003416\\execution0.log"/>
         <property name="attachments" value=""/>
         <property name="hostName" value="salsa - SALSABILA"/>
         <property name="os" value="Windows 10 64bit"/>
         <property name="appiumServerStatus" value="{&quot;value&quot;:{&quot;build&quot;:{&quot;version&quot;:&quot;1.22.3&quot;}},&quot;sessionId&quot;:null,&quot;status&quot;:0}"/>
         <property name="katalonVersion" value="8.2.5.208"/>
         <property name="deviceOS" value="Android"/>
         <property name="appiumVersion" value="1.22.3"/>
         <property name="deviceModel" value="M2003J15SC"/>
         <property name="hostAddress" value="192.168.8.131"/>
         <property name="deviceManufacturer" value="Xiaomi"/>
         <property name="deviceId" value="aeebca410407"/>
         <property name="deviceName" value="Xiaomi M2003J15SC (Android 11)"/>
         <property name="deviceOSVersion" value="11"/>
      </properties>
      <testcase name="Test Cases/03_Mobile/02_Auth/SC002_Sign Up/Sign Up" time="114.753" classname="Test Cases/03_Mobile/02_Auth/SC002_Sign Up/Sign Up" status="PASSED">
         <system-out><![CDATA[2022-07-17 00:34:22 - [TEST_CASE][PASSED] - Test Cases/03_Mobile/02_Auth/SC002_Sign Up/Sign Up: Test Cases/03_Mobile/02_Auth/SC002_Sign Up/Sign Up

2022-07-17 00:34:23 - [TEST_STEP][PASSED] - startExistingApplication("com.example.capstone_project_lms", STOP_ON_FAILURE): Starting app with application ID: 'com.example.capstone_project_lms'

2022-07-17 00:34:27 - [MESSAGE][INFO] - Appium server started on port 63,184

2022-07-17 00:34:40 - [MESSAGE][PASSED] - Starting app with application ID: 'com.example.capstone_project_lms'

2022-07-17 00:34:40 - [TEST_STEP][PASSED] - delay(8, CONTINUE_ON_FAILURE): Delayed 8 second(s)

2022-07-17 00:34:49 - [MESSAGE][PASSED] - Delayed 8 second(s)

2022-07-17 00:34:49 - [TEST_STEP][PASSED] - tap(findTestObject("03_Mobile/02_Auth/SC002_Sign Up/a_signup"), 0, CONTINUE_ON_FAILURE): Tapped on element 'Object Repository/03_Mobile/02_Auth/SC002_Sign Up/a_signup'

2022-07-17 00:34:49 - [MESSAGE][WARNING] - Timeout '0' is invalid. Using default page load timeout: '30'

2022-07-17 00:34:49 - [MESSAGE][PASSED] - Tapped on element 'Object Repository/03_Mobile/02_Auth/SC002_Sign Up/a_signup'

2022-07-17 00:34:49 - [TEST_STEP][PASSED] - for ([i = 1, i <= 9, (i++)]): Element 'Object Repository/03_Mobile/02_Auth/SC002_Sign Up/success' is exist

2022-07-17 00:34:49 - [TEST_STEP][PASSED] - tap(findTestObject("03_Mobile/02_Auth/SC002_Sign Up/field_fullname"), 0, CONTINUE_ON_FAILURE): Tapped on element 'Object Repository/03_Mobile/02_Auth/SC002_Sign Up/field_fullname'

2022-07-17 00:34:49 - [MESSAGE][WARNING] - Timeout '0' is invalid. Using default page load timeout: '30'

2022-07-17 00:34:51 - [MESSAGE][PASSED] - Tapped on element 'Object Repository/03_Mobile/02_Auth/SC002_Sign Up/field_fullname'

2022-07-17 00:34:51 - [TEST_STEP][PASSED] - setText(findTestObject("03_Mobile/02_Auth/SC002_Sign Up/field_fullname"), findTestData("signup").getValue(3, i), 0, CONTINUE_ON_FAILURE): Text '' has been set to element 'Object Repository/03_Mobile/02_Auth/SC002_Sign Up/field_fullname'

2022-07-17 00:34:52 - [MESSAGE][WARNING] - Timeout '0' is invalid. Using default page load timeout: '30'

2022-07-17 00:34:52 - [MESSAGE][PASSED] - Text '' has been set to element 'Object Repository/03_Mobile/02_Auth/SC002_Sign Up/field_fullname'

2022-07-17 00:34:52 - [TEST_STEP][PASSED] - tap(findTestObject("03_Mobile/02_Auth/SC002_Sign Up/field_email"), 0, CONTINUE_ON_FAILURE): Tapped on element 'Object Repository/03_Mobile/02_Auth/SC002_Sign Up/field_email'

2022-07-17 00:34:53 - [MESSAGE][WARNING] - Timeout '0' is invalid. Using default page load timeout: '30'

2022-07-17 00:34:53 - [MESSAGE][PASSED] - Tapped on element 'Object Repository/03_Mobile/02_Auth/SC002_Sign Up/field_email'

2022-07-17 00:34:53 - [TEST_STEP][PASSED] - setText(findTestObject("03_Mobile/02_Auth/SC002_Sign Up/field_email"), findTestData("signup").getValue(4, i), 0, CONTINUE_ON_FAILURE): Text '' has been set to element 'Object Repository/03_Mobile/02_Auth/SC002_Sign Up/field_email'

2022-07-17 00:34:53 - [MESSAGE][WARNING] - Timeout '0' is invalid. Using default page load timeout: '30'

2022-07-17 00:34:54 - [MESSAGE][PASSED] - Text '' has been set to element 'Object Repository/03_Mobile/02_Auth/SC002_Sign Up/field_email'

2022-07-17 00:34:54 - [TEST_STEP][PASSED] - tap(findTestObject("03_Mobile/02_Auth/SC002_Sign Up/field_password"), 0, CONTINUE_ON_FAILURE): Tapped on element 'Object Repository/03_Mobile/02_Auth/SC002_Sign Up/field_password'

2022-07-17 00:34:54 - [MESSAGE][WARNING] - Timeout '0' is invalid. Using default page load timeout: '30'

2022-07-17 00:34:55 - [MESSAGE][PASSED] - Tapped on element 'Object Repository/03_Mobile/02_Auth/SC002_Sign Up/field_password'

2022-07-17 00:34:55 - [TEST_STEP][PASSED] - setText(findTestObject("03_Mobile/02_Auth/SC002_Sign Up/field_password"), findTestData("signup").getValue(5, i), 0, CONTINUE_ON_FAILURE): Text '' has been set to element 'Object Repository/03_Mobile/02_Auth/SC002_Sign Up/field_password'

2022-07-17 00:34:55 - [MESSAGE][WARNING] - Timeout '0' is invalid. Using default page load timeout: '30'

2022-07-17 00:34:55 - [MESSAGE][PASSED] - Text '' has been set to element 'Object Repository/03_Mobile/02_Auth/SC002_Sign Up/field_password'

2022-07-17 00:34:55 - [TEST_STEP][PASSED] - pressBack(CONTINUE_ON_FAILURE): Press back button successfully

2022-07-17 00:34:55 - [MESSAGE][PASSED] - Press back button successfully

2022-07-17 00:34:55 - [TEST_STEP][PASSED] - tap(findTestObject("03_Mobile/02_Auth/SC002_Sign Up/button_signup"), 0, CONTINUE_ON_FAILURE): Tapped on element 'Object Repository/03_Mobile/02_Auth/SC002_Sign Up/button_signup'

2022-07-17 00:34:55 - [MESSAGE][WARNING] - Timeout '0' is invalid. Using default page load timeout: '30'

2022-07-17 00:34:57 - [MESSAGE][PASSED] - Tapped on element 'Object Repository/03_Mobile/02_Auth/SC002_Sign Up/button_signup'

2022-07-17 00:34:57 - [TEST_STEP][PASSED] - if (findTestData("signup").getValue(2, i) == "negative" && findTestData("signup").getValue(6, i) == ""): Element 'Object Repository/03_Mobile/02_Auth/SC002_Sign Up/create_acc' is exist

2022-07-17 00:34:57 - [TEST_STEP][PASSED] - verifyElementExist(findTestObject("03_Mobile/02_Auth/SC002_Sign Up/create_acc"), 0): Element 'Object Repository/03_Mobile/02_Auth/SC002_Sign Up/create_acc' is exist

2022-07-17 00:34:57 - [MESSAGE][WARNING] - Timeout '0' is invalid. Using default page load timeout: '30'

2022-07-17 00:34:58 - [MESSAGE][PASSED] - Element 'Object Repository/03_Mobile/02_Auth/SC002_Sign Up/create_acc' is exist

2022-07-17 00:34:58 - [TEST_STEP][PASSED] - tap(findTestObject("03_Mobile/02_Auth/SC002_Sign Up/field_fullname"), 0, CONTINUE_ON_FAILURE): Tapped on element 'Object Repository/03_Mobile/02_Auth/SC002_Sign Up/field_fullname'

2022-07-17 00:34:58 - [MESSAGE][WARNING] - Timeout '0' is invalid. Using default page load timeout: '30'

2022-07-17 00:34:58 - [MESSAGE][PASSED] - Tapped on element 'Object Repository/03_Mobile/02_Auth/SC002_Sign Up/field_fullname'

2022-07-17 00:34:58 - [TEST_STEP][PASSED] - setText(findTestObject("03_Mobile/02_Auth/SC002_Sign Up/field_fullname"), findTestData("signup").getValue(3, i), 0, CONTINUE_ON_FAILURE): Text 'Archie' has been set to element 'Object Repository/03_Mobile/02_Auth/SC002_Sign Up/field_fullname'

2022-07-17 00:34:58 - [MESSAGE][WARNING] - Timeout '0' is invalid. Using default page load timeout: '30'

2022-07-17 00:34:59 - [MESSAGE][PASSED] - Text 'Archie' has been set to element 'Object Repository/03_Mobile/02_Auth/SC002_Sign Up/field_fullname'

2022-07-17 00:34:59 - [TEST_STEP][PASSED] - tap(findTestObject("03_Mobile/02_Auth/SC002_Sign Up/field_email"), 0, CONTINUE_ON_FAILURE): Tapped on element 'Object Repository/03_Mobile/02_Auth/SC002_Sign Up/field_email'

2022-07-17 00:34:59 - [MESSAGE][WARNING] - Timeout '0' is invalid. Using default page load timeout: '30'

2022-07-17 00:35:01 - [MESSAGE][PASSED] - Tapped on element 'Object Repository/03_Mobile/02_Auth/SC002_Sign Up/field_email'

2022-07-17 00:35:01 - [TEST_STEP][PASSED] - setText(findTestObject("03_Mobile/02_Auth/SC002_Sign Up/field_email"), findTestData("signup").getValue(4, i), 0, CONTINUE_ON_FAILURE): Text 'arch-gmail' has been set to element 'Object Repository/03_Mobile/02_Auth/SC002_Sign Up/field_email'

2022-07-17 00:35:01 - [MESSAGE][WARNING] - Timeout '0' is invalid. Using default page load timeout: '30'

2022-07-17 00:35:02 - [MESSAGE][PASSED] - Text 'arch-gmail' has been set to element 'Object Repository/03_Mobile/02_Auth/SC002_Sign Up/field_email'

2022-07-17 00:35:02 - [TEST_STEP][PASSED] - tap(findTestObject("03_Mobile/02_Auth/SC002_Sign Up/field_password"), 0, CONTINUE_ON_FAILURE): Tapped on element 'Object Repository/03_Mobile/02_Auth/SC002_Sign Up/field_password'

2022-07-17 00:35:02 - [MESSAGE][WARNING] - Timeout '0' is invalid. Using default page load timeout: '30'

2022-07-17 00:35:02 - [MESSAGE][PASSED] - Tapped on element 'Object Repository/03_Mobile/02_Auth/SC002_Sign Up/field_password'

2022-07-17 00:35:02 - [TEST_STEP][PASSED] - setText(findTestObject("03_Mobile/02_Auth/SC002_Sign Up/field_password"), findTestData("signup").getValue(5, i), 0, CONTINUE_ON_FAILURE): Text 'Archen123!' has been set to element 'Object Repository/03_Mobile/02_Auth/SC002_Sign Up/field_password'

2022-07-17 00:35:03 - [MESSAGE][WARNING] - Timeout '0' is invalid. Using default page load timeout: '30'

2022-07-17 00:35:03 - [MESSAGE][PASSED] - Text 'Archen123!' has been set to element 'Object Repository/03_Mobile/02_Auth/SC002_Sign Up/field_password'

2022-07-17 00:35:03 - [TEST_STEP][PASSED] - pressBack(CONTINUE_ON_FAILURE): Press back button successfully

2022-07-17 00:35:04 - [MESSAGE][PASSED] - Press back button successfully

2022-07-17 00:35:04 - [TEST_STEP][PASSED] - tap(findTestObject("03_Mobile/02_Auth/SC002_Sign Up/button_signup"), 0, CONTINUE_ON_FAILURE): Tapped on element 'Object Repository/03_Mobile/02_Auth/SC002_Sign Up/button_signup'

2022-07-17 00:35:04 - [MESSAGE][WARNING] - Timeout '0' is invalid. Using default page load timeout: '30'

2022-07-17 00:35:06 - [MESSAGE][PASSED] - Tapped on element 'Object Repository/03_Mobile/02_Auth/SC002_Sign Up/button_signup'

2022-07-17 00:35:06 - [TEST_STEP][PASSED] - if (findTestData("signup").getValue(2, i) == "negative" && findTestData("signup").getValue(6, i) == ""): Element 'Object Repository/03_Mobile/02_Auth/SC002_Sign Up/create_acc' is exist

2022-07-17 00:35:06 - [TEST_STEP][PASSED] - verifyElementExist(findTestObject("03_Mobile/02_Auth/SC002_Sign Up/create_acc"), 0): Element 'Object Repository/03_Mobile/02_Auth/SC002_Sign Up/create_acc' is exist

2022-07-17 00:35:06 - [MESSAGE][WARNING] - Timeout '0' is invalid. Using default page load timeout: '30'

2022-07-17 00:35:06 - [MESSAGE][PASSED] - Element 'Object Repository/03_Mobile/02_Auth/SC002_Sign Up/create_acc' is exist

2022-07-17 00:35:06 - [TEST_STEP][PASSED] - tap(findTestObject("03_Mobile/02_Auth/SC002_Sign Up/field_fullname"), 0, CONTINUE_ON_FAILURE): Tapped on element 'Object Repository/03_Mobile/02_Auth/SC002_Sign Up/field_fullname'

2022-07-17 00:35:06 - [MESSAGE][WARNING] - Timeout '0' is invalid. Using default page load timeout: '30'

2022-07-17 00:35:07 - [MESSAGE][PASSED] - Tapped on element 'Object Repository/03_Mobile/02_Auth/SC002_Sign Up/field_fullname'

2022-07-17 00:35:07 - [TEST_STEP][PASSED] - setText(findTestObject("03_Mobile/02_Auth/SC002_Sign Up/field_fullname"), findTestData("signup").getValue(3, i), 0, CONTINUE_ON_FAILURE): Text 'Archie' has been set to element 'Object Repository/03_Mobile/02_Auth/SC002_Sign Up/field_fullname'

2022-07-17 00:35:07 - [MESSAGE][WARNING] - Timeout '0' is invalid. Using default page load timeout: '30'

2022-07-17 00:35:09 - [MESSAGE][PASSED] - Text 'Archie' has been set to element 'Object Repository/03_Mobile/02_Auth/SC002_Sign Up/field_fullname'

2022-07-17 00:35:09 - [TEST_STEP][PASSED] - tap(findTestObject("03_Mobile/02_Auth/SC002_Sign Up/field_email"), 0, CONTINUE_ON_FAILURE): Tapped on element 'Object Repository/03_Mobile/02_Auth/SC002_Sign Up/field_email'

2022-07-17 00:35:09 - [MESSAGE][WARNING] - Timeout '0' is invalid. Using default page load timeout: '30'

2022-07-17 00:35:10 - [MESSAGE][PASSED] - Tapped on element 'Object Repository/03_Mobile/02_Auth/SC002_Sign Up/field_email'

2022-07-17 00:35:10 - [TEST_STEP][PASSED] - setText(findTestObject("03_Mobile/02_Auth/SC002_Sign Up/field_email"), findTestData("signup").getValue(4, i), 0, CONTINUE_ON_FAILURE): Text 'iniarch@gmail.com' has been set to element 'Object Repository/03_Mobile/02_Auth/SC002_Sign Up/field_email'

2022-07-17 00:35:10 - [MESSAGE][WARNING] - Timeout '0' is invalid. Using default page load timeout: '30'

2022-07-17 00:35:12 - [MESSAGE][PASSED] - Text 'iniarch@gmail.com' has been set to element 'Object Repository/03_Mobile/02_Auth/SC002_Sign Up/field_email'

2022-07-17 00:35:12 - [TEST_STEP][PASSED] - tap(findTestObject("03_Mobile/02_Auth/SC002_Sign Up/field_password"), 0, CONTINUE_ON_FAILURE): Tapped on element 'Object Repository/03_Mobile/02_Auth/SC002_Sign Up/field_password'

2022-07-17 00:35:12 - [MESSAGE][WARNING] - Timeout '0' is invalid. Using default page load timeout: '30'

2022-07-17 00:35:13 - [MESSAGE][PASSED] - Tapped on element 'Object Repository/03_Mobile/02_Auth/SC002_Sign Up/field_password'

2022-07-17 00:35:13 - [TEST_STEP][PASSED] - setText(findTestObject("03_Mobile/02_Auth/SC002_Sign Up/field_password"), findTestData("signup").getValue(5, i), 0, CONTINUE_ON_FAILURE): Text 'Arc12!' has been set to element 'Object Repository/03_Mobile/02_Auth/SC002_Sign Up/field_password'

2022-07-17 00:35:13 - [MESSAGE][WARNING] - Timeout '0' is invalid. Using default page load timeout: '30'

2022-07-17 00:35:14 - [MESSAGE][PASSED] - Text 'Arc12!' has been set to element 'Object Repository/03_Mobile/02_Auth/SC002_Sign Up/field_password'

2022-07-17 00:35:14 - [TEST_STEP][PASSED] - pressBack(CONTINUE_ON_FAILURE): Press back button successfully

2022-07-17 00:35:14 - [MESSAGE][PASSED] - Press back button successfully

2022-07-17 00:35:14 - [TEST_STEP][PASSED] - tap(findTestObject("03_Mobile/02_Auth/SC002_Sign Up/button_signup"), 0, CONTINUE_ON_FAILURE): Tapped on element 'Object Repository/03_Mobile/02_Auth/SC002_Sign Up/button_signup'

2022-07-17 00:35:14 - [MESSAGE][WARNING] - Timeout '0' is invalid. Using default page load timeout: '30'

2022-07-17 00:35:16 - [MESSAGE][PASSED] - Tapped on element 'Object Repository/03_Mobile/02_Auth/SC002_Sign Up/button_signup'

2022-07-17 00:35:16 - [TEST_STEP][PASSED] - if (findTestData("signup").getValue(2, i) == "negative" && findTestData("signup").getValue(6, i) == ""): null

2022-07-17 00:35:16 - [TEST_STEP][PASSED] - else: Element 'Object Repository/03_Mobile/02_Auth/SC002_Sign Up/pwd_validation' is exist

2022-07-17 00:35:16 - [TEST_STEP][PASSED] - verifyElementExist(findTestObject(findTestData("signup").getValue(6, i)), 0): Element 'Object Repository/03_Mobile/02_Auth/SC002_Sign Up/pwd_validation' is exist

2022-07-17 00:35:16 - [MESSAGE][WARNING] - Timeout '0' is invalid. Using default page load timeout: '30'

2022-07-17 00:35:16 - [MESSAGE][PASSED] - Element 'Object Repository/03_Mobile/02_Auth/SC002_Sign Up/pwd_validation' is exist

2022-07-17 00:35:16 - [TEST_STEP][PASSED] - tap(findTestObject("03_Mobile/02_Auth/SC002_Sign Up/field_fullname"), 0, CONTINUE_ON_FAILURE): Tapped on element 'Object Repository/03_Mobile/02_Auth/SC002_Sign Up/field_fullname'

2022-07-17 00:35:17 - [MESSAGE][WARNING] - Timeout '0' is invalid. Using default page load timeout: '30'

2022-07-17 00:35:17 - [MESSAGE][PASSED] - Tapped on element 'Object Repository/03_Mobile/02_Auth/SC002_Sign Up/field_fullname'

2022-07-17 00:35:17 - [TEST_STEP][PASSED] - setText(findTestObject("03_Mobile/02_Auth/SC002_Sign Up/field_fullname"), findTestData("signup").getValue(3, i), 0, CONTINUE_ON_FAILURE): Text 'Archie' has been set to element 'Object Repository/03_Mobile/02_Auth/SC002_Sign Up/field_fullname'

2022-07-17 00:35:17 - [MESSAGE][WARNING] - Timeout '0' is invalid. Using default page load timeout: '30'

2022-07-17 00:35:19 - [MESSAGE][PASSED] - Text 'Archie' has been set to element 'Object Repository/03_Mobile/02_Auth/SC002_Sign Up/field_fullname'

2022-07-17 00:35:19 - [TEST_STEP][PASSED] - tap(findTestObject("03_Mobile/02_Auth/SC002_Sign Up/field_email"), 0, CONTINUE_ON_FAILURE): Tapped on element 'Object Repository/03_Mobile/02_Auth/SC002_Sign Up/field_email'

2022-07-17 00:35:19 - [MESSAGE][WARNING] - Timeout '0' is invalid. Using default page load timeout: '30'

2022-07-17 00:35:19 - [MESSAGE][PASSED] - Tapped on element 'Object Repository/03_Mobile/02_Auth/SC002_Sign Up/field_email'

2022-07-17 00:35:19 - [TEST_STEP][PASSED] - setText(findTestObject("03_Mobile/02_Auth/SC002_Sign Up/field_email"), findTestData("signup").getValue(4, i), 0, CONTINUE_ON_FAILURE): Text 'iniarch@gmail.com' has been set to element 'Object Repository/03_Mobile/02_Auth/SC002_Sign Up/field_email'

2022-07-17 00:35:19 - [MESSAGE][WARNING] - Timeout '0' is invalid. Using default page load timeout: '30'

2022-07-17 00:35:21 - [MESSAGE][PASSED] - Text 'iniarch@gmail.com' has been set to element 'Object Repository/03_Mobile/02_Auth/SC002_Sign Up/field_email'

2022-07-17 00:35:21 - [TEST_STEP][PASSED] - tap(findTestObject("03_Mobile/02_Auth/SC002_Sign Up/field_password"), 0, CONTINUE_ON_FAILURE): Tapped on element 'Object Repository/03_Mobile/02_Auth/SC002_Sign Up/field_password'

2022-07-17 00:35:21 - [MESSAGE][WARNING] - Timeout '0' is invalid. Using default page load timeout: '30'

2022-07-17 00:35:22 - [MESSAGE][PASSED] - Tapped on element 'Object Repository/03_Mobile/02_Auth/SC002_Sign Up/field_password'

2022-07-17 00:35:22 - [TEST_STEP][PASSED] - setText(findTestObject("03_Mobile/02_Auth/SC002_Sign Up/field_password"), findTestData("signup").getValue(5, i), 0, CONTINUE_ON_FAILURE): Text 'Archenarchen123*' has been set to element 'Object Repository/03_Mobile/02_Auth/SC002_Sign Up/field_password'

2022-07-17 00:35:23 - [MESSAGE][WARNING] - Timeout '0' is invalid. Using default page load timeout: '30'

2022-07-17 00:35:23 - [MESSAGE][PASSED] - Text 'Archenarchen123*' has been set to element 'Object Repository/03_Mobile/02_Auth/SC002_Sign Up/field_password'

2022-07-17 00:35:23 - [TEST_STEP][PASSED] - pressBack(CONTINUE_ON_FAILURE): Press back button successfully

2022-07-17 00:35:24 - [MESSAGE][PASSED] - Press back button successfully

2022-07-17 00:35:24 - [TEST_STEP][PASSED] - tap(findTestObject("03_Mobile/02_Auth/SC002_Sign Up/button_signup"), 0, CONTINUE_ON_FAILURE): Tapped on element 'Object Repository/03_Mobile/02_Auth/SC002_Sign Up/button_signup'

2022-07-17 00:35:24 - [MESSAGE][WARNING] - Timeout '0' is invalid. Using default page load timeout: '30'

2022-07-17 00:35:26 - [MESSAGE][PASSED] - Tapped on element 'Object Repository/03_Mobile/02_Auth/SC002_Sign Up/button_signup'

2022-07-17 00:35:26 - [TEST_STEP][PASSED] - if (findTestData("signup").getValue(2, i) == "negative" && findTestData("signup").getValue(6, i) == ""): null

2022-07-17 00:35:26 - [TEST_STEP][PASSED] - else: Element 'Object Repository/03_Mobile/02_Auth/SC002_Sign Up/pwd_15_char' is exist

2022-07-17 00:35:26 - [TEST_STEP][PASSED] - verifyElementExist(findTestObject(findTestData("signup").getValue(6, i)), 0): Element 'Object Repository/03_Mobile/02_Auth/SC002_Sign Up/pwd_15_char' is exist

2022-07-17 00:35:26 - [MESSAGE][WARNING] - Timeout '0' is invalid. Using default page load timeout: '30'

2022-07-17 00:35:26 - [MESSAGE][PASSED] - Element 'Object Repository/03_Mobile/02_Auth/SC002_Sign Up/pwd_15_char' is exist

2022-07-17 00:35:26 - [TEST_STEP][PASSED] - tap(findTestObject("03_Mobile/02_Auth/SC002_Sign Up/field_fullname"), 0, CONTINUE_ON_FAILURE): Tapped on element 'Object Repository/03_Mobile/02_Auth/SC002_Sign Up/field_fullname'

2022-07-17 00:35:26 - [MESSAGE][WARNING] - Timeout '0' is invalid. Using default page load timeout: '30'

2022-07-17 00:35:26 - [MESSAGE][PASSED] - Tapped on element 'Object Repository/03_Mobile/02_Auth/SC002_Sign Up/field_fullname'

2022-07-17 00:35:26 - [TEST_STEP][PASSED] - setText(findTestObject("03_Mobile/02_Auth/SC002_Sign Up/field_fullname"), findTestData("signup").getValue(3, i), 0, CONTINUE_ON_FAILURE): Text 'Archie' has been set to element 'Object Repository/03_Mobile/02_Auth/SC002_Sign Up/field_fullname'

2022-07-17 00:35:27 - [MESSAGE][WARNING] - Timeout '0' is invalid. Using default page load timeout: '30'

2022-07-17 00:35:28 - [MESSAGE][PASSED] - Text 'Archie' has been set to element 'Object Repository/03_Mobile/02_Auth/SC002_Sign Up/field_fullname'

2022-07-17 00:35:28 - [TEST_STEP][PASSED] - tap(findTestObject("03_Mobile/02_Auth/SC002_Sign Up/field_email"), 0, CONTINUE_ON_FAILURE): Tapped on element 'Object Repository/03_Mobile/02_Auth/SC002_Sign Up/field_email'

2022-07-17 00:35:28 - [MESSAGE][WARNING] - Timeout '0' is invalid. Using default page load timeout: '30'

2022-07-17 00:35:29 - [MESSAGE][PASSED] - Tapped on element 'Object Repository/03_Mobile/02_Auth/SC002_Sign Up/field_email'

2022-07-17 00:35:29 - [TEST_STEP][PASSED] - setText(findTestObject("03_Mobile/02_Auth/SC002_Sign Up/field_email"), findTestData("signup").getValue(4, i), 0, CONTINUE_ON_FAILURE): Text 'iniarch@gmail.com' has been set to element 'Object Repository/03_Mobile/02_Auth/SC002_Sign Up/field_email'

2022-07-17 00:35:29 - [MESSAGE][WARNING] - Timeout '0' is invalid. Using default page load timeout: '30'

2022-07-17 00:35:30 - [MESSAGE][PASSED] - Text 'iniarch@gmail.com' has been set to element 'Object Repository/03_Mobile/02_Auth/SC002_Sign Up/field_email'

2022-07-17 00:35:30 - [TEST_STEP][PASSED] - tap(findTestObject("03_Mobile/02_Auth/SC002_Sign Up/field_password"), 0, CONTINUE_ON_FAILURE): Tapped on element 'Object Repository/03_Mobile/02_Auth/SC002_Sign Up/field_password'

2022-07-17 00:35:30 - [MESSAGE][WARNING] - Timeout '0' is invalid. Using default page load timeout: '30'

2022-07-17 00:35:32 - [MESSAGE][PASSED] - Tapped on element 'Object Repository/03_Mobile/02_Auth/SC002_Sign Up/field_password'

2022-07-17 00:35:32 - [TEST_STEP][PASSED] - setText(findTestObject("03_Mobile/02_Auth/SC002_Sign Up/field_password"), findTestData("signup").getValue(5, i), 0, CONTINUE_ON_FAILURE): Text 'archen123!' has been set to element 'Object Repository/03_Mobile/02_Auth/SC002_Sign Up/field_password'

2022-07-17 00:35:32 - [MESSAGE][WARNING] - Timeout '0' is invalid. Using default page load timeout: '30'

2022-07-17 00:35:33 - [MESSAGE][PASSED] - Text 'archen123!' has been set to element 'Object Repository/03_Mobile/02_Auth/SC002_Sign Up/field_password'

2022-07-17 00:35:33 - [TEST_STEP][PASSED] - pressBack(CONTINUE_ON_FAILURE): Press back button successfully

2022-07-17 00:35:34 - [MESSAGE][PASSED] - Press back button successfully

2022-07-17 00:35:34 - [TEST_STEP][PASSED] - tap(findTestObject("03_Mobile/02_Auth/SC002_Sign Up/button_signup"), 0, CONTINUE_ON_FAILURE): Tapped on element 'Object Repository/03_Mobile/02_Auth/SC002_Sign Up/button_signup'

2022-07-17 00:35:34 - [MESSAGE][WARNING] - Timeout '0' is invalid. Using default page load timeout: '30'

2022-07-17 00:35:35 - [MESSAGE][PASSED] - Tapped on element 'Object Repository/03_Mobile/02_Auth/SC002_Sign Up/button_signup'

2022-07-17 00:35:35 - [TEST_STEP][PASSED] - if (findTestData("signup").getValue(2, i) == "negative" && findTestData("signup").getValue(6, i) == ""): null

2022-07-17 00:35:35 - [TEST_STEP][PASSED] - else: Element 'Object Repository/03_Mobile/02_Auth/SC002_Sign Up/pwd_validation' is exist

2022-07-17 00:35:35 - [TEST_STEP][PASSED] - verifyElementExist(findTestObject(findTestData("signup").getValue(6, i)), 0): Element 'Object Repository/03_Mobile/02_Auth/SC002_Sign Up/pwd_validation' is exist

2022-07-17 00:35:35 - [MESSAGE][WARNING] - Timeout '0' is invalid. Using default page load timeout: '30'

2022-07-17 00:35:35 - [MESSAGE][PASSED] - Element 'Object Repository/03_Mobile/02_Auth/SC002_Sign Up/pwd_validation' is exist

2022-07-17 00:35:35 - [TEST_STEP][PASSED] - tap(findTestObject("03_Mobile/02_Auth/SC002_Sign Up/field_fullname"), 0, CONTINUE_ON_FAILURE): Tapped on element 'Object Repository/03_Mobile/02_Auth/SC002_Sign Up/field_fullname'

2022-07-17 00:35:35 - [MESSAGE][WARNING] - Timeout '0' is invalid. Using default page load timeout: '30'

2022-07-17 00:35:36 - [MESSAGE][PASSED] - Tapped on element 'Object Repository/03_Mobile/02_Auth/SC002_Sign Up/field_fullname'

2022-07-17 00:35:36 - [TEST_STEP][PASSED] - setText(findTestObject("03_Mobile/02_Auth/SC002_Sign Up/field_fullname"), findTestData("signup").getValue(3, i), 0, CONTINUE_ON_FAILURE): Text 'Archie' has been set to element 'Object Repository/03_Mobile/02_Auth/SC002_Sign Up/field_fullname'

2022-07-17 00:35:36 - [MESSAGE][WARNING] - Timeout '0' is invalid. Using default page load timeout: '30'

2022-07-17 00:35:37 - [MESSAGE][PASSED] - Text 'Archie' has been set to element 'Object Repository/03_Mobile/02_Auth/SC002_Sign Up/field_fullname'

2022-07-17 00:35:37 - [TEST_STEP][PASSED] - tap(findTestObject("03_Mobile/02_Auth/SC002_Sign Up/field_email"), 0, CONTINUE_ON_FAILURE): Tapped on element 'Object Repository/03_Mobile/02_Auth/SC002_Sign Up/field_email'

2022-07-17 00:35:37 - [MESSAGE][WARNING] - Timeout '0' is invalid. Using default page load timeout: '30'

2022-07-17 00:35:38 - [MESSAGE][PASSED] - Tapped on element 'Object Repository/03_Mobile/02_Auth/SC002_Sign Up/field_email'

2022-07-17 00:35:38 - [TEST_STEP][PASSED] - setText(findTestObject("03_Mobile/02_Auth/SC002_Sign Up/field_email"), findTestData("signup").getValue(4, i), 0, CONTINUE_ON_FAILURE): Text 'iniarch@gmail.com' has been set to element 'Object Repository/03_Mobile/02_Auth/SC002_Sign Up/field_email'

2022-07-17 00:35:38 - [MESSAGE][WARNING] - Timeout '0' is invalid. Using default page load timeout: '30'

2022-07-17 00:35:40 - [MESSAGE][PASSED] - Text 'iniarch@gmail.com' has been set to element 'Object Repository/03_Mobile/02_Auth/SC002_Sign Up/field_email'

2022-07-17 00:35:40 - [TEST_STEP][PASSED] - tap(findTestObject("03_Mobile/02_Auth/SC002_Sign Up/field_password"), 0, CONTINUE_ON_FAILURE): Tapped on element 'Object Repository/03_Mobile/02_Auth/SC002_Sign Up/field_password'

2022-07-17 00:35:40 - [MESSAGE][WARNING] - Timeout '0' is invalid. Using default page load timeout: '30'

2022-07-17 00:35:41 - [MESSAGE][PASSED] - Tapped on element 'Object Repository/03_Mobile/02_Auth/SC002_Sign Up/field_password'

2022-07-17 00:35:41 - [TEST_STEP][PASSED] - setText(findTestObject("03_Mobile/02_Auth/SC002_Sign Up/field_password"), findTestData("signup").getValue(5, i), 0, CONTINUE_ON_FAILURE): Text 'Archen123' has been set to element 'Object Repository/03_Mobile/02_Auth/SC002_Sign Up/field_password'

2022-07-17 00:35:41 - [MESSAGE][WARNING] - Timeout '0' is invalid. Using default page load timeout: '30'

2022-07-17 00:35:42 - [MESSAGE][PASSED] - Text 'Archen123' has been set to element 'Object Repository/03_Mobile/02_Auth/SC002_Sign Up/field_password'

2022-07-17 00:35:42 - [TEST_STEP][PASSED] - pressBack(CONTINUE_ON_FAILURE): Press back button successfully

2022-07-17 00:35:43 - [MESSAGE][PASSED] - Press back button successfully

2022-07-17 00:35:43 - [TEST_STEP][PASSED] - tap(findTestObject("03_Mobile/02_Auth/SC002_Sign Up/button_signup"), 0, CONTINUE_ON_FAILURE): Tapped on element 'Object Repository/03_Mobile/02_Auth/SC002_Sign Up/button_signup'

2022-07-17 00:35:43 - [MESSAGE][WARNING] - Timeout '0' is invalid. Using default page load timeout: '30'

2022-07-17 00:35:44 - [MESSAGE][PASSED] - Tapped on element 'Object Repository/03_Mobile/02_Auth/SC002_Sign Up/button_signup'

2022-07-17 00:35:44 - [TEST_STEP][PASSED] - if (findTestData("signup").getValue(2, i) == "negative" && findTestData("signup").getValue(6, i) == ""): null

2022-07-17 00:35:44 - [TEST_STEP][PASSED] - else: Element 'Object Repository/03_Mobile/02_Auth/SC002_Sign Up/pwd_validation' is exist

2022-07-17 00:35:44 - [TEST_STEP][PASSED] - verifyElementExist(findTestObject(findTestData("signup").getValue(6, i)), 0): Element 'Object Repository/03_Mobile/02_Auth/SC002_Sign Up/pwd_validation' is exist

2022-07-17 00:35:45 - [MESSAGE][WARNING] - Timeout '0' is invalid. Using default page load timeout: '30'

2022-07-17 00:35:45 - [MESSAGE][PASSED] - Element 'Object Repository/03_Mobile/02_Auth/SC002_Sign Up/pwd_validation' is exist

2022-07-17 00:35:45 - [TEST_STEP][PASSED] - tap(findTestObject("03_Mobile/02_Auth/SC002_Sign Up/field_fullname"), 0, CONTINUE_ON_FAILURE): Tapped on element 'Object Repository/03_Mobile/02_Auth/SC002_Sign Up/field_fullname'

2022-07-17 00:35:45 - [MESSAGE][WARNING] - Timeout '0' is invalid. Using default page load timeout: '30'

2022-07-17 00:35:45 - [MESSAGE][PASSED] - Tapped on element 'Object Repository/03_Mobile/02_Auth/SC002_Sign Up/field_fullname'

2022-07-17 00:35:45 - [TEST_STEP][PASSED] - setText(findTestObject("03_Mobile/02_Auth/SC002_Sign Up/field_fullname"), findTestData("signup").getValue(3, i), 0, CONTINUE_ON_FAILURE): Text 'Archie' has been set to element 'Object Repository/03_Mobile/02_Auth/SC002_Sign Up/field_fullname'

2022-07-17 00:35:45 - [MESSAGE][WARNING] - Timeout '0' is invalid. Using default page load timeout: '30'

2022-07-17 00:35:47 - [MESSAGE][PASSED] - Text 'Archie' has been set to element 'Object Repository/03_Mobile/02_Auth/SC002_Sign Up/field_fullname'

2022-07-17 00:35:47 - [TEST_STEP][PASSED] - tap(findTestObject("03_Mobile/02_Auth/SC002_Sign Up/field_email"), 0, CONTINUE_ON_FAILURE): Tapped on element 'Object Repository/03_Mobile/02_Auth/SC002_Sign Up/field_email'

2022-07-17 00:35:47 - [MESSAGE][WARNING] - Timeout '0' is invalid. Using default page load timeout: '30'

2022-07-17 00:35:48 - [MESSAGE][PASSED] - Tapped on element 'Object Repository/03_Mobile/02_Auth/SC002_Sign Up/field_email'

2022-07-17 00:35:48 - [TEST_STEP][PASSED] - setText(findTestObject("03_Mobile/02_Auth/SC002_Sign Up/field_email"), findTestData("signup").getValue(4, i), 0, CONTINUE_ON_FAILURE): Text 'iniarch@gmail.com' has been set to element 'Object Repository/03_Mobile/02_Auth/SC002_Sign Up/field_email'

2022-07-17 00:35:48 - [MESSAGE][WARNING] - Timeout '0' is invalid. Using default page load timeout: '30'

2022-07-17 00:35:49 - [MESSAGE][PASSED] - Text 'iniarch@gmail.com' has been set to element 'Object Repository/03_Mobile/02_Auth/SC002_Sign Up/field_email'

2022-07-17 00:35:49 - [TEST_STEP][PASSED] - tap(findTestObject("03_Mobile/02_Auth/SC002_Sign Up/field_password"), 0, CONTINUE_ON_FAILURE): Tapped on element 'Object Repository/03_Mobile/02_Auth/SC002_Sign Up/field_password'

2022-07-17 00:35:49 - [MESSAGE][WARNING] - Timeout '0' is invalid. Using default page load timeout: '30'

2022-07-17 00:35:51 - [MESSAGE][PASSED] - Tapped on element 'Object Repository/03_Mobile/02_Auth/SC002_Sign Up/field_password'

2022-07-17 00:35:51 - [TEST_STEP][PASSED] - setText(findTestObject("03_Mobile/02_Auth/SC002_Sign Up/field_password"), findTestData("signup").getValue(5, i), 0, CONTINUE_ON_FAILURE): Text 'Archens!' has been set to element 'Object Repository/03_Mobile/02_Auth/SC002_Sign Up/field_password'

2022-07-17 00:35:51 - [MESSAGE][WARNING] - Timeout '0' is invalid. Using default page load timeout: '30'

2022-07-17 00:35:52 - [MESSAGE][PASSED] - Text 'Archens!' has been set to element 'Object Repository/03_Mobile/02_Auth/SC002_Sign Up/field_password'

2022-07-17 00:35:52 - [TEST_STEP][PASSED] - pressBack(CONTINUE_ON_FAILURE): Press back button successfully

2022-07-17 00:35:52 - [MESSAGE][PASSED] - Press back button successfully

2022-07-17 00:35:52 - [TEST_STEP][PASSED] - tap(findTestObject("03_Mobile/02_Auth/SC002_Sign Up/button_signup"), 0, CONTINUE_ON_FAILURE): Tapped on element 'Object Repository/03_Mobile/02_Auth/SC002_Sign Up/button_signup'

2022-07-17 00:35:52 - [MESSAGE][WARNING] - Timeout '0' is invalid. Using default page load timeout: '30'

2022-07-17 00:35:54 - [MESSAGE][PASSED] - Tapped on element 'Object Repository/03_Mobile/02_Auth/SC002_Sign Up/button_signup'

2022-07-17 00:35:54 - [TEST_STEP][PASSED] - if (findTestData("signup").getValue(2, i) == "negative" && findTestData("signup").getValue(6, i) == ""): null

2022-07-17 00:35:54 - [TEST_STEP][PASSED] - else: Element 'Object Repository/03_Mobile/02_Auth/SC002_Sign Up/pwd_validation' is exist

2022-07-17 00:35:54 - [TEST_STEP][PASSED] - verifyElementExist(findTestObject(findTestData("signup").getValue(6, i)), 0): Element 'Object Repository/03_Mobile/02_Auth/SC002_Sign Up/pwd_validation' is exist

2022-07-17 00:35:54 - [MESSAGE][WARNING] - Timeout '0' is invalid. Using default page load timeout: '30'

2022-07-17 00:35:54 - [MESSAGE][PASSED] - Element 'Object Repository/03_Mobile/02_Auth/SC002_Sign Up/pwd_validation' is exist

2022-07-17 00:35:54 - [TEST_STEP][PASSED] - tap(findTestObject("03_Mobile/02_Auth/SC002_Sign Up/field_fullname"), 0, CONTINUE_ON_FAILURE): Tapped on element 'Object Repository/03_Mobile/02_Auth/SC002_Sign Up/field_fullname'

2022-07-17 00:35:54 - [MESSAGE][WARNING] - Timeout '0' is invalid. Using default page load timeout: '30'

2022-07-17 00:35:54 - [MESSAGE][PASSED] - Tapped on element 'Object Repository/03_Mobile/02_Auth/SC002_Sign Up/field_fullname'

2022-07-17 00:35:54 - [TEST_STEP][PASSED] - setText(findTestObject("03_Mobile/02_Auth/SC002_Sign Up/field_fullname"), findTestData("signup").getValue(3, i), 0, CONTINUE_ON_FAILURE): Text 'Archie' has been set to element 'Object Repository/03_Mobile/02_Auth/SC002_Sign Up/field_fullname'

2022-07-17 00:35:54 - [MESSAGE][WARNING] - Timeout '0' is invalid. Using default page load timeout: '30'

2022-07-17 00:35:56 - [MESSAGE][PASSED] - Text 'Archie' has been set to element 'Object Repository/03_Mobile/02_Auth/SC002_Sign Up/field_fullname'

2022-07-17 00:35:56 - [TEST_STEP][PASSED] - tap(findTestObject("03_Mobile/02_Auth/SC002_Sign Up/field_email"), 0, CONTINUE_ON_FAILURE): Tapped on element 'Object Repository/03_Mobile/02_Auth/SC002_Sign Up/field_email'

2022-07-17 00:35:57 - [MESSAGE][WARNING] - Timeout '0' is invalid. Using default page load timeout: '30'

2022-07-17 00:35:57 - [MESSAGE][PASSED] - Tapped on element 'Object Repository/03_Mobile/02_Auth/SC002_Sign Up/field_email'

2022-07-17 00:35:57 - [TEST_STEP][PASSED] - setText(findTestObject("03_Mobile/02_Auth/SC002_Sign Up/field_email"), findTestData("signup").getValue(4, i), 0, CONTINUE_ON_FAILURE): Text 'archen@gmail.com' has been set to element 'Object Repository/03_Mobile/02_Auth/SC002_Sign Up/field_email'

2022-07-17 00:35:57 - [MESSAGE][WARNING] - Timeout '0' is invalid. Using default page load timeout: '30'

2022-07-17 00:35:58 - [MESSAGE][PASSED] - Text 'archen@gmail.com' has been set to element 'Object Repository/03_Mobile/02_Auth/SC002_Sign Up/field_email'

2022-07-17 00:35:58 - [TEST_STEP][PASSED] - tap(findTestObject("03_Mobile/02_Auth/SC002_Sign Up/field_password"), 0, CONTINUE_ON_FAILURE): Tapped on element 'Object Repository/03_Mobile/02_Auth/SC002_Sign Up/field_password'

2022-07-17 00:35:59 - [MESSAGE][WARNING] - Timeout '0' is invalid. Using default page load timeout: '30'

2022-07-17 00:36:01 - [MESSAGE][PASSED] - Tapped on element 'Object Repository/03_Mobile/02_Auth/SC002_Sign Up/field_password'

2022-07-17 00:36:01 - [TEST_STEP][PASSED] - setText(findTestObject("03_Mobile/02_Auth/SC002_Sign Up/field_password"), findTestData("signup").getValue(5, i), 0, CONTINUE_ON_FAILURE): Text 'Archen123!' has been set to element 'Object Repository/03_Mobile/02_Auth/SC002_Sign Up/field_password'

2022-07-17 00:36:01 - [MESSAGE][WARNING] - Timeout '0' is invalid. Using default page load timeout: '30'

2022-07-17 00:36:01 - [MESSAGE][PASSED] - Text 'Archen123!' has been set to element 'Object Repository/03_Mobile/02_Auth/SC002_Sign Up/field_password'

2022-07-17 00:36:01 - [TEST_STEP][PASSED] - pressBack(CONTINUE_ON_FAILURE): Press back button successfully

2022-07-17 00:36:02 - [MESSAGE][PASSED] - Press back button successfully

2022-07-17 00:36:02 - [TEST_STEP][PASSED] - tap(findTestObject("03_Mobile/02_Auth/SC002_Sign Up/button_signup"), 0, CONTINUE_ON_FAILURE): Tapped on element 'Object Repository/03_Mobile/02_Auth/SC002_Sign Up/button_signup'

2022-07-17 00:36:02 - [MESSAGE][WARNING] - Timeout '0' is invalid. Using default page load timeout: '30'

2022-07-17 00:36:03 - [MESSAGE][PASSED] - Tapped on element 'Object Repository/03_Mobile/02_Auth/SC002_Sign Up/button_signup'

2022-07-17 00:36:03 - [TEST_STEP][PASSED] - if (findTestData("signup").getValue(2, i) == "negative" && findTestData("signup").getValue(6, i) == ""): null

2022-07-17 00:36:04 - [TEST_STEP][PASSED] - else: Element 'Object Repository/03_Mobile/02_Auth/SC002_Sign Up/email_already_taken' is exist

2022-07-17 00:36:04 - [TEST_STEP][PASSED] - verifyElementExist(findTestObject(findTestData("signup").getValue(6, i)), 0): Element 'Object Repository/03_Mobile/02_Auth/SC002_Sign Up/email_already_taken' is exist

2022-07-17 00:36:04 - [MESSAGE][WARNING] - Timeout '0' is invalid. Using default page load timeout: '30'

2022-07-17 00:36:05 - [MESSAGE][PASSED] - Element 'Object Repository/03_Mobile/02_Auth/SC002_Sign Up/email_already_taken' is exist

2022-07-17 00:36:05 - [TEST_STEP][PASSED] - tap(findTestObject("03_Mobile/02_Auth/SC002_Sign Up/field_fullname"), 0, CONTINUE_ON_FAILURE): Tapped on element 'Object Repository/03_Mobile/02_Auth/SC002_Sign Up/field_fullname'

2022-07-17 00:36:05 - [MESSAGE][WARNING] - Timeout '0' is invalid. Using default page load timeout: '30'

2022-07-17 00:36:06 - [MESSAGE][PASSED] - Tapped on element 'Object Repository/03_Mobile/02_Auth/SC002_Sign Up/field_fullname'

2022-07-17 00:36:06 - [TEST_STEP][PASSED] - setText(findTestObject("03_Mobile/02_Auth/SC002_Sign Up/field_fullname"), findTestData("signup").getValue(3, i), 0, CONTINUE_ON_FAILURE): Text 'Archie' has been set to element 'Object Repository/03_Mobile/02_Auth/SC002_Sign Up/field_fullname'

2022-07-17 00:36:06 - [MESSAGE][WARNING] - Timeout '0' is invalid. Using default page load timeout: '30'

2022-07-17 00:36:07 - [MESSAGE][PASSED] - Text 'Archie' has been set to element 'Object Repository/03_Mobile/02_Auth/SC002_Sign Up/field_fullname'

2022-07-17 00:36:07 - [TEST_STEP][PASSED] - tap(findTestObject("03_Mobile/02_Auth/SC002_Sign Up/field_email"), 0, CONTINUE_ON_FAILURE): Tapped on element 'Object Repository/03_Mobile/02_Auth/SC002_Sign Up/field_email'

2022-07-17 00:36:07 - [MESSAGE][WARNING] - Timeout '0' is invalid. Using default page load timeout: '30'

2022-07-17 00:36:09 - [MESSAGE][PASSED] - Tapped on element 'Object Repository/03_Mobile/02_Auth/SC002_Sign Up/field_email'

2022-07-17 00:36:09 - [TEST_STEP][PASSED] - setText(findTestObject("03_Mobile/02_Auth/SC002_Sign Up/field_email"), findTestData("signup").getValue(4, i), 0, CONTINUE_ON_FAILURE): Text 'joong13@gmail.com' has been set to element 'Object Repository/03_Mobile/02_Auth/SC002_Sign Up/field_email'

2022-07-17 00:36:09 - [MESSAGE][WARNING] - Timeout '0' is invalid. Using default page load timeout: '30'

2022-07-17 00:36:10 - [MESSAGE][PASSED] - Text 'joong13@gmail.com' has been set to element 'Object Repository/03_Mobile/02_Auth/SC002_Sign Up/field_email'

2022-07-17 00:36:10 - [TEST_STEP][PASSED] - tap(findTestObject("03_Mobile/02_Auth/SC002_Sign Up/field_password"), 0, CONTINUE_ON_FAILURE): Tapped on element 'Object Repository/03_Mobile/02_Auth/SC002_Sign Up/field_password'

2022-07-17 00:36:10 - [MESSAGE][WARNING] - Timeout '0' is invalid. Using default page load timeout: '30'

2022-07-17 00:36:12 - [MESSAGE][PASSED] - Tapped on element 'Object Repository/03_Mobile/02_Auth/SC002_Sign Up/field_password'

2022-07-17 00:36:12 - [TEST_STEP][PASSED] - setText(findTestObject("03_Mobile/02_Auth/SC002_Sign Up/field_password"), findTestData("signup").getValue(5, i), 0, CONTINUE_ON_FAILURE): Text 'Joong123!' has been set to element 'Object Repository/03_Mobile/02_Auth/SC002_Sign Up/field_password'

2022-07-17 00:36:12 - [MESSAGE][WARNING] - Timeout '0' is invalid. Using default page load timeout: '30'

2022-07-17 00:36:12 - [MESSAGE][PASSED] - Text 'Joong123!' has been set to element 'Object Repository/03_Mobile/02_Auth/SC002_Sign Up/field_password'

2022-07-17 00:36:12 - [TEST_STEP][PASSED] - pressBack(CONTINUE_ON_FAILURE): Press back button successfully

2022-07-17 00:36:13 - [MESSAGE][PASSED] - Press back button successfully

2022-07-17 00:36:13 - [TEST_STEP][PASSED] - tap(findTestObject("03_Mobile/02_Auth/SC002_Sign Up/button_signup"), 0, CONTINUE_ON_FAILURE): Tapped on element 'Object Repository/03_Mobile/02_Auth/SC002_Sign Up/button_signup'

2022-07-17 00:36:13 - [MESSAGE][WARNING] - Timeout '0' is invalid. Using default page load timeout: '30'

2022-07-17 00:36:14 - [MESSAGE][PASSED] - Tapped on element 'Object Repository/03_Mobile/02_Auth/SC002_Sign Up/button_signup'

2022-07-17 00:36:14 - [TEST_STEP][PASSED] - if (findTestData("signup").getValue(2, i) == "negative" && findTestData("signup").getValue(6, i) == ""): null

2022-07-17 00:36:14 - [TEST_STEP][PASSED] - else: Element 'Object Repository/03_Mobile/02_Auth/SC002_Sign Up/success' is exist

2022-07-17 00:36:14 - [TEST_STEP][PASSED] - verifyElementExist(findTestObject(findTestData("signup").getValue(6, i)), 0): Element 'Object Repository/03_Mobile/02_Auth/SC002_Sign Up/success' is exist

2022-07-17 00:36:14 - [MESSAGE][WARNING] - Timeout '0' is invalid. Using default page load timeout: '30'

2022-07-17 00:36:17 - [MESSAGE][PASSED] - Element 'Object Repository/03_Mobile/02_Auth/SC002_Sign Up/success' is exist

2022-07-17 00:36:17 - [TEST_STEP][PASSED] - driver = getDriver(): null

2022-07-17 00:36:17 - [TEST_STEP][PASSED] - driver.terminateApp("com.example.capstone_project_lms"): null]]></system-out>
         <system-err><![CDATA[]]></system-err>
      </testcase>
      <testcase name="Test Cases/03_Mobile/02_Auth/SC003_Sign In/Sign In" time="59.082" classname="Test Cases/03_Mobile/02_Auth/SC003_Sign In/Sign In" status="PASSED">
         <system-out><![CDATA[2022-07-17 00:36:17 - [TEST_CASE][PASSED] - Test Cases/03_Mobile/02_Auth/SC003_Sign In/Sign In: Test Cases/03_Mobile/02_Auth/SC003_Sign In/Sign In

2022-07-17 00:36:17 - [TEST_STEP][PASSED] - startExistingApplication(id_mobile_apk, CONTINUE_ON_FAILURE): Starting app with application ID: 'com.example.capstone_project_lms'

2022-07-17 00:36:28 - [MESSAGE][PASSED] - Starting app with application ID: 'com.example.capstone_project_lms'

2022-07-17 00:36:28 - [TEST_STEP][PASSED] - delay(8, CONTINUE_ON_FAILURE): Delayed 8 second(s)

2022-07-17 00:36:36 - [MESSAGE][PASSED] - Delayed 8 second(s)

2022-07-17 00:36:36 - [TEST_STEP][PASSED] - for ([i = 1, i <= 5, (i++)]): Element 'Object Repository/03_Mobile/02_Auth/SC003_Sign In/profile_view' is exist

2022-07-17 00:36:36 - [TEST_STEP][PASSED] - tap(findTestObject("03_Mobile/02_Auth/SC003_Sign In/field_email"), 0): Tapped on element 'Object Repository/03_Mobile/02_Auth/SC003_Sign In/field_email'

2022-07-17 00:36:36 - [MESSAGE][WARNING] - Timeout '0' is invalid. Using default page load timeout: '30'

2022-07-17 00:36:37 - [MESSAGE][PASSED] - Tapped on element 'Object Repository/03_Mobile/02_Auth/SC003_Sign In/field_email'

2022-07-17 00:36:37 - [TEST_STEP][PASSED] - setText(findTestObject("03_Mobile/02_Auth/SC003_Sign In/field_email"), findTestData("signin").getValue(3, i), 0, CONTINUE_ON_FAILURE): Text '' has been set to element 'Object Repository/03_Mobile/02_Auth/SC003_Sign In/field_email'

2022-07-17 00:36:37 - [MESSAGE][WARNING] - Timeout '0' is invalid. Using default page load timeout: '30'

2022-07-17 00:36:38 - [MESSAGE][PASSED] - Text '' has been set to element 'Object Repository/03_Mobile/02_Auth/SC003_Sign In/field_email'

2022-07-17 00:36:38 - [TEST_STEP][PASSED] - tap(findTestObject("03_Mobile/02_Auth/SC003_Sign In/field_password"), 0): Tapped on element 'Object Repository/03_Mobile/02_Auth/SC003_Sign In/field_password'

2022-07-17 00:36:38 - [MESSAGE][WARNING] - Timeout '0' is invalid. Using default page load timeout: '30'

2022-07-17 00:36:39 - [MESSAGE][PASSED] - Tapped on element 'Object Repository/03_Mobile/02_Auth/SC003_Sign In/field_password'

2022-07-17 00:36:39 - [TEST_STEP][PASSED] - setText(findTestObject("03_Mobile/02_Auth/SC003_Sign In/field_password"), findTestData("signin").getValue(4, i), 0, CONTINUE_ON_FAILURE): Text '' has been set to element 'Object Repository/03_Mobile/02_Auth/SC003_Sign In/field_password'

2022-07-17 00:36:39 - [MESSAGE][WARNING] - Timeout '0' is invalid. Using default page load timeout: '30'

2022-07-17 00:36:40 - [MESSAGE][PASSED] - Text '' has been set to element 'Object Repository/03_Mobile/02_Auth/SC003_Sign In/field_password'

2022-07-17 00:36:40 - [TEST_STEP][PASSED] - pressBack(): Press back button successfully

2022-07-17 00:36:40 - [MESSAGE][PASSED] - Press back button successfully

2022-07-17 00:36:40 - [TEST_STEP][PASSED] - tap(findTestObject("03_Mobile/02_Auth/SC003_Sign In/button_signin"), 0, CONTINUE_ON_FAILURE): Tapped on element 'Object Repository/03_Mobile/02_Auth/SC003_Sign In/button_signin'

2022-07-17 00:36:40 - [MESSAGE][WARNING] - Timeout '0' is invalid. Using default page load timeout: '30'

2022-07-17 00:36:42 - [MESSAGE][PASSED] - Tapped on element 'Object Repository/03_Mobile/02_Auth/SC003_Sign In/button_signin'

2022-07-17 00:36:42 - [TEST_STEP][PASSED] - if (findTestData("signin").getValue(3, i) == ""): Element 'Object Repository/03_Mobile/02_Auth/SC003_Sign In/something_wrong' is exist

2022-07-17 00:36:42 - [TEST_STEP][PASSED] - verifyElementExist(findTestObject("03_Mobile/02_Auth/SC003_Sign In/something_wrong"), 10, CONTINUE_ON_FAILURE): Element 'Object Repository/03_Mobile/02_Auth/SC003_Sign In/something_wrong' is exist

2022-07-17 00:36:42 - [MESSAGE][PASSED] - Element 'Object Repository/03_Mobile/02_Auth/SC003_Sign In/something_wrong' is exist

2022-07-17 00:36:42 - [TEST_STEP][PASSED] - tap(findTestObject("03_Mobile/02_Auth/SC003_Sign In/field_email"), 0): Tapped on element 'Object Repository/03_Mobile/02_Auth/SC003_Sign In/field_email'

2022-07-17 00:36:42 - [MESSAGE][WARNING] - Timeout '0' is invalid. Using default page load timeout: '30'

2022-07-17 00:36:43 - [MESSAGE][PASSED] - Tapped on element 'Object Repository/03_Mobile/02_Auth/SC003_Sign In/field_email'

2022-07-17 00:36:43 - [TEST_STEP][PASSED] - setText(findTestObject("03_Mobile/02_Auth/SC003_Sign In/field_email"), findTestData("signin").getValue(3, i), 0, CONTINUE_ON_FAILURE): Text 'archenie@gmail.com' has been set to element 'Object Repository/03_Mobile/02_Auth/SC003_Sign In/field_email'

2022-07-17 00:36:43 - [MESSAGE][WARNING] - Timeout '0' is invalid. Using default page load timeout: '30'

2022-07-17 00:36:44 - [MESSAGE][PASSED] - Text 'archenie@gmail.com' has been set to element 'Object Repository/03_Mobile/02_Auth/SC003_Sign In/field_email'

2022-07-17 00:36:44 - [TEST_STEP][PASSED] - tap(findTestObject("03_Mobile/02_Auth/SC003_Sign In/field_password"), 0): Tapped on element 'Object Repository/03_Mobile/02_Auth/SC003_Sign In/field_password'

2022-07-17 00:36:44 - [MESSAGE][WARNING] - Timeout '0' is invalid. Using default page load timeout: '30'

2022-07-17 00:36:45 - [MESSAGE][PASSED] - Tapped on element 'Object Repository/03_Mobile/02_Auth/SC003_Sign In/field_password'

2022-07-17 00:36:45 - [TEST_STEP][PASSED] - setText(findTestObject("03_Mobile/02_Auth/SC003_Sign In/field_password"), findTestData("signin").getValue(4, i), 0, CONTINUE_ON_FAILURE): Text 'Archen123!' has been set to element 'Object Repository/03_Mobile/02_Auth/SC003_Sign In/field_password'

2022-07-17 00:36:45 - [MESSAGE][WARNING] - Timeout '0' is invalid. Using default page load timeout: '30'

2022-07-17 00:36:46 - [MESSAGE][PASSED] - Text 'Archen123!' has been set to element 'Object Repository/03_Mobile/02_Auth/SC003_Sign In/field_password'

2022-07-17 00:36:46 - [TEST_STEP][PASSED] - pressBack(): Press back button successfully

2022-07-17 00:36:47 - [MESSAGE][PASSED] - Press back button successfully

2022-07-17 00:36:47 - [TEST_STEP][PASSED] - tap(findTestObject("03_Mobile/02_Auth/SC003_Sign In/button_signin"), 0, CONTINUE_ON_FAILURE): Tapped on element 'Object Repository/03_Mobile/02_Auth/SC003_Sign In/button_signin'

2022-07-17 00:36:47 - [MESSAGE][WARNING] - Timeout '0' is invalid. Using default page load timeout: '30'

2022-07-17 00:36:48 - [MESSAGE][PASSED] - Tapped on element 'Object Repository/03_Mobile/02_Auth/SC003_Sign In/button_signin'

2022-07-17 00:36:48 - [TEST_STEP][PASSED] - if (findTestData("signin").getValue(3, i) == ""): null

2022-07-17 00:36:49 - [TEST_STEP][PASSED] - else if (findTestData("signin").getValue(2, i) == "negative" && findTestData("signin").getValue(3, i) != ""): Element 'Object Repository/03_Mobile/02_Auth/SC003_Sign In/failed_signin' is exist

2022-07-17 00:36:49 - [TEST_STEP][PASSED] - verifyElementExist(findTestObject("03_Mobile/02_Auth/SC003_Sign In/failed_signin"), 10, CONTINUE_ON_FAILURE): Element 'Object Repository/03_Mobile/02_Auth/SC003_Sign In/failed_signin' is exist

2022-07-17 00:36:49 - [MESSAGE][PASSED] - Element 'Object Repository/03_Mobile/02_Auth/SC003_Sign In/failed_signin' is exist

2022-07-17 00:36:49 - [TEST_STEP][PASSED] - tap(findTestObject("03_Mobile/02_Auth/SC003_Sign In/field_email"), 0): Tapped on element 'Object Repository/03_Mobile/02_Auth/SC003_Sign In/field_email'

2022-07-17 00:36:49 - [MESSAGE][WARNING] - Timeout '0' is invalid. Using default page load timeout: '30'

2022-07-17 00:36:49 - [MESSAGE][PASSED] - Tapped on element 'Object Repository/03_Mobile/02_Auth/SC003_Sign In/field_email'

2022-07-17 00:36:49 - [TEST_STEP][PASSED] - setText(findTestObject("03_Mobile/02_Auth/SC003_Sign In/field_email"), findTestData("signin").getValue(3, i), 0, CONTINUE_ON_FAILURE): Text 'arch-gmail' has been set to element 'Object Repository/03_Mobile/02_Auth/SC003_Sign In/field_email'

2022-07-17 00:36:50 - [MESSAGE][WARNING] - Timeout '0' is invalid. Using default page load timeout: '30'

2022-07-17 00:36:51 - [MESSAGE][PASSED] - Text 'arch-gmail' has been set to element 'Object Repository/03_Mobile/02_Auth/SC003_Sign In/field_email'

2022-07-17 00:36:51 - [TEST_STEP][PASSED] - tap(findTestObject("03_Mobile/02_Auth/SC003_Sign In/field_password"), 0): Tapped on element 'Object Repository/03_Mobile/02_Auth/SC003_Sign In/field_password'

2022-07-17 00:36:51 - [MESSAGE][WARNING] - Timeout '0' is invalid. Using default page load timeout: '30'

2022-07-17 00:36:52 - [MESSAGE][PASSED] - Tapped on element 'Object Repository/03_Mobile/02_Auth/SC003_Sign In/field_password'

2022-07-17 00:36:52 - [TEST_STEP][PASSED] - setText(findTestObject("03_Mobile/02_Auth/SC003_Sign In/field_password"), findTestData("signin").getValue(4, i), 0, CONTINUE_ON_FAILURE): Text 'Archen123!' has been set to element 'Object Repository/03_Mobile/02_Auth/SC003_Sign In/field_password'

2022-07-17 00:36:52 - [MESSAGE][WARNING] - Timeout '0' is invalid. Using default page load timeout: '30'

2022-07-17 00:36:54 - [MESSAGE][PASSED] - Text 'Archen123!' has been set to element 'Object Repository/03_Mobile/02_Auth/SC003_Sign In/field_password'

2022-07-17 00:36:54 - [TEST_STEP][PASSED] - pressBack(): Press back button successfully

2022-07-17 00:36:54 - [MESSAGE][PASSED] - Press back button successfully

2022-07-17 00:36:54 - [TEST_STEP][PASSED] - tap(findTestObject("03_Mobile/02_Auth/SC003_Sign In/button_signin"), 0, CONTINUE_ON_FAILURE): Tapped on element 'Object Repository/03_Mobile/02_Auth/SC003_Sign In/button_signin'

2022-07-17 00:36:54 - [MESSAGE][WARNING] - Timeout '0' is invalid. Using default page load timeout: '30'

2022-07-17 00:36:56 - [MESSAGE][PASSED] - Tapped on element 'Object Repository/03_Mobile/02_Auth/SC003_Sign In/button_signin'

2022-07-17 00:36:56 - [TEST_STEP][PASSED] - if (findTestData("signin").getValue(3, i) == ""): null

2022-07-17 00:36:56 - [TEST_STEP][PASSED] - else if (findTestData("signin").getValue(2, i) == "negative" && findTestData("signin").getValue(3, i) != ""): Element 'Object Repository/03_Mobile/02_Auth/SC003_Sign In/failed_signin' is exist

2022-07-17 00:36:56 - [TEST_STEP][PASSED] - verifyElementExist(findTestObject("03_Mobile/02_Auth/SC003_Sign In/failed_signin"), 10, CONTINUE_ON_FAILURE): Element 'Object Repository/03_Mobile/02_Auth/SC003_Sign In/failed_signin' is exist

2022-07-17 00:36:56 - [MESSAGE][PASSED] - Element 'Object Repository/03_Mobile/02_Auth/SC003_Sign In/failed_signin' is exist

2022-07-17 00:36:57 - [TEST_STEP][PASSED] - tap(findTestObject("03_Mobile/02_Auth/SC003_Sign In/field_email"), 0): Tapped on element 'Object Repository/03_Mobile/02_Auth/SC003_Sign In/field_email'

2022-07-17 00:36:57 - [MESSAGE][WARNING] - Timeout '0' is invalid. Using default page load timeout: '30'

2022-07-17 00:36:57 - [MESSAGE][PASSED] - Tapped on element 'Object Repository/03_Mobile/02_Auth/SC003_Sign In/field_email'

2022-07-17 00:36:57 - [TEST_STEP][PASSED] - setText(findTestObject("03_Mobile/02_Auth/SC003_Sign In/field_email"), findTestData("signin").getValue(3, i), 0, CONTINUE_ON_FAILURE): Text 'archen@gmail.com' has been set to element 'Object Repository/03_Mobile/02_Auth/SC003_Sign In/field_email'

2022-07-17 00:36:57 - [MESSAGE][WARNING] - Timeout '0' is invalid. Using default page load timeout: '30'

2022-07-17 00:36:59 - [MESSAGE][PASSED] - Text 'archen@gmail.com' has been set to element 'Object Repository/03_Mobile/02_Auth/SC003_Sign In/field_email'

2022-07-17 00:36:59 - [TEST_STEP][PASSED] - tap(findTestObject("03_Mobile/02_Auth/SC003_Sign In/field_password"), 0): Tapped on element 'Object Repository/03_Mobile/02_Auth/SC003_Sign In/field_password'

2022-07-17 00:36:59 - [MESSAGE][WARNING] - Timeout '0' is invalid. Using default page load timeout: '30'

2022-07-17 00:37:01 - [MESSAGE][PASSED] - Tapped on element 'Object Repository/03_Mobile/02_Auth/SC003_Sign In/field_password'

2022-07-17 00:37:01 - [TEST_STEP][PASSED] - setText(findTestObject("03_Mobile/02_Auth/SC003_Sign In/field_password"), findTestData("signin").getValue(4, i), 0, CONTINUE_ON_FAILURE): Text 'pwarchen' has been set to element 'Object Repository/03_Mobile/02_Auth/SC003_Sign In/field_password'

2022-07-17 00:37:01 - [MESSAGE][WARNING] - Timeout '0' is invalid. Using default page load timeout: '30'

2022-07-17 00:37:01 - [MESSAGE][PASSED] - Text 'pwarchen' has been set to element 'Object Repository/03_Mobile/02_Auth/SC003_Sign In/field_password'

2022-07-17 00:37:01 - [TEST_STEP][PASSED] - pressBack(): Press back button successfully

2022-07-17 00:37:02 - [MESSAGE][PASSED] - Press back button successfully

2022-07-17 00:37:02 - [TEST_STEP][PASSED] - tap(findTestObject("03_Mobile/02_Auth/SC003_Sign In/button_signin"), 0, CONTINUE_ON_FAILURE): Tapped on element 'Object Repository/03_Mobile/02_Auth/SC003_Sign In/button_signin'

2022-07-17 00:37:02 - [MESSAGE][WARNING] - Timeout '0' is invalid. Using default page load timeout: '30'

2022-07-17 00:37:03 - [MESSAGE][PASSED] - Tapped on element 'Object Repository/03_Mobile/02_Auth/SC003_Sign In/button_signin'

2022-07-17 00:37:03 - [TEST_STEP][PASSED] - if (findTestData("signin").getValue(3, i) == ""): null

2022-07-17 00:37:03 - [TEST_STEP][PASSED] - else if (findTestData("signin").getValue(2, i) == "negative" && findTestData("signin").getValue(3, i) != ""): Element 'Object Repository/03_Mobile/02_Auth/SC003_Sign In/failed_signin' is exist

2022-07-17 00:37:03 - [TEST_STEP][PASSED] - verifyElementExist(findTestObject("03_Mobile/02_Auth/SC003_Sign In/failed_signin"), 10, CONTINUE_ON_FAILURE): Element 'Object Repository/03_Mobile/02_Auth/SC003_Sign In/failed_signin' is exist

2022-07-17 00:37:05 - [MESSAGE][PASSED] - Element 'Object Repository/03_Mobile/02_Auth/SC003_Sign In/failed_signin' is exist

2022-07-17 00:37:05 - [TEST_STEP][PASSED] - tap(findTestObject("03_Mobile/02_Auth/SC003_Sign In/field_email"), 0): Tapped on element 'Object Repository/03_Mobile/02_Auth/SC003_Sign In/field_email'

2022-07-17 00:37:05 - [MESSAGE][WARNING] - Timeout '0' is invalid. Using default page load timeout: '30'

2022-07-17 00:37:05 - [MESSAGE][PASSED] - Tapped on element 'Object Repository/03_Mobile/02_Auth/SC003_Sign In/field_email'

2022-07-17 00:37:05 - [TEST_STEP][PASSED] - setText(findTestObject("03_Mobile/02_Auth/SC003_Sign In/field_email"), findTestData("signin").getValue(3, i), 0, CONTINUE_ON_FAILURE): Text 'joong@gmail.com' has been set to element 'Object Repository/03_Mobile/02_Auth/SC003_Sign In/field_email'

2022-07-17 00:37:05 - [MESSAGE][WARNING] - Timeout '0' is invalid. Using default page load timeout: '30'

2022-07-17 00:37:07 - [MESSAGE][PASSED] - Text 'joong@gmail.com' has been set to element 'Object Repository/03_Mobile/02_Auth/SC003_Sign In/field_email'

2022-07-17 00:37:07 - [TEST_STEP][PASSED] - tap(findTestObject("03_Mobile/02_Auth/SC003_Sign In/field_password"), 0): Tapped on element 'Object Repository/03_Mobile/02_Auth/SC003_Sign In/field_password'

2022-07-17 00:37:07 - [MESSAGE][WARNING] - Timeout '0' is invalid. Using default page load timeout: '30'

2022-07-17 00:37:09 - [MESSAGE][PASSED] - Tapped on element 'Object Repository/03_Mobile/02_Auth/SC003_Sign In/field_password'

2022-07-17 00:37:09 - [TEST_STEP][PASSED] - setText(findTestObject("03_Mobile/02_Auth/SC003_Sign In/field_password"), findTestData("signin").getValue(4, i), 0, CONTINUE_ON_FAILURE): Text 'Joong123!' has been set to element 'Object Repository/03_Mobile/02_Auth/SC003_Sign In/field_password'

2022-07-17 00:37:09 - [MESSAGE][WARNING] - Timeout '0' is invalid. Using default page load timeout: '30'

2022-07-17 00:37:10 - [MESSAGE][PASSED] - Text 'Joong123!' has been set to element 'Object Repository/03_Mobile/02_Auth/SC003_Sign In/field_password'

2022-07-17 00:37:10 - [TEST_STEP][PASSED] - pressBack(): Press back button successfully

2022-07-17 00:37:10 - [MESSAGE][PASSED] - Press back button successfully

2022-07-17 00:37:10 - [TEST_STEP][PASSED] - tap(findTestObject("03_Mobile/02_Auth/SC003_Sign In/button_signin"), 0, CONTINUE_ON_FAILURE): Tapped on element 'Object Repository/03_Mobile/02_Auth/SC003_Sign In/button_signin'

2022-07-17 00:37:10 - [MESSAGE][WARNING] - Timeout '0' is invalid. Using default page load timeout: '30'

2022-07-17 00:37:12 - [MESSAGE][PASSED] - Tapped on element 'Object Repository/03_Mobile/02_Auth/SC003_Sign In/button_signin'

2022-07-17 00:37:12 - [TEST_STEP][PASSED] - if (findTestData("signin").getValue(3, i) == ""): null

2022-07-17 00:37:12 - [TEST_STEP][PASSED] - else if (findTestData("signin").getValue(2, i) == "negative" && findTestData("signin").getValue(3, i) != ""): null

2022-07-17 00:37:12 - [TEST_STEP][PASSED] - else: Element 'Object Repository/03_Mobile/02_Auth/SC003_Sign In/profile_view' is exist

2022-07-17 00:37:12 - [TEST_STEP][PASSED] - verifyElementExist(findTestObject("03_Mobile/02_Auth/SC003_Sign In/profile_view"), 10, CONTINUE_ON_FAILURE): Element 'Object Repository/03_Mobile/02_Auth/SC003_Sign In/profile_view' is exist

2022-07-17 00:37:16 - [MESSAGE][PASSED] - Element 'Object Repository/03_Mobile/02_Auth/SC003_Sign In/profile_view' is exist

2022-07-17 00:37:16 - [TEST_STEP][PASSED] - driver = getDriver(): null

2022-07-17 00:37:16 - [TEST_STEP][PASSED] - driver.terminateApp("com.example.capstone_project_lms"): null]]></system-out>
         <system-err><![CDATA[]]></system-err>
      </testcase>
      <testcase name="Test Cases/03_Mobile/03_Home/SC006_Join Class/Join Class" time="41.01" classname="Test Cases/03_Mobile/03_Home/SC006_Join Class/Join Class" status="PASSED">
         <system-out><![CDATA[2022-07-17 00:37:16 - [TEST_CASE][PASSED] - Test Cases/03_Mobile/03_Home/SC006_Join Class/Join Class: Test Cases/03_Mobile/03_Home/SC006_Join Class/Join Class

2022-07-17 00:37:17 - [TEST_STEP][PASSED] - startExistingApplication("com.example.capstone_project_lms", CONTINUE_ON_FAILURE): Starting app with application ID: 'com.example.capstone_project_lms'

2022-07-17 00:37:26 - [MESSAGE][PASSED] - Starting app with application ID: 'com.example.capstone_project_lms'

2022-07-17 00:37:26 - [TEST_STEP][PASSED] - for ([i = 1, i <= 3, (i++)]): Element 'Object Repository/03_Mobile/03_Home/SC006_Join Class/success' is exist

2022-07-17 00:37:26 - [TEST_STEP][PASSED] - tap(findTestObject("Object Repository/03_Mobile/03_Home/SC006_Join Class/btn_joinclass (1)"), 0): Tapped on element 'Object Repository/03_Mobile/03_Home/SC006_Join Class/btn_joinclass (1)'

2022-07-17 00:37:26 - [MESSAGE][WARNING] - Timeout '0' is invalid. Using default page load timeout: '30'

2022-07-17 00:37:33 - [MESSAGE][PASSED] - Tapped on element 'Object Repository/03_Mobile/03_Home/SC006_Join Class/btn_joinclass (1)'

2022-07-17 00:37:33 - [TEST_STEP][PASSED] - tapAndHold(findTestObject("03_Mobile/03_Home/SC006_Join Class/txt_codeclass (2)"), 0, 0): Tapped and held on element 'Object Repository/03_Mobile/03_Home/SC006_Join Class/txt_codeclass (2)' with duration (default)

2022-07-17 00:37:33 - [MESSAGE][WARNING] - Duration '0' is invalid. Using default duration.

2022-07-17 00:37:33 - [MESSAGE][WARNING] - Timeout '0' is invalid. Using default page load timeout: '30'

2022-07-17 00:37:36 - [MESSAGE][PASSED] - Tapped and held on element 'Object Repository/03_Mobile/03_Home/SC006_Join Class/txt_codeclass (2)' with duration (default)

2022-07-17 00:37:36 - [TEST_STEP][PASSED] - setText(findTestObject("Object Repository/03_Mobile/03_Home/SC006_Join Class/txt_codeclass (2)"), findTestData("join_class").getValue(3, i), 0): Text '' has been set to element 'Object Repository/03_Mobile/03_Home/SC006_Join Class/txt_codeclass (2)'

2022-07-17 00:37:37 - [MESSAGE][WARNING] - Timeout '0' is invalid. Using default page load timeout: '30'

2022-07-17 00:37:37 - [MESSAGE][PASSED] - Text '' has been set to element 'Object Repository/03_Mobile/03_Home/SC006_Join Class/txt_codeclass (2)'

2022-07-17 00:37:37 - [TEST_STEP][PASSED] - tap(findTestObject("Object Repository/03_Mobile/03_Home/SC006_Join Class/btn_join (1)"), 0): Tapped on element 'Object Repository/03_Mobile/03_Home/SC006_Join Class/btn_join (1)'

2022-07-17 00:37:37 - [MESSAGE][WARNING] - Timeout '0' is invalid. Using default page load timeout: '30'

2022-07-17 00:37:38 - [MESSAGE][PASSED] - Tapped on element 'Object Repository/03_Mobile/03_Home/SC006_Join Class/btn_join (1)'

2022-07-17 00:37:38 - [TEST_STEP][PASSED] - if (findTestData("join_class").getValue(2, i) == "negative"): Element 'Object Repository/03_Mobile/03_Home/SC006_Join Class/failed_message' is exist

2022-07-17 00:37:38 - [TEST_STEP][PASSED] - verifyElementExist(findTestObject("03_Mobile/03_Home/SC006_Join Class/failed_message"), 0, CONTINUE_ON_FAILURE): Element 'Object Repository/03_Mobile/03_Home/SC006_Join Class/failed_message' is exist

2022-07-17 00:37:38 - [MESSAGE][WARNING] - Timeout '0' is invalid. Using default page load timeout: '30'

2022-07-17 00:37:39 - [MESSAGE][PASSED] - Element 'Object Repository/03_Mobile/03_Home/SC006_Join Class/failed_message' is exist

2022-07-17 00:37:39 - [TEST_STEP][PASSED] - tap(findTestObject("Object Repository/03_Mobile/03_Home/SC006_Join Class/btn_joinclass (1)"), 0): Tapped on element 'Object Repository/03_Mobile/03_Home/SC006_Join Class/btn_joinclass (1)'

2022-07-17 00:37:39 - [MESSAGE][WARNING] - Timeout '0' is invalid. Using default page load timeout: '30'

2022-07-17 00:37:41 - [MESSAGE][PASSED] - Tapped on element 'Object Repository/03_Mobile/03_Home/SC006_Join Class/btn_joinclass (1)'

2022-07-17 00:37:41 - [TEST_STEP][PASSED] - tapAndHold(findTestObject("03_Mobile/03_Home/SC006_Join Class/txt_codeclass (2)"), 0, 0): Tapped and held on element 'Object Repository/03_Mobile/03_Home/SC006_Join Class/txt_codeclass (2)' with duration (default)

2022-07-17 00:37:41 - [MESSAGE][WARNING] - Duration '0' is invalid. Using default duration.

2022-07-17 00:37:41 - [MESSAGE][WARNING] - Timeout '0' is invalid. Using default page load timeout: '30'

2022-07-17 00:37:43 - [MESSAGE][PASSED] - Tapped and held on element 'Object Repository/03_Mobile/03_Home/SC006_Join Class/txt_codeclass (2)' with duration (default)

2022-07-17 00:37:43 - [TEST_STEP][PASSED] - setText(findTestObject("Object Repository/03_Mobile/03_Home/SC006_Join Class/txt_codeclass (2)"), findTestData("join_class").getValue(3, i), 0): Text 'abcdefh12' has been set to element 'Object Repository/03_Mobile/03_Home/SC006_Join Class/txt_codeclass (2)'

2022-07-17 00:37:44 - [MESSAGE][WARNING] - Timeout '0' is invalid. Using default page load timeout: '30'

2022-07-17 00:37:44 - [MESSAGE][PASSED] - Text 'abcdefh12' has been set to element 'Object Repository/03_Mobile/03_Home/SC006_Join Class/txt_codeclass (2)'

2022-07-17 00:37:44 - [TEST_STEP][PASSED] - tap(findTestObject("Object Repository/03_Mobile/03_Home/SC006_Join Class/btn_join (1)"), 0): Tapped on element 'Object Repository/03_Mobile/03_Home/SC006_Join Class/btn_join (1)'

2022-07-17 00:37:44 - [MESSAGE][WARNING] - Timeout '0' is invalid. Using default page load timeout: '30'

2022-07-17 00:37:45 - [MESSAGE][PASSED] - Tapped on element 'Object Repository/03_Mobile/03_Home/SC006_Join Class/btn_join (1)'

2022-07-17 00:37:45 - [TEST_STEP][PASSED] - if (findTestData("join_class").getValue(2, i) == "negative"): Element 'Object Repository/03_Mobile/03_Home/SC006_Join Class/failed_message' is exist

2022-07-17 00:37:45 - [TEST_STEP][PASSED] - verifyElementExist(findTestObject("03_Mobile/03_Home/SC006_Join Class/failed_message"), 0, CONTINUE_ON_FAILURE): Element 'Object Repository/03_Mobile/03_Home/SC006_Join Class/failed_message' is exist

2022-07-17 00:37:45 - [MESSAGE][WARNING] - Timeout '0' is invalid. Using default page load timeout: '30'

2022-07-17 00:37:48 - [MESSAGE][PASSED] - Element 'Object Repository/03_Mobile/03_Home/SC006_Join Class/failed_message' is exist

2022-07-17 00:37:48 - [TEST_STEP][PASSED] - tap(findTestObject("Object Repository/03_Mobile/03_Home/SC006_Join Class/btn_joinclass (1)"), 0): Tapped on element 'Object Repository/03_Mobile/03_Home/SC006_Join Class/btn_joinclass (1)'

2022-07-17 00:37:48 - [MESSAGE][WARNING] - Timeout '0' is invalid. Using default page load timeout: '30'

2022-07-17 00:37:49 - [MESSAGE][PASSED] - Tapped on element 'Object Repository/03_Mobile/03_Home/SC006_Join Class/btn_joinclass (1)'

2022-07-17 00:37:49 - [TEST_STEP][PASSED] - tapAndHold(findTestObject("03_Mobile/03_Home/SC006_Join Class/txt_codeclass (2)"), 0, 0): Tapped and held on element 'Object Repository/03_Mobile/03_Home/SC006_Join Class/txt_codeclass (2)' with duration (default)

2022-07-17 00:37:49 - [MESSAGE][WARNING] - Duration '0' is invalid. Using default duration.

2022-07-17 00:37:49 - [MESSAGE][WARNING] - Timeout '0' is invalid. Using default page load timeout: '30'

2022-07-17 00:37:51 - [MESSAGE][PASSED] - Tapped and held on element 'Object Repository/03_Mobile/03_Home/SC006_Join Class/txt_codeclass (2)' with duration (default)

2022-07-17 00:37:51 - [TEST_STEP][PASSED] - setText(findTestObject("Object Repository/03_Mobile/03_Home/SC006_Join Class/txt_codeclass (2)"), findTestData("join_class").getValue(3, i), 0): Text '5360e6355a' has been set to element 'Object Repository/03_Mobile/03_Home/SC006_Join Class/txt_codeclass (2)'

2022-07-17 00:37:52 - [MESSAGE][WARNING] - Timeout '0' is invalid. Using default page load timeout: '30'

2022-07-17 00:37:52 - [MESSAGE][PASSED] - Text '5360e6355a' has been set to element 'Object Repository/03_Mobile/03_Home/SC006_Join Class/txt_codeclass (2)'

2022-07-17 00:37:52 - [TEST_STEP][PASSED] - tap(findTestObject("Object Repository/03_Mobile/03_Home/SC006_Join Class/btn_join (1)"), 0): Tapped on element 'Object Repository/03_Mobile/03_Home/SC006_Join Class/btn_join (1)'

2022-07-17 00:37:52 - [MESSAGE][WARNING] - Timeout '0' is invalid. Using default page load timeout: '30'

2022-07-17 00:37:53 - [MESSAGE][PASSED] - Tapped on element 'Object Repository/03_Mobile/03_Home/SC006_Join Class/btn_join (1)'

2022-07-17 00:37:53 - [TEST_STEP][PASSED] - if (findTestData("join_class").getValue(2, i) == "negative"): null

2022-07-17 00:37:53 - [TEST_STEP][PASSED] - else: Element 'Object Repository/03_Mobile/03_Home/SC006_Join Class/success' is exist

2022-07-17 00:37:53 - [TEST_STEP][PASSED] - verifyElementExist(findTestObject("03_Mobile/03_Home/SC006_Join Class/success"), 0, CONTINUE_ON_FAILURE): Element 'Object Repository/03_Mobile/03_Home/SC006_Join Class/success' is exist

2022-07-17 00:37:53 - [MESSAGE][WARNING] - Timeout '0' is invalid. Using default page load timeout: '30'

2022-07-17 00:37:57 - [MESSAGE][PASSED] - Element 'Object Repository/03_Mobile/03_Home/SC006_Join Class/success' is exist

2022-07-17 00:37:57 - [TEST_STEP][PASSED] - driver = getDriver(): null

2022-07-17 00:37:57 - [TEST_STEP][PASSED] - driver.terminateApp("com.example.capstone_project_lms"): null]]></system-out>
         <system-err><![CDATA[]]></system-err>
      </testcase>
      <testcase name="Test Cases/03_Mobile/03_Home/SC008_Active Class/TC001_View Detail Active Class" time="19.987" classname="Test Cases/03_Mobile/03_Home/SC008_Active Class/TC001_View Detail Active Class" status="PASSED">
         <system-out><![CDATA[2022-07-17 00:37:57 - [TEST_CASE][PASSED] - Test Cases/03_Mobile/03_Home/SC008_Active Class/TC001_View Detail Active Class: Test Cases/03_Mobile/03_Home/SC008_Active Class/TC001_View Detail Active Class

2022-07-17 00:37:58 - [TEST_STEP][PASSED] - startExistingApplication("com.example.capstone_project_lms", CONTINUE_ON_FAILURE): Starting app with application ID: 'com.example.capstone_project_lms'

2022-07-17 00:38:06 - [MESSAGE][PASSED] - Starting app with application ID: 'com.example.capstone_project_lms'

2022-07-17 00:38:06 - [TEST_STEP][PASSED] - tapAndHold(findTestObject("03_Mobile/03_Home/SC008_Active Class/class"), 0, 0, CONTINUE_ON_FAILURE): Tapped and held on element 'Object Repository/03_Mobile/03_Home/SC008_Active Class/class' with duration (default)

2022-07-17 00:38:06 - [MESSAGE][WARNING] - Duration '0' is invalid. Using default duration.

2022-07-17 00:38:06 - [MESSAGE][WARNING] - Timeout '0' is invalid. Using default page load timeout: '30'

2022-07-17 00:38:13 - [MESSAGE][PASSED] - Tapped and held on element 'Object Repository/03_Mobile/03_Home/SC008_Active Class/class' with duration (default)

2022-07-17 00:38:13 - [TEST_STEP][PASSED] - verifyElementExist(findTestObject("03_Mobile/03_Home/SC008_Active Class/class_title"), 0, CONTINUE_ON_FAILURE): Element 'Object Repository/03_Mobile/03_Home/SC008_Active Class/class_title' is exist

2022-07-17 00:38:14 - [MESSAGE][WARNING] - Timeout '0' is invalid. Using default page load timeout: '30'

2022-07-17 00:38:17 - [MESSAGE][PASSED] - Element 'Object Repository/03_Mobile/03_Home/SC008_Active Class/class_title' is exist

2022-07-17 00:38:17 - [TEST_STEP][PASSED] - driver = getDriver(): null

2022-07-17 00:38:17 - [TEST_STEP][PASSED] - driver.terminateApp("com.example.capstone_project_lms"): null]]></system-out>
         <system-err><![CDATA[]]></system-err>
      </testcase>
      <testcase name="Test Cases/03_Mobile/04_My Class/SC009_Class List/TC001_View Detail Class in My Class" time="22.848" classname="Test Cases/03_Mobile/04_My Class/SC009_Class List/TC001_View Detail Class in My Class" status="PASSED">
         <system-out><![CDATA[2022-07-17 00:38:17 - [TEST_CASE][PASSED] - Test Cases/03_Mobile/04_My Class/SC009_Class List/TC001_View Detail Class in My Class: Test Cases/03_Mobile/04_My Class/SC009_Class List/TC001_View Detail Class in My Class

2022-07-17 00:38:18 - [TEST_STEP][PASSED] - startExistingApplication("com.example.capstone_project_lms", CONTINUE_ON_FAILURE): Starting app with application ID: 'com.example.capstone_project_lms'

2022-07-17 00:38:27 - [MESSAGE][PASSED] - Starting app with application ID: 'com.example.capstone_project_lms'

2022-07-17 00:38:27 - [TEST_STEP][PASSED] - tap(findTestObject("03_Mobile/04_My Class/SC009_Class List/myclass"), 0, CONTINUE_ON_FAILURE): Tapped on element 'Object Repository/03_Mobile/04_My Class/SC009_Class List/myclass'

2022-07-17 00:38:27 - [MESSAGE][WARNING] - Timeout '0' is invalid. Using default page load timeout: '30'

2022-07-17 00:38:34 - [MESSAGE][PASSED] - Tapped on element 'Object Repository/03_Mobile/04_My Class/SC009_Class List/myclass'

2022-07-17 00:38:34 - [TEST_STEP][PASSED] - tapAndHold(findTestObject("03_Mobile/04_My Class/SC009_Class List/class_object"), 0, 0, CONTINUE_ON_FAILURE): Tapped and held on element 'Object Repository/03_Mobile/04_My Class/SC009_Class List/class_object' with duration (default)

2022-07-17 00:38:34 - [MESSAGE][WARNING] - Duration '0' is invalid. Using default duration.

2022-07-17 00:38:34 - [MESSAGE][WARNING] - Timeout '0' is invalid. Using default page load timeout: '30'

2022-07-17 00:38:36 - [MESSAGE][PASSED] - Tapped and held on element 'Object Repository/03_Mobile/04_My Class/SC009_Class List/class_object' with duration (default)

2022-07-17 00:38:36 - [TEST_STEP][PASSED] - verifyElementExist(findTestObject("03_Mobile/04_My Class/SC009_Class List/class_title"), 0, CONTINUE_ON_FAILURE): Element 'Object Repository/03_Mobile/04_My Class/SC009_Class List/class_title' is exist

2022-07-17 00:38:36 - [MESSAGE][WARNING] - Timeout '0' is invalid. Using default page load timeout: '30'

2022-07-17 00:38:40 - [MESSAGE][PASSED] - Element 'Object Repository/03_Mobile/04_My Class/SC009_Class List/class_title' is exist

2022-07-17 00:38:40 - [TEST_STEP][PASSED] - driver = getDriver(): null

2022-07-17 00:38:40 - [TEST_STEP][PASSED] - driver.terminateApp("com.example.capstone_project_lms"): null]]></system-out>
         <system-err><![CDATA[]]></system-err>
      </testcase>
      <testcase name="Test Cases/03_Mobile/04_My Class/SC010_Class Members/TC001_View Number of Members in A Class" time="20.177" classname="Test Cases/03_Mobile/04_My Class/SC010_Class Members/TC001_View Number of Members in A Class" status="PASSED">
         <system-out><![CDATA[2022-07-17 00:38:40 - [TEST_CASE][PASSED] - Test Cases/03_Mobile/04_My Class/SC010_Class Members/TC001_View Number of Members in A Class: Test Cases/03_Mobile/04_My Class/SC010_Class Members/TC001_View Number of Members in A Class

2022-07-17 00:38:40 - [TEST_STEP][PASSED] - startExistingApplication("com.example.capstone_project_lms", CONTINUE_ON_FAILURE): Starting app with application ID: 'com.example.capstone_project_lms'

2022-07-17 00:38:50 - [MESSAGE][PASSED] - Starting app with application ID: 'com.example.capstone_project_lms'

2022-07-17 00:38:50 - [TEST_STEP][PASSED] - tapAndHold(findTestObject("Object Repository/03_Mobile/04_My Class/SC010_Class Members/class_object"), 0, 0, CONTINUE_ON_FAILURE): Tapped and held on element 'Object Repository/03_Mobile/04_My Class/SC010_Class Members/class_object' with duration (default)

2022-07-17 00:38:50 - [MESSAGE][WARNING] - Duration '0' is invalid. Using default duration.

2022-07-17 00:38:50 - [MESSAGE][WARNING] - Timeout '0' is invalid. Using default page load timeout: '30'

2022-07-17 00:38:57 - [MESSAGE][PASSED] - Tapped and held on element 'Object Repository/03_Mobile/04_My Class/SC010_Class Members/class_object' with duration (default)

2022-07-17 00:38:57 - [TEST_STEP][PASSED] - verifyElementExist(findTestObject("Object Repository/03_Mobile/04_My Class/SC010_Class Members/number_members"), 0, CONTINUE_ON_FAILURE): Element 'Object Repository/03_Mobile/04_My Class/SC010_Class Members/number_members' is exist

2022-07-17 00:38:57 - [MESSAGE][WARNING] - Timeout '0' is invalid. Using default page load timeout: '30'

2022-07-17 00:39:00 - [MESSAGE][PASSED] - Element 'Object Repository/03_Mobile/04_My Class/SC010_Class Members/number_members' is exist

2022-07-17 00:39:00 - [TEST_STEP][PASSED] - driver = getDriver(): null

2022-07-17 00:39:00 - [TEST_STEP][PASSED] - driver.terminateApp("com.example.capstone_project_lms"): null]]></system-out>
         <system-err><![CDATA[]]></system-err>
      </testcase>
      <testcase name="Test Cases/03_Mobile/04_My Class/SC016_View Detail Content Material/TC001_View Detail Content Material" time="40.545" classname="Test Cases/03_Mobile/04_My Class/SC016_View Detail Content Material/TC001_View Detail Content Material" status="PASSED">
         <system-out><![CDATA[2022-07-17 00:39:00 - [TEST_CASE][PASSED] - Test Cases/03_Mobile/04_My Class/SC016_View Detail Content Material/TC001_View Detail Content Material: Test Cases/03_Mobile/04_My Class/SC016_View Detail Content Material/TC001_View Detail Content Material

2022-07-17 00:39:01 - [TEST_STEP][PASSED] - startExistingApplication("com.example.capstone_project_lms", CONTINUE_ON_FAILURE): Starting app with application ID: 'com.example.capstone_project_lms'

2022-07-17 00:39:10 - [MESSAGE][PASSED] - Starting app with application ID: 'com.example.capstone_project_lms'

2022-07-17 00:39:10 - [TEST_STEP][PASSED] - tapAndHold(findTestObject("Object Repository/03_Mobile/04_My Class/SC016_View Detail Content Material/class_object"), 0, 0, CONTINUE_ON_FAILURE): Tapped and held on element 'Object Repository/03_Mobile/04_My Class/SC016_View Detail Content Material/class_object' with duration (default)

2022-07-17 00:39:10 - [MESSAGE][WARNING] - Duration '0' is invalid. Using default duration.

2022-07-17 00:39:10 - [MESSAGE][WARNING] - Timeout '0' is invalid. Using default page load timeout: '30'

2022-07-17 00:39:17 - [MESSAGE][PASSED] - Tapped and held on element 'Object Repository/03_Mobile/04_My Class/SC016_View Detail Content Material/class_object' with duration (default)

2022-07-17 00:39:17 - [TEST_STEP][PASSED] - tap(findTestObject("03_Mobile/04_My Class/SC016_View Detail Content Material/menu_contents"), 0, CONTINUE_ON_FAILURE): Tapped on element 'Object Repository/03_Mobile/04_My Class/SC016_View Detail Content Material/menu_contents'

2022-07-17 00:39:17 - [MESSAGE][WARNING] - Timeout '0' is invalid. Using default page load timeout: '30'

2022-07-17 00:39:27 - [MESSAGE][PASSED] - Tapped on element 'Object Repository/03_Mobile/04_My Class/SC016_View Detail Content Material/menu_contents'

2022-07-17 00:39:27 - [TEST_STEP][PASSED] - tapAndHold(findTestObject("Object Repository/03_Mobile/04_My Class/SC016_View Detail Content Material/choose_materi1"), 0, 0, CONTINUE_ON_FAILURE): Tapped and held on element 'Object Repository/03_Mobile/04_My Class/SC016_View Detail Content Material/choose_materi1' with duration (default)

2022-07-17 00:39:27 - [MESSAGE][WARNING] - Duration '0' is invalid. Using default duration.

2022-07-17 00:39:27 - [MESSAGE][WARNING] - Timeout '0' is invalid. Using default page load timeout: '30'

2022-07-17 00:39:33 - [MESSAGE][PASSED] - Tapped and held on element 'Object Repository/03_Mobile/04_My Class/SC016_View Detail Content Material/choose_materi1' with duration (default)

2022-07-17 00:39:33 - [TEST_STEP][PASSED] - verifyElementExist(findTestObject("Object Repository/03_Mobile/04_My Class/SC016_View Detail Content Material/title_materi1"), 0, CONTINUE_ON_FAILURE): Element 'Object Repository/03_Mobile/04_My Class/SC016_View Detail Content Material/title_materi1' is exist

2022-07-17 00:39:33 - [MESSAGE][WARNING] - Timeout '0' is invalid. Using default page load timeout: '30'

2022-07-17 00:39:35 - [MESSAGE][PASSED] - Element 'Object Repository/03_Mobile/04_My Class/SC016_View Detail Content Material/title_materi1' is exist

2022-07-17 00:39:35 - [TEST_STEP][PASSED] - tap(findTestObject("Object Repository/03_Mobile/04_My Class/SC016_View Detail Content Material/menu_desc"), 0, CONTINUE_ON_FAILURE): Tapped on element 'Object Repository/03_Mobile/04_My Class/SC016_View Detail Content Material/menu_desc'

2022-07-17 00:39:35 - [MESSAGE][WARNING] - Timeout '0' is invalid. Using default page load timeout: '30'

2022-07-17 00:39:40 - [MESSAGE][PASSED] - Tapped on element 'Object Repository/03_Mobile/04_My Class/SC016_View Detail Content Material/menu_desc'

2022-07-17 00:39:40 - [TEST_STEP][PASSED] - verifyElementExist(findTestObject("Object Repository/03_Mobile/04_My Class/SC016_View Detail Content Material/desc_materi1"), 0, CONTINUE_ON_FAILURE): Element 'Object Repository/03_Mobile/04_My Class/SC016_View Detail Content Material/desc_materi1' is exist

2022-07-17 00:39:40 - [MESSAGE][WARNING] - Timeout '0' is invalid. Using default page load timeout: '30'

2022-07-17 00:39:40 - [MESSAGE][PASSED] - Element 'Object Repository/03_Mobile/04_My Class/SC016_View Detail Content Material/desc_materi1' is exist

2022-07-17 00:39:40 - [TEST_STEP][PASSED] - driver = getDriver(): null

2022-07-17 00:39:40 - [TEST_STEP][PASSED] - driver.terminateApp("com.example.capstone_project_lms"): null]]></system-out>
         <system-err><![CDATA[]]></system-err>
      </testcase>
      <testcase name="Test Cases/03_Mobile/04_My Class/SC017_View Feedback/TC001_View Feedbacks" time="25.925" classname="Test Cases/03_Mobile/04_My Class/SC017_View Feedback/TC001_View Feedbacks" status="PASSED">
         <system-out><![CDATA[2022-07-17 00:39:41 - [TEST_CASE][PASSED] - Test Cases/03_Mobile/04_My Class/SC017_View Feedback/TC001_View Feedbacks: Test Cases/03_Mobile/04_My Class/SC017_View Feedback/TC001_View Feedbacks

2022-07-17 00:39:41 - [TEST_STEP][PASSED] - startExistingApplication("com.example.capstone_project_lms", CONTINUE_ON_FAILURE): Starting app with application ID: 'com.example.capstone_project_lms'

2022-07-17 00:39:50 - [MESSAGE][PASSED] - Starting app with application ID: 'com.example.capstone_project_lms'

2022-07-17 00:39:50 - [TEST_STEP][PASSED] - tapAndHold(findTestObject("Object Repository/03_Mobile/04_My Class/SC017_View Feedback/class_object"), 0, 0, CONTINUE_ON_FAILURE): Tapped and held on element 'Object Repository/03_Mobile/04_My Class/SC017_View Feedback/class_object' with duration (default)

2022-07-17 00:39:50 - [MESSAGE][WARNING] - Duration '0' is invalid. Using default duration.

2022-07-17 00:39:50 - [MESSAGE][WARNING] - Timeout '0' is invalid. Using default page load timeout: '30'

2022-07-17 00:39:58 - [MESSAGE][PASSED] - Tapped and held on element 'Object Repository/03_Mobile/04_My Class/SC017_View Feedback/class_object' with duration (default)

2022-07-17 00:39:58 - [TEST_STEP][PASSED] - tap(findTestObject("Object Repository/03_Mobile/04_My Class/SC017_View Feedback/menu_feedback"), 0, CONTINUE_ON_FAILURE): Tapped on element 'Object Repository/03_Mobile/04_My Class/SC017_View Feedback/menu_feedback'

2022-07-17 00:39:58 - [MESSAGE][WARNING] - Timeout '0' is invalid. Using default page load timeout: '30'

2022-07-17 00:40:05 - [MESSAGE][PASSED] - Tapped on element 'Object Repository/03_Mobile/04_My Class/SC017_View Feedback/menu_feedback'

2022-07-17 00:40:05 - [TEST_STEP][PASSED] - verifyElementExist(findTestObject("03_Mobile/04_My Class/SC017_View Feedback/feedback_list"), 0, CONTINUE_ON_FAILURE): Element 'Object Repository/03_Mobile/04_My Class/SC017_View Feedback/feedback_list' is exist

2022-07-17 00:40:05 - [MESSAGE][WARNING] - Timeout '0' is invalid. Using default page load timeout: '30'

2022-07-17 00:40:06 - [MESSAGE][PASSED] - Element 'Object Repository/03_Mobile/04_My Class/SC017_View Feedback/feedback_list' is exist

2022-07-17 00:40:06 - [TEST_STEP][PASSED] - driver = getDriver(): null

2022-07-17 00:40:06 - [TEST_STEP][PASSED] - driver.terminateApp("com.example.capstone_project_lms"): null]]></system-out>
         <system-err><![CDATA[]]></system-err>
      </testcase>
      <testcase name="Test Cases/03_Mobile/05_History/SC023_View History/TC001_View List of History" time="16.164" classname="Test Cases/03_Mobile/05_History/SC023_View History/TC001_View List of History" status="PASSED">
         <system-out><![CDATA[2022-07-17 00:40:07 - [TEST_CASE][PASSED] - Test Cases/03_Mobile/05_History/SC023_View History/TC001_View List of History: Test Cases/03_Mobile/05_History/SC023_View History/TC001_View List of History

2022-07-17 00:40:07 - [TEST_STEP][PASSED] - startExistingApplication("com.example.capstone_project_lms", CONTINUE_ON_FAILURE): Starting app with application ID: 'com.example.capstone_project_lms'

2022-07-17 00:40:17 - [MESSAGE][PASSED] - Starting app with application ID: 'com.example.capstone_project_lms'

2022-07-17 00:40:17 - [TEST_STEP][PASSED] - tap(findTestObject("03_Mobile/05_History/SC023_View History/menu_history"), 0, CONTINUE_ON_FAILURE): Tapped on element 'Object Repository/03_Mobile/05_History/SC023_View History/menu_history'

2022-07-17 00:40:17 - [MESSAGE][WARNING] - Timeout '0' is invalid. Using default page load timeout: '30'

2022-07-17 00:40:22 - [MESSAGE][PASSED] - Tapped on element 'Object Repository/03_Mobile/05_History/SC023_View History/menu_history'

2022-07-17 00:40:22 - [TEST_STEP][PASSED] - verifyElementExist(findTestObject("03_Mobile/05_History/SC023_View History/history"), 0, CONTINUE_ON_FAILURE): Element 'Object Repository/03_Mobile/05_History/SC023_View History/history' is exist

2022-07-17 00:40:22 - [MESSAGE][WARNING] - Timeout '0' is invalid. Using default page load timeout: '30'

2022-07-17 00:40:22 - [MESSAGE][PASSED] - Element 'Object Repository/03_Mobile/05_History/SC023_View History/history' is exist

2022-07-17 00:40:22 - [TEST_STEP][PASSED] - driver = getDriver(): null

2022-07-17 00:40:22 - [TEST_STEP][PASSED] - driver.terminateApp("com.example.capstone_project_lms"): null]]></system-out>
         <system-err><![CDATA[]]></system-err>
      </testcase>
      <testcase name="Test Cases/03_Mobile/06_Settings/SC024_Edit Profile/Edit Profile" time="62.258" classname="Test Cases/03_Mobile/06_Settings/SC024_Edit Profile/Edit Profile" status="PASSED">
         <system-out><![CDATA[2022-07-17 00:40:23 - [TEST_CASE][PASSED] - Test Cases/03_Mobile/06_Settings/SC024_Edit Profile/Edit Profile: Test Cases/03_Mobile/06_Settings/SC024_Edit Profile/Edit Profile

2022-07-17 00:40:23 - [TEST_STEP][PASSED] - startExistingApplication("com.example.capstone_project_lms", CONTINUE_ON_FAILURE): Starting app with application ID: 'com.example.capstone_project_lms'

2022-07-17 00:40:32 - [MESSAGE][PASSED] - Starting app with application ID: 'com.example.capstone_project_lms'

2022-07-17 00:40:32 - [TEST_STEP][PASSED] - tap(findTestObject("03_Mobile/06_Settings/menu_settings"), 0, CONTINUE_ON_FAILURE): Tapped on element 'Object Repository/03_Mobile/06_Settings/menu_settings'

2022-07-17 00:40:33 - [MESSAGE][WARNING] - Timeout '0' is invalid. Using default page load timeout: '30'

2022-07-17 00:40:38 - [MESSAGE][PASSED] - Tapped on element 'Object Repository/03_Mobile/06_Settings/menu_settings'

2022-07-17 00:40:38 - [TEST_STEP][PASSED] - tapAndHold(findTestObject("03_Mobile/06_Settings/menu_editprofile"), 0, 0, CONTINUE_ON_FAILURE): Tapped and held on element 'Object Repository/03_Mobile/06_Settings/menu_editprofile' with duration (default)

2022-07-17 00:40:38 - [MESSAGE][WARNING] - Duration '0' is invalid. Using default duration.

2022-07-17 00:40:38 - [MESSAGE][WARNING] - Timeout '0' is invalid. Using default page load timeout: '30'

2022-07-17 00:40:41 - [MESSAGE][PASSED] - Tapped and held on element 'Object Repository/03_Mobile/06_Settings/menu_editprofile' with duration (default)

2022-07-17 00:40:41 - [TEST_STEP][PASSED] - for ([i = 1, i <= 4, (i++)]): Element 'Object Repository/03_Mobile/06_Settings/success (2)' is exist

2022-07-17 00:40:41 - [TEST_STEP][PASSED] - tap(findTestObject("03_Mobile/06_Settings/txt_fullname"), 0, STOP_ON_FAILURE): Tapped on element 'Object Repository/03_Mobile/06_Settings/txt_fullname'

2022-07-17 00:40:41 - [MESSAGE][WARNING] - Timeout '0' is invalid. Using default page load timeout: '30'

2022-07-17 00:40:43 - [MESSAGE][PASSED] - Tapped on element 'Object Repository/03_Mobile/06_Settings/txt_fullname'

2022-07-17 00:40:43 - [TEST_STEP][PASSED] - setText(findTestObject("03_Mobile/06_Settings/txt_fullname"), findTestData("edit_profile").getValue(3, i), 0): Text 'Joong' has been set to element 'Object Repository/03_Mobile/06_Settings/txt_fullname'

2022-07-17 00:40:43 - [MESSAGE][WARNING] - Timeout '0' is invalid. Using default page load timeout: '30'

2022-07-17 00:40:43 - [MESSAGE][PASSED] - Text 'Joong' has been set to element 'Object Repository/03_Mobile/06_Settings/txt_fullname'

2022-07-17 00:40:43 - [TEST_STEP][PASSED] - tap(findTestObject("03_Mobile/06_Settings/txt_email"), 0, STOP_ON_FAILURE): Tapped on element 'Object Repository/03_Mobile/06_Settings/txt_email'

2022-07-17 00:40:43 - [MESSAGE][WARNING] - Timeout '0' is invalid. Using default page load timeout: '30'

2022-07-17 00:40:44 - [MESSAGE][PASSED] - Tapped on element 'Object Repository/03_Mobile/06_Settings/txt_email'

2022-07-17 00:40:44 - [TEST_STEP][PASSED] - setText(findTestObject("03_Mobile/06_Settings/txt_email"), findTestData("edit_profile").getValue(4, i), 0): Text 'archen@gmail.com' has been set to element 'Object Repository/03_Mobile/06_Settings/txt_email'

2022-07-17 00:40:44 - [MESSAGE][WARNING] - Timeout '0' is invalid. Using default page load timeout: '30'

2022-07-17 00:40:45 - [MESSAGE][PASSED] - Text 'archen@gmail.com' has been set to element 'Object Repository/03_Mobile/06_Settings/txt_email'

2022-07-17 00:40:45 - [TEST_STEP][PASSED] - tap(findTestObject("03_Mobile/06_Settings/txt_telp"), 0, STOP_ON_FAILURE): Tapped on element 'Object Repository/03_Mobile/06_Settings/txt_telp'

2022-07-17 00:40:45 - [MESSAGE][WARNING] - Timeout '0' is invalid. Using default page load timeout: '30'

2022-07-17 00:40:47 - [MESSAGE][PASSED] - Tapped on element 'Object Repository/03_Mobile/06_Settings/txt_telp'

2022-07-17 00:40:47 - [TEST_STEP][PASSED] - setText(findTestObject("03_Mobile/06_Settings/txt_telp"), findTestData("edit_profile").getValue(5, i), 0): Text '081234562377' has been set to element 'Object Repository/03_Mobile/06_Settings/txt_telp'

2022-07-17 00:40:47 - [MESSAGE][WARNING] - Timeout '0' is invalid. Using default page load timeout: '30'

2022-07-17 00:40:47 - [MESSAGE][PASSED] - Text '081234562377' has been set to element 'Object Repository/03_Mobile/06_Settings/txt_telp'

2022-07-17 00:40:47 - [TEST_STEP][PASSED] - tap(findTestObject("03_Mobile/06_Settings/btn_save"), 0): Tapped on element 'Object Repository/03_Mobile/06_Settings/btn_save'

2022-07-17 00:40:47 - [MESSAGE][WARNING] - Timeout '0' is invalid. Using default page load timeout: '30'

2022-07-17 00:40:48 - [MESSAGE][PASSED] - Tapped on element 'Object Repository/03_Mobile/06_Settings/btn_save'

2022-07-17 00:40:48 - [TEST_STEP][PASSED] - pressBack(): Press back button successfully

2022-07-17 00:40:48 - [MESSAGE][PASSED] - Press back button successfully

2022-07-17 00:40:48 - [TEST_STEP][PASSED] - if (findTestData("edit_profile").getValue(2, i) == "negative"): Element 'Object Repository/03_Mobile/06_Settings/success (2)' not found

2022-07-17 00:40:48 - [TEST_STEP][PASSED] - verifyElementNotExist(findTestObject("03_Mobile/06_Settings/success (2)"), 3, CONTINUE_ON_FAILURE): Element 'Object Repository/03_Mobile/06_Settings/success (2)' not found

2022-07-17 00:40:52 - [MESSAGE][PASSED] - Element 'Object Repository/03_Mobile/06_Settings/success (2)' not found

2022-07-17 00:40:52 - [TEST_STEP][PASSED] - tap(findTestObject("03_Mobile/06_Settings/txt_fullname"), 0, STOP_ON_FAILURE): Tapped on element 'Object Repository/03_Mobile/06_Settings/txt_fullname'

2022-07-17 00:40:52 - [MESSAGE][WARNING] - Timeout '0' is invalid. Using default page load timeout: '30'

2022-07-17 00:40:52 - [MESSAGE][PASSED] - Tapped on element 'Object Repository/03_Mobile/06_Settings/txt_fullname'

2022-07-17 00:40:52 - [TEST_STEP][PASSED] - setText(findTestObject("03_Mobile/06_Settings/txt_fullname"), findTestData("edit_profile").getValue(3, i), 0): Text 'Joong' has been set to element 'Object Repository/03_Mobile/06_Settings/txt_fullname'

2022-07-17 00:40:52 - [MESSAGE][WARNING] - Timeout '0' is invalid. Using default page load timeout: '30'

2022-07-17 00:40:53 - [MESSAGE][PASSED] - Text 'Joong' has been set to element 'Object Repository/03_Mobile/06_Settings/txt_fullname'

2022-07-17 00:40:53 - [TEST_STEP][PASSED] - tap(findTestObject("03_Mobile/06_Settings/txt_email"), 0, STOP_ON_FAILURE): Tapped on element 'Object Repository/03_Mobile/06_Settings/txt_email'

2022-07-17 00:40:53 - [MESSAGE][WARNING] - Timeout '0' is invalid. Using default page load timeout: '30'

2022-07-17 00:40:54 - [MESSAGE][PASSED] - Tapped on element 'Object Repository/03_Mobile/06_Settings/txt_email'

2022-07-17 00:40:54 - [TEST_STEP][PASSED] - setText(findTestObject("03_Mobile/06_Settings/txt_email"), findTestData("edit_profile").getValue(4, i), 0): Text 'arch-gmail' has been set to element 'Object Repository/03_Mobile/06_Settings/txt_email'

2022-07-17 00:40:54 - [MESSAGE][WARNING] - Timeout '0' is invalid. Using default page load timeout: '30'

2022-07-17 00:40:55 - [MESSAGE][PASSED] - Text 'arch-gmail' has been set to element 'Object Repository/03_Mobile/06_Settings/txt_email'

2022-07-17 00:40:55 - [TEST_STEP][PASSED] - tap(findTestObject("03_Mobile/06_Settings/txt_telp"), 0, STOP_ON_FAILURE): Tapped on element 'Object Repository/03_Mobile/06_Settings/txt_telp'

2022-07-17 00:40:55 - [MESSAGE][WARNING] - Timeout '0' is invalid. Using default page load timeout: '30'

2022-07-17 00:40:56 - [MESSAGE][PASSED] - Tapped on element 'Object Repository/03_Mobile/06_Settings/txt_telp'

2022-07-17 00:40:56 - [TEST_STEP][PASSED] - setText(findTestObject("03_Mobile/06_Settings/txt_telp"), findTestData("edit_profile").getValue(5, i), 0): Text '081234562377' has been set to element 'Object Repository/03_Mobile/06_Settings/txt_telp'

2022-07-17 00:40:56 - [MESSAGE][WARNING] - Timeout '0' is invalid. Using default page load timeout: '30'

2022-07-17 00:40:57 - [MESSAGE][PASSED] - Text '081234562377' has been set to element 'Object Repository/03_Mobile/06_Settings/txt_telp'

2022-07-17 00:40:57 - [TEST_STEP][PASSED] - tap(findTestObject("03_Mobile/06_Settings/btn_save"), 0): Tapped on element 'Object Repository/03_Mobile/06_Settings/btn_save'

2022-07-17 00:40:57 - [MESSAGE][WARNING] - Timeout '0' is invalid. Using default page load timeout: '30'

2022-07-17 00:40:58 - [MESSAGE][PASSED] - Tapped on element 'Object Repository/03_Mobile/06_Settings/btn_save'

2022-07-17 00:40:58 - [TEST_STEP][PASSED] - pressBack(): Press back button successfully

2022-07-17 00:40:59 - [MESSAGE][PASSED] - Press back button successfully

2022-07-17 00:40:59 - [TEST_STEP][PASSED] - if (findTestData("edit_profile").getValue(2, i) == "negative"): Element 'Object Repository/03_Mobile/06_Settings/success (2)' not found

2022-07-17 00:40:59 - [TEST_STEP][PASSED] - verifyElementNotExist(findTestObject("03_Mobile/06_Settings/success (2)"), 3, CONTINUE_ON_FAILURE): Element 'Object Repository/03_Mobile/06_Settings/success (2)' not found

2022-07-17 00:41:02 - [MESSAGE][PASSED] - Element 'Object Repository/03_Mobile/06_Settings/success (2)' not found

2022-07-17 00:41:02 - [TEST_STEP][PASSED] - tap(findTestObject("03_Mobile/06_Settings/txt_fullname"), 0, STOP_ON_FAILURE): Tapped on element 'Object Repository/03_Mobile/06_Settings/txt_fullname'

2022-07-17 00:41:02 - [MESSAGE][WARNING] - Timeout '0' is invalid. Using default page load timeout: '30'

2022-07-17 00:41:03 - [MESSAGE][PASSED] - Tapped on element 'Object Repository/03_Mobile/06_Settings/txt_fullname'

2022-07-17 00:41:03 - [TEST_STEP][PASSED] - setText(findTestObject("03_Mobile/06_Settings/txt_fullname"), findTestData("edit_profile").getValue(3, i), 0): Text 'Joong' has been set to element 'Object Repository/03_Mobile/06_Settings/txt_fullname'

2022-07-17 00:41:03 - [MESSAGE][WARNING] - Timeout '0' is invalid. Using default page load timeout: '30'

2022-07-17 00:41:04 - [MESSAGE][PASSED] - Text 'Joong' has been set to element 'Object Repository/03_Mobile/06_Settings/txt_fullname'

2022-07-17 00:41:04 - [TEST_STEP][PASSED] - tap(findTestObject("03_Mobile/06_Settings/txt_email"), 0, STOP_ON_FAILURE): Tapped on element 'Object Repository/03_Mobile/06_Settings/txt_email'

2022-07-17 00:41:04 - [MESSAGE][WARNING] - Timeout '0' is invalid. Using default page load timeout: '30'

2022-07-17 00:41:05 - [MESSAGE][PASSED] - Tapped on element 'Object Repository/03_Mobile/06_Settings/txt_email'

2022-07-17 00:41:05 - [TEST_STEP][PASSED] - setText(findTestObject("03_Mobile/06_Settings/txt_email"), findTestData("edit_profile").getValue(4, i), 0): Text 'archen1@gmail.com' has been set to element 'Object Repository/03_Mobile/06_Settings/txt_email'

2022-07-17 00:41:06 - [MESSAGE][WARNING] - Timeout '0' is invalid. Using default page load timeout: '30'

2022-07-17 00:41:07 - [MESSAGE][PASSED] - Text 'archen1@gmail.com' has been set to element 'Object Repository/03_Mobile/06_Settings/txt_email'

2022-07-17 00:41:07 - [TEST_STEP][PASSED] - tap(findTestObject("03_Mobile/06_Settings/txt_telp"), 0, STOP_ON_FAILURE): Tapped on element 'Object Repository/03_Mobile/06_Settings/txt_telp'

2022-07-17 00:41:07 - [MESSAGE][WARNING] - Timeout '0' is invalid. Using default page load timeout: '30'

2022-07-17 00:41:08 - [MESSAGE][PASSED] - Tapped on element 'Object Repository/03_Mobile/06_Settings/txt_telp'

2022-07-17 00:41:08 - [TEST_STEP][PASSED] - setText(findTestObject("03_Mobile/06_Settings/txt_telp"), findTestData("edit_profile").getValue(5, i), 0): Text '0812345' has been set to element 'Object Repository/03_Mobile/06_Settings/txt_telp'

2022-07-17 00:41:08 - [MESSAGE][WARNING] - Timeout '0' is invalid. Using default page load timeout: '30'

2022-07-17 00:41:09 - [MESSAGE][PASSED] - Text '0812345' has been set to element 'Object Repository/03_Mobile/06_Settings/txt_telp'

2022-07-17 00:41:09 - [TEST_STEP][PASSED] - tap(findTestObject("03_Mobile/06_Settings/btn_save"), 0): Tapped on element 'Object Repository/03_Mobile/06_Settings/btn_save'

2022-07-17 00:41:09 - [MESSAGE][WARNING] - Timeout '0' is invalid. Using default page load timeout: '30'

2022-07-17 00:41:10 - [MESSAGE][PASSED] - Tapped on element 'Object Repository/03_Mobile/06_Settings/btn_save'

2022-07-17 00:41:10 - [TEST_STEP][PASSED] - pressBack(): Press back button successfully

2022-07-17 00:41:11 - [MESSAGE][PASSED] - Press back button successfully

2022-07-17 00:41:11 - [TEST_STEP][PASSED] - if (findTestData("edit_profile").getValue(2, i) == "negative"): Element 'Object Repository/03_Mobile/06_Settings/success (2)' not found

2022-07-17 00:41:11 - [TEST_STEP][PASSED] - verifyElementNotExist(findTestObject("03_Mobile/06_Settings/success (2)"), 3, CONTINUE_ON_FAILURE): Element 'Object Repository/03_Mobile/06_Settings/success (2)' not found

2022-07-17 00:41:14 - [MESSAGE][PASSED] - Element 'Object Repository/03_Mobile/06_Settings/success (2)' not found

2022-07-17 00:41:14 - [TEST_STEP][PASSED] - tap(findTestObject("03_Mobile/06_Settings/txt_fullname"), 0, STOP_ON_FAILURE): Tapped on element 'Object Repository/03_Mobile/06_Settings/txt_fullname'

2022-07-17 00:41:14 - [MESSAGE][WARNING] - Timeout '0' is invalid. Using default page load timeout: '30'

2022-07-17 00:41:15 - [MESSAGE][PASSED] - Tapped on element 'Object Repository/03_Mobile/06_Settings/txt_fullname'

2022-07-17 00:41:15 - [TEST_STEP][PASSED] - setText(findTestObject("03_Mobile/06_Settings/txt_fullname"), findTestData("edit_profile").getValue(3, i), 0): Text 'Joong' has been set to element 'Object Repository/03_Mobile/06_Settings/txt_fullname'

2022-07-17 00:41:15 - [MESSAGE][WARNING] - Timeout '0' is invalid. Using default page load timeout: '30'

2022-07-17 00:41:16 - [MESSAGE][PASSED] - Text 'Joong' has been set to element 'Object Repository/03_Mobile/06_Settings/txt_fullname'

2022-07-17 00:41:16 - [TEST_STEP][PASSED] - tap(findTestObject("03_Mobile/06_Settings/txt_email"), 0, STOP_ON_FAILURE): Tapped on element 'Object Repository/03_Mobile/06_Settings/txt_email'

2022-07-17 00:41:16 - [MESSAGE][WARNING] - Timeout '0' is invalid. Using default page load timeout: '30'

2022-07-17 00:41:17 - [MESSAGE][PASSED] - Tapped on element 'Object Repository/03_Mobile/06_Settings/txt_email'

2022-07-17 00:41:17 - [TEST_STEP][PASSED] - setText(findTestObject("03_Mobile/06_Settings/txt_email"), findTestData("edit_profile").getValue(4, i), 0): Text 'joongs@gmail.com' has been set to element 'Object Repository/03_Mobile/06_Settings/txt_email'

2022-07-17 00:41:17 - [MESSAGE][WARNING] - Timeout '0' is invalid. Using default page load timeout: '30'

2022-07-17 00:41:19 - [MESSAGE][PASSED] - Text 'joongs@gmail.com' has been set to element 'Object Repository/03_Mobile/06_Settings/txt_email'

2022-07-17 00:41:19 - [TEST_STEP][PASSED] - tap(findTestObject("03_Mobile/06_Settings/txt_telp"), 0, STOP_ON_FAILURE): Tapped on element 'Object Repository/03_Mobile/06_Settings/txt_telp'

2022-07-17 00:41:19 - [MESSAGE][WARNING] - Timeout '0' is invalid. Using default page load timeout: '30'

2022-07-17 00:41:20 - [MESSAGE][PASSED] - Tapped on element 'Object Repository/03_Mobile/06_Settings/txt_telp'

2022-07-17 00:41:20 - [TEST_STEP][PASSED] - setText(findTestObject("03_Mobile/06_Settings/txt_telp"), findTestData("edit_profile").getValue(5, i), 0): Text '081234562377' has been set to element 'Object Repository/03_Mobile/06_Settings/txt_telp'

2022-07-17 00:41:20 - [MESSAGE][WARNING] - Timeout '0' is invalid. Using default page load timeout: '30'

2022-07-17 00:41:21 - [MESSAGE][PASSED] - Text '081234562377' has been set to element 'Object Repository/03_Mobile/06_Settings/txt_telp'

2022-07-17 00:41:21 - [TEST_STEP][PASSED] - tap(findTestObject("03_Mobile/06_Settings/btn_save"), 0): Tapped on element 'Object Repository/03_Mobile/06_Settings/btn_save'

2022-07-17 00:41:21 - [MESSAGE][WARNING] - Timeout '0' is invalid. Using default page load timeout: '30'

2022-07-17 00:41:22 - [MESSAGE][PASSED] - Tapped on element 'Object Repository/03_Mobile/06_Settings/btn_save'

2022-07-17 00:41:22 - [TEST_STEP][PASSED] - pressBack(): Press back button successfully

2022-07-17 00:41:23 - [MESSAGE][PASSED] - Press back button successfully

2022-07-17 00:41:23 - [TEST_STEP][PASSED] - if (findTestData("edit_profile").getValue(2, i) == "negative"): null

2022-07-17 00:41:23 - [TEST_STEP][PASSED] - else: Element 'Object Repository/03_Mobile/06_Settings/success (2)' is exist

2022-07-17 00:41:23 - [TEST_STEP][PASSED] - verifyElementExist(findTestObject("03_Mobile/06_Settings/success (2)"), 3, CONTINUE_ON_FAILURE): Element 'Object Repository/03_Mobile/06_Settings/success (2)' is exist

2022-07-17 00:41:24 - [MESSAGE][PASSED] - Element 'Object Repository/03_Mobile/06_Settings/success (2)' is exist

2022-07-17 00:41:24 - [TEST_STEP][PASSED] - driver = getDriver(): null

2022-07-17 00:41:24 - [TEST_STEP][PASSED] - driver.terminateApp("com.example.capstone_project_lms"): null]]></system-out>
         <system-err><![CDATA[]]></system-err>
      </testcase>
      <testcase name="Test Cases/03_Mobile/02_Auth/SC004_Logout/TC001_Logout" time="19.93" classname="Test Cases/03_Mobile/02_Auth/SC004_Logout/TC001_Logout" status="PASSED">
         <system-out><![CDATA[2022-07-17 00:41:25 - [TEST_CASE][PASSED] - Test Cases/03_Mobile/02_Auth/SC004_Logout/TC001_Logout: Test Cases/03_Mobile/02_Auth/SC004_Logout/TC001_Logout

2022-07-17 00:41:25 - [TEST_STEP][PASSED] - startExistingApplication(id_mobile_apk, CONTINUE_ON_FAILURE): Starting app with application ID: 'com.example.capstone_project_lms'

2022-07-17 00:41:35 - [MESSAGE][PASSED] - Starting app with application ID: 'com.example.capstone_project_lms'

2022-07-17 00:41:35 - [TEST_STEP][PASSED] - tap(findTestObject("03_Mobile/06_Settings/menu_settings"), 0, CONTINUE_ON_FAILURE): Tapped on element 'Object Repository/03_Mobile/06_Settings/menu_settings'

2022-07-17 00:41:35 - [MESSAGE][WARNING] - Timeout '0' is invalid. Using default page load timeout: '30'

2022-07-17 00:41:40 - [MESSAGE][PASSED] - Tapped on element 'Object Repository/03_Mobile/06_Settings/menu_settings'

2022-07-17 00:41:40 - [TEST_STEP][PASSED] - tapAndHold(findTestObject("03_Mobile/02_Auth/SC004_Logout/signout"), 0, 0, CONTINUE_ON_FAILURE): Tapped and held on element 'Object Repository/03_Mobile/02_Auth/SC004_Logout/signout' with duration (default)

2022-07-17 00:41:40 - [MESSAGE][WARNING] - Duration '0' is invalid. Using default duration.

2022-07-17 00:41:40 - [MESSAGE][WARNING] - Timeout '0' is invalid. Using default page load timeout: '30'

2022-07-17 00:41:43 - [MESSAGE][PASSED] - Tapped and held on element 'Object Repository/03_Mobile/02_Auth/SC004_Logout/signout' with duration (default)

2022-07-17 00:41:43 - [TEST_STEP][PASSED] - tap(findTestObject("03_Mobile/02_Auth/SC004_Logout/signout_ok"), 0, CONTINUE_ON_FAILURE): Tapped on element 'Object Repository/03_Mobile/02_Auth/SC004_Logout/signout_ok'

2022-07-17 00:41:43 - [MESSAGE][WARNING] - Timeout '0' is invalid. Using default page load timeout: '30'

2022-07-17 00:41:44 - [MESSAGE][PASSED] - Tapped on element 'Object Repository/03_Mobile/02_Auth/SC004_Logout/signout_ok'

2022-07-17 00:41:44 - [TEST_STEP][PASSED] - verifyElementExist(findTestObject("03_Mobile/02_Auth/SC004_Logout/welcome_back"), 0, CONTINUE_ON_FAILURE): Element 'Object Repository/03_Mobile/02_Auth/SC004_Logout/welcome_back' is exist

2022-07-17 00:41:44 - [MESSAGE][WARNING] - Timeout '0' is invalid. Using default page load timeout: '30'

2022-07-17 00:41:44 - [MESSAGE][PASSED] - Element 'Object Repository/03_Mobile/02_Auth/SC004_Logout/welcome_back' is exist

2022-07-17 00:41:44 - [TEST_STEP][PASSED] - driver = getDriver(): null

2022-07-17 00:41:44 - [TEST_STEP][PASSED] - driver.terminateApp("com.example.capstone_project_lms"): null]]></system-out>
         <system-err><![CDATA[]]></system-err>
      </testcase>
      <system-out><![CDATA[2022-07-17 00:34:22 - [TEST_SUITE][PASSED] - Regression_Mobile: Test Cases/03_Mobile/02_Auth/SC004_Logout/TC001_Logout]]></system-out>
      <system-err><![CDATA[]]></system-err>
   </testsuite>
</testsuites>
