<?xml version="1.0" encoding="UTF-8"?>
<testsuites name="03_Class Material" time="657.755" tests="10" failures="8" errors="0">
   <testsuite name="03_Class Material" tests="10" failures="8" errors="0" time="657.755" skipped="0" timestamp="2022-06-28 11:44:44" hostname="salsa - SALSABILA" id="Test Suites/TS01_API/03_Class Material">
      <properties>
         <property name="deviceName" value=""/>
         <property name="devicePlatform" value=""/>
         <property name="logFolder" value="F:\\1. UNNES\\6. Semester 6\\2 - MSIB\\CAPSTONE PROJECT\\testing-lms\\Reports\\20220628_114431\\TS01_API\\03_Class Material\\20220628_114431"/>
         <property name="logFiles" value="F:\\1. UNNES\\6. Semester 6\\2 - MSIB\\CAPSTONE PROJECT\\testing-lms\\Reports\\20220628_114431\\TS01_API\\03_Class Material\\20220628_114431\\execution0.log"/>
         <property name="attachments" value=""/>
         <property name="hostName" value="salsa - SALSABILA"/>
         <property name="hostAddress" value="192.168.133.173"/>
         <property name="os" value="Windows 10 64bit"/>
         <property name="katalonVersion" value="8.2.5.208"/>
      </properties>
      <testcase name="Test Cases/01_API/03_Class Material/SC013_Create Class Material/TC004_Create Class Material (With invalid token)" time="259.275" classname="Test Cases/01_API/03_Class Material/SC013_Create Class Material/TC004_Create Class Material (With invalid token)" status="FAILED">
         <failure type="FAILED" message="Test Cases/01_API/03_Class Material/SC013_Create Class Material/TC004_Create Class Material (With invalid token) FAILED.
Reason:
com.kms.katalon.core.exception.StepFailedException: Expected status code is '403' but actual status code is '200'
	at com.kms.katalon.core.keyword.internal.KeywordMain.stepFailed(KeywordMain.groovy:39)
	at com.kms.katalon.core.webservice.keyword.builtin.VerifyResponseStatusCodeKeyword.verifyStatusCode(VerifyResponseStatusCodeKeyword.groovy:52)
	at com.kms.katalon.core.webservice.keyword.builtin.VerifyResponseStatusCodeKeyword.access$1(VerifyResponseStatusCodeKeyword.groovy)
	at com.kms.katalon.core.webservice.keyword.builtin.VerifyResponseStatusCodeKeyword$_verifyResponseStatusCode_closure1.doCall(VerifyResponseStatusCodeKeyword.groovy:42)
	at com.kms.katalon.core.webservice.keyword.builtin.VerifyResponseStatusCodeKeyword$_verifyResponseStatusCode_closure1.call(VerifyResponseStatusCodeKeyword.groovy)
	at com.kms.katalon.core.keyword.internal.KeywordMain.runKeyword(KeywordMain.groovy:74)
	at com.kms.katalon.core.webservice.keyword.builtin.VerifyResponseStatusCodeKeyword.verifyResponseStatusCode(VerifyResponseStatusCodeKeyword.groovy:37)
	at com.kms.katalon.core.webservice.keyword.builtin.VerifyResponseStatusCodeKeyword.execute(VerifyResponseStatusCodeKeyword.groovy:32)
	at com.kms.katalon.core.keyword.internal.KeywordExecutor.executeKeywordForPlatform(KeywordExecutor.groovy:74)
	at com.kms.katalon.core.webservice.keyword.WSBuiltInKeywords.verifyResponseStatusCode(WSBuiltInKeywords.groovy:330)
	at com.kms.katalon.core.webservice.keyword.WSBuiltInKeywords$verifyResponseStatusCode$0.call(Unknown Source)
	at TC004_Create Class Material (With invalid token).run(TC004_Create Class Material (With invalid token):22)
	at com.kms.katalon.core.main.ScriptEngine.run(ScriptEngine.java:194)
	at com.kms.katalon.core.main.ScriptEngine.runScriptAsRawText(ScriptEngine.java:119)
	at com.kms.katalon.core.main.TestCaseExecutor.runScript(TestCaseExecutor.java:442)
	at com.kms.katalon.core.main.TestCaseExecutor.doExecute(TestCaseExecutor.java:433)
	at com.kms.katalon.core.main.TestCaseExecutor.processExecutionPhase(TestCaseExecutor.java:412)
	at com.kms.katalon.core.main.TestCaseExecutor.accessMainPhase(TestCaseExecutor.java:404)
	at com.kms.katalon.core.main.TestCaseExecutor.execute(TestCaseExecutor.java:281)
	at com.kms.katalon.core.main.TestSuiteExecutor.accessTestCaseMainPhase(TestSuiteExecutor.java:202)
	at com.kms.katalon.core.main.TestSuiteExecutor.accessTestSuiteMainPhase(TestSuiteExecutor.java:164)
	at com.kms.katalon.core.main.TestSuiteExecutor.execute(TestSuiteExecutor.java:105)
	at com.kms.katalon.core.main.TestCaseMain.startTestSuite(TestCaseMain.java:185)
	at com.kms.katalon.core.main.TestCaseMain$startTestSuite$0.call(Unknown Source)
	at TempTestSuite1656391471368.run(TempTestSuite1656391471368.groovy:36)
"/>
         <system-out><![CDATA[2022-06-28 11:44:48 - [TEST_CASE][FAILED] - Test Cases/01_API/03_Class Material/SC013_Create Class Material/TC004_Create Class Material (With invalid token): Test Cases/01_API/03_Class Material/SC013_Create Class Material/TC004_Create Class Material (With invalid token) FAILED.
Reason:
com.kms.katalon.core.exception.StepFailedException: Expected status code is '403' but actual status code is '200'
	at com.kms.katalon.core.keyword.internal.KeywordMain.stepFailed(KeywordMain.groovy:39)
	at com.kms.katalon.core.webservice.keyword.builtin.VerifyResponseStatusCodeKeyword.verifyStatusCode(VerifyResponseStatusCodeKeyword.groovy:52)
	at com.kms.katalon.core.webservice.keyword.builtin.VerifyResponseStatusCodeKeyword.access$1(VerifyResponseStatusCodeKeyword.groovy)
	at com.kms.katalon.core.webservice.keyword.builtin.VerifyResponseStatusCodeKeyword$_verifyResponseStatusCode_closure1.doCall(VerifyResponseStatusCodeKeyword.groovy:42)
	at com.kms.katalon.core.webservice.keyword.builtin.VerifyResponseStatusCodeKeyword$_verifyResponseStatusCode_closure1.call(VerifyResponseStatusCodeKeyword.groovy)
	at com.kms.katalon.core.keyword.internal.KeywordMain.runKeyword(KeywordMain.groovy:74)
	at com.kms.katalon.core.webservice.keyword.builtin.VerifyResponseStatusCodeKeyword.verifyResponseStatusCode(VerifyResponseStatusCodeKeyword.groovy:37)
	at com.kms.katalon.core.webservice.keyword.builtin.VerifyResponseStatusCodeKeyword.execute(VerifyResponseStatusCodeKeyword.groovy:32)
	at com.kms.katalon.core.keyword.internal.KeywordExecutor.executeKeywordForPlatform(KeywordExecutor.groovy:74)
	at com.kms.katalon.core.webservice.keyword.WSBuiltInKeywords.verifyResponseStatusCode(WSBuiltInKeywords.groovy:330)
	at com.kms.katalon.core.webservice.keyword.WSBuiltInKeywords$verifyResponseStatusCode$0.call(Unknown Source)
	at TC004_Create Class Material (With invalid token).run(TC004_Create Class Material (With invalid token):22)
	at com.kms.katalon.core.main.ScriptEngine.run(ScriptEngine.java:194)
	at com.kms.katalon.core.main.ScriptEngine.runScriptAsRawText(ScriptEngine.java:119)
	at com.kms.katalon.core.main.TestCaseExecutor.runScript(TestCaseExecutor.java:442)
	at com.kms.katalon.core.main.TestCaseExecutor.doExecute(TestCaseExecutor.java:433)
	at com.kms.katalon.core.main.TestCaseExecutor.processExecutionPhase(TestCaseExecutor.java:412)
	at com.kms.katalon.core.main.TestCaseExecutor.accessMainPhase(TestCaseExecutor.java:404)
	at com.kms.katalon.core.main.TestCaseExecutor.execute(TestCaseExecutor.java:281)
	at com.kms.katalon.core.main.TestSuiteExecutor.accessTestCaseMainPhase(TestSuiteExecutor.java:202)
	at com.kms.katalon.core.main.TestSuiteExecutor.accessTestSuiteMainPhase(TestSuiteExecutor.java:164)
	at com.kms.katalon.core.main.TestSuiteExecutor.execute(TestSuiteExecutor.java:105)
	at com.kms.katalon.core.main.TestCaseMain.startTestSuite(TestCaseMain.java:185)
	at com.kms.katalon.core.main.TestCaseMain$startTestSuite$0.call(Unknown Source)
	at TempTestSuite1656391471368.run(TempTestSuite1656391471368.groovy:36)


2022-06-28 11:44:51 - [TEST_STEP][PASSED] - response = sendRequest(findTestObject("01_API/03_Material/SC013_Create Class Material/TC004_Create Class Material (With invalid token)")): Send request successfully

2022-06-28 11:49:06 - [MESSAGE][INFO] - HAR: F:\1. UNNES\6. Semester 6\2 - MSIB\CAPSTONE PROJECT\testing-lms\Reports\20220628_114431\TS01_API\03_Class Material\20220628_114431\requests\main\0.har

2022-06-28 11:49:06 - [MESSAGE][PASSED] - Send request successfully

2022-06-28 11:49:06 - [TEST_STEP][FAILED] - verifyResponseStatusCode(response, response_403, CONTINUE_ON_FAILURE): Expected status code is '403' but actual status code is '200'

2022-06-28 11:49:07 - [MESSAGE][FAILED] - Expected status code is '403' but actual status code is '200'

2022-06-28 11:49:07 - [TEST_STEP][FAILED] - verifyElementPropertyValue(response, "error", "Forbidden"): Unable to verify element property value (Root cause: com.kms.katalon.core.exception.StepFailedException: Expected element property value 'Forbidden' is not equal with actual property value 'null'
	at com.kms.katalon.core.keyword.internal.KeywordMain.stepFailed(KeywordMain.groovy:50)
	at com.kms.katalon.core.webservice.keyword.builtin.VerifyElementPropertyValueKeyword$_verifyElementPropertyValue_closure1.doCall(VerifyElementPropertyValueKeyword.groovy:56)
	at com.kms.katalon.core.webservice.keyword.builtin.VerifyElementPropertyValueKeyword$_verifyElementPropertyValue_closure1.call(VerifyElementPropertyValueKeyword.groovy)
	at com.kms.katalon.core.keyword.internal.KeywordMain.runKeyword(KeywordMain.groovy:74)
	at com.kms.katalon.core.webservice.keyword.builtin.VerifyElementPropertyValueKeyword.verifyElementPropertyValue(VerifyElementPropertyValueKeyword.groovy:48)
	at com.kms.katalon.core.webservice.keyword.builtin.VerifyElementPropertyValueKeyword.execute(VerifyElementPropertyValueKeyword.groovy:43)
	at com.kms.katalon.core.keyword.internal.KeywordExecutor.executeKeywordForPlatform(KeywordExecutor.groovy:74)
	at com.kms.katalon.core.webservice.keyword.WSBuiltInKeywords.verifyElementPropertyValue(WSBuiltInKeywords.groovy:189)
	at com.kms.katalon.core.webservice.keyword.WSBuiltInKeywords$verifyElementPropertyValue$1.call(Unknown Source)
	at TC004_Create Class Material (With invalid token).run(TC004_Create Class Material (With invalid token):24)
	at com.kms.katalon.core.main.ScriptEngine.run(ScriptEngine.java:194)
	at com.kms.katalon.core.main.ScriptEngine.runScriptAsRawText(ScriptEngine.java:119)
	at com.kms.katalon.core.main.TestCaseExecutor.runScript(TestCaseExecutor.java:442)
	at com.kms.katalon.core.main.TestCaseExecutor.doExecute(TestCaseExecutor.java:433)
	at com.kms.katalon.core.main.TestCaseExecutor.processExecutionPhase(TestCaseExecutor.java:412)
	at com.kms.katalon.core.main.TestCaseExecutor.accessMainPhase(TestCaseExecutor.java:404)
	at com.kms.katalon.core.main.TestCaseExecutor.execute(TestCaseExecutor.java:281)
	at com.kms.katalon.core.main.TestSuiteExecutor.accessTestCaseMainPhase(TestSuiteExecutor.java:202)
	at com.kms.katalon.core.main.TestSuiteExecutor.accessTestSuiteMainPhase(TestSuiteExecutor.java:164)
	at com.kms.katalon.core.main.TestSuiteExecutor.execute(TestSuiteExecutor.java:105)
	at com.kms.katalon.core.main.TestCaseMain.startTestSuite(TestCaseMain.java:185)
	at com.kms.katalon.core.main.TestCaseMain$startTestSuite$0.call(Unknown Source)
	at TempTestSuite1656391471368.run(TempTestSuite1656391471368.groovy:36)
)

2022-06-28 11:49:07 - [MESSAGE][FAILED] - Expected element property value 'Forbidden' is not equal with actual property value 'null'

2022-06-28 11:49:07 - [MESSAGE][FAILED] - Unable to verify element property value (Root cause: com.kms.katalon.core.exception.StepFailedException: Expected element property value 'Forbidden' is not equal with actual property value 'null'
	at com.kms.katalon.core.keyword.internal.KeywordMain.stepFailed(KeywordMain.groovy:50)
	at com.kms.katalon.core.webservice.keyword.builtin.VerifyElementPropertyValueKeyword$_verifyElementPropertyValue_closure1.doCall(VerifyElementPropertyValueKeyword.groovy:56)
	at com.kms.katalon.core.webservice.keyword.builtin.VerifyElementPropertyValueKeyword$_verifyElementPropertyValue_closure1.call(VerifyElementPropertyValueKeyword.groovy)
	at com.kms.katalon.core.keyword.internal.KeywordMain.runKeyword(KeywordMain.groovy:74)
	at com.kms.katalon.core.webservice.keyword.builtin.VerifyElementPropertyValueKeyword.verifyElementPropertyValue(VerifyElementPropertyValueKeyword.groovy:48)
	at com.kms.katalon.core.webservice.keyword.builtin.VerifyElementPropertyValueKeyword.execute(VerifyElementPropertyValueKeyword.groovy:43)
	at com.kms.katalon.core.keyword.internal.KeywordExecutor.executeKeywordForPlatform(KeywordExecutor.groovy:74)
	at com.kms.katalon.core.webservice.keyword.WSBuiltInKeywords.verifyElementPropertyValue(WSBuiltInKeywords.groovy:189)
	at com.kms.katalon.core.webservice.keyword.WSBuiltInKeywords$verifyElementPropertyValue$1.call(Unknown Source)
	at TC004_Create Class Material (With invalid token).run(TC004_Create Class Material (With invalid token):24)
	at com.kms.katalon.core.main.ScriptEngine.run(ScriptEngine.java:194)
	at com.kms.katalon.core.main.ScriptEngine.runScriptAsRawText(ScriptEngine.java:119)
	at com.kms.katalon.core.main.TestCaseExecutor.runScript(TestCaseExecutor.java:442)
	at com.kms.katalon.core.main.TestCaseExecutor.doExecute(TestCaseExecutor.java:433)
	at com.kms.katalon.core.main.TestCaseExecutor.processExecutionPhase(TestCaseExecutor.java:412)
	at com.kms.katalon.core.main.TestCaseExecutor.accessMainPhase(TestCaseExecutor.java:404)
	at com.kms.katalon.core.main.TestCaseExecutor.execute(TestCaseExecutor.java:281)
	at com.kms.katalon.core.main.TestSuiteExecutor.accessTestCaseMainPhase(TestSuiteExecutor.java:202)
	at com.kms.katalon.core.main.TestSuiteExecutor.accessTestSuiteMainPhase(TestSuiteExecutor.java:164)
	at com.kms.katalon.core.main.TestSuiteExecutor.execute(TestSuiteExecutor.java:105)
	at com.kms.katalon.core.main.TestCaseMain.startTestSuite(TestCaseMain.java:185)
	at com.kms.katalon.core.main.TestCaseMain$startTestSuite$0.call(Unknown Source)
	at TempTestSuite1656391471368.run(TempTestSuite1656391471368.groovy:36)
)]]></system-out>
         <system-err><![CDATA[2022-06-28 11:44:48 - [TEST_CASE][FAILED] - Test Cases/01_API/03_Class Material/SC013_Create Class Material/TC004_Create Class Material (With invalid token): Test Cases/01_API/03_Class Material/SC013_Create Class Material/TC004_Create Class Material (With invalid token) FAILED.
Reason:
com.kms.katalon.core.exception.StepFailedException: Expected status code is '403' but actual status code is '200'
	at com.kms.katalon.core.keyword.internal.KeywordMain.stepFailed(KeywordMain.groovy:39)
	at com.kms.katalon.core.webservice.keyword.builtin.VerifyResponseStatusCodeKeyword.verifyStatusCode(VerifyResponseStatusCodeKeyword.groovy:52)
	at com.kms.katalon.core.webservice.keyword.builtin.VerifyResponseStatusCodeKeyword.access$1(VerifyResponseStatusCodeKeyword.groovy)
	at com.kms.katalon.core.webservice.keyword.builtin.VerifyResponseStatusCodeKeyword$_verifyResponseStatusCode_closure1.doCall(VerifyResponseStatusCodeKeyword.groovy:42)
	at com.kms.katalon.core.webservice.keyword.builtin.VerifyResponseStatusCodeKeyword$_verifyResponseStatusCode_closure1.call(VerifyResponseStatusCodeKeyword.groovy)
	at com.kms.katalon.core.keyword.internal.KeywordMain.runKeyword(KeywordMain.groovy:74)
	at com.kms.katalon.core.webservice.keyword.builtin.VerifyResponseStatusCodeKeyword.verifyResponseStatusCode(VerifyResponseStatusCodeKeyword.groovy:37)
	at com.kms.katalon.core.webservice.keyword.builtin.VerifyResponseStatusCodeKeyword.execute(VerifyResponseStatusCodeKeyword.groovy:32)
	at com.kms.katalon.core.keyword.internal.KeywordExecutor.executeKeywordForPlatform(KeywordExecutor.groovy:74)
	at com.kms.katalon.core.webservice.keyword.WSBuiltInKeywords.verifyResponseStatusCode(WSBuiltInKeywords.groovy:330)
	at com.kms.katalon.core.webservice.keyword.WSBuiltInKeywords$verifyResponseStatusCode$0.call(Unknown Source)
	at TC004_Create Class Material (With invalid token).run(TC004_Create Class Material (With invalid token):22)
	at com.kms.katalon.core.main.ScriptEngine.run(ScriptEngine.java:194)
	at com.kms.katalon.core.main.ScriptEngine.runScriptAsRawText(ScriptEngine.java:119)
	at com.kms.katalon.core.main.TestCaseExecutor.runScript(TestCaseExecutor.java:442)
	at com.kms.katalon.core.main.TestCaseExecutor.doExecute(TestCaseExecutor.java:433)
	at com.kms.katalon.core.main.TestCaseExecutor.processExecutionPhase(TestCaseExecutor.java:412)
	at com.kms.katalon.core.main.TestCaseExecutor.accessMainPhase(TestCaseExecutor.java:404)
	at com.kms.katalon.core.main.TestCaseExecutor.execute(TestCaseExecutor.java:281)
	at com.kms.katalon.core.main.TestSuiteExecutor.accessTestCaseMainPhase(TestSuiteExecutor.java:202)
	at com.kms.katalon.core.main.TestSuiteExecutor.accessTestSuiteMainPhase(TestSuiteExecutor.java:164)
	at com.kms.katalon.core.main.TestSuiteExecutor.execute(TestSuiteExecutor.java:105)
	at com.kms.katalon.core.main.TestCaseMain.startTestSuite(TestCaseMain.java:185)
	at com.kms.katalon.core.main.TestCaseMain$startTestSuite$0.call(Unknown Source)
	at TempTestSuite1656391471368.run(TempTestSuite1656391471368.groovy:36)]]></system-err>
      </testcase>
      <testcase name="Test Cases/01_API/03_Class Material/SC013_Create Class Material/TC003_Create Class Material (With invalid class id)" time="10.849" classname="Test Cases/01_API/03_Class Material/SC013_Create Class Material/TC003_Create Class Material (With invalid class id)" status="PASSED">
         <system-out><![CDATA[2022-06-28 11:49:07 - [TEST_CASE][PASSED] - Test Cases/01_API/03_Class Material/SC013_Create Class Material/TC003_Create Class Material (With invalid class id): Test Cases/01_API/03_Class Material/SC013_Create Class Material/TC003_Create Class Material (With invalid class id)

2022-06-28 11:49:07 - [TEST_STEP][PASSED] - response = sendRequest(findTestObject("01_API/03_Material/SC013_Create Class Material/TC003_Create Class Material (With invalid class id)")): Send request successfully

2022-06-28 11:49:18 - [MESSAGE][INFO] - HAR: F:\1. UNNES\6. Semester 6\2 - MSIB\CAPSTONE PROJECT\testing-lms\Reports\20220628_114431\TS01_API\03_Class Material\20220628_114431\requests\main\1.har

2022-06-28 11:49:18 - [MESSAGE][PASSED] - Send request successfully

2022-06-28 11:49:18 - [TEST_STEP][PASSED] - verifyResponseStatusCode(response, response_400, CONTINUE_ON_FAILURE): Verify response status code successfully

2022-06-28 11:49:18 - [MESSAGE][PASSED] - Verify response status code successfully

2022-06-28 11:49:18 - [TEST_STEP][PASSED] - verifyElementPropertyValue(response, "status", "false"): Verify element property value successfully

2022-06-28 11:49:18 - [MESSAGE][PASSED] - Verify element property value successfully]]></system-out>
         <system-err><![CDATA[]]></system-err>
      </testcase>
      <testcase name="Test Cases/01_API/03_Class Material/SC013_Create Class Material/TC002_Create Class Material (With empty input)" time="181.996" classname="Test Cases/01_API/03_Class Material/SC013_Create Class Material/TC002_Create Class Material (With empty input)" status="PASSED">
         <system-out><![CDATA[2022-06-28 11:49:18 - [TEST_CASE][PASSED] - Test Cases/01_API/03_Class Material/SC013_Create Class Material/TC002_Create Class Material (With empty input): Test Cases/01_API/03_Class Material/SC013_Create Class Material/TC002_Create Class Material (With empty input)

2022-06-28 11:49:18 - [TEST_STEP][PASSED] - response = sendRequest(findTestObject("01_API/03_Material/SC013_Create Class Material/TC002_Create Class Material (With empty input)")): Send request successfully

2022-06-28 11:52:20 - [MESSAGE][INFO] - HAR: F:\1. UNNES\6. Semester 6\2 - MSIB\CAPSTONE PROJECT\testing-lms\Reports\20220628_114431\TS01_API\03_Class Material\20220628_114431\requests\main\2.har

2022-06-28 11:52:20 - [MESSAGE][PASSED] - Send request successfully

2022-06-28 11:52:20 - [TEST_STEP][PASSED] - verifyResponseStatusCode(response, response_400, CONTINUE_ON_FAILURE): Verify response status code successfully

2022-06-28 11:52:20 - [MESSAGE][PASSED] - Verify response status code successfully

2022-06-28 11:52:20 - [TEST_STEP][PASSED] - verifyElementPropertyValue(response, "status", "false"): Verify element property value successfully

2022-06-28 11:52:20 - [MESSAGE][PASSED] - Verify element property value successfully]]></system-out>
         <system-err><![CDATA[]]></system-err>
      </testcase>
      <testcase name="Test Cases/01_API/03_Class Material/SC013_Create Class Material/TC001_Create Class Material (With valid input)" time="197.286" classname="Test Cases/01_API/03_Class Material/SC013_Create Class Material/TC001_Create Class Material (With valid input)" status="FAILED">
         <failure type="FAILED" message="Test Cases/01_API/03_Class Material/SC013_Create Class Material/TC001_Create Class Material (With valid input) FAILED.
Reason:
com.kms.katalon.core.exception.StepFailedException: Expected status code is '200' but actual status code is '403'
	at com.kms.katalon.core.keyword.internal.KeywordMain.stepFailed(KeywordMain.groovy:39)
	at com.kms.katalon.core.webservice.keyword.builtin.VerifyResponseStatusCodeKeyword.verifyStatusCode(VerifyResponseStatusCodeKeyword.groovy:52)
	at com.kms.katalon.core.webservice.keyword.builtin.VerifyResponseStatusCodeKeyword.access$1(VerifyResponseStatusCodeKeyword.groovy)
	at com.kms.katalon.core.webservice.keyword.builtin.VerifyResponseStatusCodeKeyword$_verifyResponseStatusCode_closure1.doCall(VerifyResponseStatusCodeKeyword.groovy:42)
	at com.kms.katalon.core.webservice.keyword.builtin.VerifyResponseStatusCodeKeyword$_verifyResponseStatusCode_closure1.call(VerifyResponseStatusCodeKeyword.groovy)
	at com.kms.katalon.core.keyword.internal.KeywordMain.runKeyword(KeywordMain.groovy:74)
	at com.kms.katalon.core.webservice.keyword.builtin.VerifyResponseStatusCodeKeyword.verifyResponseStatusCode(VerifyResponseStatusCodeKeyword.groovy:37)
	at com.kms.katalon.core.webservice.keyword.builtin.VerifyResponseStatusCodeKeyword.execute(VerifyResponseStatusCodeKeyword.groovy:32)
	at com.kms.katalon.core.keyword.internal.KeywordExecutor.executeKeywordForPlatform(KeywordExecutor.groovy:74)
	at com.kms.katalon.core.webservice.keyword.WSBuiltInKeywords.verifyResponseStatusCode(WSBuiltInKeywords.groovy:330)
	at com.kms.katalon.core.webservice.keyword.WSBuiltInKeywords$verifyResponseStatusCode$0.call(Unknown Source)
	at TC001_Create Class Material (With valid input).run(TC001_Create Class Material (With valid input):22)
	at com.kms.katalon.core.main.ScriptEngine.run(ScriptEngine.java:194)
	at com.kms.katalon.core.main.ScriptEngine.runScriptAsRawText(ScriptEngine.java:119)
	at com.kms.katalon.core.main.TestCaseExecutor.runScript(TestCaseExecutor.java:442)
	at com.kms.katalon.core.main.TestCaseExecutor.doExecute(TestCaseExecutor.java:433)
	at com.kms.katalon.core.main.TestCaseExecutor.processExecutionPhase(TestCaseExecutor.java:412)
	at com.kms.katalon.core.main.TestCaseExecutor.accessMainPhase(TestCaseExecutor.java:404)
	at com.kms.katalon.core.main.TestCaseExecutor.execute(TestCaseExecutor.java:281)
	at com.kms.katalon.core.main.TestSuiteExecutor.accessTestCaseMainPhase(TestSuiteExecutor.java:202)
	at com.kms.katalon.core.main.TestSuiteExecutor.accessTestSuiteMainPhase(TestSuiteExecutor.java:164)
	at com.kms.katalon.core.main.TestSuiteExecutor.execute(TestSuiteExecutor.java:105)
	at com.kms.katalon.core.main.TestCaseMain.startTestSuite(TestCaseMain.java:185)
	at com.kms.katalon.core.main.TestCaseMain$startTestSuite$0.call(Unknown Source)
	at TempTestSuite1656391471368.run(TempTestSuite1656391471368.groovy:36)
"/>
         <system-out><![CDATA[2022-06-28 11:52:20 - [TEST_CASE][FAILED] - Test Cases/01_API/03_Class Material/SC013_Create Class Material/TC001_Create Class Material (With valid input): Test Cases/01_API/03_Class Material/SC013_Create Class Material/TC001_Create Class Material (With valid input) FAILED.
Reason:
com.kms.katalon.core.exception.StepFailedException: Expected status code is '200' but actual status code is '403'
	at com.kms.katalon.core.keyword.internal.KeywordMain.stepFailed(KeywordMain.groovy:39)
	at com.kms.katalon.core.webservice.keyword.builtin.VerifyResponseStatusCodeKeyword.verifyStatusCode(VerifyResponseStatusCodeKeyword.groovy:52)
	at com.kms.katalon.core.webservice.keyword.builtin.VerifyResponseStatusCodeKeyword.access$1(VerifyResponseStatusCodeKeyword.groovy)
	at com.kms.katalon.core.webservice.keyword.builtin.VerifyResponseStatusCodeKeyword$_verifyResponseStatusCode_closure1.doCall(VerifyResponseStatusCodeKeyword.groovy:42)
	at com.kms.katalon.core.webservice.keyword.builtin.VerifyResponseStatusCodeKeyword$_verifyResponseStatusCode_closure1.call(VerifyResponseStatusCodeKeyword.groovy)
	at com.kms.katalon.core.keyword.internal.KeywordMain.runKeyword(KeywordMain.groovy:74)
	at com.kms.katalon.core.webservice.keyword.builtin.VerifyResponseStatusCodeKeyword.verifyResponseStatusCode(VerifyResponseStatusCodeKeyword.groovy:37)
	at com.kms.katalon.core.webservice.keyword.builtin.VerifyResponseStatusCodeKeyword.execute(VerifyResponseStatusCodeKeyword.groovy:32)
	at com.kms.katalon.core.keyword.internal.KeywordExecutor.executeKeywordForPlatform(KeywordExecutor.groovy:74)
	at com.kms.katalon.core.webservice.keyword.WSBuiltInKeywords.verifyResponseStatusCode(WSBuiltInKeywords.groovy:330)
	at com.kms.katalon.core.webservice.keyword.WSBuiltInKeywords$verifyResponseStatusCode$0.call(Unknown Source)
	at TC001_Create Class Material (With valid input).run(TC001_Create Class Material (With valid input):22)
	at com.kms.katalon.core.main.ScriptEngine.run(ScriptEngine.java:194)
	at com.kms.katalon.core.main.ScriptEngine.runScriptAsRawText(ScriptEngine.java:119)
	at com.kms.katalon.core.main.TestCaseExecutor.runScript(TestCaseExecutor.java:442)
	at com.kms.katalon.core.main.TestCaseExecutor.doExecute(TestCaseExecutor.java:433)
	at com.kms.katalon.core.main.TestCaseExecutor.processExecutionPhase(TestCaseExecutor.java:412)
	at com.kms.katalon.core.main.TestCaseExecutor.accessMainPhase(TestCaseExecutor.java:404)
	at com.kms.katalon.core.main.TestCaseExecutor.execute(TestCaseExecutor.java:281)
	at com.kms.katalon.core.main.TestSuiteExecutor.accessTestCaseMainPhase(TestSuiteExecutor.java:202)
	at com.kms.katalon.core.main.TestSuiteExecutor.accessTestSuiteMainPhase(TestSuiteExecutor.java:164)
	at com.kms.katalon.core.main.TestSuiteExecutor.execute(TestSuiteExecutor.java:105)
	at com.kms.katalon.core.main.TestCaseMain.startTestSuite(TestCaseMain.java:185)
	at com.kms.katalon.core.main.TestCaseMain$startTestSuite$0.call(Unknown Source)
	at TempTestSuite1656391471368.run(TempTestSuite1656391471368.groovy:36)


2022-06-28 11:52:20 - [TEST_STEP][PASSED] - response = sendRequest(findTestObject("01_API/02_Class/SC012_Get All Class by Page and Size/TC001_Get All Class by Page and Size")): Send request successfully

2022-06-28 11:55:37 - [MESSAGE][INFO] - HAR: F:\1. UNNES\6. Semester 6\2 - MSIB\CAPSTONE PROJECT\testing-lms\Reports\20220628_114431\TS01_API\03_Class Material\20220628_114431\requests\main\3.har

2022-06-28 11:55:37 - [MESSAGE][PASSED] - Send request successfully

2022-06-28 11:55:37 - [TEST_STEP][FAILED] - verifyResponseStatusCode(response, response_200, CONTINUE_ON_FAILURE): Expected status code is '200' but actual status code is '403'

2022-06-28 11:55:37 - [MESSAGE][FAILED] - Expected status code is '200' but actual status code is '403'

2022-06-28 11:55:37 - [TEST_STEP][FAILED] - verifyElementPropertyValue(response, "status", "true"): Unable to verify element property value (Root cause: com.kms.katalon.core.exception.StepFailedException: Expected element property value 'true' is not equal with actual property value '403'
	at com.kms.katalon.core.keyword.internal.KeywordMain.stepFailed(KeywordMain.groovy:50)
	at com.kms.katalon.core.webservice.keyword.builtin.VerifyElementPropertyValueKeyword$_verifyElementPropertyValue_closure1.doCall(VerifyElementPropertyValueKeyword.groovy:56)
	at com.kms.katalon.core.webservice.keyword.builtin.VerifyElementPropertyValueKeyword$_verifyElementPropertyValue_closure1.call(VerifyElementPropertyValueKeyword.groovy)
	at com.kms.katalon.core.keyword.internal.KeywordMain.runKeyword(KeywordMain.groovy:74)
	at com.kms.katalon.core.webservice.keyword.builtin.VerifyElementPropertyValueKeyword.verifyElementPropertyValue(VerifyElementPropertyValueKeyword.groovy:48)
	at com.kms.katalon.core.webservice.keyword.builtin.VerifyElementPropertyValueKeyword.execute(VerifyElementPropertyValueKeyword.groovy:43)
	at com.kms.katalon.core.keyword.internal.KeywordExecutor.executeKeywordForPlatform(KeywordExecutor.groovy:74)
	at com.kms.katalon.core.webservice.keyword.WSBuiltInKeywords.verifyElementPropertyValue(WSBuiltInKeywords.groovy:189)
	at com.kms.katalon.core.webservice.keyword.WSBuiltInKeywords$verifyElementPropertyValue$1.call(Unknown Source)
	at TC001_Create Class Material (With valid input).run(TC001_Create Class Material (With valid input):24)
	at com.kms.katalon.core.main.ScriptEngine.run(ScriptEngine.java:194)
	at com.kms.katalon.core.main.ScriptEngine.runScriptAsRawText(ScriptEngine.java:119)
	at com.kms.katalon.core.main.TestCaseExecutor.runScript(TestCaseExecutor.java:442)
	at com.kms.katalon.core.main.TestCaseExecutor.doExecute(TestCaseExecutor.java:433)
	at com.kms.katalon.core.main.TestCaseExecutor.processExecutionPhase(TestCaseExecutor.java:412)
	at com.kms.katalon.core.main.TestCaseExecutor.accessMainPhase(TestCaseExecutor.java:404)
	at com.kms.katalon.core.main.TestCaseExecutor.execute(TestCaseExecutor.java:281)
	at com.kms.katalon.core.main.TestSuiteExecutor.accessTestCaseMainPhase(TestSuiteExecutor.java:202)
	at com.kms.katalon.core.main.TestSuiteExecutor.accessTestSuiteMainPhase(TestSuiteExecutor.java:164)
	at com.kms.katalon.core.main.TestSuiteExecutor.execute(TestSuiteExecutor.java:105)
	at com.kms.katalon.core.main.TestCaseMain.startTestSuite(TestCaseMain.java:185)
	at com.kms.katalon.core.main.TestCaseMain$startTestSuite$0.call(Unknown Source)
	at TempTestSuite1656391471368.run(TempTestSuite1656391471368.groovy:36)
)

2022-06-28 11:55:37 - [MESSAGE][FAILED] - Expected element property value 'true' is not equal with actual property value '403'

2022-06-28 11:55:37 - [MESSAGE][FAILED] - Unable to verify element property value (Root cause: com.kms.katalon.core.exception.StepFailedException: Expected element property value 'true' is not equal with actual property value '403'
	at com.kms.katalon.core.keyword.internal.KeywordMain.stepFailed(KeywordMain.groovy:50)
	at com.kms.katalon.core.webservice.keyword.builtin.VerifyElementPropertyValueKeyword$_verifyElementPropertyValue_closure1.doCall(VerifyElementPropertyValueKeyword.groovy:56)
	at com.kms.katalon.core.webservice.keyword.builtin.VerifyElementPropertyValueKeyword$_verifyElementPropertyValue_closure1.call(VerifyElementPropertyValueKeyword.groovy)
	at com.kms.katalon.core.keyword.internal.KeywordMain.runKeyword(KeywordMain.groovy:74)
	at com.kms.katalon.core.webservice.keyword.builtin.VerifyElementPropertyValueKeyword.verifyElementPropertyValue(VerifyElementPropertyValueKeyword.groovy:48)
	at com.kms.katalon.core.webservice.keyword.builtin.VerifyElementPropertyValueKeyword.execute(VerifyElementPropertyValueKeyword.groovy:43)
	at com.kms.katalon.core.keyword.internal.KeywordExecutor.executeKeywordForPlatform(KeywordExecutor.groovy:74)
	at com.kms.katalon.core.webservice.keyword.WSBuiltInKeywords.verifyElementPropertyValue(WSBuiltInKeywords.groovy:189)
	at com.kms.katalon.core.webservice.keyword.WSBuiltInKeywords$verifyElementPropertyValue$1.call(Unknown Source)
	at TC001_Create Class Material (With valid input).run(TC001_Create Class Material (With valid input):24)
	at com.kms.katalon.core.main.ScriptEngine.run(ScriptEngine.java:194)
	at com.kms.katalon.core.main.ScriptEngine.runScriptAsRawText(ScriptEngine.java:119)
	at com.kms.katalon.core.main.TestCaseExecutor.runScript(TestCaseExecutor.java:442)
	at com.kms.katalon.core.main.TestCaseExecutor.doExecute(TestCaseExecutor.java:433)
	at com.kms.katalon.core.main.TestCaseExecutor.processExecutionPhase(TestCaseExecutor.java:412)
	at com.kms.katalon.core.main.TestCaseExecutor.accessMainPhase(TestCaseExecutor.java:404)
	at com.kms.katalon.core.main.TestCaseExecutor.execute(TestCaseExecutor.java:281)
	at com.kms.katalon.core.main.TestSuiteExecutor.accessTestCaseMainPhase(TestSuiteExecutor.java:202)
	at com.kms.katalon.core.main.TestSuiteExecutor.accessTestSuiteMainPhase(TestSuiteExecutor.java:164)
	at com.kms.katalon.core.main.TestSuiteExecutor.execute(TestSuiteExecutor.java:105)
	at com.kms.katalon.core.main.TestCaseMain.startTestSuite(TestCaseMain.java:185)
	at com.kms.katalon.core.main.TestCaseMain$startTestSuite$0.call(Unknown Source)
	at TempTestSuite1656391471368.run(TempTestSuite1656391471368.groovy:36)
)]]></system-out>
         <system-err><![CDATA[2022-06-28 11:52:20 - [TEST_CASE][FAILED] - Test Cases/01_API/03_Class Material/SC013_Create Class Material/TC001_Create Class Material (With valid input): Test Cases/01_API/03_Class Material/SC013_Create Class Material/TC001_Create Class Material (With valid input) FAILED.
Reason:
com.kms.katalon.core.exception.StepFailedException: Expected status code is '200' but actual status code is '403'
	at com.kms.katalon.core.keyword.internal.KeywordMain.stepFailed(KeywordMain.groovy:39)
	at com.kms.katalon.core.webservice.keyword.builtin.VerifyResponseStatusCodeKeyword.verifyStatusCode(VerifyResponseStatusCodeKeyword.groovy:52)
	at com.kms.katalon.core.webservice.keyword.builtin.VerifyResponseStatusCodeKeyword.access$1(VerifyResponseStatusCodeKeyword.groovy)
	at com.kms.katalon.core.webservice.keyword.builtin.VerifyResponseStatusCodeKeyword$_verifyResponseStatusCode_closure1.doCall(VerifyResponseStatusCodeKeyword.groovy:42)
	at com.kms.katalon.core.webservice.keyword.builtin.VerifyResponseStatusCodeKeyword$_verifyResponseStatusCode_closure1.call(VerifyResponseStatusCodeKeyword.groovy)
	at com.kms.katalon.core.keyword.internal.KeywordMain.runKeyword(KeywordMain.groovy:74)
	at com.kms.katalon.core.webservice.keyword.builtin.VerifyResponseStatusCodeKeyword.verifyResponseStatusCode(VerifyResponseStatusCodeKeyword.groovy:37)
	at com.kms.katalon.core.webservice.keyword.builtin.VerifyResponseStatusCodeKeyword.execute(VerifyResponseStatusCodeKeyword.groovy:32)
	at com.kms.katalon.core.keyword.internal.KeywordExecutor.executeKeywordForPlatform(KeywordExecutor.groovy:74)
	at com.kms.katalon.core.webservice.keyword.WSBuiltInKeywords.verifyResponseStatusCode(WSBuiltInKeywords.groovy:330)
	at com.kms.katalon.core.webservice.keyword.WSBuiltInKeywords$verifyResponseStatusCode$0.call(Unknown Source)
	at TC001_Create Class Material (With valid input).run(TC001_Create Class Material (With valid input):22)
	at com.kms.katalon.core.main.ScriptEngine.run(ScriptEngine.java:194)
	at com.kms.katalon.core.main.ScriptEngine.runScriptAsRawText(ScriptEngine.java:119)
	at com.kms.katalon.core.main.TestCaseExecutor.runScript(TestCaseExecutor.java:442)
	at com.kms.katalon.core.main.TestCaseExecutor.doExecute(TestCaseExecutor.java:433)
	at com.kms.katalon.core.main.TestCaseExecutor.processExecutionPhase(TestCaseExecutor.java:412)
	at com.kms.katalon.core.main.TestCaseExecutor.accessMainPhase(TestCaseExecutor.java:404)
	at com.kms.katalon.core.main.TestCaseExecutor.execute(TestCaseExecutor.java:281)
	at com.kms.katalon.core.main.TestSuiteExecutor.accessTestCaseMainPhase(TestSuiteExecutor.java:202)
	at com.kms.katalon.core.main.TestSuiteExecutor.accessTestSuiteMainPhase(TestSuiteExecutor.java:164)
	at com.kms.katalon.core.main.TestSuiteExecutor.execute(TestSuiteExecutor.java:105)
	at com.kms.katalon.core.main.TestCaseMain.startTestSuite(TestCaseMain.java:185)
	at com.kms.katalon.core.main.TestCaseMain$startTestSuite$0.call(Unknown Source)
	at TempTestSuite1656391471368.run(TempTestSuite1656391471368.groovy:36)]]></system-err>
      </testcase>
      <testcase name="Test Cases/01_API/03_Class Material/SC014_Get All Material By Id/TC003_Get Material By Id (With invalid token)" time="0.844" classname="Test Cases/01_API/03_Class Material/SC014_Get All Material By Id/TC003_Get Material By Id (With invalid token)" status="FAILED">
         <failure type="FAILED" message="Test Cases/01_API/03_Class Material/SC014_Get All Material By Id/TC003_Get Material By Id (With invalid token) FAILED.
Reason:
com.kms.katalon.core.exception.StepFailedException: Unable to send request (Root cause: java.lang.IllegalArgumentException: Illegal character in scheme name at index 0: {http://ec2-35-89-26-59.us-west-2.compute.amazonaws.com/restapi/v1/material/1
	at com.kms.katalon.core.webservice.common.DefaultHttpEntityEnclosingRequest.&lt;init>(DefaultHttpEntityEnclosingRequest.java:20)
	at com.kms.katalon.core.webservice.common.RestfulClient.buildHttpRequestWithBody(RestfulClient.java:41)
	at com.kms.katalon.core.webservice.common.RestfulClient.buildHttpRequest(RestfulClient.java:27)
	at com.kms.katalon.core.webservice.common.RestfulClient.buildHttpRequest(RestfulClient.java:1)
	at com.kms.katalon.core.webservice.common.BasicRequestor.send(BasicRequestor.java:55)
	at com.kms.katalon.core.webservice.helper.WebServiceCommonHelper.sendRequest(WebServiceCommonHelper.java:28)
	at com.kms.katalon.core.webservice.keyword.builtin.SendRequestKeyword$_sendRequest_closure1.doCall(SendRequestKeyword.groovy:40)
	at com.kms.katalon.core.webservice.keyword.builtin.SendRequestKeyword$_sendRequest_closure1.call(SendRequestKeyword.groovy)
	at com.kms.katalon.core.keyword.internal.KeywordMain.runKeyword(KeywordMain.groovy:74)
	at com.kms.katalon.core.webservice.keyword.builtin.SendRequestKeyword.sendRequest(SendRequestKeyword.groovy:38)
	at com.kms.katalon.core.webservice.keyword.builtin.SendRequestKeyword.execute(SendRequestKeyword.groovy:33)
	at com.kms.katalon.core.keyword.internal.KeywordExecutor.executeKeywordForPlatform(KeywordExecutor.groovy:74)
	at com.kms.katalon.core.webservice.keyword.WSBuiltInKeywords.sendRequest(WSBuiltInKeywords.groovy:40)
	at com.kms.katalon.core.webservice.keyword.WSBuiltInKeywords$sendRequest.call(Unknown Source)
	at TC003_Get Material By Id (With invalid token).run(TC003_Get Material By Id (With invalid token):20)
	at com.kms.katalon.core.main.ScriptEngine.run(ScriptEngine.java:194)
	at com.kms.katalon.core.main.ScriptEngine.runScriptAsRawText(ScriptEngine.java:119)
	at com.kms.katalon.core.main.TestCaseExecutor.runScript(TestCaseExecutor.java:442)
	at com.kms.katalon.core.main.TestCaseExecutor.doExecute(TestCaseExecutor.java:433)
	at com.kms.katalon.core.main.TestCaseExecutor.processExecutionPhase(TestCaseExecutor.java:412)
	at com.kms.katalon.core.main.TestCaseExecutor.accessMainPhase(TestCaseExecutor.java:404)
	at com.kms.katalon.core.main.TestCaseExecutor.execute(TestCaseExecutor.java:281)
	at com.kms.katalon.core.main.TestSuiteExecutor.accessTestCaseMainPhase(TestSuiteExecutor.java:202)
	at com.kms.katalon.core.main.TestSuiteExecutor.accessTestSuiteMainPhase(TestSuiteExecutor.java:164)
	at com.kms.katalon.core.main.TestSuiteExecutor.execute(TestSuiteExecutor.java:105)
	at com.kms.katalon.core.main.TestCaseMain.startTestSuite(TestCaseMain.java:185)
	at com.kms.katalon.core.main.TestCaseMain$startTestSuite$0.call(Unknown Source)
	at TempTestSuite1656391471368.run(TempTestSuite1656391471368.groovy:36)
Caused by: java.net.URISyntaxException: Illegal character in scheme name at index 0: {http://ec2-35-89-26-59.us-west-2.compute.amazonaws.com/restapi/v1/material/1
	at com.kms.katalon.core.webservice.common.DefaultHttpEntityEnclosingRequest.&lt;init>(DefaultHttpEntityEnclosingRequest.java:20)
	at com.kms.katalon.core.webservice.common.RestfulClient.buildHttpRequestWithBody(RestfulClient.java:41)
	at com.kms.katalon.core.webservice.common.RestfulClient.buildHttpRequest(RestfulClient.java:27)
	at com.kms.katalon.core.webservice.common.RestfulClient.buildHttpRequest(RestfulClient.java:1)
	at com.kms.katalon.core.webservice.common.BasicRequestor.send(BasicRequestor.java:55)
	at com.kms.katalon.core.webservice.helper.WebServiceCommonHelper.sendRequest(WebServiceCommonHelper.java:28)
	at com.kms.katalon.core.webservice.keyword.builtin.SendRequestKeyword$_sendRequest_closure1.doCall(SendRequestKeyword.groovy:40)
	at com.kms.katalon.core.webservice.keyword.builtin.SendRequestKeyword$_sendRequest_closure1.call(SendRequestKeyword.groovy)
	at com.kms.katalon.core.keyword.internal.KeywordMain.runKeyword(KeywordMain.groovy:74)
	at com.kms.katalon.core.webservice.keyword.builtin.SendRequestKeyword.sendRequest(SendRequestKeyword.groovy:38)
	at com.kms.katalon.core.webservice.keyword.builtin.SendRequestKeyword.execute(SendRequestKeyword.groovy:33)
	at com.kms.katalon.core.keyword.internal.KeywordExecutor.executeKeywordForPlatform(KeywordExecutor.groovy:74)
	at com.kms.katalon.core.webservice.keyword.WSBuiltInKeywords.sendRequest(WSBuiltInKeywords.groovy:40)
	at com.kms.katalon.core.webservice.keyword.WSBuiltInKeywords$sendRequest.call(Unknown Source)
	at Script1655959259372.run(Script1655959259372.groovy:20)
	... 13 more
)
	at com.kms.katalon.core.keyword.internal.KeywordMain.stepFailed(KeywordMain.groovy:50)
	at com.kms.katalon.core.keyword.internal.KeywordMain.stepFailed(KeywordMain.groovy)
	at com.kms.katalon.core.keyword.internal.KeywordMain.runKeyword(KeywordMain.groovy:76)
	at com.kms.katalon.core.webservice.keyword.builtin.SendRequestKeyword.sendRequest(SendRequestKeyword.groovy:38)
	at com.kms.katalon.core.webservice.keyword.builtin.SendRequestKeyword.execute(SendRequestKeyword.groovy:33)
	at com.kms.katalon.core.keyword.internal.KeywordExecutor.executeKeywordForPlatform(KeywordExecutor.groovy:74)
	at com.kms.katalon.core.webservice.keyword.WSBuiltInKeywords.sendRequest(WSBuiltInKeywords.groovy:40)
	at com.kms.katalon.core.webservice.keyword.WSBuiltInKeywords$sendRequest.call(Unknown Source)
	at TC003_Get Material By Id (With invalid token).run(TC003_Get Material By Id (With invalid token):20)
	at com.kms.katalon.core.main.ScriptEngine.run(ScriptEngine.java:194)
	at com.kms.katalon.core.main.ScriptEngine.runScriptAsRawText(ScriptEngine.java:119)
	at com.kms.katalon.core.main.TestCaseExecutor.runScript(TestCaseExecutor.java:442)
	at com.kms.katalon.core.main.TestCaseExecutor.doExecute(TestCaseExecutor.java:433)
	at com.kms.katalon.core.main.TestCaseExecutor.processExecutionPhase(TestCaseExecutor.java:412)
	at com.kms.katalon.core.main.TestCaseExecutor.accessMainPhase(TestCaseExecutor.java:404)
	at com.kms.katalon.core.main.TestCaseExecutor.execute(TestCaseExecutor.java:281)
	at com.kms.katalon.core.main.TestSuiteExecutor.accessTestCaseMainPhase(TestSuiteExecutor.java:202)
	at com.kms.katalon.core.main.TestSuiteExecutor.accessTestSuiteMainPhase(TestSuiteExecutor.java:164)
	at com.kms.katalon.core.main.TestSuiteExecutor.execute(TestSuiteExecutor.java:105)
	at com.kms.katalon.core.main.TestCaseMain.startTestSuite(TestCaseMain.java:185)
	at com.kms.katalon.core.main.TestCaseMain$startTestSuite$0.call(Unknown Source)
	at TempTestSuite1656391471368.run(TempTestSuite1656391471368.groovy:36)
Caused by: java.lang.IllegalArgumentException: Illegal character in scheme name at index 0: {http://ec2-35-89-26-59.us-west-2.compute.amazonaws.com/restapi/v1/material/1
	at com.kms.katalon.core.webservice.common.DefaultHttpEntityEnclosingRequest.&lt;init>(DefaultHttpEntityEnclosingRequest.java:20)
	at com.kms.katalon.core.webservice.common.RestfulClient.buildHttpRequestWithBody(RestfulClient.java:41)
	at com.kms.katalon.core.webservice.common.RestfulClient.buildHttpRequest(RestfulClient.java:27)
	at com.kms.katalon.core.webservice.common.RestfulClient.buildHttpRequest(RestfulClient.java:1)
	at com.kms.katalon.core.webservice.common.BasicRequestor.send(BasicRequestor.java:55)
	at com.kms.katalon.core.webservice.helper.WebServiceCommonHelper.sendRequest(WebServiceCommonHelper.java:28)
	at com.kms.katalon.core.webservice.keyword.builtin.SendRequestKeyword$_sendRequest_closure1.doCall(SendRequestKeyword.groovy:40)
	at com.kms.katalon.core.webservice.keyword.builtin.SendRequestKeyword$_sendRequest_closure1.call(SendRequestKeyword.groovy)
	at com.kms.katalon.core.keyword.internal.KeywordMain.runKeyword(KeywordMain.groovy:74)
	... 19 more
Caused by: java.net.URISyntaxException: Illegal character in scheme name at index 0: {http://ec2-35-89-26-59.us-west-2.compute.amazonaws.com/restapi/v1/material/1
	... 28 more
"/>
         <system-out><![CDATA[2022-06-28 11:55:37 - [TEST_CASE][FAILED] - Test Cases/01_API/03_Class Material/SC014_Get All Material By Id/TC003_Get Material By Id (With invalid token): Test Cases/01_API/03_Class Material/SC014_Get All Material By Id/TC003_Get Material By Id (With invalid token) FAILED.
Reason:
com.kms.katalon.core.exception.StepFailedException: Unable to send request (Root cause: java.lang.IllegalArgumentException: Illegal character in scheme name at index 0: {http://ec2-35-89-26-59.us-west-2.compute.amazonaws.com/restapi/v1/material/1
	at com.kms.katalon.core.webservice.common.DefaultHttpEntityEnclosingRequest.<init>(DefaultHttpEntityEnclosingRequest.java:20)
	at com.kms.katalon.core.webservice.common.RestfulClient.buildHttpRequestWithBody(RestfulClient.java:41)
	at com.kms.katalon.core.webservice.common.RestfulClient.buildHttpRequest(RestfulClient.java:27)
	at com.kms.katalon.core.webservice.common.RestfulClient.buildHttpRequest(RestfulClient.java:1)
	at com.kms.katalon.core.webservice.common.BasicRequestor.send(BasicRequestor.java:55)
	at com.kms.katalon.core.webservice.helper.WebServiceCommonHelper.sendRequest(WebServiceCommonHelper.java:28)
	at com.kms.katalon.core.webservice.keyword.builtin.SendRequestKeyword$_sendRequest_closure1.doCall(SendRequestKeyword.groovy:40)
	at com.kms.katalon.core.webservice.keyword.builtin.SendRequestKeyword$_sendRequest_closure1.call(SendRequestKeyword.groovy)
	at com.kms.katalon.core.keyword.internal.KeywordMain.runKeyword(KeywordMain.groovy:74)
	at com.kms.katalon.core.webservice.keyword.builtin.SendRequestKeyword.sendRequest(SendRequestKeyword.groovy:38)
	at com.kms.katalon.core.webservice.keyword.builtin.SendRequestKeyword.execute(SendRequestKeyword.groovy:33)
	at com.kms.katalon.core.keyword.internal.KeywordExecutor.executeKeywordForPlatform(KeywordExecutor.groovy:74)
	at com.kms.katalon.core.webservice.keyword.WSBuiltInKeywords.sendRequest(WSBuiltInKeywords.groovy:40)
	at com.kms.katalon.core.webservice.keyword.WSBuiltInKeywords$sendRequest.call(Unknown Source)
	at TC003_Get Material By Id (With invalid token).run(TC003_Get Material By Id (With invalid token):20)
	at com.kms.katalon.core.main.ScriptEngine.run(ScriptEngine.java:194)
	at com.kms.katalon.core.main.ScriptEngine.runScriptAsRawText(ScriptEngine.java:119)
	at com.kms.katalon.core.main.TestCaseExecutor.runScript(TestCaseExecutor.java:442)
	at com.kms.katalon.core.main.TestCaseExecutor.doExecute(TestCaseExecutor.java:433)
	at com.kms.katalon.core.main.TestCaseExecutor.processExecutionPhase(TestCaseExecutor.java:412)
	at com.kms.katalon.core.main.TestCaseExecutor.accessMainPhase(TestCaseExecutor.java:404)
	at com.kms.katalon.core.main.TestCaseExecutor.execute(TestCaseExecutor.java:281)
	at com.kms.katalon.core.main.TestSuiteExecutor.accessTestCaseMainPhase(TestSuiteExecutor.java:202)
	at com.kms.katalon.core.main.TestSuiteExecutor.accessTestSuiteMainPhase(TestSuiteExecutor.java:164)
	at com.kms.katalon.core.main.TestSuiteExecutor.execute(TestSuiteExecutor.java:105)
	at com.kms.katalon.core.main.TestCaseMain.startTestSuite(TestCaseMain.java:185)
	at com.kms.katalon.core.main.TestCaseMain$startTestSuite$0.call(Unknown Source)
	at TempTestSuite1656391471368.run(TempTestSuite1656391471368.groovy:36)
Caused by: java.net.URISyntaxException: Illegal character in scheme name at index 0: {http://ec2-35-89-26-59.us-west-2.compute.amazonaws.com/restapi/v1/material/1
	at com.kms.katalon.core.webservice.common.DefaultHttpEntityEnclosingRequest.<init>(DefaultHttpEntityEnclosingRequest.java:20)
	at com.kms.katalon.core.webservice.common.RestfulClient.buildHttpRequestWithBody(RestfulClient.java:41)
	at com.kms.katalon.core.webservice.common.RestfulClient.buildHttpRequest(RestfulClient.java:27)
	at com.kms.katalon.core.webservice.common.RestfulClient.buildHttpRequest(RestfulClient.java:1)
	at com.kms.katalon.core.webservice.common.BasicRequestor.send(BasicRequestor.java:55)
	at com.kms.katalon.core.webservice.helper.WebServiceCommonHelper.sendRequest(WebServiceCommonHelper.java:28)
	at com.kms.katalon.core.webservice.keyword.builtin.SendRequestKeyword$_sendRequest_closure1.doCall(SendRequestKeyword.groovy:40)
	at com.kms.katalon.core.webservice.keyword.builtin.SendRequestKeyword$_sendRequest_closure1.call(SendRequestKeyword.groovy)
	at com.kms.katalon.core.keyword.internal.KeywordMain.runKeyword(KeywordMain.groovy:74)
	at com.kms.katalon.core.webservice.keyword.builtin.SendRequestKeyword.sendRequest(SendRequestKeyword.groovy:38)
	at com.kms.katalon.core.webservice.keyword.builtin.SendRequestKeyword.execute(SendRequestKeyword.groovy:33)
	at com.kms.katalon.core.keyword.internal.KeywordExecutor.executeKeywordForPlatform(KeywordExecutor.groovy:74)
	at com.kms.katalon.core.webservice.keyword.WSBuiltInKeywords.sendRequest(WSBuiltInKeywords.groovy:40)
	at com.kms.katalon.core.webservice.keyword.WSBuiltInKeywords$sendRequest.call(Unknown Source)
	at Script1655959259372.run(Script1655959259372.groovy:20)
	... 13 more
)
	at com.kms.katalon.core.keyword.internal.KeywordMain.stepFailed(KeywordMain.groovy:50)
	at com.kms.katalon.core.keyword.internal.KeywordMain.stepFailed(KeywordMain.groovy)
	at com.kms.katalon.core.keyword.internal.KeywordMain.runKeyword(KeywordMain.groovy:76)
	at com.kms.katalon.core.webservice.keyword.builtin.SendRequestKeyword.sendRequest(SendRequestKeyword.groovy:38)
	at com.kms.katalon.core.webservice.keyword.builtin.SendRequestKeyword.execute(SendRequestKeyword.groovy:33)
	at com.kms.katalon.core.keyword.internal.KeywordExecutor.executeKeywordForPlatform(KeywordExecutor.groovy:74)
	at com.kms.katalon.core.webservice.keyword.WSBuiltInKeywords.sendRequest(WSBuiltInKeywords.groovy:40)
	at com.kms.katalon.core.webservice.keyword.WSBuiltInKeywords$sendRequest.call(Unknown Source)
	at TC003_Get Material By Id (With invalid token).run(TC003_Get Material By Id (With invalid token):20)
	at com.kms.katalon.core.main.ScriptEngine.run(ScriptEngine.java:194)
	at com.kms.katalon.core.main.ScriptEngine.runScriptAsRawText(ScriptEngine.java:119)
	at com.kms.katalon.core.main.TestCaseExecutor.runScript(TestCaseExecutor.java:442)
	at com.kms.katalon.core.main.TestCaseExecutor.doExecute(TestCaseExecutor.java:433)
	at com.kms.katalon.core.main.TestCaseExecutor.processExecutionPhase(TestCaseExecutor.java:412)
	at com.kms.katalon.core.main.TestCaseExecutor.accessMainPhase(TestCaseExecutor.java:404)
	at com.kms.katalon.core.main.TestCaseExecutor.execute(TestCaseExecutor.java:281)
	at com.kms.katalon.core.main.TestSuiteExecutor.accessTestCaseMainPhase(TestSuiteExecutor.java:202)
	at com.kms.katalon.core.main.TestSuiteExecutor.accessTestSuiteMainPhase(TestSuiteExecutor.java:164)
	at com.kms.katalon.core.main.TestSuiteExecutor.execute(TestSuiteExecutor.java:105)
	at com.kms.katalon.core.main.TestCaseMain.startTestSuite(TestCaseMain.java:185)
	at com.kms.katalon.core.main.TestCaseMain$startTestSuite$0.call(Unknown Source)
	at TempTestSuite1656391471368.run(TempTestSuite1656391471368.groovy:36)
Caused by: java.lang.IllegalArgumentException: Illegal character in scheme name at index 0: {http://ec2-35-89-26-59.us-west-2.compute.amazonaws.com/restapi/v1/material/1
	at com.kms.katalon.core.webservice.common.DefaultHttpEntityEnclosingRequest.<init>(DefaultHttpEntityEnclosingRequest.java:20)
	at com.kms.katalon.core.webservice.common.RestfulClient.buildHttpRequestWithBody(RestfulClient.java:41)
	at com.kms.katalon.core.webservice.common.RestfulClient.buildHttpRequest(RestfulClient.java:27)
	at com.kms.katalon.core.webservice.common.RestfulClient.buildHttpRequest(RestfulClient.java:1)
	at com.kms.katalon.core.webservice.common.BasicRequestor.send(BasicRequestor.java:55)
	at com.kms.katalon.core.webservice.helper.WebServiceCommonHelper.sendRequest(WebServiceCommonHelper.java:28)
	at com.kms.katalon.core.webservice.keyword.builtin.SendRequestKeyword$_sendRequest_closure1.doCall(SendRequestKeyword.groovy:40)
	at com.kms.katalon.core.webservice.keyword.builtin.SendRequestKeyword$_sendRequest_closure1.call(SendRequestKeyword.groovy)
	at com.kms.katalon.core.keyword.internal.KeywordMain.runKeyword(KeywordMain.groovy:74)
	... 19 more
Caused by: java.net.URISyntaxException: Illegal character in scheme name at index 0: {http://ec2-35-89-26-59.us-west-2.compute.amazonaws.com/restapi/v1/material/1
	... 28 more


2022-06-28 11:55:38 - [TEST_STEP][FAILED] - response = sendRequest(findTestObject("01_API/03_Material/SC014_Get All Material By Id/TC003_Get Material By Id (With invalid token)")): Unable to send request (Root cause: java.lang.IllegalArgumentException: Illegal character in scheme name at index 0: {http://ec2-35-89-26-59.us-west-2.compute.amazonaws.com/restapi/v1/material/1
	at com.kms.katalon.core.webservice.common.DefaultHttpEntityEnclosingRequest.<init>(DefaultHttpEntityEnclosingRequest.java:20)
	at com.kms.katalon.core.webservice.common.RestfulClient.buildHttpRequestWithBody(RestfulClient.java:41)
	at com.kms.katalon.core.webservice.common.RestfulClient.buildHttpRequest(RestfulClient.java:27)
	at com.kms.katalon.core.webservice.common.RestfulClient.buildHttpRequest(RestfulClient.java:1)
	at com.kms.katalon.core.webservice.common.BasicRequestor.send(BasicRequestor.java:55)
	at com.kms.katalon.core.webservice.helper.WebServiceCommonHelper.sendRequest(WebServiceCommonHelper.java:28)
	at com.kms.katalon.core.webservice.keyword.builtin.SendRequestKeyword$_sendRequest_closure1.doCall(SendRequestKeyword.groovy:40)
	at com.kms.katalon.core.webservice.keyword.builtin.SendRequestKeyword$_sendRequest_closure1.call(SendRequestKeyword.groovy)
	at com.kms.katalon.core.keyword.internal.KeywordMain.runKeyword(KeywordMain.groovy:74)
	at com.kms.katalon.core.webservice.keyword.builtin.SendRequestKeyword.sendRequest(SendRequestKeyword.groovy:38)
	at com.kms.katalon.core.webservice.keyword.builtin.SendRequestKeyword.execute(SendRequestKeyword.groovy:33)
	at com.kms.katalon.core.keyword.internal.KeywordExecutor.executeKeywordForPlatform(KeywordExecutor.groovy:74)
	at com.kms.katalon.core.webservice.keyword.WSBuiltInKeywords.sendRequest(WSBuiltInKeywords.groovy:40)
	at com.kms.katalon.core.webservice.keyword.WSBuiltInKeywords$sendRequest.call(Unknown Source)
	at TC003_Get Material By Id (With invalid token).run(TC003_Get Material By Id (With invalid token):20)
	at com.kms.katalon.core.main.ScriptEngine.run(ScriptEngine.java:194)
	at com.kms.katalon.core.main.ScriptEngine.runScriptAsRawText(ScriptEngine.java:119)
	at com.kms.katalon.core.main.TestCaseExecutor.runScript(TestCaseExecutor.java:442)
	at com.kms.katalon.core.main.TestCaseExecutor.doExecute(TestCaseExecutor.java:433)
	at com.kms.katalon.core.main.TestCaseExecutor.processExecutionPhase(TestCaseExecutor.java:412)
	at com.kms.katalon.core.main.TestCaseExecutor.accessMainPhase(TestCaseExecutor.java:404)
	at com.kms.katalon.core.main.TestCaseExecutor.execute(TestCaseExecutor.java:281)
	at com.kms.katalon.core.main.TestSuiteExecutor.accessTestCaseMainPhase(TestSuiteExecutor.java:202)
	at com.kms.katalon.core.main.TestSuiteExecutor.accessTestSuiteMainPhase(TestSuiteExecutor.java:164)
	at com.kms.katalon.core.main.TestSuiteExecutor.execute(TestSuiteExecutor.java:105)
	at com.kms.katalon.core.main.TestCaseMain.startTestSuite(TestCaseMain.java:185)
	at com.kms.katalon.core.main.TestCaseMain$startTestSuite$0.call(Unknown Source)
	at TempTestSuite1656391471368.run(TempTestSuite1656391471368.groovy:36)
Caused by: java.net.URISyntaxException: Illegal character in scheme name at index 0: {http://ec2-35-89-26-59.us-west-2.compute.amazonaws.com/restapi/v1/material/1
	at com.kms.katalon.core.webservice.common.DefaultHttpEntityEnclosingRequest.<init>(DefaultHttpEntityEnclosingRequest.java:20)
	at com.kms.katalon.core.webservice.common.RestfulClient.buildHttpRequestWithBody(RestfulClient.java:41)
	at com.kms.katalon.core.webservice.common.RestfulClient.buildHttpRequest(RestfulClient.java:27)
	at com.kms.katalon.core.webservice.common.RestfulClient.buildHttpRequest(RestfulClient.java:1)
	at com.kms.katalon.core.webservice.common.BasicRequestor.send(BasicRequestor.java:55)
	at com.kms.katalon.core.webservice.helper.WebServiceCommonHelper.sendRequest(WebServiceCommonHelper.java:28)
	at com.kms.katalon.core.webservice.keyword.builtin.SendRequestKeyword$_sendRequest_closure1.doCall(SendRequestKeyword.groovy:40)
	at com.kms.katalon.core.webservice.keyword.builtin.SendRequestKeyword$_sendRequest_closure1.call(SendRequestKeyword.groovy)
	at com.kms.katalon.core.keyword.internal.KeywordMain.runKeyword(KeywordMain.groovy:74)
	at com.kms.katalon.core.webservice.keyword.builtin.SendRequestKeyword.sendRequest(SendRequestKeyword.groovy:38)
	at com.kms.katalon.core.webservice.keyword.builtin.SendRequestKeyword.execute(SendRequestKeyword.groovy:33)
	at com.kms.katalon.core.keyword.internal.KeywordExecutor.executeKeywordForPlatform(KeywordExecutor.groovy:74)
	at com.kms.katalon.core.webservice.keyword.WSBuiltInKeywords.sendRequest(WSBuiltInKeywords.groovy:40)
	at com.kms.katalon.core.webservice.keyword.WSBuiltInKeywords$sendRequest.call(Unknown Source)
	at Script1655959259372.run(Script1655959259372.groovy:20)
	... 13 more
)

2022-06-28 11:55:38 - [MESSAGE][FAILED] - Unable to send request (Root cause: java.lang.IllegalArgumentException: Illegal character in scheme name at index 0: {http://ec2-35-89-26-59.us-west-2.compute.amazonaws.com/restapi/v1/material/1
	at com.kms.katalon.core.webservice.common.DefaultHttpEntityEnclosingRequest.<init>(DefaultHttpEntityEnclosingRequest.java:20)
	at com.kms.katalon.core.webservice.common.RestfulClient.buildHttpRequestWithBody(RestfulClient.java:41)
	at com.kms.katalon.core.webservice.common.RestfulClient.buildHttpRequest(RestfulClient.java:27)
	at com.kms.katalon.core.webservice.common.RestfulClient.buildHttpRequest(RestfulClient.java:1)
	at com.kms.katalon.core.webservice.common.BasicRequestor.send(BasicRequestor.java:55)
	at com.kms.katalon.core.webservice.helper.WebServiceCommonHelper.sendRequest(WebServiceCommonHelper.java:28)
	at com.kms.katalon.core.webservice.keyword.builtin.SendRequestKeyword$_sendRequest_closure1.doCall(SendRequestKeyword.groovy:40)
	at com.kms.katalon.core.webservice.keyword.builtin.SendRequestKeyword$_sendRequest_closure1.call(SendRequestKeyword.groovy)
	at com.kms.katalon.core.keyword.internal.KeywordMain.runKeyword(KeywordMain.groovy:74)
	at com.kms.katalon.core.webservice.keyword.builtin.SendRequestKeyword.sendRequest(SendRequestKeyword.groovy:38)
	at com.kms.katalon.core.webservice.keyword.builtin.SendRequestKeyword.execute(SendRequestKeyword.groovy:33)
	at com.kms.katalon.core.keyword.internal.KeywordExecutor.executeKeywordForPlatform(KeywordExecutor.groovy:74)
	at com.kms.katalon.core.webservice.keyword.WSBuiltInKeywords.sendRequest(WSBuiltInKeywords.groovy:40)
	at com.kms.katalon.core.webservice.keyword.WSBuiltInKeywords$sendRequest.call(Unknown Source)
	at TC003_Get Material By Id (With invalid token).run(TC003_Get Material By Id (With invalid token):20)
	at com.kms.katalon.core.main.ScriptEngine.run(ScriptEngine.java:194)
	at com.kms.katalon.core.main.ScriptEngine.runScriptAsRawText(ScriptEngine.java:119)
	at com.kms.katalon.core.main.TestCaseExecutor.runScript(TestCaseExecutor.java:442)
	at com.kms.katalon.core.main.TestCaseExecutor.doExecute(TestCaseExecutor.java:433)
	at com.kms.katalon.core.main.TestCaseExecutor.processExecutionPhase(TestCaseExecutor.java:412)
	at com.kms.katalon.core.main.TestCaseExecutor.accessMainPhase(TestCaseExecutor.java:404)
	at com.kms.katalon.core.main.TestCaseExecutor.execute(TestCaseExecutor.java:281)
	at com.kms.katalon.core.main.TestSuiteExecutor.accessTestCaseMainPhase(TestSuiteExecutor.java:202)
	at com.kms.katalon.core.main.TestSuiteExecutor.accessTestSuiteMainPhase(TestSuiteExecutor.java:164)
	at com.kms.katalon.core.main.TestSuiteExecutor.execute(TestSuiteExecutor.java:105)
	at com.kms.katalon.core.main.TestCaseMain.startTestSuite(TestCaseMain.java:185)
	at com.kms.katalon.core.main.TestCaseMain$startTestSuite$0.call(Unknown Source)
	at TempTestSuite1656391471368.run(TempTestSuite1656391471368.groovy:36)
Caused by: java.net.URISyntaxException: Illegal character in scheme name at index 0: {http://ec2-35-89-26-59.us-west-2.compute.amazonaws.com/restapi/v1/material/1
	at com.kms.katalon.core.webservice.common.DefaultHttpEntityEnclosingRequest.<init>(DefaultHttpEntityEnclosingRequest.java:20)
	at com.kms.katalon.core.webservice.common.RestfulClient.buildHttpRequestWithBody(RestfulClient.java:41)
	at com.kms.katalon.core.webservice.common.RestfulClient.buildHttpRequest(RestfulClient.java:27)
	at com.kms.katalon.core.webservice.common.RestfulClient.buildHttpRequest(RestfulClient.java:1)
	at com.kms.katalon.core.webservice.common.BasicRequestor.send(BasicRequestor.java:55)
	at com.kms.katalon.core.webservice.helper.WebServiceCommonHelper.sendRequest(WebServiceCommonHelper.java:28)
	at com.kms.katalon.core.webservice.keyword.builtin.SendRequestKeyword$_sendRequest_closure1.doCall(SendRequestKeyword.groovy:40)
	at com.kms.katalon.core.webservice.keyword.builtin.SendRequestKeyword$_sendRequest_closure1.call(SendRequestKeyword.groovy)
	at com.kms.katalon.core.keyword.internal.KeywordMain.runKeyword(KeywordMain.groovy:74)
	at com.kms.katalon.core.webservice.keyword.builtin.SendRequestKeyword.sendRequest(SendRequestKeyword.groovy:38)
	at com.kms.katalon.core.webservice.keyword.builtin.SendRequestKeyword.execute(SendRequestKeyword.groovy:33)
	at com.kms.katalon.core.keyword.internal.KeywordExecutor.executeKeywordForPlatform(KeywordExecutor.groovy:74)
	at com.kms.katalon.core.webservice.keyword.WSBuiltInKeywords.sendRequest(WSBuiltInKeywords.groovy:40)
	at com.kms.katalon.core.webservice.keyword.WSBuiltInKeywords$sendRequest.call(Unknown Source)
	at Script1655959259372.run(Script1655959259372.groovy:20)
	... 13 more
)]]></system-out>
         <system-err><![CDATA[2022-06-28 11:55:37 - [TEST_CASE][FAILED] - Test Cases/01_API/03_Class Material/SC014_Get All Material By Id/TC003_Get Material By Id (With invalid token): Test Cases/01_API/03_Class Material/SC014_Get All Material By Id/TC003_Get Material By Id (With invalid token) FAILED.
Reason:
com.kms.katalon.core.exception.StepFailedException: Unable to send request (Root cause: java.lang.IllegalArgumentException: Illegal character in scheme name at index 0: {http://ec2-35-89-26-59.us-west-2.compute.amazonaws.com/restapi/v1/material/1
	at com.kms.katalon.core.webservice.common.DefaultHttpEntityEnclosingRequest.<init>(DefaultHttpEntityEnclosingRequest.java:20)
	at com.kms.katalon.core.webservice.common.RestfulClient.buildHttpRequestWithBody(RestfulClient.java:41)
	at com.kms.katalon.core.webservice.common.RestfulClient.buildHttpRequest(RestfulClient.java:27)
	at com.kms.katalon.core.webservice.common.RestfulClient.buildHttpRequest(RestfulClient.java:1)
	at com.kms.katalon.core.webservice.common.BasicRequestor.send(BasicRequestor.java:55)
	at com.kms.katalon.core.webservice.helper.WebServiceCommonHelper.sendRequest(WebServiceCommonHelper.java:28)
	at com.kms.katalon.core.webservice.keyword.builtin.SendRequestKeyword$_sendRequest_closure1.doCall(SendRequestKeyword.groovy:40)
	at com.kms.katalon.core.webservice.keyword.builtin.SendRequestKeyword$_sendRequest_closure1.call(SendRequestKeyword.groovy)
	at com.kms.katalon.core.keyword.internal.KeywordMain.runKeyword(KeywordMain.groovy:74)
	at com.kms.katalon.core.webservice.keyword.builtin.SendRequestKeyword.sendRequest(SendRequestKeyword.groovy:38)
	at com.kms.katalon.core.webservice.keyword.builtin.SendRequestKeyword.execute(SendRequestKeyword.groovy:33)
	at com.kms.katalon.core.keyword.internal.KeywordExecutor.executeKeywordForPlatform(KeywordExecutor.groovy:74)
	at com.kms.katalon.core.webservice.keyword.WSBuiltInKeywords.sendRequest(WSBuiltInKeywords.groovy:40)
	at com.kms.katalon.core.webservice.keyword.WSBuiltInKeywords$sendRequest.call(Unknown Source)
	at TC003_Get Material By Id (With invalid token).run(TC003_Get Material By Id (With invalid token):20)
	at com.kms.katalon.core.main.ScriptEngine.run(ScriptEngine.java:194)
	at com.kms.katalon.core.main.ScriptEngine.runScriptAsRawText(ScriptEngine.java:119)
	at com.kms.katalon.core.main.TestCaseExecutor.runScript(TestCaseExecutor.java:442)
	at com.kms.katalon.core.main.TestCaseExecutor.doExecute(TestCaseExecutor.java:433)
	at com.kms.katalon.core.main.TestCaseExecutor.processExecutionPhase(TestCaseExecutor.java:412)
	at com.kms.katalon.core.main.TestCaseExecutor.accessMainPhase(TestCaseExecutor.java:404)
	at com.kms.katalon.core.main.TestCaseExecutor.execute(TestCaseExecutor.java:281)
	at com.kms.katalon.core.main.TestSuiteExecutor.accessTestCaseMainPhase(TestSuiteExecutor.java:202)
	at com.kms.katalon.core.main.TestSuiteExecutor.accessTestSuiteMainPhase(TestSuiteExecutor.java:164)
	at com.kms.katalon.core.main.TestSuiteExecutor.execute(TestSuiteExecutor.java:105)
	at com.kms.katalon.core.main.TestCaseMain.startTestSuite(TestCaseMain.java:185)
	at com.kms.katalon.core.main.TestCaseMain$startTestSuite$0.call(Unknown Source)
	at TempTestSuite1656391471368.run(TempTestSuite1656391471368.groovy:36)
Caused by: java.net.URISyntaxException: Illegal character in scheme name at index 0: {http://ec2-35-89-26-59.us-west-2.compute.amazonaws.com/restapi/v1/material/1
	at com.kms.katalon.core.webservice.common.DefaultHttpEntityEnclosingRequest.<init>(DefaultHttpEntityEnclosingRequest.java:20)
	at com.kms.katalon.core.webservice.common.RestfulClient.buildHttpRequestWithBody(RestfulClient.java:41)
	at com.kms.katalon.core.webservice.common.RestfulClient.buildHttpRequest(RestfulClient.java:27)
	at com.kms.katalon.core.webservice.common.RestfulClient.buildHttpRequest(RestfulClient.java:1)
	at com.kms.katalon.core.webservice.common.BasicRequestor.send(BasicRequestor.java:55)
	at com.kms.katalon.core.webservice.helper.WebServiceCommonHelper.sendRequest(WebServiceCommonHelper.java:28)
	at com.kms.katalon.core.webservice.keyword.builtin.SendRequestKeyword$_sendRequest_closure1.doCall(SendRequestKeyword.groovy:40)
	at com.kms.katalon.core.webservice.keyword.builtin.SendRequestKeyword$_sendRequest_closure1.call(SendRequestKeyword.groovy)
	at com.kms.katalon.core.keyword.internal.KeywordMain.runKeyword(KeywordMain.groovy:74)
	at com.kms.katalon.core.webservice.keyword.builtin.SendRequestKeyword.sendRequest(SendRequestKeyword.groovy:38)
	at com.kms.katalon.core.webservice.keyword.builtin.SendRequestKeyword.execute(SendRequestKeyword.groovy:33)
	at com.kms.katalon.core.keyword.internal.KeywordExecutor.executeKeywordForPlatform(KeywordExecutor.groovy:74)
	at com.kms.katalon.core.webservice.keyword.WSBuiltInKeywords.sendRequest(WSBuiltInKeywords.groovy:40)
	at com.kms.katalon.core.webservice.keyword.WSBuiltInKeywords$sendRequest.call(Unknown Source)
	at Script1655959259372.run(Script1655959259372.groovy:20)
	... 13 more
)
	at com.kms.katalon.core.keyword.internal.KeywordMain.stepFailed(KeywordMain.groovy:50)
	at com.kms.katalon.core.keyword.internal.KeywordMain.stepFailed(KeywordMain.groovy)
	at com.kms.katalon.core.keyword.internal.KeywordMain.runKeyword(KeywordMain.groovy:76)
	at com.kms.katalon.core.webservice.keyword.builtin.SendRequestKeyword.sendRequest(SendRequestKeyword.groovy:38)
	at com.kms.katalon.core.webservice.keyword.builtin.SendRequestKeyword.execute(SendRequestKeyword.groovy:33)
	at com.kms.katalon.core.keyword.internal.KeywordExecutor.executeKeywordForPlatform(KeywordExecutor.groovy:74)
	at com.kms.katalon.core.webservice.keyword.WSBuiltInKeywords.sendRequest(WSBuiltInKeywords.groovy:40)
	at com.kms.katalon.core.webservice.keyword.WSBuiltInKeywords$sendRequest.call(Unknown Source)
	at TC003_Get Material By Id (With invalid token).run(TC003_Get Material By Id (With invalid token):20)
	at com.kms.katalon.core.main.ScriptEngine.run(ScriptEngine.java:194)
	at com.kms.katalon.core.main.ScriptEngine.runScriptAsRawText(ScriptEngine.java:119)
	at com.kms.katalon.core.main.TestCaseExecutor.runScript(TestCaseExecutor.java:442)
	at com.kms.katalon.core.main.TestCaseExecutor.doExecute(TestCaseExecutor.java:433)
	at com.kms.katalon.core.main.TestCaseExecutor.processExecutionPhase(TestCaseExecutor.java:412)
	at com.kms.katalon.core.main.TestCaseExecutor.accessMainPhase(TestCaseExecutor.java:404)
	at com.kms.katalon.core.main.TestCaseExecutor.execute(TestCaseExecutor.java:281)
	at com.kms.katalon.core.main.TestSuiteExecutor.accessTestCaseMainPhase(TestSuiteExecutor.java:202)
	at com.kms.katalon.core.main.TestSuiteExecutor.accessTestSuiteMainPhase(TestSuiteExecutor.java:164)
	at com.kms.katalon.core.main.TestSuiteExecutor.execute(TestSuiteExecutor.java:105)
	at com.kms.katalon.core.main.TestCaseMain.startTestSuite(TestCaseMain.java:185)
	at com.kms.katalon.core.main.TestCaseMain$startTestSuite$0.call(Unknown Source)
	at TempTestSuite1656391471368.run(TempTestSuite1656391471368.groovy:36)
Caused by: java.lang.IllegalArgumentException: Illegal character in scheme name at index 0: {http://ec2-35-89-26-59.us-west-2.compute.amazonaws.com/restapi/v1/material/1
	at com.kms.katalon.core.webservice.common.DefaultHttpEntityEnclosingRequest.<init>(DefaultHttpEntityEnclosingRequest.java:20)
	at com.kms.katalon.core.webservice.common.RestfulClient.buildHttpRequestWithBody(RestfulClient.java:41)
	at com.kms.katalon.core.webservice.common.RestfulClient.buildHttpRequest(RestfulClient.java:27)
	at com.kms.katalon.core.webservice.common.RestfulClient.buildHttpRequest(RestfulClient.java:1)
	at com.kms.katalon.core.webservice.common.BasicRequestor.send(BasicRequestor.java:55)
	at com.kms.katalon.core.webservice.helper.WebServiceCommonHelper.sendRequest(WebServiceCommonHelper.java:28)
	at com.kms.katalon.core.webservice.keyword.builtin.SendRequestKeyword$_sendRequest_closure1.doCall(SendRequestKeyword.groovy:40)
	at com.kms.katalon.core.webservice.keyword.builtin.SendRequestKeyword$_sendRequest_closure1.call(SendRequestKeyword.groovy)
	at com.kms.katalon.core.keyword.internal.KeywordMain.runKeyword(KeywordMain.groovy:74)
	... 19 more
Caused by: java.net.URISyntaxException: Illegal character in scheme name at index 0: {http://ec2-35-89-26-59.us-west-2.compute.amazonaws.com/restapi/v1/material/1
	... 28 more]]></system-err>
      </testcase>
      <testcase name="Test Cases/01_API/03_Class Material/SC014_Get All Material By Id/TC002_Get Material By Id (With invalid id)" time="0.773" classname="Test Cases/01_API/03_Class Material/SC014_Get All Material By Id/TC002_Get Material By Id (With invalid id)" status="FAILED">
         <failure type="FAILED" message="Test Cases/01_API/03_Class Material/SC014_Get All Material By Id/TC002_Get Material By Id (With invalid id) FAILED.
Reason:
com.kms.katalon.core.exception.StepFailedException: Unable to send request (Root cause: java.lang.IllegalArgumentException: Illegal character in scheme name at index 0: {http://ec2-35-89-26-59.us-west-2.compute.amazonaws.com/restapi/v1/material/1123
	at com.kms.katalon.core.webservice.common.DefaultHttpEntityEnclosingRequest.&lt;init>(DefaultHttpEntityEnclosingRequest.java:20)
	at com.kms.katalon.core.webservice.common.RestfulClient.buildHttpRequestWithBody(RestfulClient.java:41)
	at com.kms.katalon.core.webservice.common.RestfulClient.buildHttpRequest(RestfulClient.java:27)
	at com.kms.katalon.core.webservice.common.RestfulClient.buildHttpRequest(RestfulClient.java:1)
	at com.kms.katalon.core.webservice.common.BasicRequestor.send(BasicRequestor.java:55)
	at com.kms.katalon.core.webservice.helper.WebServiceCommonHelper.sendRequest(WebServiceCommonHelper.java:28)
	at com.kms.katalon.core.webservice.keyword.builtin.SendRequestKeyword$_sendRequest_closure1.doCall(SendRequestKeyword.groovy:40)
	at com.kms.katalon.core.webservice.keyword.builtin.SendRequestKeyword$_sendRequest_closure1.call(SendRequestKeyword.groovy)
	at com.kms.katalon.core.keyword.internal.KeywordMain.runKeyword(KeywordMain.groovy:74)
	at com.kms.katalon.core.webservice.keyword.builtin.SendRequestKeyword.sendRequest(SendRequestKeyword.groovy:38)
	at com.kms.katalon.core.webservice.keyword.builtin.SendRequestKeyword.execute(SendRequestKeyword.groovy:33)
	at com.kms.katalon.core.keyword.internal.KeywordExecutor.executeKeywordForPlatform(KeywordExecutor.groovy:74)
	at com.kms.katalon.core.webservice.keyword.WSBuiltInKeywords.sendRequest(WSBuiltInKeywords.groovy:40)
	at com.kms.katalon.core.webservice.keyword.WSBuiltInKeywords$sendRequest.call(Unknown Source)
	at TC002_Get Material By Id (With invalid id).run(TC002_Get Material By Id (With invalid id):20)
	at com.kms.katalon.core.main.ScriptEngine.run(ScriptEngine.java:194)
	at com.kms.katalon.core.main.ScriptEngine.runScriptAsRawText(ScriptEngine.java:119)
	at com.kms.katalon.core.main.TestCaseExecutor.runScript(TestCaseExecutor.java:442)
	at com.kms.katalon.core.main.TestCaseExecutor.doExecute(TestCaseExecutor.java:433)
	at com.kms.katalon.core.main.TestCaseExecutor.processExecutionPhase(TestCaseExecutor.java:412)
	at com.kms.katalon.core.main.TestCaseExecutor.accessMainPhase(TestCaseExecutor.java:404)
	at com.kms.katalon.core.main.TestCaseExecutor.execute(TestCaseExecutor.java:281)
	at com.kms.katalon.core.main.TestSuiteExecutor.accessTestCaseMainPhase(TestSuiteExecutor.java:202)
	at com.kms.katalon.core.main.TestSuiteExecutor.accessTestSuiteMainPhase(TestSuiteExecutor.java:164)
	at com.kms.katalon.core.main.TestSuiteExecutor.execute(TestSuiteExecutor.java:105)
	at com.kms.katalon.core.main.TestCaseMain.startTestSuite(TestCaseMain.java:185)
	at com.kms.katalon.core.main.TestCaseMain$startTestSuite$0.call(Unknown Source)
	at TempTestSuite1656391471368.run(TempTestSuite1656391471368.groovy:36)
Caused by: java.net.URISyntaxException: Illegal character in scheme name at index 0: {http://ec2-35-89-26-59.us-west-2.compute.amazonaws.com/restapi/v1/material/1123
	at com.kms.katalon.core.webservice.common.DefaultHttpEntityEnclosingRequest.&lt;init>(DefaultHttpEntityEnclosingRequest.java:20)
	at com.kms.katalon.core.webservice.common.RestfulClient.buildHttpRequestWithBody(RestfulClient.java:41)
	at com.kms.katalon.core.webservice.common.RestfulClient.buildHttpRequest(RestfulClient.java:27)
	at com.kms.katalon.core.webservice.common.RestfulClient.buildHttpRequest(RestfulClient.java:1)
	at com.kms.katalon.core.webservice.common.BasicRequestor.send(BasicRequestor.java:55)
	at com.kms.katalon.core.webservice.helper.WebServiceCommonHelper.sendRequest(WebServiceCommonHelper.java:28)
	at com.kms.katalon.core.webservice.keyword.builtin.SendRequestKeyword$_sendRequest_closure1.doCall(SendRequestKeyword.groovy:40)
	at com.kms.katalon.core.webservice.keyword.builtin.SendRequestKeyword$_sendRequest_closure1.call(SendRequestKeyword.groovy)
	at com.kms.katalon.core.keyword.internal.KeywordMain.runKeyword(KeywordMain.groovy:74)
	at com.kms.katalon.core.webservice.keyword.builtin.SendRequestKeyword.sendRequest(SendRequestKeyword.groovy:38)
	at com.kms.katalon.core.webservice.keyword.builtin.SendRequestKeyword.execute(SendRequestKeyword.groovy:33)
	at com.kms.katalon.core.keyword.internal.KeywordExecutor.executeKeywordForPlatform(KeywordExecutor.groovy:74)
	at com.kms.katalon.core.webservice.keyword.WSBuiltInKeywords.sendRequest(WSBuiltInKeywords.groovy:40)
	at com.kms.katalon.core.webservice.keyword.WSBuiltInKeywords$sendRequest.call(Unknown Source)
	at Script1655959243895.run(Script1655959243895.groovy:20)
	... 13 more
)
	at com.kms.katalon.core.keyword.internal.KeywordMain.stepFailed(KeywordMain.groovy:50)
	at com.kms.katalon.core.keyword.internal.KeywordMain.stepFailed(KeywordMain.groovy)
	at com.kms.katalon.core.keyword.internal.KeywordMain.runKeyword(KeywordMain.groovy:76)
	at com.kms.katalon.core.webservice.keyword.builtin.SendRequestKeyword.sendRequest(SendRequestKeyword.groovy:38)
	at com.kms.katalon.core.webservice.keyword.builtin.SendRequestKeyword.execute(SendRequestKeyword.groovy:33)
	at com.kms.katalon.core.keyword.internal.KeywordExecutor.executeKeywordForPlatform(KeywordExecutor.groovy:74)
	at com.kms.katalon.core.webservice.keyword.WSBuiltInKeywords.sendRequest(WSBuiltInKeywords.groovy:40)
	at com.kms.katalon.core.webservice.keyword.WSBuiltInKeywords$sendRequest.call(Unknown Source)
	at TC002_Get Material By Id (With invalid id).run(TC002_Get Material By Id (With invalid id):20)
	at com.kms.katalon.core.main.ScriptEngine.run(ScriptEngine.java:194)
	at com.kms.katalon.core.main.ScriptEngine.runScriptAsRawText(ScriptEngine.java:119)
	at com.kms.katalon.core.main.TestCaseExecutor.runScript(TestCaseExecutor.java:442)
	at com.kms.katalon.core.main.TestCaseExecutor.doExecute(TestCaseExecutor.java:433)
	at com.kms.katalon.core.main.TestCaseExecutor.processExecutionPhase(TestCaseExecutor.java:412)
	at com.kms.katalon.core.main.TestCaseExecutor.accessMainPhase(TestCaseExecutor.java:404)
	at com.kms.katalon.core.main.TestCaseExecutor.execute(TestCaseExecutor.java:281)
	at com.kms.katalon.core.main.TestSuiteExecutor.accessTestCaseMainPhase(TestSuiteExecutor.java:202)
	at com.kms.katalon.core.main.TestSuiteExecutor.accessTestSuiteMainPhase(TestSuiteExecutor.java:164)
	at com.kms.katalon.core.main.TestSuiteExecutor.execute(TestSuiteExecutor.java:105)
	at com.kms.katalon.core.main.TestCaseMain.startTestSuite(TestCaseMain.java:185)
	at com.kms.katalon.core.main.TestCaseMain$startTestSuite$0.call(Unknown Source)
	at TempTestSuite1656391471368.run(TempTestSuite1656391471368.groovy:36)
Caused by: java.lang.IllegalArgumentException: Illegal character in scheme name at index 0: {http://ec2-35-89-26-59.us-west-2.compute.amazonaws.com/restapi/v1/material/1123
	at com.kms.katalon.core.webservice.common.DefaultHttpEntityEnclosingRequest.&lt;init>(DefaultHttpEntityEnclosingRequest.java:20)
	at com.kms.katalon.core.webservice.common.RestfulClient.buildHttpRequestWithBody(RestfulClient.java:41)
	at com.kms.katalon.core.webservice.common.RestfulClient.buildHttpRequest(RestfulClient.java:27)
	at com.kms.katalon.core.webservice.common.RestfulClient.buildHttpRequest(RestfulClient.java:1)
	at com.kms.katalon.core.webservice.common.BasicRequestor.send(BasicRequestor.java:55)
	at com.kms.katalon.core.webservice.helper.WebServiceCommonHelper.sendRequest(WebServiceCommonHelper.java:28)
	at com.kms.katalon.core.webservice.keyword.builtin.SendRequestKeyword$_sendRequest_closure1.doCall(SendRequestKeyword.groovy:40)
	at com.kms.katalon.core.webservice.keyword.builtin.SendRequestKeyword$_sendRequest_closure1.call(SendRequestKeyword.groovy)
	at com.kms.katalon.core.keyword.internal.KeywordMain.runKeyword(KeywordMain.groovy:74)
	... 19 more
Caused by: java.net.URISyntaxException: Illegal character in scheme name at index 0: {http://ec2-35-89-26-59.us-west-2.compute.amazonaws.com/restapi/v1/material/1123
	... 28 more
"/>
         <system-out><![CDATA[2022-06-28 11:55:38 - [TEST_CASE][FAILED] - Test Cases/01_API/03_Class Material/SC014_Get All Material By Id/TC002_Get Material By Id (With invalid id): Test Cases/01_API/03_Class Material/SC014_Get All Material By Id/TC002_Get Material By Id (With invalid id) FAILED.
Reason:
com.kms.katalon.core.exception.StepFailedException: Unable to send request (Root cause: java.lang.IllegalArgumentException: Illegal character in scheme name at index 0: {http://ec2-35-89-26-59.us-west-2.compute.amazonaws.com/restapi/v1/material/1123
	at com.kms.katalon.core.webservice.common.DefaultHttpEntityEnclosingRequest.<init>(DefaultHttpEntityEnclosingRequest.java:20)
	at com.kms.katalon.core.webservice.common.RestfulClient.buildHttpRequestWithBody(RestfulClient.java:41)
	at com.kms.katalon.core.webservice.common.RestfulClient.buildHttpRequest(RestfulClient.java:27)
	at com.kms.katalon.core.webservice.common.RestfulClient.buildHttpRequest(RestfulClient.java:1)
	at com.kms.katalon.core.webservice.common.BasicRequestor.send(BasicRequestor.java:55)
	at com.kms.katalon.core.webservice.helper.WebServiceCommonHelper.sendRequest(WebServiceCommonHelper.java:28)
	at com.kms.katalon.core.webservice.keyword.builtin.SendRequestKeyword$_sendRequest_closure1.doCall(SendRequestKeyword.groovy:40)
	at com.kms.katalon.core.webservice.keyword.builtin.SendRequestKeyword$_sendRequest_closure1.call(SendRequestKeyword.groovy)
	at com.kms.katalon.core.keyword.internal.KeywordMain.runKeyword(KeywordMain.groovy:74)
	at com.kms.katalon.core.webservice.keyword.builtin.SendRequestKeyword.sendRequest(SendRequestKeyword.groovy:38)
	at com.kms.katalon.core.webservice.keyword.builtin.SendRequestKeyword.execute(SendRequestKeyword.groovy:33)
	at com.kms.katalon.core.keyword.internal.KeywordExecutor.executeKeywordForPlatform(KeywordExecutor.groovy:74)
	at com.kms.katalon.core.webservice.keyword.WSBuiltInKeywords.sendRequest(WSBuiltInKeywords.groovy:40)
	at com.kms.katalon.core.webservice.keyword.WSBuiltInKeywords$sendRequest.call(Unknown Source)
	at TC002_Get Material By Id (With invalid id).run(TC002_Get Material By Id (With invalid id):20)
	at com.kms.katalon.core.main.ScriptEngine.run(ScriptEngine.java:194)
	at com.kms.katalon.core.main.ScriptEngine.runScriptAsRawText(ScriptEngine.java:119)
	at com.kms.katalon.core.main.TestCaseExecutor.runScript(TestCaseExecutor.java:442)
	at com.kms.katalon.core.main.TestCaseExecutor.doExecute(TestCaseExecutor.java:433)
	at com.kms.katalon.core.main.TestCaseExecutor.processExecutionPhase(TestCaseExecutor.java:412)
	at com.kms.katalon.core.main.TestCaseExecutor.accessMainPhase(TestCaseExecutor.java:404)
	at com.kms.katalon.core.main.TestCaseExecutor.execute(TestCaseExecutor.java:281)
	at com.kms.katalon.core.main.TestSuiteExecutor.accessTestCaseMainPhase(TestSuiteExecutor.java:202)
	at com.kms.katalon.core.main.TestSuiteExecutor.accessTestSuiteMainPhase(TestSuiteExecutor.java:164)
	at com.kms.katalon.core.main.TestSuiteExecutor.execute(TestSuiteExecutor.java:105)
	at com.kms.katalon.core.main.TestCaseMain.startTestSuite(TestCaseMain.java:185)
	at com.kms.katalon.core.main.TestCaseMain$startTestSuite$0.call(Unknown Source)
	at TempTestSuite1656391471368.run(TempTestSuite1656391471368.groovy:36)
Caused by: java.net.URISyntaxException: Illegal character in scheme name at index 0: {http://ec2-35-89-26-59.us-west-2.compute.amazonaws.com/restapi/v1/material/1123
	at com.kms.katalon.core.webservice.common.DefaultHttpEntityEnclosingRequest.<init>(DefaultHttpEntityEnclosingRequest.java:20)
	at com.kms.katalon.core.webservice.common.RestfulClient.buildHttpRequestWithBody(RestfulClient.java:41)
	at com.kms.katalon.core.webservice.common.RestfulClient.buildHttpRequest(RestfulClient.java:27)
	at com.kms.katalon.core.webservice.common.RestfulClient.buildHttpRequest(RestfulClient.java:1)
	at com.kms.katalon.core.webservice.common.BasicRequestor.send(BasicRequestor.java:55)
	at com.kms.katalon.core.webservice.helper.WebServiceCommonHelper.sendRequest(WebServiceCommonHelper.java:28)
	at com.kms.katalon.core.webservice.keyword.builtin.SendRequestKeyword$_sendRequest_closure1.doCall(SendRequestKeyword.groovy:40)
	at com.kms.katalon.core.webservice.keyword.builtin.SendRequestKeyword$_sendRequest_closure1.call(SendRequestKeyword.groovy)
	at com.kms.katalon.core.keyword.internal.KeywordMain.runKeyword(KeywordMain.groovy:74)
	at com.kms.katalon.core.webservice.keyword.builtin.SendRequestKeyword.sendRequest(SendRequestKeyword.groovy:38)
	at com.kms.katalon.core.webservice.keyword.builtin.SendRequestKeyword.execute(SendRequestKeyword.groovy:33)
	at com.kms.katalon.core.keyword.internal.KeywordExecutor.executeKeywordForPlatform(KeywordExecutor.groovy:74)
	at com.kms.katalon.core.webservice.keyword.WSBuiltInKeywords.sendRequest(WSBuiltInKeywords.groovy:40)
	at com.kms.katalon.core.webservice.keyword.WSBuiltInKeywords$sendRequest.call(Unknown Source)
	at Script1655959243895.run(Script1655959243895.groovy:20)
	... 13 more
)
	at com.kms.katalon.core.keyword.internal.KeywordMain.stepFailed(KeywordMain.groovy:50)
	at com.kms.katalon.core.keyword.internal.KeywordMain.stepFailed(KeywordMain.groovy)
	at com.kms.katalon.core.keyword.internal.KeywordMain.runKeyword(KeywordMain.groovy:76)
	at com.kms.katalon.core.webservice.keyword.builtin.SendRequestKeyword.sendRequest(SendRequestKeyword.groovy:38)
	at com.kms.katalon.core.webservice.keyword.builtin.SendRequestKeyword.execute(SendRequestKeyword.groovy:33)
	at com.kms.katalon.core.keyword.internal.KeywordExecutor.executeKeywordForPlatform(KeywordExecutor.groovy:74)
	at com.kms.katalon.core.webservice.keyword.WSBuiltInKeywords.sendRequest(WSBuiltInKeywords.groovy:40)
	at com.kms.katalon.core.webservice.keyword.WSBuiltInKeywords$sendRequest.call(Unknown Source)
	at TC002_Get Material By Id (With invalid id).run(TC002_Get Material By Id (With invalid id):20)
	at com.kms.katalon.core.main.ScriptEngine.run(ScriptEngine.java:194)
	at com.kms.katalon.core.main.ScriptEngine.runScriptAsRawText(ScriptEngine.java:119)
	at com.kms.katalon.core.main.TestCaseExecutor.runScript(TestCaseExecutor.java:442)
	at com.kms.katalon.core.main.TestCaseExecutor.doExecute(TestCaseExecutor.java:433)
	at com.kms.katalon.core.main.TestCaseExecutor.processExecutionPhase(TestCaseExecutor.java:412)
	at com.kms.katalon.core.main.TestCaseExecutor.accessMainPhase(TestCaseExecutor.java:404)
	at com.kms.katalon.core.main.TestCaseExecutor.execute(TestCaseExecutor.java:281)
	at com.kms.katalon.core.main.TestSuiteExecutor.accessTestCaseMainPhase(TestSuiteExecutor.java:202)
	at com.kms.katalon.core.main.TestSuiteExecutor.accessTestSuiteMainPhase(TestSuiteExecutor.java:164)
	at com.kms.katalon.core.main.TestSuiteExecutor.execute(TestSuiteExecutor.java:105)
	at com.kms.katalon.core.main.TestCaseMain.startTestSuite(TestCaseMain.java:185)
	at com.kms.katalon.core.main.TestCaseMain$startTestSuite$0.call(Unknown Source)
	at TempTestSuite1656391471368.run(TempTestSuite1656391471368.groovy:36)
Caused by: java.lang.IllegalArgumentException: Illegal character in scheme name at index 0: {http://ec2-35-89-26-59.us-west-2.compute.amazonaws.com/restapi/v1/material/1123
	at com.kms.katalon.core.webservice.common.DefaultHttpEntityEnclosingRequest.<init>(DefaultHttpEntityEnclosingRequest.java:20)
	at com.kms.katalon.core.webservice.common.RestfulClient.buildHttpRequestWithBody(RestfulClient.java:41)
	at com.kms.katalon.core.webservice.common.RestfulClient.buildHttpRequest(RestfulClient.java:27)
	at com.kms.katalon.core.webservice.common.RestfulClient.buildHttpRequest(RestfulClient.java:1)
	at com.kms.katalon.core.webservice.common.BasicRequestor.send(BasicRequestor.java:55)
	at com.kms.katalon.core.webservice.helper.WebServiceCommonHelper.sendRequest(WebServiceCommonHelper.java:28)
	at com.kms.katalon.core.webservice.keyword.builtin.SendRequestKeyword$_sendRequest_closure1.doCall(SendRequestKeyword.groovy:40)
	at com.kms.katalon.core.webservice.keyword.builtin.SendRequestKeyword$_sendRequest_closure1.call(SendRequestKeyword.groovy)
	at com.kms.katalon.core.keyword.internal.KeywordMain.runKeyword(KeywordMain.groovy:74)
	... 19 more
Caused by: java.net.URISyntaxException: Illegal character in scheme name at index 0: {http://ec2-35-89-26-59.us-west-2.compute.amazonaws.com/restapi/v1/material/1123
	... 28 more


2022-06-28 11:55:38 - [TEST_STEP][FAILED] - response = sendRequest(findTestObject("01_API/03_Material/SC014_Get All Material By Id/TC002_Get Material By Id (With invalid id)")): Unable to send request (Root cause: java.lang.IllegalArgumentException: Illegal character in scheme name at index 0: {http://ec2-35-89-26-59.us-west-2.compute.amazonaws.com/restapi/v1/material/1123
	at com.kms.katalon.core.webservice.common.DefaultHttpEntityEnclosingRequest.<init>(DefaultHttpEntityEnclosingRequest.java:20)
	at com.kms.katalon.core.webservice.common.RestfulClient.buildHttpRequestWithBody(RestfulClient.java:41)
	at com.kms.katalon.core.webservice.common.RestfulClient.buildHttpRequest(RestfulClient.java:27)
	at com.kms.katalon.core.webservice.common.RestfulClient.buildHttpRequest(RestfulClient.java:1)
	at com.kms.katalon.core.webservice.common.BasicRequestor.send(BasicRequestor.java:55)
	at com.kms.katalon.core.webservice.helper.WebServiceCommonHelper.sendRequest(WebServiceCommonHelper.java:28)
	at com.kms.katalon.core.webservice.keyword.builtin.SendRequestKeyword$_sendRequest_closure1.doCall(SendRequestKeyword.groovy:40)
	at com.kms.katalon.core.webservice.keyword.builtin.SendRequestKeyword$_sendRequest_closure1.call(SendRequestKeyword.groovy)
	at com.kms.katalon.core.keyword.internal.KeywordMain.runKeyword(KeywordMain.groovy:74)
	at com.kms.katalon.core.webservice.keyword.builtin.SendRequestKeyword.sendRequest(SendRequestKeyword.groovy:38)
	at com.kms.katalon.core.webservice.keyword.builtin.SendRequestKeyword.execute(SendRequestKeyword.groovy:33)
	at com.kms.katalon.core.keyword.internal.KeywordExecutor.executeKeywordForPlatform(KeywordExecutor.groovy:74)
	at com.kms.katalon.core.webservice.keyword.WSBuiltInKeywords.sendRequest(WSBuiltInKeywords.groovy:40)
	at com.kms.katalon.core.webservice.keyword.WSBuiltInKeywords$sendRequest.call(Unknown Source)
	at TC002_Get Material By Id (With invalid id).run(TC002_Get Material By Id (With invalid id):20)
	at com.kms.katalon.core.main.ScriptEngine.run(ScriptEngine.java:194)
	at com.kms.katalon.core.main.ScriptEngine.runScriptAsRawText(ScriptEngine.java:119)
	at com.kms.katalon.core.main.TestCaseExecutor.runScript(TestCaseExecutor.java:442)
	at com.kms.katalon.core.main.TestCaseExecutor.doExecute(TestCaseExecutor.java:433)
	at com.kms.katalon.core.main.TestCaseExecutor.processExecutionPhase(TestCaseExecutor.java:412)
	at com.kms.katalon.core.main.TestCaseExecutor.accessMainPhase(TestCaseExecutor.java:404)
	at com.kms.katalon.core.main.TestCaseExecutor.execute(TestCaseExecutor.java:281)
	at com.kms.katalon.core.main.TestSuiteExecutor.accessTestCaseMainPhase(TestSuiteExecutor.java:202)
	at com.kms.katalon.core.main.TestSuiteExecutor.accessTestSuiteMainPhase(TestSuiteExecutor.java:164)
	at com.kms.katalon.core.main.TestSuiteExecutor.execute(TestSuiteExecutor.java:105)
	at com.kms.katalon.core.main.TestCaseMain.startTestSuite(TestCaseMain.java:185)
	at com.kms.katalon.core.main.TestCaseMain$startTestSuite$0.call(Unknown Source)
	at TempTestSuite1656391471368.run(TempTestSuite1656391471368.groovy:36)
Caused by: java.net.URISyntaxException: Illegal character in scheme name at index 0: {http://ec2-35-89-26-59.us-west-2.compute.amazonaws.com/restapi/v1/material/1123
	at com.kms.katalon.core.webservice.common.DefaultHttpEntityEnclosingRequest.<init>(DefaultHttpEntityEnclosingRequest.java:20)
	at com.kms.katalon.core.webservice.common.RestfulClient.buildHttpRequestWithBody(RestfulClient.java:41)
	at com.kms.katalon.core.webservice.common.RestfulClient.buildHttpRequest(RestfulClient.java:27)
	at com.kms.katalon.core.webservice.common.RestfulClient.buildHttpRequest(RestfulClient.java:1)
	at com.kms.katalon.core.webservice.common.BasicRequestor.send(BasicRequestor.java:55)
	at com.kms.katalon.core.webservice.helper.WebServiceCommonHelper.sendRequest(WebServiceCommonHelper.java:28)
	at com.kms.katalon.core.webservice.keyword.builtin.SendRequestKeyword$_sendRequest_closure1.doCall(SendRequestKeyword.groovy:40)
	at com.kms.katalon.core.webservice.keyword.builtin.SendRequestKeyword$_sendRequest_closure1.call(SendRequestKeyword.groovy)
	at com.kms.katalon.core.keyword.internal.KeywordMain.runKeyword(KeywordMain.groovy:74)
	at com.kms.katalon.core.webservice.keyword.builtin.SendRequestKeyword.sendRequest(SendRequestKeyword.groovy:38)
	at com.kms.katalon.core.webservice.keyword.builtin.SendRequestKeyword.execute(SendRequestKeyword.groovy:33)
	at com.kms.katalon.core.keyword.internal.KeywordExecutor.executeKeywordForPlatform(KeywordExecutor.groovy:74)
	at com.kms.katalon.core.webservice.keyword.WSBuiltInKeywords.sendRequest(WSBuiltInKeywords.groovy:40)
	at com.kms.katalon.core.webservice.keyword.WSBuiltInKeywords$sendRequest.call(Unknown Source)
	at Script1655959243895.run(Script1655959243895.groovy:20)
	... 13 more
)

2022-06-28 11:55:39 - [MESSAGE][FAILED] - Unable to send request (Root cause: java.lang.IllegalArgumentException: Illegal character in scheme name at index 0: {http://ec2-35-89-26-59.us-west-2.compute.amazonaws.com/restapi/v1/material/1123
	at com.kms.katalon.core.webservice.common.DefaultHttpEntityEnclosingRequest.<init>(DefaultHttpEntityEnclosingRequest.java:20)
	at com.kms.katalon.core.webservice.common.RestfulClient.buildHttpRequestWithBody(RestfulClient.java:41)
	at com.kms.katalon.core.webservice.common.RestfulClient.buildHttpRequest(RestfulClient.java:27)
	at com.kms.katalon.core.webservice.common.RestfulClient.buildHttpRequest(RestfulClient.java:1)
	at com.kms.katalon.core.webservice.common.BasicRequestor.send(BasicRequestor.java:55)
	at com.kms.katalon.core.webservice.helper.WebServiceCommonHelper.sendRequest(WebServiceCommonHelper.java:28)
	at com.kms.katalon.core.webservice.keyword.builtin.SendRequestKeyword$_sendRequest_closure1.doCall(SendRequestKeyword.groovy:40)
	at com.kms.katalon.core.webservice.keyword.builtin.SendRequestKeyword$_sendRequest_closure1.call(SendRequestKeyword.groovy)
	at com.kms.katalon.core.keyword.internal.KeywordMain.runKeyword(KeywordMain.groovy:74)
	at com.kms.katalon.core.webservice.keyword.builtin.SendRequestKeyword.sendRequest(SendRequestKeyword.groovy:38)
	at com.kms.katalon.core.webservice.keyword.builtin.SendRequestKeyword.execute(SendRequestKeyword.groovy:33)
	at com.kms.katalon.core.keyword.internal.KeywordExecutor.executeKeywordForPlatform(KeywordExecutor.groovy:74)
	at com.kms.katalon.core.webservice.keyword.WSBuiltInKeywords.sendRequest(WSBuiltInKeywords.groovy:40)
	at com.kms.katalon.core.webservice.keyword.WSBuiltInKeywords$sendRequest.call(Unknown Source)
	at TC002_Get Material By Id (With invalid id).run(TC002_Get Material By Id (With invalid id):20)
	at com.kms.katalon.core.main.ScriptEngine.run(ScriptEngine.java:194)
	at com.kms.katalon.core.main.ScriptEngine.runScriptAsRawText(ScriptEngine.java:119)
	at com.kms.katalon.core.main.TestCaseExecutor.runScript(TestCaseExecutor.java:442)
	at com.kms.katalon.core.main.TestCaseExecutor.doExecute(TestCaseExecutor.java:433)
	at com.kms.katalon.core.main.TestCaseExecutor.processExecutionPhase(TestCaseExecutor.java:412)
	at com.kms.katalon.core.main.TestCaseExecutor.accessMainPhase(TestCaseExecutor.java:404)
	at com.kms.katalon.core.main.TestCaseExecutor.execute(TestCaseExecutor.java:281)
	at com.kms.katalon.core.main.TestSuiteExecutor.accessTestCaseMainPhase(TestSuiteExecutor.java:202)
	at com.kms.katalon.core.main.TestSuiteExecutor.accessTestSuiteMainPhase(TestSuiteExecutor.java:164)
	at com.kms.katalon.core.main.TestSuiteExecutor.execute(TestSuiteExecutor.java:105)
	at com.kms.katalon.core.main.TestCaseMain.startTestSuite(TestCaseMain.java:185)
	at com.kms.katalon.core.main.TestCaseMain$startTestSuite$0.call(Unknown Source)
	at TempTestSuite1656391471368.run(TempTestSuite1656391471368.groovy:36)
Caused by: java.net.URISyntaxException: Illegal character in scheme name at index 0: {http://ec2-35-89-26-59.us-west-2.compute.amazonaws.com/restapi/v1/material/1123
	at com.kms.katalon.core.webservice.common.DefaultHttpEntityEnclosingRequest.<init>(DefaultHttpEntityEnclosingRequest.java:20)
	at com.kms.katalon.core.webservice.common.RestfulClient.buildHttpRequestWithBody(RestfulClient.java:41)
	at com.kms.katalon.core.webservice.common.RestfulClient.buildHttpRequest(RestfulClient.java:27)
	at com.kms.katalon.core.webservice.common.RestfulClient.buildHttpRequest(RestfulClient.java:1)
	at com.kms.katalon.core.webservice.common.BasicRequestor.send(BasicRequestor.java:55)
	at com.kms.katalon.core.webservice.helper.WebServiceCommonHelper.sendRequest(WebServiceCommonHelper.java:28)
	at com.kms.katalon.core.webservice.keyword.builtin.SendRequestKeyword$_sendRequest_closure1.doCall(SendRequestKeyword.groovy:40)
	at com.kms.katalon.core.webservice.keyword.builtin.SendRequestKeyword$_sendRequest_closure1.call(SendRequestKeyword.groovy)
	at com.kms.katalon.core.keyword.internal.KeywordMain.runKeyword(KeywordMain.groovy:74)
	at com.kms.katalon.core.webservice.keyword.builtin.SendRequestKeyword.sendRequest(SendRequestKeyword.groovy:38)
	at com.kms.katalon.core.webservice.keyword.builtin.SendRequestKeyword.execute(SendRequestKeyword.groovy:33)
	at com.kms.katalon.core.keyword.internal.KeywordExecutor.executeKeywordForPlatform(KeywordExecutor.groovy:74)
	at com.kms.katalon.core.webservice.keyword.WSBuiltInKeywords.sendRequest(WSBuiltInKeywords.groovy:40)
	at com.kms.katalon.core.webservice.keyword.WSBuiltInKeywords$sendRequest.call(Unknown Source)
	at Script1655959243895.run(Script1655959243895.groovy:20)
	... 13 more
)]]></system-out>
         <system-err><![CDATA[2022-06-28 11:55:38 - [TEST_CASE][FAILED] - Test Cases/01_API/03_Class Material/SC014_Get All Material By Id/TC002_Get Material By Id (With invalid id): Test Cases/01_API/03_Class Material/SC014_Get All Material By Id/TC002_Get Material By Id (With invalid id) FAILED.
Reason:
com.kms.katalon.core.exception.StepFailedException: Unable to send request (Root cause: java.lang.IllegalArgumentException: Illegal character in scheme name at index 0: {http://ec2-35-89-26-59.us-west-2.compute.amazonaws.com/restapi/v1/material/1123
	at com.kms.katalon.core.webservice.common.DefaultHttpEntityEnclosingRequest.<init>(DefaultHttpEntityEnclosingRequest.java:20)
	at com.kms.katalon.core.webservice.common.RestfulClient.buildHttpRequestWithBody(RestfulClient.java:41)
	at com.kms.katalon.core.webservice.common.RestfulClient.buildHttpRequest(RestfulClient.java:27)
	at com.kms.katalon.core.webservice.common.RestfulClient.buildHttpRequest(RestfulClient.java:1)
	at com.kms.katalon.core.webservice.common.BasicRequestor.send(BasicRequestor.java:55)
	at com.kms.katalon.core.webservice.helper.WebServiceCommonHelper.sendRequest(WebServiceCommonHelper.java:28)
	at com.kms.katalon.core.webservice.keyword.builtin.SendRequestKeyword$_sendRequest_closure1.doCall(SendRequestKeyword.groovy:40)
	at com.kms.katalon.core.webservice.keyword.builtin.SendRequestKeyword$_sendRequest_closure1.call(SendRequestKeyword.groovy)
	at com.kms.katalon.core.keyword.internal.KeywordMain.runKeyword(KeywordMain.groovy:74)
	at com.kms.katalon.core.webservice.keyword.builtin.SendRequestKeyword.sendRequest(SendRequestKeyword.groovy:38)
	at com.kms.katalon.core.webservice.keyword.builtin.SendRequestKeyword.execute(SendRequestKeyword.groovy:33)
	at com.kms.katalon.core.keyword.internal.KeywordExecutor.executeKeywordForPlatform(KeywordExecutor.groovy:74)
	at com.kms.katalon.core.webservice.keyword.WSBuiltInKeywords.sendRequest(WSBuiltInKeywords.groovy:40)
	at com.kms.katalon.core.webservice.keyword.WSBuiltInKeywords$sendRequest.call(Unknown Source)
	at TC002_Get Material By Id (With invalid id).run(TC002_Get Material By Id (With invalid id):20)
	at com.kms.katalon.core.main.ScriptEngine.run(ScriptEngine.java:194)
	at com.kms.katalon.core.main.ScriptEngine.runScriptAsRawText(ScriptEngine.java:119)
	at com.kms.katalon.core.main.TestCaseExecutor.runScript(TestCaseExecutor.java:442)
	at com.kms.katalon.core.main.TestCaseExecutor.doExecute(TestCaseExecutor.java:433)
	at com.kms.katalon.core.main.TestCaseExecutor.processExecutionPhase(TestCaseExecutor.java:412)
	at com.kms.katalon.core.main.TestCaseExecutor.accessMainPhase(TestCaseExecutor.java:404)
	at com.kms.katalon.core.main.TestCaseExecutor.execute(TestCaseExecutor.java:281)
	at com.kms.katalon.core.main.TestSuiteExecutor.accessTestCaseMainPhase(TestSuiteExecutor.java:202)
	at com.kms.katalon.core.main.TestSuiteExecutor.accessTestSuiteMainPhase(TestSuiteExecutor.java:164)
	at com.kms.katalon.core.main.TestSuiteExecutor.execute(TestSuiteExecutor.java:105)
	at com.kms.katalon.core.main.TestCaseMain.startTestSuite(TestCaseMain.java:185)
	at com.kms.katalon.core.main.TestCaseMain$startTestSuite$0.call(Unknown Source)
	at TempTestSuite1656391471368.run(TempTestSuite1656391471368.groovy:36)
Caused by: java.net.URISyntaxException: Illegal character in scheme name at index 0: {http://ec2-35-89-26-59.us-west-2.compute.amazonaws.com/restapi/v1/material/1123
	at com.kms.katalon.core.webservice.common.DefaultHttpEntityEnclosingRequest.<init>(DefaultHttpEntityEnclosingRequest.java:20)
	at com.kms.katalon.core.webservice.common.RestfulClient.buildHttpRequestWithBody(RestfulClient.java:41)
	at com.kms.katalon.core.webservice.common.RestfulClient.buildHttpRequest(RestfulClient.java:27)
	at com.kms.katalon.core.webservice.common.RestfulClient.buildHttpRequest(RestfulClient.java:1)
	at com.kms.katalon.core.webservice.common.BasicRequestor.send(BasicRequestor.java:55)
	at com.kms.katalon.core.webservice.helper.WebServiceCommonHelper.sendRequest(WebServiceCommonHelper.java:28)
	at com.kms.katalon.core.webservice.keyword.builtin.SendRequestKeyword$_sendRequest_closure1.doCall(SendRequestKeyword.groovy:40)
	at com.kms.katalon.core.webservice.keyword.builtin.SendRequestKeyword$_sendRequest_closure1.call(SendRequestKeyword.groovy)
	at com.kms.katalon.core.keyword.internal.KeywordMain.runKeyword(KeywordMain.groovy:74)
	at com.kms.katalon.core.webservice.keyword.builtin.SendRequestKeyword.sendRequest(SendRequestKeyword.groovy:38)
	at com.kms.katalon.core.webservice.keyword.builtin.SendRequestKeyword.execute(SendRequestKeyword.groovy:33)
	at com.kms.katalon.core.keyword.internal.KeywordExecutor.executeKeywordForPlatform(KeywordExecutor.groovy:74)
	at com.kms.katalon.core.webservice.keyword.WSBuiltInKeywords.sendRequest(WSBuiltInKeywords.groovy:40)
	at com.kms.katalon.core.webservice.keyword.WSBuiltInKeywords$sendRequest.call(Unknown Source)
	at Script1655959243895.run(Script1655959243895.groovy:20)
	... 13 more
)
	at com.kms.katalon.core.keyword.internal.KeywordMain.stepFailed(KeywordMain.groovy:50)
	at com.kms.katalon.core.keyword.internal.KeywordMain.stepFailed(KeywordMain.groovy)
	at com.kms.katalon.core.keyword.internal.KeywordMain.runKeyword(KeywordMain.groovy:76)
	at com.kms.katalon.core.webservice.keyword.builtin.SendRequestKeyword.sendRequest(SendRequestKeyword.groovy:38)
	at com.kms.katalon.core.webservice.keyword.builtin.SendRequestKeyword.execute(SendRequestKeyword.groovy:33)
	at com.kms.katalon.core.keyword.internal.KeywordExecutor.executeKeywordForPlatform(KeywordExecutor.groovy:74)
	at com.kms.katalon.core.webservice.keyword.WSBuiltInKeywords.sendRequest(WSBuiltInKeywords.groovy:40)
	at com.kms.katalon.core.webservice.keyword.WSBuiltInKeywords$sendRequest.call(Unknown Source)
	at TC002_Get Material By Id (With invalid id).run(TC002_Get Material By Id (With invalid id):20)
	at com.kms.katalon.core.main.ScriptEngine.run(ScriptEngine.java:194)
	at com.kms.katalon.core.main.ScriptEngine.runScriptAsRawText(ScriptEngine.java:119)
	at com.kms.katalon.core.main.TestCaseExecutor.runScript(TestCaseExecutor.java:442)
	at com.kms.katalon.core.main.TestCaseExecutor.doExecute(TestCaseExecutor.java:433)
	at com.kms.katalon.core.main.TestCaseExecutor.processExecutionPhase(TestCaseExecutor.java:412)
	at com.kms.katalon.core.main.TestCaseExecutor.accessMainPhase(TestCaseExecutor.java:404)
	at com.kms.katalon.core.main.TestCaseExecutor.execute(TestCaseExecutor.java:281)
	at com.kms.katalon.core.main.TestSuiteExecutor.accessTestCaseMainPhase(TestSuiteExecutor.java:202)
	at com.kms.katalon.core.main.TestSuiteExecutor.accessTestSuiteMainPhase(TestSuiteExecutor.java:164)
	at com.kms.katalon.core.main.TestSuiteExecutor.execute(TestSuiteExecutor.java:105)
	at com.kms.katalon.core.main.TestCaseMain.startTestSuite(TestCaseMain.java:185)
	at com.kms.katalon.core.main.TestCaseMain$startTestSuite$0.call(Unknown Source)
	at TempTestSuite1656391471368.run(TempTestSuite1656391471368.groovy:36)
Caused by: java.lang.IllegalArgumentException: Illegal character in scheme name at index 0: {http://ec2-35-89-26-59.us-west-2.compute.amazonaws.com/restapi/v1/material/1123
	at com.kms.katalon.core.webservice.common.DefaultHttpEntityEnclosingRequest.<init>(DefaultHttpEntityEnclosingRequest.java:20)
	at com.kms.katalon.core.webservice.common.RestfulClient.buildHttpRequestWithBody(RestfulClient.java:41)
	at com.kms.katalon.core.webservice.common.RestfulClient.buildHttpRequest(RestfulClient.java:27)
	at com.kms.katalon.core.webservice.common.RestfulClient.buildHttpRequest(RestfulClient.java:1)
	at com.kms.katalon.core.webservice.common.BasicRequestor.send(BasicRequestor.java:55)
	at com.kms.katalon.core.webservice.helper.WebServiceCommonHelper.sendRequest(WebServiceCommonHelper.java:28)
	at com.kms.katalon.core.webservice.keyword.builtin.SendRequestKeyword$_sendRequest_closure1.doCall(SendRequestKeyword.groovy:40)
	at com.kms.katalon.core.webservice.keyword.builtin.SendRequestKeyword$_sendRequest_closure1.call(SendRequestKeyword.groovy)
	at com.kms.katalon.core.keyword.internal.KeywordMain.runKeyword(KeywordMain.groovy:74)
	... 19 more
Caused by: java.net.URISyntaxException: Illegal character in scheme name at index 0: {http://ec2-35-89-26-59.us-west-2.compute.amazonaws.com/restapi/v1/material/1123
	... 28 more]]></system-err>
      </testcase>
      <testcase name="Test Cases/01_API/03_Class Material/SC014_Get All Material By Id/TC001_Get Material By Id" time="0.833" classname="Test Cases/01_API/03_Class Material/SC014_Get All Material By Id/TC001_Get Material By Id" status="FAILED">
         <failure type="FAILED" message="Test Cases/01_API/03_Class Material/SC014_Get All Material By Id/TC001_Get Material By Id FAILED.
Reason:
com.kms.katalon.core.exception.StepFailedException: Unable to send request (Root cause: java.lang.IllegalArgumentException: Illegal character in scheme name at index 0: {http://ec2-35-89-26-59.us-west-2.compute.amazonaws.com/restapi/v1/material/1
	at com.kms.katalon.core.webservice.common.DefaultHttpEntityEnclosingRequest.&lt;init>(DefaultHttpEntityEnclosingRequest.java:20)
	at com.kms.katalon.core.webservice.common.RestfulClient.buildHttpRequestWithBody(RestfulClient.java:41)
	at com.kms.katalon.core.webservice.common.RestfulClient.buildHttpRequest(RestfulClient.java:27)
	at com.kms.katalon.core.webservice.common.RestfulClient.buildHttpRequest(RestfulClient.java:1)
	at com.kms.katalon.core.webservice.common.BasicRequestor.send(BasicRequestor.java:55)
	at com.kms.katalon.core.webservice.helper.WebServiceCommonHelper.sendRequest(WebServiceCommonHelper.java:28)
	at com.kms.katalon.core.webservice.keyword.builtin.SendRequestKeyword$_sendRequest_closure1.doCall(SendRequestKeyword.groovy:40)
	at com.kms.katalon.core.webservice.keyword.builtin.SendRequestKeyword$_sendRequest_closure1.call(SendRequestKeyword.groovy)
	at com.kms.katalon.core.keyword.internal.KeywordMain.runKeyword(KeywordMain.groovy:74)
	at com.kms.katalon.core.webservice.keyword.builtin.SendRequestKeyword.sendRequest(SendRequestKeyword.groovy:38)
	at com.kms.katalon.core.webservice.keyword.builtin.SendRequestKeyword.execute(SendRequestKeyword.groovy:33)
	at com.kms.katalon.core.keyword.internal.KeywordExecutor.executeKeywordForPlatform(KeywordExecutor.groovy:74)
	at com.kms.katalon.core.webservice.keyword.WSBuiltInKeywords.sendRequest(WSBuiltInKeywords.groovy:40)
	at com.kms.katalon.core.webservice.keyword.WSBuiltInKeywords$sendRequest.call(Unknown Source)
	at TC001_Get Material By Id.run(TC001_Get Material By Id:20)
	at com.kms.katalon.core.main.ScriptEngine.run(ScriptEngine.java:194)
	at com.kms.katalon.core.main.ScriptEngine.runScriptAsRawText(ScriptEngine.java:119)
	at com.kms.katalon.core.main.TestCaseExecutor.runScript(TestCaseExecutor.java:442)
	at com.kms.katalon.core.main.TestCaseExecutor.doExecute(TestCaseExecutor.java:433)
	at com.kms.katalon.core.main.TestCaseExecutor.processExecutionPhase(TestCaseExecutor.java:412)
	at com.kms.katalon.core.main.TestCaseExecutor.accessMainPhase(TestCaseExecutor.java:404)
	at com.kms.katalon.core.main.TestCaseExecutor.execute(TestCaseExecutor.java:281)
	at com.kms.katalon.core.main.TestSuiteExecutor.accessTestCaseMainPhase(TestSuiteExecutor.java:202)
	at com.kms.katalon.core.main.TestSuiteExecutor.accessTestSuiteMainPhase(TestSuiteExecutor.java:164)
	at com.kms.katalon.core.main.TestSuiteExecutor.execute(TestSuiteExecutor.java:105)
	at com.kms.katalon.core.main.TestCaseMain.startTestSuite(TestCaseMain.java:185)
	at com.kms.katalon.core.main.TestCaseMain$startTestSuite$0.call(Unknown Source)
	at TempTestSuite1656391471368.run(TempTestSuite1656391471368.groovy:36)
Caused by: java.net.URISyntaxException: Illegal character in scheme name at index 0: {http://ec2-35-89-26-59.us-west-2.compute.amazonaws.com/restapi/v1/material/1
	at com.kms.katalon.core.webservice.common.DefaultHttpEntityEnclosingRequest.&lt;init>(DefaultHttpEntityEnclosingRequest.java:20)
	at com.kms.katalon.core.webservice.common.RestfulClient.buildHttpRequestWithBody(RestfulClient.java:41)
	at com.kms.katalon.core.webservice.common.RestfulClient.buildHttpRequest(RestfulClient.java:27)
	at com.kms.katalon.core.webservice.common.RestfulClient.buildHttpRequest(RestfulClient.java:1)
	at com.kms.katalon.core.webservice.common.BasicRequestor.send(BasicRequestor.java:55)
	at com.kms.katalon.core.webservice.helper.WebServiceCommonHelper.sendRequest(WebServiceCommonHelper.java:28)
	at com.kms.katalon.core.webservice.keyword.builtin.SendRequestKeyword$_sendRequest_closure1.doCall(SendRequestKeyword.groovy:40)
	at com.kms.katalon.core.webservice.keyword.builtin.SendRequestKeyword$_sendRequest_closure1.call(SendRequestKeyword.groovy)
	at com.kms.katalon.core.keyword.internal.KeywordMain.runKeyword(KeywordMain.groovy:74)
	at com.kms.katalon.core.webservice.keyword.builtin.SendRequestKeyword.sendRequest(SendRequestKeyword.groovy:38)
	at com.kms.katalon.core.webservice.keyword.builtin.SendRequestKeyword.execute(SendRequestKeyword.groovy:33)
	at com.kms.katalon.core.keyword.internal.KeywordExecutor.executeKeywordForPlatform(KeywordExecutor.groovy:74)
	at com.kms.katalon.core.webservice.keyword.WSBuiltInKeywords.sendRequest(WSBuiltInKeywords.groovy:40)
	at com.kms.katalon.core.webservice.keyword.WSBuiltInKeywords$sendRequest.call(Unknown Source)
	at Script1655958971963.run(Script1655958971963.groovy:20)
	... 13 more
)
	at com.kms.katalon.core.keyword.internal.KeywordMain.stepFailed(KeywordMain.groovy:50)
	at com.kms.katalon.core.keyword.internal.KeywordMain.stepFailed(KeywordMain.groovy)
	at com.kms.katalon.core.keyword.internal.KeywordMain.runKeyword(KeywordMain.groovy:76)
	at com.kms.katalon.core.webservice.keyword.builtin.SendRequestKeyword.sendRequest(SendRequestKeyword.groovy:38)
	at com.kms.katalon.core.webservice.keyword.builtin.SendRequestKeyword.execute(SendRequestKeyword.groovy:33)
	at com.kms.katalon.core.keyword.internal.KeywordExecutor.executeKeywordForPlatform(KeywordExecutor.groovy:74)
	at com.kms.katalon.core.webservice.keyword.WSBuiltInKeywords.sendRequest(WSBuiltInKeywords.groovy:40)
	at com.kms.katalon.core.webservice.keyword.WSBuiltInKeywords$sendRequest.call(Unknown Source)
	at TC001_Get Material By Id.run(TC001_Get Material By Id:20)
	at com.kms.katalon.core.main.ScriptEngine.run(ScriptEngine.java:194)
	at com.kms.katalon.core.main.ScriptEngine.runScriptAsRawText(ScriptEngine.java:119)
	at com.kms.katalon.core.main.TestCaseExecutor.runScript(TestCaseExecutor.java:442)
	at com.kms.katalon.core.main.TestCaseExecutor.doExecute(TestCaseExecutor.java:433)
	at com.kms.katalon.core.main.TestCaseExecutor.processExecutionPhase(TestCaseExecutor.java:412)
	at com.kms.katalon.core.main.TestCaseExecutor.accessMainPhase(TestCaseExecutor.java:404)
	at com.kms.katalon.core.main.TestCaseExecutor.execute(TestCaseExecutor.java:281)
	at com.kms.katalon.core.main.TestSuiteExecutor.accessTestCaseMainPhase(TestSuiteExecutor.java:202)
	at com.kms.katalon.core.main.TestSuiteExecutor.accessTestSuiteMainPhase(TestSuiteExecutor.java:164)
	at com.kms.katalon.core.main.TestSuiteExecutor.execute(TestSuiteExecutor.java:105)
	at com.kms.katalon.core.main.TestCaseMain.startTestSuite(TestCaseMain.java:185)
	at com.kms.katalon.core.main.TestCaseMain$startTestSuite$0.call(Unknown Source)
	at TempTestSuite1656391471368.run(TempTestSuite1656391471368.groovy:36)
Caused by: java.lang.IllegalArgumentException: Illegal character in scheme name at index 0: {http://ec2-35-89-26-59.us-west-2.compute.amazonaws.com/restapi/v1/material/1
	at com.kms.katalon.core.webservice.common.DefaultHttpEntityEnclosingRequest.&lt;init>(DefaultHttpEntityEnclosingRequest.java:20)
	at com.kms.katalon.core.webservice.common.RestfulClient.buildHttpRequestWithBody(RestfulClient.java:41)
	at com.kms.katalon.core.webservice.common.RestfulClient.buildHttpRequest(RestfulClient.java:27)
	at com.kms.katalon.core.webservice.common.RestfulClient.buildHttpRequest(RestfulClient.java:1)
	at com.kms.katalon.core.webservice.common.BasicRequestor.send(BasicRequestor.java:55)
	at com.kms.katalon.core.webservice.helper.WebServiceCommonHelper.sendRequest(WebServiceCommonHelper.java:28)
	at com.kms.katalon.core.webservice.keyword.builtin.SendRequestKeyword$_sendRequest_closure1.doCall(SendRequestKeyword.groovy:40)
	at com.kms.katalon.core.webservice.keyword.builtin.SendRequestKeyword$_sendRequest_closure1.call(SendRequestKeyword.groovy)
	at com.kms.katalon.core.keyword.internal.KeywordMain.runKeyword(KeywordMain.groovy:74)
	... 19 more
Caused by: java.net.URISyntaxException: Illegal character in scheme name at index 0: {http://ec2-35-89-26-59.us-west-2.compute.amazonaws.com/restapi/v1/material/1
	... 28 more
"/>
         <system-out><![CDATA[2022-06-28 11:55:39 - [TEST_CASE][FAILED] - Test Cases/01_API/03_Class Material/SC014_Get All Material By Id/TC001_Get Material By Id: Test Cases/01_API/03_Class Material/SC014_Get All Material By Id/TC001_Get Material By Id FAILED.
Reason:
com.kms.katalon.core.exception.StepFailedException: Unable to send request (Root cause: java.lang.IllegalArgumentException: Illegal character in scheme name at index 0: {http://ec2-35-89-26-59.us-west-2.compute.amazonaws.com/restapi/v1/material/1
	at com.kms.katalon.core.webservice.common.DefaultHttpEntityEnclosingRequest.<init>(DefaultHttpEntityEnclosingRequest.java:20)
	at com.kms.katalon.core.webservice.common.RestfulClient.buildHttpRequestWithBody(RestfulClient.java:41)
	at com.kms.katalon.core.webservice.common.RestfulClient.buildHttpRequest(RestfulClient.java:27)
	at com.kms.katalon.core.webservice.common.RestfulClient.buildHttpRequest(RestfulClient.java:1)
	at com.kms.katalon.core.webservice.common.BasicRequestor.send(BasicRequestor.java:55)
	at com.kms.katalon.core.webservice.helper.WebServiceCommonHelper.sendRequest(WebServiceCommonHelper.java:28)
	at com.kms.katalon.core.webservice.keyword.builtin.SendRequestKeyword$_sendRequest_closure1.doCall(SendRequestKeyword.groovy:40)
	at com.kms.katalon.core.webservice.keyword.builtin.SendRequestKeyword$_sendRequest_closure1.call(SendRequestKeyword.groovy)
	at com.kms.katalon.core.keyword.internal.KeywordMain.runKeyword(KeywordMain.groovy:74)
	at com.kms.katalon.core.webservice.keyword.builtin.SendRequestKeyword.sendRequest(SendRequestKeyword.groovy:38)
	at com.kms.katalon.core.webservice.keyword.builtin.SendRequestKeyword.execute(SendRequestKeyword.groovy:33)
	at com.kms.katalon.core.keyword.internal.KeywordExecutor.executeKeywordForPlatform(KeywordExecutor.groovy:74)
	at com.kms.katalon.core.webservice.keyword.WSBuiltInKeywords.sendRequest(WSBuiltInKeywords.groovy:40)
	at com.kms.katalon.core.webservice.keyword.WSBuiltInKeywords$sendRequest.call(Unknown Source)
	at TC001_Get Material By Id.run(TC001_Get Material By Id:20)
	at com.kms.katalon.core.main.ScriptEngine.run(ScriptEngine.java:194)
	at com.kms.katalon.core.main.ScriptEngine.runScriptAsRawText(ScriptEngine.java:119)
	at com.kms.katalon.core.main.TestCaseExecutor.runScript(TestCaseExecutor.java:442)
	at com.kms.katalon.core.main.TestCaseExecutor.doExecute(TestCaseExecutor.java:433)
	at com.kms.katalon.core.main.TestCaseExecutor.processExecutionPhase(TestCaseExecutor.java:412)
	at com.kms.katalon.core.main.TestCaseExecutor.accessMainPhase(TestCaseExecutor.java:404)
	at com.kms.katalon.core.main.TestCaseExecutor.execute(TestCaseExecutor.java:281)
	at com.kms.katalon.core.main.TestSuiteExecutor.accessTestCaseMainPhase(TestSuiteExecutor.java:202)
	at com.kms.katalon.core.main.TestSuiteExecutor.accessTestSuiteMainPhase(TestSuiteExecutor.java:164)
	at com.kms.katalon.core.main.TestSuiteExecutor.execute(TestSuiteExecutor.java:105)
	at com.kms.katalon.core.main.TestCaseMain.startTestSuite(TestCaseMain.java:185)
	at com.kms.katalon.core.main.TestCaseMain$startTestSuite$0.call(Unknown Source)
	at TempTestSuite1656391471368.run(TempTestSuite1656391471368.groovy:36)
Caused by: java.net.URISyntaxException: Illegal character in scheme name at index 0: {http://ec2-35-89-26-59.us-west-2.compute.amazonaws.com/restapi/v1/material/1
	at com.kms.katalon.core.webservice.common.DefaultHttpEntityEnclosingRequest.<init>(DefaultHttpEntityEnclosingRequest.java:20)
	at com.kms.katalon.core.webservice.common.RestfulClient.buildHttpRequestWithBody(RestfulClient.java:41)
	at com.kms.katalon.core.webservice.common.RestfulClient.buildHttpRequest(RestfulClient.java:27)
	at com.kms.katalon.core.webservice.common.RestfulClient.buildHttpRequest(RestfulClient.java:1)
	at com.kms.katalon.core.webservice.common.BasicRequestor.send(BasicRequestor.java:55)
	at com.kms.katalon.core.webservice.helper.WebServiceCommonHelper.sendRequest(WebServiceCommonHelper.java:28)
	at com.kms.katalon.core.webservice.keyword.builtin.SendRequestKeyword$_sendRequest_closure1.doCall(SendRequestKeyword.groovy:40)
	at com.kms.katalon.core.webservice.keyword.builtin.SendRequestKeyword$_sendRequest_closure1.call(SendRequestKeyword.groovy)
	at com.kms.katalon.core.keyword.internal.KeywordMain.runKeyword(KeywordMain.groovy:74)
	at com.kms.katalon.core.webservice.keyword.builtin.SendRequestKeyword.sendRequest(SendRequestKeyword.groovy:38)
	at com.kms.katalon.core.webservice.keyword.builtin.SendRequestKeyword.execute(SendRequestKeyword.groovy:33)
	at com.kms.katalon.core.keyword.internal.KeywordExecutor.executeKeywordForPlatform(KeywordExecutor.groovy:74)
	at com.kms.katalon.core.webservice.keyword.WSBuiltInKeywords.sendRequest(WSBuiltInKeywords.groovy:40)
	at com.kms.katalon.core.webservice.keyword.WSBuiltInKeywords$sendRequest.call(Unknown Source)
	at Script1655958971963.run(Script1655958971963.groovy:20)
	... 13 more
)
	at com.kms.katalon.core.keyword.internal.KeywordMain.stepFailed(KeywordMain.groovy:50)
	at com.kms.katalon.core.keyword.internal.KeywordMain.stepFailed(KeywordMain.groovy)
	at com.kms.katalon.core.keyword.internal.KeywordMain.runKeyword(KeywordMain.groovy:76)
	at com.kms.katalon.core.webservice.keyword.builtin.SendRequestKeyword.sendRequest(SendRequestKeyword.groovy:38)
	at com.kms.katalon.core.webservice.keyword.builtin.SendRequestKeyword.execute(SendRequestKeyword.groovy:33)
	at com.kms.katalon.core.keyword.internal.KeywordExecutor.executeKeywordForPlatform(KeywordExecutor.groovy:74)
	at com.kms.katalon.core.webservice.keyword.WSBuiltInKeywords.sendRequest(WSBuiltInKeywords.groovy:40)
	at com.kms.katalon.core.webservice.keyword.WSBuiltInKeywords$sendRequest.call(Unknown Source)
	at TC001_Get Material By Id.run(TC001_Get Material By Id:20)
	at com.kms.katalon.core.main.ScriptEngine.run(ScriptEngine.java:194)
	at com.kms.katalon.core.main.ScriptEngine.runScriptAsRawText(ScriptEngine.java:119)
	at com.kms.katalon.core.main.TestCaseExecutor.runScript(TestCaseExecutor.java:442)
	at com.kms.katalon.core.main.TestCaseExecutor.doExecute(TestCaseExecutor.java:433)
	at com.kms.katalon.core.main.TestCaseExecutor.processExecutionPhase(TestCaseExecutor.java:412)
	at com.kms.katalon.core.main.TestCaseExecutor.accessMainPhase(TestCaseExecutor.java:404)
	at com.kms.katalon.core.main.TestCaseExecutor.execute(TestCaseExecutor.java:281)
	at com.kms.katalon.core.main.TestSuiteExecutor.accessTestCaseMainPhase(TestSuiteExecutor.java:202)
	at com.kms.katalon.core.main.TestSuiteExecutor.accessTestSuiteMainPhase(TestSuiteExecutor.java:164)
	at com.kms.katalon.core.main.TestSuiteExecutor.execute(TestSuiteExecutor.java:105)
	at com.kms.katalon.core.main.TestCaseMain.startTestSuite(TestCaseMain.java:185)
	at com.kms.katalon.core.main.TestCaseMain$startTestSuite$0.call(Unknown Source)
	at TempTestSuite1656391471368.run(TempTestSuite1656391471368.groovy:36)
Caused by: java.lang.IllegalArgumentException: Illegal character in scheme name at index 0: {http://ec2-35-89-26-59.us-west-2.compute.amazonaws.com/restapi/v1/material/1
	at com.kms.katalon.core.webservice.common.DefaultHttpEntityEnclosingRequest.<init>(DefaultHttpEntityEnclosingRequest.java:20)
	at com.kms.katalon.core.webservice.common.RestfulClient.buildHttpRequestWithBody(RestfulClient.java:41)
	at com.kms.katalon.core.webservice.common.RestfulClient.buildHttpRequest(RestfulClient.java:27)
	at com.kms.katalon.core.webservice.common.RestfulClient.buildHttpRequest(RestfulClient.java:1)
	at com.kms.katalon.core.webservice.common.BasicRequestor.send(BasicRequestor.java:55)
	at com.kms.katalon.core.webservice.helper.WebServiceCommonHelper.sendRequest(WebServiceCommonHelper.java:28)
	at com.kms.katalon.core.webservice.keyword.builtin.SendRequestKeyword$_sendRequest_closure1.doCall(SendRequestKeyword.groovy:40)
	at com.kms.katalon.core.webservice.keyword.builtin.SendRequestKeyword$_sendRequest_closure1.call(SendRequestKeyword.groovy)
	at com.kms.katalon.core.keyword.internal.KeywordMain.runKeyword(KeywordMain.groovy:74)
	... 19 more
Caused by: java.net.URISyntaxException: Illegal character in scheme name at index 0: {http://ec2-35-89-26-59.us-west-2.compute.amazonaws.com/restapi/v1/material/1
	... 28 more


2022-06-28 11:55:39 - [TEST_STEP][FAILED] - response = sendRequest(findTestObject("01_API/03_Material/SC014_Get All Material By Id/TC001_Get Material By Id")): Unable to send request (Root cause: java.lang.IllegalArgumentException: Illegal character in scheme name at index 0: {http://ec2-35-89-26-59.us-west-2.compute.amazonaws.com/restapi/v1/material/1
	at com.kms.katalon.core.webservice.common.DefaultHttpEntityEnclosingRequest.<init>(DefaultHttpEntityEnclosingRequest.java:20)
	at com.kms.katalon.core.webservice.common.RestfulClient.buildHttpRequestWithBody(RestfulClient.java:41)
	at com.kms.katalon.core.webservice.common.RestfulClient.buildHttpRequest(RestfulClient.java:27)
	at com.kms.katalon.core.webservice.common.RestfulClient.buildHttpRequest(RestfulClient.java:1)
	at com.kms.katalon.core.webservice.common.BasicRequestor.send(BasicRequestor.java:55)
	at com.kms.katalon.core.webservice.helper.WebServiceCommonHelper.sendRequest(WebServiceCommonHelper.java:28)
	at com.kms.katalon.core.webservice.keyword.builtin.SendRequestKeyword$_sendRequest_closure1.doCall(SendRequestKeyword.groovy:40)
	at com.kms.katalon.core.webservice.keyword.builtin.SendRequestKeyword$_sendRequest_closure1.call(SendRequestKeyword.groovy)
	at com.kms.katalon.core.keyword.internal.KeywordMain.runKeyword(KeywordMain.groovy:74)
	at com.kms.katalon.core.webservice.keyword.builtin.SendRequestKeyword.sendRequest(SendRequestKeyword.groovy:38)
	at com.kms.katalon.core.webservice.keyword.builtin.SendRequestKeyword.execute(SendRequestKeyword.groovy:33)
	at com.kms.katalon.core.keyword.internal.KeywordExecutor.executeKeywordForPlatform(KeywordExecutor.groovy:74)
	at com.kms.katalon.core.webservice.keyword.WSBuiltInKeywords.sendRequest(WSBuiltInKeywords.groovy:40)
	at com.kms.katalon.core.webservice.keyword.WSBuiltInKeywords$sendRequest.call(Unknown Source)
	at TC001_Get Material By Id.run(TC001_Get Material By Id:20)
	at com.kms.katalon.core.main.ScriptEngine.run(ScriptEngine.java:194)
	at com.kms.katalon.core.main.ScriptEngine.runScriptAsRawText(ScriptEngine.java:119)
	at com.kms.katalon.core.main.TestCaseExecutor.runScript(TestCaseExecutor.java:442)
	at com.kms.katalon.core.main.TestCaseExecutor.doExecute(TestCaseExecutor.java:433)
	at com.kms.katalon.core.main.TestCaseExecutor.processExecutionPhase(TestCaseExecutor.java:412)
	at com.kms.katalon.core.main.TestCaseExecutor.accessMainPhase(TestCaseExecutor.java:404)
	at com.kms.katalon.core.main.TestCaseExecutor.execute(TestCaseExecutor.java:281)
	at com.kms.katalon.core.main.TestSuiteExecutor.accessTestCaseMainPhase(TestSuiteExecutor.java:202)
	at com.kms.katalon.core.main.TestSuiteExecutor.accessTestSuiteMainPhase(TestSuiteExecutor.java:164)
	at com.kms.katalon.core.main.TestSuiteExecutor.execute(TestSuiteExecutor.java:105)
	at com.kms.katalon.core.main.TestCaseMain.startTestSuite(TestCaseMain.java:185)
	at com.kms.katalon.core.main.TestCaseMain$startTestSuite$0.call(Unknown Source)
	at TempTestSuite1656391471368.run(TempTestSuite1656391471368.groovy:36)
Caused by: java.net.URISyntaxException: Illegal character in scheme name at index 0: {http://ec2-35-89-26-59.us-west-2.compute.amazonaws.com/restapi/v1/material/1
	at com.kms.katalon.core.webservice.common.DefaultHttpEntityEnclosingRequest.<init>(DefaultHttpEntityEnclosingRequest.java:20)
	at com.kms.katalon.core.webservice.common.RestfulClient.buildHttpRequestWithBody(RestfulClient.java:41)
	at com.kms.katalon.core.webservice.common.RestfulClient.buildHttpRequest(RestfulClient.java:27)
	at com.kms.katalon.core.webservice.common.RestfulClient.buildHttpRequest(RestfulClient.java:1)
	at com.kms.katalon.core.webservice.common.BasicRequestor.send(BasicRequestor.java:55)
	at com.kms.katalon.core.webservice.helper.WebServiceCommonHelper.sendRequest(WebServiceCommonHelper.java:28)
	at com.kms.katalon.core.webservice.keyword.builtin.SendRequestKeyword$_sendRequest_closure1.doCall(SendRequestKeyword.groovy:40)
	at com.kms.katalon.core.webservice.keyword.builtin.SendRequestKeyword$_sendRequest_closure1.call(SendRequestKeyword.groovy)
	at com.kms.katalon.core.keyword.internal.KeywordMain.runKeyword(KeywordMain.groovy:74)
	at com.kms.katalon.core.webservice.keyword.builtin.SendRequestKeyword.sendRequest(SendRequestKeyword.groovy:38)
	at com.kms.katalon.core.webservice.keyword.builtin.SendRequestKeyword.execute(SendRequestKeyword.groovy:33)
	at com.kms.katalon.core.keyword.internal.KeywordExecutor.executeKeywordForPlatform(KeywordExecutor.groovy:74)
	at com.kms.katalon.core.webservice.keyword.WSBuiltInKeywords.sendRequest(WSBuiltInKeywords.groovy:40)
	at com.kms.katalon.core.webservice.keyword.WSBuiltInKeywords$sendRequest.call(Unknown Source)
	at Script1655958971963.run(Script1655958971963.groovy:20)
	... 13 more
)

2022-06-28 11:55:40 - [MESSAGE][FAILED] - Unable to send request (Root cause: java.lang.IllegalArgumentException: Illegal character in scheme name at index 0: {http://ec2-35-89-26-59.us-west-2.compute.amazonaws.com/restapi/v1/material/1
	at com.kms.katalon.core.webservice.common.DefaultHttpEntityEnclosingRequest.<init>(DefaultHttpEntityEnclosingRequest.java:20)
	at com.kms.katalon.core.webservice.common.RestfulClient.buildHttpRequestWithBody(RestfulClient.java:41)
	at com.kms.katalon.core.webservice.common.RestfulClient.buildHttpRequest(RestfulClient.java:27)
	at com.kms.katalon.core.webservice.common.RestfulClient.buildHttpRequest(RestfulClient.java:1)
	at com.kms.katalon.core.webservice.common.BasicRequestor.send(BasicRequestor.java:55)
	at com.kms.katalon.core.webservice.helper.WebServiceCommonHelper.sendRequest(WebServiceCommonHelper.java:28)
	at com.kms.katalon.core.webservice.keyword.builtin.SendRequestKeyword$_sendRequest_closure1.doCall(SendRequestKeyword.groovy:40)
	at com.kms.katalon.core.webservice.keyword.builtin.SendRequestKeyword$_sendRequest_closure1.call(SendRequestKeyword.groovy)
	at com.kms.katalon.core.keyword.internal.KeywordMain.runKeyword(KeywordMain.groovy:74)
	at com.kms.katalon.core.webservice.keyword.builtin.SendRequestKeyword.sendRequest(SendRequestKeyword.groovy:38)
	at com.kms.katalon.core.webservice.keyword.builtin.SendRequestKeyword.execute(SendRequestKeyword.groovy:33)
	at com.kms.katalon.core.keyword.internal.KeywordExecutor.executeKeywordForPlatform(KeywordExecutor.groovy:74)
	at com.kms.katalon.core.webservice.keyword.WSBuiltInKeywords.sendRequest(WSBuiltInKeywords.groovy:40)
	at com.kms.katalon.core.webservice.keyword.WSBuiltInKeywords$sendRequest.call(Unknown Source)
	at TC001_Get Material By Id.run(TC001_Get Material By Id:20)
	at com.kms.katalon.core.main.ScriptEngine.run(ScriptEngine.java:194)
	at com.kms.katalon.core.main.ScriptEngine.runScriptAsRawText(ScriptEngine.java:119)
	at com.kms.katalon.core.main.TestCaseExecutor.runScript(TestCaseExecutor.java:442)
	at com.kms.katalon.core.main.TestCaseExecutor.doExecute(TestCaseExecutor.java:433)
	at com.kms.katalon.core.main.TestCaseExecutor.processExecutionPhase(TestCaseExecutor.java:412)
	at com.kms.katalon.core.main.TestCaseExecutor.accessMainPhase(TestCaseExecutor.java:404)
	at com.kms.katalon.core.main.TestCaseExecutor.execute(TestCaseExecutor.java:281)
	at com.kms.katalon.core.main.TestSuiteExecutor.accessTestCaseMainPhase(TestSuiteExecutor.java:202)
	at com.kms.katalon.core.main.TestSuiteExecutor.accessTestSuiteMainPhase(TestSuiteExecutor.java:164)
	at com.kms.katalon.core.main.TestSuiteExecutor.execute(TestSuiteExecutor.java:105)
	at com.kms.katalon.core.main.TestCaseMain.startTestSuite(TestCaseMain.java:185)
	at com.kms.katalon.core.main.TestCaseMain$startTestSuite$0.call(Unknown Source)
	at TempTestSuite1656391471368.run(TempTestSuite1656391471368.groovy:36)
Caused by: java.net.URISyntaxException: Illegal character in scheme name at index 0: {http://ec2-35-89-26-59.us-west-2.compute.amazonaws.com/restapi/v1/material/1
	at com.kms.katalon.core.webservice.common.DefaultHttpEntityEnclosingRequest.<init>(DefaultHttpEntityEnclosingRequest.java:20)
	at com.kms.katalon.core.webservice.common.RestfulClient.buildHttpRequestWithBody(RestfulClient.java:41)
	at com.kms.katalon.core.webservice.common.RestfulClient.buildHttpRequest(RestfulClient.java:27)
	at com.kms.katalon.core.webservice.common.RestfulClient.buildHttpRequest(RestfulClient.java:1)
	at com.kms.katalon.core.webservice.common.BasicRequestor.send(BasicRequestor.java:55)
	at com.kms.katalon.core.webservice.helper.WebServiceCommonHelper.sendRequest(WebServiceCommonHelper.java:28)
	at com.kms.katalon.core.webservice.keyword.builtin.SendRequestKeyword$_sendRequest_closure1.doCall(SendRequestKeyword.groovy:40)
	at com.kms.katalon.core.webservice.keyword.builtin.SendRequestKeyword$_sendRequest_closure1.call(SendRequestKeyword.groovy)
	at com.kms.katalon.core.keyword.internal.KeywordMain.runKeyword(KeywordMain.groovy:74)
	at com.kms.katalon.core.webservice.keyword.builtin.SendRequestKeyword.sendRequest(SendRequestKeyword.groovy:38)
	at com.kms.katalon.core.webservice.keyword.builtin.SendRequestKeyword.execute(SendRequestKeyword.groovy:33)
	at com.kms.katalon.core.keyword.internal.KeywordExecutor.executeKeywordForPlatform(KeywordExecutor.groovy:74)
	at com.kms.katalon.core.webservice.keyword.WSBuiltInKeywords.sendRequest(WSBuiltInKeywords.groovy:40)
	at com.kms.katalon.core.webservice.keyword.WSBuiltInKeywords$sendRequest.call(Unknown Source)
	at Script1655958971963.run(Script1655958971963.groovy:20)
	... 13 more
)]]></system-out>
         <system-err><![CDATA[2022-06-28 11:55:39 - [TEST_CASE][FAILED] - Test Cases/01_API/03_Class Material/SC014_Get All Material By Id/TC001_Get Material By Id: Test Cases/01_API/03_Class Material/SC014_Get All Material By Id/TC001_Get Material By Id FAILED.
Reason:
com.kms.katalon.core.exception.StepFailedException: Unable to send request (Root cause: java.lang.IllegalArgumentException: Illegal character in scheme name at index 0: {http://ec2-35-89-26-59.us-west-2.compute.amazonaws.com/restapi/v1/material/1
	at com.kms.katalon.core.webservice.common.DefaultHttpEntityEnclosingRequest.<init>(DefaultHttpEntityEnclosingRequest.java:20)
	at com.kms.katalon.core.webservice.common.RestfulClient.buildHttpRequestWithBody(RestfulClient.java:41)
	at com.kms.katalon.core.webservice.common.RestfulClient.buildHttpRequest(RestfulClient.java:27)
	at com.kms.katalon.core.webservice.common.RestfulClient.buildHttpRequest(RestfulClient.java:1)
	at com.kms.katalon.core.webservice.common.BasicRequestor.send(BasicRequestor.java:55)
	at com.kms.katalon.core.webservice.helper.WebServiceCommonHelper.sendRequest(WebServiceCommonHelper.java:28)
	at com.kms.katalon.core.webservice.keyword.builtin.SendRequestKeyword$_sendRequest_closure1.doCall(SendRequestKeyword.groovy:40)
	at com.kms.katalon.core.webservice.keyword.builtin.SendRequestKeyword$_sendRequest_closure1.call(SendRequestKeyword.groovy)
	at com.kms.katalon.core.keyword.internal.KeywordMain.runKeyword(KeywordMain.groovy:74)
	at com.kms.katalon.core.webservice.keyword.builtin.SendRequestKeyword.sendRequest(SendRequestKeyword.groovy:38)
	at com.kms.katalon.core.webservice.keyword.builtin.SendRequestKeyword.execute(SendRequestKeyword.groovy:33)
	at com.kms.katalon.core.keyword.internal.KeywordExecutor.executeKeywordForPlatform(KeywordExecutor.groovy:74)
	at com.kms.katalon.core.webservice.keyword.WSBuiltInKeywords.sendRequest(WSBuiltInKeywords.groovy:40)
	at com.kms.katalon.core.webservice.keyword.WSBuiltInKeywords$sendRequest.call(Unknown Source)
	at TC001_Get Material By Id.run(TC001_Get Material By Id:20)
	at com.kms.katalon.core.main.ScriptEngine.run(ScriptEngine.java:194)
	at com.kms.katalon.core.main.ScriptEngine.runScriptAsRawText(ScriptEngine.java:119)
	at com.kms.katalon.core.main.TestCaseExecutor.runScript(TestCaseExecutor.java:442)
	at com.kms.katalon.core.main.TestCaseExecutor.doExecute(TestCaseExecutor.java:433)
	at com.kms.katalon.core.main.TestCaseExecutor.processExecutionPhase(TestCaseExecutor.java:412)
	at com.kms.katalon.core.main.TestCaseExecutor.accessMainPhase(TestCaseExecutor.java:404)
	at com.kms.katalon.core.main.TestCaseExecutor.execute(TestCaseExecutor.java:281)
	at com.kms.katalon.core.main.TestSuiteExecutor.accessTestCaseMainPhase(TestSuiteExecutor.java:202)
	at com.kms.katalon.core.main.TestSuiteExecutor.accessTestSuiteMainPhase(TestSuiteExecutor.java:164)
	at com.kms.katalon.core.main.TestSuiteExecutor.execute(TestSuiteExecutor.java:105)
	at com.kms.katalon.core.main.TestCaseMain.startTestSuite(TestCaseMain.java:185)
	at com.kms.katalon.core.main.TestCaseMain$startTestSuite$0.call(Unknown Source)
	at TempTestSuite1656391471368.run(TempTestSuite1656391471368.groovy:36)
Caused by: java.net.URISyntaxException: Illegal character in scheme name at index 0: {http://ec2-35-89-26-59.us-west-2.compute.amazonaws.com/restapi/v1/material/1
	at com.kms.katalon.core.webservice.common.DefaultHttpEntityEnclosingRequest.<init>(DefaultHttpEntityEnclosingRequest.java:20)
	at com.kms.katalon.core.webservice.common.RestfulClient.buildHttpRequestWithBody(RestfulClient.java:41)
	at com.kms.katalon.core.webservice.common.RestfulClient.buildHttpRequest(RestfulClient.java:27)
	at com.kms.katalon.core.webservice.common.RestfulClient.buildHttpRequest(RestfulClient.java:1)
	at com.kms.katalon.core.webservice.common.BasicRequestor.send(BasicRequestor.java:55)
	at com.kms.katalon.core.webservice.helper.WebServiceCommonHelper.sendRequest(WebServiceCommonHelper.java:28)
	at com.kms.katalon.core.webservice.keyword.builtin.SendRequestKeyword$_sendRequest_closure1.doCall(SendRequestKeyword.groovy:40)
	at com.kms.katalon.core.webservice.keyword.builtin.SendRequestKeyword$_sendRequest_closure1.call(SendRequestKeyword.groovy)
	at com.kms.katalon.core.keyword.internal.KeywordMain.runKeyword(KeywordMain.groovy:74)
	at com.kms.katalon.core.webservice.keyword.builtin.SendRequestKeyword.sendRequest(SendRequestKeyword.groovy:38)
	at com.kms.katalon.core.webservice.keyword.builtin.SendRequestKeyword.execute(SendRequestKeyword.groovy:33)
	at com.kms.katalon.core.keyword.internal.KeywordExecutor.executeKeywordForPlatform(KeywordExecutor.groovy:74)
	at com.kms.katalon.core.webservice.keyword.WSBuiltInKeywords.sendRequest(WSBuiltInKeywords.groovy:40)
	at com.kms.katalon.core.webservice.keyword.WSBuiltInKeywords$sendRequest.call(Unknown Source)
	at Script1655958971963.run(Script1655958971963.groovy:20)
	... 13 more
)
	at com.kms.katalon.core.keyword.internal.KeywordMain.stepFailed(KeywordMain.groovy:50)
	at com.kms.katalon.core.keyword.internal.KeywordMain.stepFailed(KeywordMain.groovy)
	at com.kms.katalon.core.keyword.internal.KeywordMain.runKeyword(KeywordMain.groovy:76)
	at com.kms.katalon.core.webservice.keyword.builtin.SendRequestKeyword.sendRequest(SendRequestKeyword.groovy:38)
	at com.kms.katalon.core.webservice.keyword.builtin.SendRequestKeyword.execute(SendRequestKeyword.groovy:33)
	at com.kms.katalon.core.keyword.internal.KeywordExecutor.executeKeywordForPlatform(KeywordExecutor.groovy:74)
	at com.kms.katalon.core.webservice.keyword.WSBuiltInKeywords.sendRequest(WSBuiltInKeywords.groovy:40)
	at com.kms.katalon.core.webservice.keyword.WSBuiltInKeywords$sendRequest.call(Unknown Source)
	at TC001_Get Material By Id.run(TC001_Get Material By Id:20)
	at com.kms.katalon.core.main.ScriptEngine.run(ScriptEngine.java:194)
	at com.kms.katalon.core.main.ScriptEngine.runScriptAsRawText(ScriptEngine.java:119)
	at com.kms.katalon.core.main.TestCaseExecutor.runScript(TestCaseExecutor.java:442)
	at com.kms.katalon.core.main.TestCaseExecutor.doExecute(TestCaseExecutor.java:433)
	at com.kms.katalon.core.main.TestCaseExecutor.processExecutionPhase(TestCaseExecutor.java:412)
	at com.kms.katalon.core.main.TestCaseExecutor.accessMainPhase(TestCaseExecutor.java:404)
	at com.kms.katalon.core.main.TestCaseExecutor.execute(TestCaseExecutor.java:281)
	at com.kms.katalon.core.main.TestSuiteExecutor.accessTestCaseMainPhase(TestSuiteExecutor.java:202)
	at com.kms.katalon.core.main.TestSuiteExecutor.accessTestSuiteMainPhase(TestSuiteExecutor.java:164)
	at com.kms.katalon.core.main.TestSuiteExecutor.execute(TestSuiteExecutor.java:105)
	at com.kms.katalon.core.main.TestCaseMain.startTestSuite(TestCaseMain.java:185)
	at com.kms.katalon.core.main.TestCaseMain$startTestSuite$0.call(Unknown Source)
	at TempTestSuite1656391471368.run(TempTestSuite1656391471368.groovy:36)
Caused by: java.lang.IllegalArgumentException: Illegal character in scheme name at index 0: {http://ec2-35-89-26-59.us-west-2.compute.amazonaws.com/restapi/v1/material/1
	at com.kms.katalon.core.webservice.common.DefaultHttpEntityEnclosingRequest.<init>(DefaultHttpEntityEnclosingRequest.java:20)
	at com.kms.katalon.core.webservice.common.RestfulClient.buildHttpRequestWithBody(RestfulClient.java:41)
	at com.kms.katalon.core.webservice.common.RestfulClient.buildHttpRequest(RestfulClient.java:27)
	at com.kms.katalon.core.webservice.common.RestfulClient.buildHttpRequest(RestfulClient.java:1)
	at com.kms.katalon.core.webservice.common.BasicRequestor.send(BasicRequestor.java:55)
	at com.kms.katalon.core.webservice.helper.WebServiceCommonHelper.sendRequest(WebServiceCommonHelper.java:28)
	at com.kms.katalon.core.webservice.keyword.builtin.SendRequestKeyword$_sendRequest_closure1.doCall(SendRequestKeyword.groovy:40)
	at com.kms.katalon.core.webservice.keyword.builtin.SendRequestKeyword$_sendRequest_closure1.call(SendRequestKeyword.groovy)
	at com.kms.katalon.core.keyword.internal.KeywordMain.runKeyword(KeywordMain.groovy:74)
	... 19 more
Caused by: java.net.URISyntaxException: Illegal character in scheme name at index 0: {http://ec2-35-89-26-59.us-west-2.compute.amazonaws.com/restapi/v1/material/1
	... 28 more]]></system-err>
      </testcase>
      <testcase name="Test Cases/01_API/03_Class Material/SC015_Get All Material By Class Id/TC003_Get All Material By Class Id (With invalid token)" time="0.87" classname="Test Cases/01_API/03_Class Material/SC015_Get All Material By Class Id/TC003_Get All Material By Class Id (With invalid token)" status="FAILED">
         <failure type="FAILED" message="Test Cases/01_API/03_Class Material/SC015_Get All Material By Class Id/TC003_Get All Material By Class Id (With invalid token) FAILED.
Reason:
com.kms.katalon.core.exception.StepFailedException: Unable to send request (Root cause: java.lang.IllegalArgumentException: Illegal character in scheme name at index 0: {http://ec2-35-89-26-59.us-west-2.compute.amazonaws.com/restapi/v1/material/class/492535a2-f2d4-42b4-b4ae-f6cc0b77d280
	at com.kms.katalon.core.webservice.common.DefaultHttpEntityEnclosingRequest.&lt;init>(DefaultHttpEntityEnclosingRequest.java:20)
	at com.kms.katalon.core.webservice.common.RestfulClient.buildHttpRequestWithBody(RestfulClient.java:41)
	at com.kms.katalon.core.webservice.common.RestfulClient.buildHttpRequest(RestfulClient.java:27)
	at com.kms.katalon.core.webservice.common.RestfulClient.buildHttpRequest(RestfulClient.java:1)
	at com.kms.katalon.core.webservice.common.BasicRequestor.send(BasicRequestor.java:55)
	at com.kms.katalon.core.webservice.helper.WebServiceCommonHelper.sendRequest(WebServiceCommonHelper.java:28)
	at com.kms.katalon.core.webservice.keyword.builtin.SendRequestKeyword$_sendRequest_closure1.doCall(SendRequestKeyword.groovy:40)
	at com.kms.katalon.core.webservice.keyword.builtin.SendRequestKeyword$_sendRequest_closure1.call(SendRequestKeyword.groovy)
	at com.kms.katalon.core.keyword.internal.KeywordMain.runKeyword(KeywordMain.groovy:74)
	at com.kms.katalon.core.webservice.keyword.builtin.SendRequestKeyword.sendRequest(SendRequestKeyword.groovy:38)
	at com.kms.katalon.core.webservice.keyword.builtin.SendRequestKeyword.execute(SendRequestKeyword.groovy:33)
	at com.kms.katalon.core.keyword.internal.KeywordExecutor.executeKeywordForPlatform(KeywordExecutor.groovy:74)
	at com.kms.katalon.core.webservice.keyword.WSBuiltInKeywords.sendRequest(WSBuiltInKeywords.groovy:40)
	at com.kms.katalon.core.webservice.keyword.WSBuiltInKeywords$sendRequest.call(Unknown Source)
	at TC003_Get All Material By Class Id (With invalid token).run(TC003_Get All Material By Class Id (With invalid token):20)
	at com.kms.katalon.core.main.ScriptEngine.run(ScriptEngine.java:194)
	at com.kms.katalon.core.main.ScriptEngine.runScriptAsRawText(ScriptEngine.java:119)
	at com.kms.katalon.core.main.TestCaseExecutor.runScript(TestCaseExecutor.java:442)
	at com.kms.katalon.core.main.TestCaseExecutor.doExecute(TestCaseExecutor.java:433)
	at com.kms.katalon.core.main.TestCaseExecutor.processExecutionPhase(TestCaseExecutor.java:412)
	at com.kms.katalon.core.main.TestCaseExecutor.accessMainPhase(TestCaseExecutor.java:404)
	at com.kms.katalon.core.main.TestCaseExecutor.execute(TestCaseExecutor.java:281)
	at com.kms.katalon.core.main.TestSuiteExecutor.accessTestCaseMainPhase(TestSuiteExecutor.java:202)
	at com.kms.katalon.core.main.TestSuiteExecutor.accessTestSuiteMainPhase(TestSuiteExecutor.java:164)
	at com.kms.katalon.core.main.TestSuiteExecutor.execute(TestSuiteExecutor.java:105)
	at com.kms.katalon.core.main.TestCaseMain.startTestSuite(TestCaseMain.java:185)
	at com.kms.katalon.core.main.TestCaseMain$startTestSuite$0.call(Unknown Source)
	at TempTestSuite1656391471368.run(TempTestSuite1656391471368.groovy:36)
Caused by: java.net.URISyntaxException: Illegal character in scheme name at index 0: {http://ec2-35-89-26-59.us-west-2.compute.amazonaws.com/restapi/v1/material/class/492535a2-f2d4-42b4-b4ae-f6cc0b77d280
	at com.kms.katalon.core.webservice.common.DefaultHttpEntityEnclosingRequest.&lt;init>(DefaultHttpEntityEnclosingRequest.java:20)
	at com.kms.katalon.core.webservice.common.RestfulClient.buildHttpRequestWithBody(RestfulClient.java:41)
	at com.kms.katalon.core.webservice.common.RestfulClient.buildHttpRequest(RestfulClient.java:27)
	at com.kms.katalon.core.webservice.common.RestfulClient.buildHttpRequest(RestfulClient.java:1)
	at com.kms.katalon.core.webservice.common.BasicRequestor.send(BasicRequestor.java:55)
	at com.kms.katalon.core.webservice.helper.WebServiceCommonHelper.sendRequest(WebServiceCommonHelper.java:28)
	at com.kms.katalon.core.webservice.keyword.builtin.SendRequestKeyword$_sendRequest_closure1.doCall(SendRequestKeyword.groovy:40)
	at com.kms.katalon.core.webservice.keyword.builtin.SendRequestKeyword$_sendRequest_closure1.call(SendRequestKeyword.groovy)
	at com.kms.katalon.core.keyword.internal.KeywordMain.runKeyword(KeywordMain.groovy:74)
	at com.kms.katalon.core.webservice.keyword.builtin.SendRequestKeyword.sendRequest(SendRequestKeyword.groovy:38)
	at com.kms.katalon.core.webservice.keyword.builtin.SendRequestKeyword.execute(SendRequestKeyword.groovy:33)
	at com.kms.katalon.core.keyword.internal.KeywordExecutor.executeKeywordForPlatform(KeywordExecutor.groovy:74)
	at com.kms.katalon.core.webservice.keyword.WSBuiltInKeywords.sendRequest(WSBuiltInKeywords.groovy:40)
	at com.kms.katalon.core.webservice.keyword.WSBuiltInKeywords$sendRequest.call(Unknown Source)
	at Script1655961569623.run(Script1655961569623.groovy:20)
	... 13 more
)
	at com.kms.katalon.core.keyword.internal.KeywordMain.stepFailed(KeywordMain.groovy:50)
	at com.kms.katalon.core.keyword.internal.KeywordMain.stepFailed(KeywordMain.groovy)
	at com.kms.katalon.core.keyword.internal.KeywordMain.runKeyword(KeywordMain.groovy:76)
	at com.kms.katalon.core.webservice.keyword.builtin.SendRequestKeyword.sendRequest(SendRequestKeyword.groovy:38)
	at com.kms.katalon.core.webservice.keyword.builtin.SendRequestKeyword.execute(SendRequestKeyword.groovy:33)
	at com.kms.katalon.core.keyword.internal.KeywordExecutor.executeKeywordForPlatform(KeywordExecutor.groovy:74)
	at com.kms.katalon.core.webservice.keyword.WSBuiltInKeywords.sendRequest(WSBuiltInKeywords.groovy:40)
	at com.kms.katalon.core.webservice.keyword.WSBuiltInKeywords$sendRequest.call(Unknown Source)
	at TC003_Get All Material By Class Id (With invalid token).run(TC003_Get All Material By Class Id (With invalid token):20)
	at com.kms.katalon.core.main.ScriptEngine.run(ScriptEngine.java:194)
	at com.kms.katalon.core.main.ScriptEngine.runScriptAsRawText(ScriptEngine.java:119)
	at com.kms.katalon.core.main.TestCaseExecutor.runScript(TestCaseExecutor.java:442)
	at com.kms.katalon.core.main.TestCaseExecutor.doExecute(TestCaseExecutor.java:433)
	at com.kms.katalon.core.main.TestCaseExecutor.processExecutionPhase(TestCaseExecutor.java:412)
	at com.kms.katalon.core.main.TestCaseExecutor.accessMainPhase(TestCaseExecutor.java:404)
	at com.kms.katalon.core.main.TestCaseExecutor.execute(TestCaseExecutor.java:281)
	at com.kms.katalon.core.main.TestSuiteExecutor.accessTestCaseMainPhase(TestSuiteExecutor.java:202)
	at com.kms.katalon.core.main.TestSuiteExecutor.accessTestSuiteMainPhase(TestSuiteExecutor.java:164)
	at com.kms.katalon.core.main.TestSuiteExecutor.execute(TestSuiteExecutor.java:105)
	at com.kms.katalon.core.main.TestCaseMain.startTestSuite(TestCaseMain.java:185)
	at com.kms.katalon.core.main.TestCaseMain$startTestSuite$0.call(Unknown Source)
	at TempTestSuite1656391471368.run(TempTestSuite1656391471368.groovy:36)
Caused by: java.lang.IllegalArgumentException: Illegal character in scheme name at index 0: {http://ec2-35-89-26-59.us-west-2.compute.amazonaws.com/restapi/v1/material/class/492535a2-f2d4-42b4-b4ae-f6cc0b77d280
	at com.kms.katalon.core.webservice.common.DefaultHttpEntityEnclosingRequest.&lt;init>(DefaultHttpEntityEnclosingRequest.java:20)
	at com.kms.katalon.core.webservice.common.RestfulClient.buildHttpRequestWithBody(RestfulClient.java:41)
	at com.kms.katalon.core.webservice.common.RestfulClient.buildHttpRequest(RestfulClient.java:27)
	at com.kms.katalon.core.webservice.common.RestfulClient.buildHttpRequest(RestfulClient.java:1)
	at com.kms.katalon.core.webservice.common.BasicRequestor.send(BasicRequestor.java:55)
	at com.kms.katalon.core.webservice.helper.WebServiceCommonHelper.sendRequest(WebServiceCommonHelper.java:28)
	at com.kms.katalon.core.webservice.keyword.builtin.SendRequestKeyword$_sendRequest_closure1.doCall(SendRequestKeyword.groovy:40)
	at com.kms.katalon.core.webservice.keyword.builtin.SendRequestKeyword$_sendRequest_closure1.call(SendRequestKeyword.groovy)
	at com.kms.katalon.core.keyword.internal.KeywordMain.runKeyword(KeywordMain.groovy:74)
	... 19 more
Caused by: java.net.URISyntaxException: Illegal character in scheme name at index 0: {http://ec2-35-89-26-59.us-west-2.compute.amazonaws.com/restapi/v1/material/class/492535a2-f2d4-42b4-b4ae-f6cc0b77d280
	... 28 more
"/>
         <system-out><![CDATA[2022-06-28 11:55:40 - [TEST_CASE][FAILED] - Test Cases/01_API/03_Class Material/SC015_Get All Material By Class Id/TC003_Get All Material By Class Id (With invalid token): Test Cases/01_API/03_Class Material/SC015_Get All Material By Class Id/TC003_Get All Material By Class Id (With invalid token) FAILED.
Reason:
com.kms.katalon.core.exception.StepFailedException: Unable to send request (Root cause: java.lang.IllegalArgumentException: Illegal character in scheme name at index 0: {http://ec2-35-89-26-59.us-west-2.compute.amazonaws.com/restapi/v1/material/class/492535a2-f2d4-42b4-b4ae-f6cc0b77d280
	at com.kms.katalon.core.webservice.common.DefaultHttpEntityEnclosingRequest.<init>(DefaultHttpEntityEnclosingRequest.java:20)
	at com.kms.katalon.core.webservice.common.RestfulClient.buildHttpRequestWithBody(RestfulClient.java:41)
	at com.kms.katalon.core.webservice.common.RestfulClient.buildHttpRequest(RestfulClient.java:27)
	at com.kms.katalon.core.webservice.common.RestfulClient.buildHttpRequest(RestfulClient.java:1)
	at com.kms.katalon.core.webservice.common.BasicRequestor.send(BasicRequestor.java:55)
	at com.kms.katalon.core.webservice.helper.WebServiceCommonHelper.sendRequest(WebServiceCommonHelper.java:28)
	at com.kms.katalon.core.webservice.keyword.builtin.SendRequestKeyword$_sendRequest_closure1.doCall(SendRequestKeyword.groovy:40)
	at com.kms.katalon.core.webservice.keyword.builtin.SendRequestKeyword$_sendRequest_closure1.call(SendRequestKeyword.groovy)
	at com.kms.katalon.core.keyword.internal.KeywordMain.runKeyword(KeywordMain.groovy:74)
	at com.kms.katalon.core.webservice.keyword.builtin.SendRequestKeyword.sendRequest(SendRequestKeyword.groovy:38)
	at com.kms.katalon.core.webservice.keyword.builtin.SendRequestKeyword.execute(SendRequestKeyword.groovy:33)
	at com.kms.katalon.core.keyword.internal.KeywordExecutor.executeKeywordForPlatform(KeywordExecutor.groovy:74)
	at com.kms.katalon.core.webservice.keyword.WSBuiltInKeywords.sendRequest(WSBuiltInKeywords.groovy:40)
	at com.kms.katalon.core.webservice.keyword.WSBuiltInKeywords$sendRequest.call(Unknown Source)
	at TC003_Get All Material By Class Id (With invalid token).run(TC003_Get All Material By Class Id (With invalid token):20)
	at com.kms.katalon.core.main.ScriptEngine.run(ScriptEngine.java:194)
	at com.kms.katalon.core.main.ScriptEngine.runScriptAsRawText(ScriptEngine.java:119)
	at com.kms.katalon.core.main.TestCaseExecutor.runScript(TestCaseExecutor.java:442)
	at com.kms.katalon.core.main.TestCaseExecutor.doExecute(TestCaseExecutor.java:433)
	at com.kms.katalon.core.main.TestCaseExecutor.processExecutionPhase(TestCaseExecutor.java:412)
	at com.kms.katalon.core.main.TestCaseExecutor.accessMainPhase(TestCaseExecutor.java:404)
	at com.kms.katalon.core.main.TestCaseExecutor.execute(TestCaseExecutor.java:281)
	at com.kms.katalon.core.main.TestSuiteExecutor.accessTestCaseMainPhase(TestSuiteExecutor.java:202)
	at com.kms.katalon.core.main.TestSuiteExecutor.accessTestSuiteMainPhase(TestSuiteExecutor.java:164)
	at com.kms.katalon.core.main.TestSuiteExecutor.execute(TestSuiteExecutor.java:105)
	at com.kms.katalon.core.main.TestCaseMain.startTestSuite(TestCaseMain.java:185)
	at com.kms.katalon.core.main.TestCaseMain$startTestSuite$0.call(Unknown Source)
	at TempTestSuite1656391471368.run(TempTestSuite1656391471368.groovy:36)
Caused by: java.net.URISyntaxException: Illegal character in scheme name at index 0: {http://ec2-35-89-26-59.us-west-2.compute.amazonaws.com/restapi/v1/material/class/492535a2-f2d4-42b4-b4ae-f6cc0b77d280
	at com.kms.katalon.core.webservice.common.DefaultHttpEntityEnclosingRequest.<init>(DefaultHttpEntityEnclosingRequest.java:20)
	at com.kms.katalon.core.webservice.common.RestfulClient.buildHttpRequestWithBody(RestfulClient.java:41)
	at com.kms.katalon.core.webservice.common.RestfulClient.buildHttpRequest(RestfulClient.java:27)
	at com.kms.katalon.core.webservice.common.RestfulClient.buildHttpRequest(RestfulClient.java:1)
	at com.kms.katalon.core.webservice.common.BasicRequestor.send(BasicRequestor.java:55)
	at com.kms.katalon.core.webservice.helper.WebServiceCommonHelper.sendRequest(WebServiceCommonHelper.java:28)
	at com.kms.katalon.core.webservice.keyword.builtin.SendRequestKeyword$_sendRequest_closure1.doCall(SendRequestKeyword.groovy:40)
	at com.kms.katalon.core.webservice.keyword.builtin.SendRequestKeyword$_sendRequest_closure1.call(SendRequestKeyword.groovy)
	at com.kms.katalon.core.keyword.internal.KeywordMain.runKeyword(KeywordMain.groovy:74)
	at com.kms.katalon.core.webservice.keyword.builtin.SendRequestKeyword.sendRequest(SendRequestKeyword.groovy:38)
	at com.kms.katalon.core.webservice.keyword.builtin.SendRequestKeyword.execute(SendRequestKeyword.groovy:33)
	at com.kms.katalon.core.keyword.internal.KeywordExecutor.executeKeywordForPlatform(KeywordExecutor.groovy:74)
	at com.kms.katalon.core.webservice.keyword.WSBuiltInKeywords.sendRequest(WSBuiltInKeywords.groovy:40)
	at com.kms.katalon.core.webservice.keyword.WSBuiltInKeywords$sendRequest.call(Unknown Source)
	at Script1655961569623.run(Script1655961569623.groovy:20)
	... 13 more
)
	at com.kms.katalon.core.keyword.internal.KeywordMain.stepFailed(KeywordMain.groovy:50)
	at com.kms.katalon.core.keyword.internal.KeywordMain.stepFailed(KeywordMain.groovy)
	at com.kms.katalon.core.keyword.internal.KeywordMain.runKeyword(KeywordMain.groovy:76)
	at com.kms.katalon.core.webservice.keyword.builtin.SendRequestKeyword.sendRequest(SendRequestKeyword.groovy:38)
	at com.kms.katalon.core.webservice.keyword.builtin.SendRequestKeyword.execute(SendRequestKeyword.groovy:33)
	at com.kms.katalon.core.keyword.internal.KeywordExecutor.executeKeywordForPlatform(KeywordExecutor.groovy:74)
	at com.kms.katalon.core.webservice.keyword.WSBuiltInKeywords.sendRequest(WSBuiltInKeywords.groovy:40)
	at com.kms.katalon.core.webservice.keyword.WSBuiltInKeywords$sendRequest.call(Unknown Source)
	at TC003_Get All Material By Class Id (With invalid token).run(TC003_Get All Material By Class Id (With invalid token):20)
	at com.kms.katalon.core.main.ScriptEngine.run(ScriptEngine.java:194)
	at com.kms.katalon.core.main.ScriptEngine.runScriptAsRawText(ScriptEngine.java:119)
	at com.kms.katalon.core.main.TestCaseExecutor.runScript(TestCaseExecutor.java:442)
	at com.kms.katalon.core.main.TestCaseExecutor.doExecute(TestCaseExecutor.java:433)
	at com.kms.katalon.core.main.TestCaseExecutor.processExecutionPhase(TestCaseExecutor.java:412)
	at com.kms.katalon.core.main.TestCaseExecutor.accessMainPhase(TestCaseExecutor.java:404)
	at com.kms.katalon.core.main.TestCaseExecutor.execute(TestCaseExecutor.java:281)
	at com.kms.katalon.core.main.TestSuiteExecutor.accessTestCaseMainPhase(TestSuiteExecutor.java:202)
	at com.kms.katalon.core.main.TestSuiteExecutor.accessTestSuiteMainPhase(TestSuiteExecutor.java:164)
	at com.kms.katalon.core.main.TestSuiteExecutor.execute(TestSuiteExecutor.java:105)
	at com.kms.katalon.core.main.TestCaseMain.startTestSuite(TestCaseMain.java:185)
	at com.kms.katalon.core.main.TestCaseMain$startTestSuite$0.call(Unknown Source)
	at TempTestSuite1656391471368.run(TempTestSuite1656391471368.groovy:36)
Caused by: java.lang.IllegalArgumentException: Illegal character in scheme name at index 0: {http://ec2-35-89-26-59.us-west-2.compute.amazonaws.com/restapi/v1/material/class/492535a2-f2d4-42b4-b4ae-f6cc0b77d280
	at com.kms.katalon.core.webservice.common.DefaultHttpEntityEnclosingRequest.<init>(DefaultHttpEntityEnclosingRequest.java:20)
	at com.kms.katalon.core.webservice.common.RestfulClient.buildHttpRequestWithBody(RestfulClient.java:41)
	at com.kms.katalon.core.webservice.common.RestfulClient.buildHttpRequest(RestfulClient.java:27)
	at com.kms.katalon.core.webservice.common.RestfulClient.buildHttpRequest(RestfulClient.java:1)
	at com.kms.katalon.core.webservice.common.BasicRequestor.send(BasicRequestor.java:55)
	at com.kms.katalon.core.webservice.helper.WebServiceCommonHelper.sendRequest(WebServiceCommonHelper.java:28)
	at com.kms.katalon.core.webservice.keyword.builtin.SendRequestKeyword$_sendRequest_closure1.doCall(SendRequestKeyword.groovy:40)
	at com.kms.katalon.core.webservice.keyword.builtin.SendRequestKeyword$_sendRequest_closure1.call(SendRequestKeyword.groovy)
	at com.kms.katalon.core.keyword.internal.KeywordMain.runKeyword(KeywordMain.groovy:74)
	... 19 more
Caused by: java.net.URISyntaxException: Illegal character in scheme name at index 0: {http://ec2-35-89-26-59.us-west-2.compute.amazonaws.com/restapi/v1/material/class/492535a2-f2d4-42b4-b4ae-f6cc0b77d280
	... 28 more


2022-06-28 11:55:40 - [TEST_STEP][FAILED] - response = sendRequest(findTestObject("01_API/03_Material/SC015_Get All Material By Class Id/TC003_Get All Material By Class Id (With invalid token)")): Unable to send request (Root cause: java.lang.IllegalArgumentException: Illegal character in scheme name at index 0: {http://ec2-35-89-26-59.us-west-2.compute.amazonaws.com/restapi/v1/material/class/492535a2-f2d4-42b4-b4ae-f6cc0b77d280
	at com.kms.katalon.core.webservice.common.DefaultHttpEntityEnclosingRequest.<init>(DefaultHttpEntityEnclosingRequest.java:20)
	at com.kms.katalon.core.webservice.common.RestfulClient.buildHttpRequestWithBody(RestfulClient.java:41)
	at com.kms.katalon.core.webservice.common.RestfulClient.buildHttpRequest(RestfulClient.java:27)
	at com.kms.katalon.core.webservice.common.RestfulClient.buildHttpRequest(RestfulClient.java:1)
	at com.kms.katalon.core.webservice.common.BasicRequestor.send(BasicRequestor.java:55)
	at com.kms.katalon.core.webservice.helper.WebServiceCommonHelper.sendRequest(WebServiceCommonHelper.java:28)
	at com.kms.katalon.core.webservice.keyword.builtin.SendRequestKeyword$_sendRequest_closure1.doCall(SendRequestKeyword.groovy:40)
	at com.kms.katalon.core.webservice.keyword.builtin.SendRequestKeyword$_sendRequest_closure1.call(SendRequestKeyword.groovy)
	at com.kms.katalon.core.keyword.internal.KeywordMain.runKeyword(KeywordMain.groovy:74)
	at com.kms.katalon.core.webservice.keyword.builtin.SendRequestKeyword.sendRequest(SendRequestKeyword.groovy:38)
	at com.kms.katalon.core.webservice.keyword.builtin.SendRequestKeyword.execute(SendRequestKeyword.groovy:33)
	at com.kms.katalon.core.keyword.internal.KeywordExecutor.executeKeywordForPlatform(KeywordExecutor.groovy:74)
	at com.kms.katalon.core.webservice.keyword.WSBuiltInKeywords.sendRequest(WSBuiltInKeywords.groovy:40)
	at com.kms.katalon.core.webservice.keyword.WSBuiltInKeywords$sendRequest.call(Unknown Source)
	at TC003_Get All Material By Class Id (With invalid token).run(TC003_Get All Material By Class Id (With invalid token):20)
	at com.kms.katalon.core.main.ScriptEngine.run(ScriptEngine.java:194)
	at com.kms.katalon.core.main.ScriptEngine.runScriptAsRawText(ScriptEngine.java:119)
	at com.kms.katalon.core.main.TestCaseExecutor.runScript(TestCaseExecutor.java:442)
	at com.kms.katalon.core.main.TestCaseExecutor.doExecute(TestCaseExecutor.java:433)
	at com.kms.katalon.core.main.TestCaseExecutor.processExecutionPhase(TestCaseExecutor.java:412)
	at com.kms.katalon.core.main.TestCaseExecutor.accessMainPhase(TestCaseExecutor.java:404)
	at com.kms.katalon.core.main.TestCaseExecutor.execute(TestCaseExecutor.java:281)
	at com.kms.katalon.core.main.TestSuiteExecutor.accessTestCaseMainPhase(TestSuiteExecutor.java:202)
	at com.kms.katalon.core.main.TestSuiteExecutor.accessTestSuiteMainPhase(TestSuiteExecutor.java:164)
	at com.kms.katalon.core.main.TestSuiteExecutor.execute(TestSuiteExecutor.java:105)
	at com.kms.katalon.core.main.TestCaseMain.startTestSuite(TestCaseMain.java:185)
	at com.kms.katalon.core.main.TestCaseMain$startTestSuite$0.call(Unknown Source)
	at TempTestSuite1656391471368.run(TempTestSuite1656391471368.groovy:36)
Caused by: java.net.URISyntaxException: Illegal character in scheme name at index 0: {http://ec2-35-89-26-59.us-west-2.compute.amazonaws.com/restapi/v1/material/class/492535a2-f2d4-42b4-b4ae-f6cc0b77d280
	at com.kms.katalon.core.webservice.common.DefaultHttpEntityEnclosingRequest.<init>(DefaultHttpEntityEnclosingRequest.java:20)
	at com.kms.katalon.core.webservice.common.RestfulClient.buildHttpRequestWithBody(RestfulClient.java:41)
	at com.kms.katalon.core.webservice.common.RestfulClient.buildHttpRequest(RestfulClient.java:27)
	at com.kms.katalon.core.webservice.common.RestfulClient.buildHttpRequest(RestfulClient.java:1)
	at com.kms.katalon.core.webservice.common.BasicRequestor.send(BasicRequestor.java:55)
	at com.kms.katalon.core.webservice.helper.WebServiceCommonHelper.sendRequest(WebServiceCommonHelper.java:28)
	at com.kms.katalon.core.webservice.keyword.builtin.SendRequestKeyword$_sendRequest_closure1.doCall(SendRequestKeyword.groovy:40)
	at com.kms.katalon.core.webservice.keyword.builtin.SendRequestKeyword$_sendRequest_closure1.call(SendRequestKeyword.groovy)
	at com.kms.katalon.core.keyword.internal.KeywordMain.runKeyword(KeywordMain.groovy:74)
	at com.kms.katalon.core.webservice.keyword.builtin.SendRequestKeyword.sendRequest(SendRequestKeyword.groovy:38)
	at com.kms.katalon.core.webservice.keyword.builtin.SendRequestKeyword.execute(SendRequestKeyword.groovy:33)
	at com.kms.katalon.core.keyword.internal.KeywordExecutor.executeKeywordForPlatform(KeywordExecutor.groovy:74)
	at com.kms.katalon.core.webservice.keyword.WSBuiltInKeywords.sendRequest(WSBuiltInKeywords.groovy:40)
	at com.kms.katalon.core.webservice.keyword.WSBuiltInKeywords$sendRequest.call(Unknown Source)
	at Script1655961569623.run(Script1655961569623.groovy:20)
	... 13 more
)

2022-06-28 11:55:40 - [MESSAGE][FAILED] - Unable to send request (Root cause: java.lang.IllegalArgumentException: Illegal character in scheme name at index 0: {http://ec2-35-89-26-59.us-west-2.compute.amazonaws.com/restapi/v1/material/class/492535a2-f2d4-42b4-b4ae-f6cc0b77d280
	at com.kms.katalon.core.webservice.common.DefaultHttpEntityEnclosingRequest.<init>(DefaultHttpEntityEnclosingRequest.java:20)
	at com.kms.katalon.core.webservice.common.RestfulClient.buildHttpRequestWithBody(RestfulClient.java:41)
	at com.kms.katalon.core.webservice.common.RestfulClient.buildHttpRequest(RestfulClient.java:27)
	at com.kms.katalon.core.webservice.common.RestfulClient.buildHttpRequest(RestfulClient.java:1)
	at com.kms.katalon.core.webservice.common.BasicRequestor.send(BasicRequestor.java:55)
	at com.kms.katalon.core.webservice.helper.WebServiceCommonHelper.sendRequest(WebServiceCommonHelper.java:28)
	at com.kms.katalon.core.webservice.keyword.builtin.SendRequestKeyword$_sendRequest_closure1.doCall(SendRequestKeyword.groovy:40)
	at com.kms.katalon.core.webservice.keyword.builtin.SendRequestKeyword$_sendRequest_closure1.call(SendRequestKeyword.groovy)
	at com.kms.katalon.core.keyword.internal.KeywordMain.runKeyword(KeywordMain.groovy:74)
	at com.kms.katalon.core.webservice.keyword.builtin.SendRequestKeyword.sendRequest(SendRequestKeyword.groovy:38)
	at com.kms.katalon.core.webservice.keyword.builtin.SendRequestKeyword.execute(SendRequestKeyword.groovy:33)
	at com.kms.katalon.core.keyword.internal.KeywordExecutor.executeKeywordForPlatform(KeywordExecutor.groovy:74)
	at com.kms.katalon.core.webservice.keyword.WSBuiltInKeywords.sendRequest(WSBuiltInKeywords.groovy:40)
	at com.kms.katalon.core.webservice.keyword.WSBuiltInKeywords$sendRequest.call(Unknown Source)
	at TC003_Get All Material By Class Id (With invalid token).run(TC003_Get All Material By Class Id (With invalid token):20)
	at com.kms.katalon.core.main.ScriptEngine.run(ScriptEngine.java:194)
	at com.kms.katalon.core.main.ScriptEngine.runScriptAsRawText(ScriptEngine.java:119)
	at com.kms.katalon.core.main.TestCaseExecutor.runScript(TestCaseExecutor.java:442)
	at com.kms.katalon.core.main.TestCaseExecutor.doExecute(TestCaseExecutor.java:433)
	at com.kms.katalon.core.main.TestCaseExecutor.processExecutionPhase(TestCaseExecutor.java:412)
	at com.kms.katalon.core.main.TestCaseExecutor.accessMainPhase(TestCaseExecutor.java:404)
	at com.kms.katalon.core.main.TestCaseExecutor.execute(TestCaseExecutor.java:281)
	at com.kms.katalon.core.main.TestSuiteExecutor.accessTestCaseMainPhase(TestSuiteExecutor.java:202)
	at com.kms.katalon.core.main.TestSuiteExecutor.accessTestSuiteMainPhase(TestSuiteExecutor.java:164)
	at com.kms.katalon.core.main.TestSuiteExecutor.execute(TestSuiteExecutor.java:105)
	at com.kms.katalon.core.main.TestCaseMain.startTestSuite(TestCaseMain.java:185)
	at com.kms.katalon.core.main.TestCaseMain$startTestSuite$0.call(Unknown Source)
	at TempTestSuite1656391471368.run(TempTestSuite1656391471368.groovy:36)
Caused by: java.net.URISyntaxException: Illegal character in scheme name at index 0: {http://ec2-35-89-26-59.us-west-2.compute.amazonaws.com/restapi/v1/material/class/492535a2-f2d4-42b4-b4ae-f6cc0b77d280
	at com.kms.katalon.core.webservice.common.DefaultHttpEntityEnclosingRequest.<init>(DefaultHttpEntityEnclosingRequest.java:20)
	at com.kms.katalon.core.webservice.common.RestfulClient.buildHttpRequestWithBody(RestfulClient.java:41)
	at com.kms.katalon.core.webservice.common.RestfulClient.buildHttpRequest(RestfulClient.java:27)
	at com.kms.katalon.core.webservice.common.RestfulClient.buildHttpRequest(RestfulClient.java:1)
	at com.kms.katalon.core.webservice.common.BasicRequestor.send(BasicRequestor.java:55)
	at com.kms.katalon.core.webservice.helper.WebServiceCommonHelper.sendRequest(WebServiceCommonHelper.java:28)
	at com.kms.katalon.core.webservice.keyword.builtin.SendRequestKeyword$_sendRequest_closure1.doCall(SendRequestKeyword.groovy:40)
	at com.kms.katalon.core.webservice.keyword.builtin.SendRequestKeyword$_sendRequest_closure1.call(SendRequestKeyword.groovy)
	at com.kms.katalon.core.keyword.internal.KeywordMain.runKeyword(KeywordMain.groovy:74)
	at com.kms.katalon.core.webservice.keyword.builtin.SendRequestKeyword.sendRequest(SendRequestKeyword.groovy:38)
	at com.kms.katalon.core.webservice.keyword.builtin.SendRequestKeyword.execute(SendRequestKeyword.groovy:33)
	at com.kms.katalon.core.keyword.internal.KeywordExecutor.executeKeywordForPlatform(KeywordExecutor.groovy:74)
	at com.kms.katalon.core.webservice.keyword.WSBuiltInKeywords.sendRequest(WSBuiltInKeywords.groovy:40)
	at com.kms.katalon.core.webservice.keyword.WSBuiltInKeywords$sendRequest.call(Unknown Source)
	at Script1655961569623.run(Script1655961569623.groovy:20)
	... 13 more
)]]></system-out>
         <system-err><![CDATA[2022-06-28 11:55:40 - [TEST_CASE][FAILED] - Test Cases/01_API/03_Class Material/SC015_Get All Material By Class Id/TC003_Get All Material By Class Id (With invalid token): Test Cases/01_API/03_Class Material/SC015_Get All Material By Class Id/TC003_Get All Material By Class Id (With invalid token) FAILED.
Reason:
com.kms.katalon.core.exception.StepFailedException: Unable to send request (Root cause: java.lang.IllegalArgumentException: Illegal character in scheme name at index 0: {http://ec2-35-89-26-59.us-west-2.compute.amazonaws.com/restapi/v1/material/class/492535a2-f2d4-42b4-b4ae-f6cc0b77d280
	at com.kms.katalon.core.webservice.common.DefaultHttpEntityEnclosingRequest.<init>(DefaultHttpEntityEnclosingRequest.java:20)
	at com.kms.katalon.core.webservice.common.RestfulClient.buildHttpRequestWithBody(RestfulClient.java:41)
	at com.kms.katalon.core.webservice.common.RestfulClient.buildHttpRequest(RestfulClient.java:27)
	at com.kms.katalon.core.webservice.common.RestfulClient.buildHttpRequest(RestfulClient.java:1)
	at com.kms.katalon.core.webservice.common.BasicRequestor.send(BasicRequestor.java:55)
	at com.kms.katalon.core.webservice.helper.WebServiceCommonHelper.sendRequest(WebServiceCommonHelper.java:28)
	at com.kms.katalon.core.webservice.keyword.builtin.SendRequestKeyword$_sendRequest_closure1.doCall(SendRequestKeyword.groovy:40)
	at com.kms.katalon.core.webservice.keyword.builtin.SendRequestKeyword$_sendRequest_closure1.call(SendRequestKeyword.groovy)
	at com.kms.katalon.core.keyword.internal.KeywordMain.runKeyword(KeywordMain.groovy:74)
	at com.kms.katalon.core.webservice.keyword.builtin.SendRequestKeyword.sendRequest(SendRequestKeyword.groovy:38)
	at com.kms.katalon.core.webservice.keyword.builtin.SendRequestKeyword.execute(SendRequestKeyword.groovy:33)
	at com.kms.katalon.core.keyword.internal.KeywordExecutor.executeKeywordForPlatform(KeywordExecutor.groovy:74)
	at com.kms.katalon.core.webservice.keyword.WSBuiltInKeywords.sendRequest(WSBuiltInKeywords.groovy:40)
	at com.kms.katalon.core.webservice.keyword.WSBuiltInKeywords$sendRequest.call(Unknown Source)
	at TC003_Get All Material By Class Id (With invalid token).run(TC003_Get All Material By Class Id (With invalid token):20)
	at com.kms.katalon.core.main.ScriptEngine.run(ScriptEngine.java:194)
	at com.kms.katalon.core.main.ScriptEngine.runScriptAsRawText(ScriptEngine.java:119)
	at com.kms.katalon.core.main.TestCaseExecutor.runScript(TestCaseExecutor.java:442)
	at com.kms.katalon.core.main.TestCaseExecutor.doExecute(TestCaseExecutor.java:433)
	at com.kms.katalon.core.main.TestCaseExecutor.processExecutionPhase(TestCaseExecutor.java:412)
	at com.kms.katalon.core.main.TestCaseExecutor.accessMainPhase(TestCaseExecutor.java:404)
	at com.kms.katalon.core.main.TestCaseExecutor.execute(TestCaseExecutor.java:281)
	at com.kms.katalon.core.main.TestSuiteExecutor.accessTestCaseMainPhase(TestSuiteExecutor.java:202)
	at com.kms.katalon.core.main.TestSuiteExecutor.accessTestSuiteMainPhase(TestSuiteExecutor.java:164)
	at com.kms.katalon.core.main.TestSuiteExecutor.execute(TestSuiteExecutor.java:105)
	at com.kms.katalon.core.main.TestCaseMain.startTestSuite(TestCaseMain.java:185)
	at com.kms.katalon.core.main.TestCaseMain$startTestSuite$0.call(Unknown Source)
	at TempTestSuite1656391471368.run(TempTestSuite1656391471368.groovy:36)
Caused by: java.net.URISyntaxException: Illegal character in scheme name at index 0: {http://ec2-35-89-26-59.us-west-2.compute.amazonaws.com/restapi/v1/material/class/492535a2-f2d4-42b4-b4ae-f6cc0b77d280
	at com.kms.katalon.core.webservice.common.DefaultHttpEntityEnclosingRequest.<init>(DefaultHttpEntityEnclosingRequest.java:20)
	at com.kms.katalon.core.webservice.common.RestfulClient.buildHttpRequestWithBody(RestfulClient.java:41)
	at com.kms.katalon.core.webservice.common.RestfulClient.buildHttpRequest(RestfulClient.java:27)
	at com.kms.katalon.core.webservice.common.RestfulClient.buildHttpRequest(RestfulClient.java:1)
	at com.kms.katalon.core.webservice.common.BasicRequestor.send(BasicRequestor.java:55)
	at com.kms.katalon.core.webservice.helper.WebServiceCommonHelper.sendRequest(WebServiceCommonHelper.java:28)
	at com.kms.katalon.core.webservice.keyword.builtin.SendRequestKeyword$_sendRequest_closure1.doCall(SendRequestKeyword.groovy:40)
	at com.kms.katalon.core.webservice.keyword.builtin.SendRequestKeyword$_sendRequest_closure1.call(SendRequestKeyword.groovy)
	at com.kms.katalon.core.keyword.internal.KeywordMain.runKeyword(KeywordMain.groovy:74)
	at com.kms.katalon.core.webservice.keyword.builtin.SendRequestKeyword.sendRequest(SendRequestKeyword.groovy:38)
	at com.kms.katalon.core.webservice.keyword.builtin.SendRequestKeyword.execute(SendRequestKeyword.groovy:33)
	at com.kms.katalon.core.keyword.internal.KeywordExecutor.executeKeywordForPlatform(KeywordExecutor.groovy:74)
	at com.kms.katalon.core.webservice.keyword.WSBuiltInKeywords.sendRequest(WSBuiltInKeywords.groovy:40)
	at com.kms.katalon.core.webservice.keyword.WSBuiltInKeywords$sendRequest.call(Unknown Source)
	at Script1655961569623.run(Script1655961569623.groovy:20)
	... 13 more
)
	at com.kms.katalon.core.keyword.internal.KeywordMain.stepFailed(KeywordMain.groovy:50)
	at com.kms.katalon.core.keyword.internal.KeywordMain.stepFailed(KeywordMain.groovy)
	at com.kms.katalon.core.keyword.internal.KeywordMain.runKeyword(KeywordMain.groovy:76)
	at com.kms.katalon.core.webservice.keyword.builtin.SendRequestKeyword.sendRequest(SendRequestKeyword.groovy:38)
	at com.kms.katalon.core.webservice.keyword.builtin.SendRequestKeyword.execute(SendRequestKeyword.groovy:33)
	at com.kms.katalon.core.keyword.internal.KeywordExecutor.executeKeywordForPlatform(KeywordExecutor.groovy:74)
	at com.kms.katalon.core.webservice.keyword.WSBuiltInKeywords.sendRequest(WSBuiltInKeywords.groovy:40)
	at com.kms.katalon.core.webservice.keyword.WSBuiltInKeywords$sendRequest.call(Unknown Source)
	at TC003_Get All Material By Class Id (With invalid token).run(TC003_Get All Material By Class Id (With invalid token):20)
	at com.kms.katalon.core.main.ScriptEngine.run(ScriptEngine.java:194)
	at com.kms.katalon.core.main.ScriptEngine.runScriptAsRawText(ScriptEngine.java:119)
	at com.kms.katalon.core.main.TestCaseExecutor.runScript(TestCaseExecutor.java:442)
	at com.kms.katalon.core.main.TestCaseExecutor.doExecute(TestCaseExecutor.java:433)
	at com.kms.katalon.core.main.TestCaseExecutor.processExecutionPhase(TestCaseExecutor.java:412)
	at com.kms.katalon.core.main.TestCaseExecutor.accessMainPhase(TestCaseExecutor.java:404)
	at com.kms.katalon.core.main.TestCaseExecutor.execute(TestCaseExecutor.java:281)
	at com.kms.katalon.core.main.TestSuiteExecutor.accessTestCaseMainPhase(TestSuiteExecutor.java:202)
	at com.kms.katalon.core.main.TestSuiteExecutor.accessTestSuiteMainPhase(TestSuiteExecutor.java:164)
	at com.kms.katalon.core.main.TestSuiteExecutor.execute(TestSuiteExecutor.java:105)
	at com.kms.katalon.core.main.TestCaseMain.startTestSuite(TestCaseMain.java:185)
	at com.kms.katalon.core.main.TestCaseMain$startTestSuite$0.call(Unknown Source)
	at TempTestSuite1656391471368.run(TempTestSuite1656391471368.groovy:36)
Caused by: java.lang.IllegalArgumentException: Illegal character in scheme name at index 0: {http://ec2-35-89-26-59.us-west-2.compute.amazonaws.com/restapi/v1/material/class/492535a2-f2d4-42b4-b4ae-f6cc0b77d280
	at com.kms.katalon.core.webservice.common.DefaultHttpEntityEnclosingRequest.<init>(DefaultHttpEntityEnclosingRequest.java:20)
	at com.kms.katalon.core.webservice.common.RestfulClient.buildHttpRequestWithBody(RestfulClient.java:41)
	at com.kms.katalon.core.webservice.common.RestfulClient.buildHttpRequest(RestfulClient.java:27)
	at com.kms.katalon.core.webservice.common.RestfulClient.buildHttpRequest(RestfulClient.java:1)
	at com.kms.katalon.core.webservice.common.BasicRequestor.send(BasicRequestor.java:55)
	at com.kms.katalon.core.webservice.helper.WebServiceCommonHelper.sendRequest(WebServiceCommonHelper.java:28)
	at com.kms.katalon.core.webservice.keyword.builtin.SendRequestKeyword$_sendRequest_closure1.doCall(SendRequestKeyword.groovy:40)
	at com.kms.katalon.core.webservice.keyword.builtin.SendRequestKeyword$_sendRequest_closure1.call(SendRequestKeyword.groovy)
	at com.kms.katalon.core.keyword.internal.KeywordMain.runKeyword(KeywordMain.groovy:74)
	... 19 more
Caused by: java.net.URISyntaxException: Illegal character in scheme name at index 0: {http://ec2-35-89-26-59.us-west-2.compute.amazonaws.com/restapi/v1/material/class/492535a2-f2d4-42b4-b4ae-f6cc0b77d280
	... 28 more]]></system-err>
      </testcase>
      <testcase name="Test Cases/01_API/03_Class Material/SC015_Get All Material By Class Id/TC002_Get All Material By Class Id (With invalid id)" time="1.063" classname="Test Cases/01_API/03_Class Material/SC015_Get All Material By Class Id/TC002_Get All Material By Class Id (With invalid id)" status="FAILED">
         <failure type="FAILED" message="Test Cases/01_API/03_Class Material/SC015_Get All Material By Class Id/TC002_Get All Material By Class Id (With invalid id) FAILED.
Reason:
com.kms.katalon.core.exception.StepFailedException: Unable to send request (Root cause: java.lang.IllegalArgumentException: Illegal character in scheme name at index 0: {http://ec2-35-89-26-59.us-west-2.compute.amazonaws.com/restapi/v1/material/class/1123
	at com.kms.katalon.core.webservice.common.DefaultHttpEntityEnclosingRequest.&lt;init>(DefaultHttpEntityEnclosingRequest.java:20)
	at com.kms.katalon.core.webservice.common.RestfulClient.buildHttpRequestWithBody(RestfulClient.java:41)
	at com.kms.katalon.core.webservice.common.RestfulClient.buildHttpRequest(RestfulClient.java:27)
	at com.kms.katalon.core.webservice.common.RestfulClient.buildHttpRequest(RestfulClient.java:1)
	at com.kms.katalon.core.webservice.common.BasicRequestor.send(BasicRequestor.java:55)
	at com.kms.katalon.core.webservice.helper.WebServiceCommonHelper.sendRequest(WebServiceCommonHelper.java:28)
	at com.kms.katalon.core.webservice.keyword.builtin.SendRequestKeyword$_sendRequest_closure1.doCall(SendRequestKeyword.groovy:40)
	at com.kms.katalon.core.webservice.keyword.builtin.SendRequestKeyword$_sendRequest_closure1.call(SendRequestKeyword.groovy)
	at com.kms.katalon.core.keyword.internal.KeywordMain.runKeyword(KeywordMain.groovy:74)
	at com.kms.katalon.core.webservice.keyword.builtin.SendRequestKeyword.sendRequest(SendRequestKeyword.groovy:38)
	at com.kms.katalon.core.webservice.keyword.builtin.SendRequestKeyword.execute(SendRequestKeyword.groovy:33)
	at com.kms.katalon.core.keyword.internal.KeywordExecutor.executeKeywordForPlatform(KeywordExecutor.groovy:74)
	at com.kms.katalon.core.webservice.keyword.WSBuiltInKeywords.sendRequest(WSBuiltInKeywords.groovy:40)
	at com.kms.katalon.core.webservice.keyword.WSBuiltInKeywords$sendRequest.call(Unknown Source)
	at TC002_Get All Material By Class Id (With invalid id).run(TC002_Get All Material By Class Id (With invalid id):20)
	at com.kms.katalon.core.main.ScriptEngine.run(ScriptEngine.java:194)
	at com.kms.katalon.core.main.ScriptEngine.runScriptAsRawText(ScriptEngine.java:119)
	at com.kms.katalon.core.main.TestCaseExecutor.runScript(TestCaseExecutor.java:442)
	at com.kms.katalon.core.main.TestCaseExecutor.doExecute(TestCaseExecutor.java:433)
	at com.kms.katalon.core.main.TestCaseExecutor.processExecutionPhase(TestCaseExecutor.java:412)
	at com.kms.katalon.core.main.TestCaseExecutor.accessMainPhase(TestCaseExecutor.java:404)
	at com.kms.katalon.core.main.TestCaseExecutor.execute(TestCaseExecutor.java:281)
	at com.kms.katalon.core.main.TestSuiteExecutor.accessTestCaseMainPhase(TestSuiteExecutor.java:202)
	at com.kms.katalon.core.main.TestSuiteExecutor.accessTestSuiteMainPhase(TestSuiteExecutor.java:164)
	at com.kms.katalon.core.main.TestSuiteExecutor.execute(TestSuiteExecutor.java:105)
	at com.kms.katalon.core.main.TestCaseMain.startTestSuite(TestCaseMain.java:185)
	at com.kms.katalon.core.main.TestCaseMain$startTestSuite$0.call(Unknown Source)
	at TempTestSuite1656391471368.run(TempTestSuite1656391471368.groovy:36)
Caused by: java.net.URISyntaxException: Illegal character in scheme name at index 0: {http://ec2-35-89-26-59.us-west-2.compute.amazonaws.com/restapi/v1/material/class/1123
	at com.kms.katalon.core.webservice.common.DefaultHttpEntityEnclosingRequest.&lt;init>(DefaultHttpEntityEnclosingRequest.java:20)
	at com.kms.katalon.core.webservice.common.RestfulClient.buildHttpRequestWithBody(RestfulClient.java:41)
	at com.kms.katalon.core.webservice.common.RestfulClient.buildHttpRequest(RestfulClient.java:27)
	at com.kms.katalon.core.webservice.common.RestfulClient.buildHttpRequest(RestfulClient.java:1)
	at com.kms.katalon.core.webservice.common.BasicRequestor.send(BasicRequestor.java:55)
	at com.kms.katalon.core.webservice.helper.WebServiceCommonHelper.sendRequest(WebServiceCommonHelper.java:28)
	at com.kms.katalon.core.webservice.keyword.builtin.SendRequestKeyword$_sendRequest_closure1.doCall(SendRequestKeyword.groovy:40)
	at com.kms.katalon.core.webservice.keyword.builtin.SendRequestKeyword$_sendRequest_closure1.call(SendRequestKeyword.groovy)
	at com.kms.katalon.core.keyword.internal.KeywordMain.runKeyword(KeywordMain.groovy:74)
	at com.kms.katalon.core.webservice.keyword.builtin.SendRequestKeyword.sendRequest(SendRequestKeyword.groovy:38)
	at com.kms.katalon.core.webservice.keyword.builtin.SendRequestKeyword.execute(SendRequestKeyword.groovy:33)
	at com.kms.katalon.core.keyword.internal.KeywordExecutor.executeKeywordForPlatform(KeywordExecutor.groovy:74)
	at com.kms.katalon.core.webservice.keyword.WSBuiltInKeywords.sendRequest(WSBuiltInKeywords.groovy:40)
	at com.kms.katalon.core.webservice.keyword.WSBuiltInKeywords$sendRequest.call(Unknown Source)
	at Script1655961562504.run(Script1655961562504.groovy:20)
	... 13 more
)
	at com.kms.katalon.core.keyword.internal.KeywordMain.stepFailed(KeywordMain.groovy:50)
	at com.kms.katalon.core.keyword.internal.KeywordMain.stepFailed(KeywordMain.groovy)
	at com.kms.katalon.core.keyword.internal.KeywordMain.runKeyword(KeywordMain.groovy:76)
	at com.kms.katalon.core.webservice.keyword.builtin.SendRequestKeyword.sendRequest(SendRequestKeyword.groovy:38)
	at com.kms.katalon.core.webservice.keyword.builtin.SendRequestKeyword.execute(SendRequestKeyword.groovy:33)
	at com.kms.katalon.core.keyword.internal.KeywordExecutor.executeKeywordForPlatform(KeywordExecutor.groovy:74)
	at com.kms.katalon.core.webservice.keyword.WSBuiltInKeywords.sendRequest(WSBuiltInKeywords.groovy:40)
	at com.kms.katalon.core.webservice.keyword.WSBuiltInKeywords$sendRequest.call(Unknown Source)
	at TC002_Get All Material By Class Id (With invalid id).run(TC002_Get All Material By Class Id (With invalid id):20)
	at com.kms.katalon.core.main.ScriptEngine.run(ScriptEngine.java:194)
	at com.kms.katalon.core.main.ScriptEngine.runScriptAsRawText(ScriptEngine.java:119)
	at com.kms.katalon.core.main.TestCaseExecutor.runScript(TestCaseExecutor.java:442)
	at com.kms.katalon.core.main.TestCaseExecutor.doExecute(TestCaseExecutor.java:433)
	at com.kms.katalon.core.main.TestCaseExecutor.processExecutionPhase(TestCaseExecutor.java:412)
	at com.kms.katalon.core.main.TestCaseExecutor.accessMainPhase(TestCaseExecutor.java:404)
	at com.kms.katalon.core.main.TestCaseExecutor.execute(TestCaseExecutor.java:281)
	at com.kms.katalon.core.main.TestSuiteExecutor.accessTestCaseMainPhase(TestSuiteExecutor.java:202)
	at com.kms.katalon.core.main.TestSuiteExecutor.accessTestSuiteMainPhase(TestSuiteExecutor.java:164)
	at com.kms.katalon.core.main.TestSuiteExecutor.execute(TestSuiteExecutor.java:105)
	at com.kms.katalon.core.main.TestCaseMain.startTestSuite(TestCaseMain.java:185)
	at com.kms.katalon.core.main.TestCaseMain$startTestSuite$0.call(Unknown Source)
	at TempTestSuite1656391471368.run(TempTestSuite1656391471368.groovy:36)
Caused by: java.lang.IllegalArgumentException: Illegal character in scheme name at index 0: {http://ec2-35-89-26-59.us-west-2.compute.amazonaws.com/restapi/v1/material/class/1123
	at com.kms.katalon.core.webservice.common.DefaultHttpEntityEnclosingRequest.&lt;init>(DefaultHttpEntityEnclosingRequest.java:20)
	at com.kms.katalon.core.webservice.common.RestfulClient.buildHttpRequestWithBody(RestfulClient.java:41)
	at com.kms.katalon.core.webservice.common.RestfulClient.buildHttpRequest(RestfulClient.java:27)
	at com.kms.katalon.core.webservice.common.RestfulClient.buildHttpRequest(RestfulClient.java:1)
	at com.kms.katalon.core.webservice.common.BasicRequestor.send(BasicRequestor.java:55)
	at com.kms.katalon.core.webservice.helper.WebServiceCommonHelper.sendRequest(WebServiceCommonHelper.java:28)
	at com.kms.katalon.core.webservice.keyword.builtin.SendRequestKeyword$_sendRequest_closure1.doCall(SendRequestKeyword.groovy:40)
	at com.kms.katalon.core.webservice.keyword.builtin.SendRequestKeyword$_sendRequest_closure1.call(SendRequestKeyword.groovy)
	at com.kms.katalon.core.keyword.internal.KeywordMain.runKeyword(KeywordMain.groovy:74)
	... 19 more
Caused by: java.net.URISyntaxException: Illegal character in scheme name at index 0: {http://ec2-35-89-26-59.us-west-2.compute.amazonaws.com/restapi/v1/material/class/1123
	... 28 more
"/>
         <system-out><![CDATA[2022-06-28 11:55:40 - [TEST_CASE][FAILED] - Test Cases/01_API/03_Class Material/SC015_Get All Material By Class Id/TC002_Get All Material By Class Id (With invalid id): Test Cases/01_API/03_Class Material/SC015_Get All Material By Class Id/TC002_Get All Material By Class Id (With invalid id) FAILED.
Reason:
com.kms.katalon.core.exception.StepFailedException: Unable to send request (Root cause: java.lang.IllegalArgumentException: Illegal character in scheme name at index 0: {http://ec2-35-89-26-59.us-west-2.compute.amazonaws.com/restapi/v1/material/class/1123
	at com.kms.katalon.core.webservice.common.DefaultHttpEntityEnclosingRequest.<init>(DefaultHttpEntityEnclosingRequest.java:20)
	at com.kms.katalon.core.webservice.common.RestfulClient.buildHttpRequestWithBody(RestfulClient.java:41)
	at com.kms.katalon.core.webservice.common.RestfulClient.buildHttpRequest(RestfulClient.java:27)
	at com.kms.katalon.core.webservice.common.RestfulClient.buildHttpRequest(RestfulClient.java:1)
	at com.kms.katalon.core.webservice.common.BasicRequestor.send(BasicRequestor.java:55)
	at com.kms.katalon.core.webservice.helper.WebServiceCommonHelper.sendRequest(WebServiceCommonHelper.java:28)
	at com.kms.katalon.core.webservice.keyword.builtin.SendRequestKeyword$_sendRequest_closure1.doCall(SendRequestKeyword.groovy:40)
	at com.kms.katalon.core.webservice.keyword.builtin.SendRequestKeyword$_sendRequest_closure1.call(SendRequestKeyword.groovy)
	at com.kms.katalon.core.keyword.internal.KeywordMain.runKeyword(KeywordMain.groovy:74)
	at com.kms.katalon.core.webservice.keyword.builtin.SendRequestKeyword.sendRequest(SendRequestKeyword.groovy:38)
	at com.kms.katalon.core.webservice.keyword.builtin.SendRequestKeyword.execute(SendRequestKeyword.groovy:33)
	at com.kms.katalon.core.keyword.internal.KeywordExecutor.executeKeywordForPlatform(KeywordExecutor.groovy:74)
	at com.kms.katalon.core.webservice.keyword.WSBuiltInKeywords.sendRequest(WSBuiltInKeywords.groovy:40)
	at com.kms.katalon.core.webservice.keyword.WSBuiltInKeywords$sendRequest.call(Unknown Source)
	at TC002_Get All Material By Class Id (With invalid id).run(TC002_Get All Material By Class Id (With invalid id):20)
	at com.kms.katalon.core.main.ScriptEngine.run(ScriptEngine.java:194)
	at com.kms.katalon.core.main.ScriptEngine.runScriptAsRawText(ScriptEngine.java:119)
	at com.kms.katalon.core.main.TestCaseExecutor.runScript(TestCaseExecutor.java:442)
	at com.kms.katalon.core.main.TestCaseExecutor.doExecute(TestCaseExecutor.java:433)
	at com.kms.katalon.core.main.TestCaseExecutor.processExecutionPhase(TestCaseExecutor.java:412)
	at com.kms.katalon.core.main.TestCaseExecutor.accessMainPhase(TestCaseExecutor.java:404)
	at com.kms.katalon.core.main.TestCaseExecutor.execute(TestCaseExecutor.java:281)
	at com.kms.katalon.core.main.TestSuiteExecutor.accessTestCaseMainPhase(TestSuiteExecutor.java:202)
	at com.kms.katalon.core.main.TestSuiteExecutor.accessTestSuiteMainPhase(TestSuiteExecutor.java:164)
	at com.kms.katalon.core.main.TestSuiteExecutor.execute(TestSuiteExecutor.java:105)
	at com.kms.katalon.core.main.TestCaseMain.startTestSuite(TestCaseMain.java:185)
	at com.kms.katalon.core.main.TestCaseMain$startTestSuite$0.call(Unknown Source)
	at TempTestSuite1656391471368.run(TempTestSuite1656391471368.groovy:36)
Caused by: java.net.URISyntaxException: Illegal character in scheme name at index 0: {http://ec2-35-89-26-59.us-west-2.compute.amazonaws.com/restapi/v1/material/class/1123
	at com.kms.katalon.core.webservice.common.DefaultHttpEntityEnclosingRequest.<init>(DefaultHttpEntityEnclosingRequest.java:20)
	at com.kms.katalon.core.webservice.common.RestfulClient.buildHttpRequestWithBody(RestfulClient.java:41)
	at com.kms.katalon.core.webservice.common.RestfulClient.buildHttpRequest(RestfulClient.java:27)
	at com.kms.katalon.core.webservice.common.RestfulClient.buildHttpRequest(RestfulClient.java:1)
	at com.kms.katalon.core.webservice.common.BasicRequestor.send(BasicRequestor.java:55)
	at com.kms.katalon.core.webservice.helper.WebServiceCommonHelper.sendRequest(WebServiceCommonHelper.java:28)
	at com.kms.katalon.core.webservice.keyword.builtin.SendRequestKeyword$_sendRequest_closure1.doCall(SendRequestKeyword.groovy:40)
	at com.kms.katalon.core.webservice.keyword.builtin.SendRequestKeyword$_sendRequest_closure1.call(SendRequestKeyword.groovy)
	at com.kms.katalon.core.keyword.internal.KeywordMain.runKeyword(KeywordMain.groovy:74)
	at com.kms.katalon.core.webservice.keyword.builtin.SendRequestKeyword.sendRequest(SendRequestKeyword.groovy:38)
	at com.kms.katalon.core.webservice.keyword.builtin.SendRequestKeyword.execute(SendRequestKeyword.groovy:33)
	at com.kms.katalon.core.keyword.internal.KeywordExecutor.executeKeywordForPlatform(KeywordExecutor.groovy:74)
	at com.kms.katalon.core.webservice.keyword.WSBuiltInKeywords.sendRequest(WSBuiltInKeywords.groovy:40)
	at com.kms.katalon.core.webservice.keyword.WSBuiltInKeywords$sendRequest.call(Unknown Source)
	at Script1655961562504.run(Script1655961562504.groovy:20)
	... 13 more
)
	at com.kms.katalon.core.keyword.internal.KeywordMain.stepFailed(KeywordMain.groovy:50)
	at com.kms.katalon.core.keyword.internal.KeywordMain.stepFailed(KeywordMain.groovy)
	at com.kms.katalon.core.keyword.internal.KeywordMain.runKeyword(KeywordMain.groovy:76)
	at com.kms.katalon.core.webservice.keyword.builtin.SendRequestKeyword.sendRequest(SendRequestKeyword.groovy:38)
	at com.kms.katalon.core.webservice.keyword.builtin.SendRequestKeyword.execute(SendRequestKeyword.groovy:33)
	at com.kms.katalon.core.keyword.internal.KeywordExecutor.executeKeywordForPlatform(KeywordExecutor.groovy:74)
	at com.kms.katalon.core.webservice.keyword.WSBuiltInKeywords.sendRequest(WSBuiltInKeywords.groovy:40)
	at com.kms.katalon.core.webservice.keyword.WSBuiltInKeywords$sendRequest.call(Unknown Source)
	at TC002_Get All Material By Class Id (With invalid id).run(TC002_Get All Material By Class Id (With invalid id):20)
	at com.kms.katalon.core.main.ScriptEngine.run(ScriptEngine.java:194)
	at com.kms.katalon.core.main.ScriptEngine.runScriptAsRawText(ScriptEngine.java:119)
	at com.kms.katalon.core.main.TestCaseExecutor.runScript(TestCaseExecutor.java:442)
	at com.kms.katalon.core.main.TestCaseExecutor.doExecute(TestCaseExecutor.java:433)
	at com.kms.katalon.core.main.TestCaseExecutor.processExecutionPhase(TestCaseExecutor.java:412)
	at com.kms.katalon.core.main.TestCaseExecutor.accessMainPhase(TestCaseExecutor.java:404)
	at com.kms.katalon.core.main.TestCaseExecutor.execute(TestCaseExecutor.java:281)
	at com.kms.katalon.core.main.TestSuiteExecutor.accessTestCaseMainPhase(TestSuiteExecutor.java:202)
	at com.kms.katalon.core.main.TestSuiteExecutor.accessTestSuiteMainPhase(TestSuiteExecutor.java:164)
	at com.kms.katalon.core.main.TestSuiteExecutor.execute(TestSuiteExecutor.java:105)
	at com.kms.katalon.core.main.TestCaseMain.startTestSuite(TestCaseMain.java:185)
	at com.kms.katalon.core.main.TestCaseMain$startTestSuite$0.call(Unknown Source)
	at TempTestSuite1656391471368.run(TempTestSuite1656391471368.groovy:36)
Caused by: java.lang.IllegalArgumentException: Illegal character in scheme name at index 0: {http://ec2-35-89-26-59.us-west-2.compute.amazonaws.com/restapi/v1/material/class/1123
	at com.kms.katalon.core.webservice.common.DefaultHttpEntityEnclosingRequest.<init>(DefaultHttpEntityEnclosingRequest.java:20)
	at com.kms.katalon.core.webservice.common.RestfulClient.buildHttpRequestWithBody(RestfulClient.java:41)
	at com.kms.katalon.core.webservice.common.RestfulClient.buildHttpRequest(RestfulClient.java:27)
	at com.kms.katalon.core.webservice.common.RestfulClient.buildHttpRequest(RestfulClient.java:1)
	at com.kms.katalon.core.webservice.common.BasicRequestor.send(BasicRequestor.java:55)
	at com.kms.katalon.core.webservice.helper.WebServiceCommonHelper.sendRequest(WebServiceCommonHelper.java:28)
	at com.kms.katalon.core.webservice.keyword.builtin.SendRequestKeyword$_sendRequest_closure1.doCall(SendRequestKeyword.groovy:40)
	at com.kms.katalon.core.webservice.keyword.builtin.SendRequestKeyword$_sendRequest_closure1.call(SendRequestKeyword.groovy)
	at com.kms.katalon.core.keyword.internal.KeywordMain.runKeyword(KeywordMain.groovy:74)
	... 19 more
Caused by: java.net.URISyntaxException: Illegal character in scheme name at index 0: {http://ec2-35-89-26-59.us-west-2.compute.amazonaws.com/restapi/v1/material/class/1123
	... 28 more


2022-06-28 11:55:41 - [TEST_STEP][FAILED] - response = sendRequest(findTestObject("01_API/03_Material/SC015_Get All Material By Class Id/TC002_Get All Material By Class Id (With invalid id)")): Unable to send request (Root cause: java.lang.IllegalArgumentException: Illegal character in scheme name at index 0: {http://ec2-35-89-26-59.us-west-2.compute.amazonaws.com/restapi/v1/material/class/1123
	at com.kms.katalon.core.webservice.common.DefaultHttpEntityEnclosingRequest.<init>(DefaultHttpEntityEnclosingRequest.java:20)
	at com.kms.katalon.core.webservice.common.RestfulClient.buildHttpRequestWithBody(RestfulClient.java:41)
	at com.kms.katalon.core.webservice.common.RestfulClient.buildHttpRequest(RestfulClient.java:27)
	at com.kms.katalon.core.webservice.common.RestfulClient.buildHttpRequest(RestfulClient.java:1)
	at com.kms.katalon.core.webservice.common.BasicRequestor.send(BasicRequestor.java:55)
	at com.kms.katalon.core.webservice.helper.WebServiceCommonHelper.sendRequest(WebServiceCommonHelper.java:28)
	at com.kms.katalon.core.webservice.keyword.builtin.SendRequestKeyword$_sendRequest_closure1.doCall(SendRequestKeyword.groovy:40)
	at com.kms.katalon.core.webservice.keyword.builtin.SendRequestKeyword$_sendRequest_closure1.call(SendRequestKeyword.groovy)
	at com.kms.katalon.core.keyword.internal.KeywordMain.runKeyword(KeywordMain.groovy:74)
	at com.kms.katalon.core.webservice.keyword.builtin.SendRequestKeyword.sendRequest(SendRequestKeyword.groovy:38)
	at com.kms.katalon.core.webservice.keyword.builtin.SendRequestKeyword.execute(SendRequestKeyword.groovy:33)
	at com.kms.katalon.core.keyword.internal.KeywordExecutor.executeKeywordForPlatform(KeywordExecutor.groovy:74)
	at com.kms.katalon.core.webservice.keyword.WSBuiltInKeywords.sendRequest(WSBuiltInKeywords.groovy:40)
	at com.kms.katalon.core.webservice.keyword.WSBuiltInKeywords$sendRequest.call(Unknown Source)
	at TC002_Get All Material By Class Id (With invalid id).run(TC002_Get All Material By Class Id (With invalid id):20)
	at com.kms.katalon.core.main.ScriptEngine.run(ScriptEngine.java:194)
	at com.kms.katalon.core.main.ScriptEngine.runScriptAsRawText(ScriptEngine.java:119)
	at com.kms.katalon.core.main.TestCaseExecutor.runScript(TestCaseExecutor.java:442)
	at com.kms.katalon.core.main.TestCaseExecutor.doExecute(TestCaseExecutor.java:433)
	at com.kms.katalon.core.main.TestCaseExecutor.processExecutionPhase(TestCaseExecutor.java:412)
	at com.kms.katalon.core.main.TestCaseExecutor.accessMainPhase(TestCaseExecutor.java:404)
	at com.kms.katalon.core.main.TestCaseExecutor.execute(TestCaseExecutor.java:281)
	at com.kms.katalon.core.main.TestSuiteExecutor.accessTestCaseMainPhase(TestSuiteExecutor.java:202)
	at com.kms.katalon.core.main.TestSuiteExecutor.accessTestSuiteMainPhase(TestSuiteExecutor.java:164)
	at com.kms.katalon.core.main.TestSuiteExecutor.execute(TestSuiteExecutor.java:105)
	at com.kms.katalon.core.main.TestCaseMain.startTestSuite(TestCaseMain.java:185)
	at com.kms.katalon.core.main.TestCaseMain$startTestSuite$0.call(Unknown Source)
	at TempTestSuite1656391471368.run(TempTestSuite1656391471368.groovy:36)
Caused by: java.net.URISyntaxException: Illegal character in scheme name at index 0: {http://ec2-35-89-26-59.us-west-2.compute.amazonaws.com/restapi/v1/material/class/1123
	at com.kms.katalon.core.webservice.common.DefaultHttpEntityEnclosingRequest.<init>(DefaultHttpEntityEnclosingRequest.java:20)
	at com.kms.katalon.core.webservice.common.RestfulClient.buildHttpRequestWithBody(RestfulClient.java:41)
	at com.kms.katalon.core.webservice.common.RestfulClient.buildHttpRequest(RestfulClient.java:27)
	at com.kms.katalon.core.webservice.common.RestfulClient.buildHttpRequest(RestfulClient.java:1)
	at com.kms.katalon.core.webservice.common.BasicRequestor.send(BasicRequestor.java:55)
	at com.kms.katalon.core.webservice.helper.WebServiceCommonHelper.sendRequest(WebServiceCommonHelper.java:28)
	at com.kms.katalon.core.webservice.keyword.builtin.SendRequestKeyword$_sendRequest_closure1.doCall(SendRequestKeyword.groovy:40)
	at com.kms.katalon.core.webservice.keyword.builtin.SendRequestKeyword$_sendRequest_closure1.call(SendRequestKeyword.groovy)
	at com.kms.katalon.core.keyword.internal.KeywordMain.runKeyword(KeywordMain.groovy:74)
	at com.kms.katalon.core.webservice.keyword.builtin.SendRequestKeyword.sendRequest(SendRequestKeyword.groovy:38)
	at com.kms.katalon.core.webservice.keyword.builtin.SendRequestKeyword.execute(SendRequestKeyword.groovy:33)
	at com.kms.katalon.core.keyword.internal.KeywordExecutor.executeKeywordForPlatform(KeywordExecutor.groovy:74)
	at com.kms.katalon.core.webservice.keyword.WSBuiltInKeywords.sendRequest(WSBuiltInKeywords.groovy:40)
	at com.kms.katalon.core.webservice.keyword.WSBuiltInKeywords$sendRequest.call(Unknown Source)
	at Script1655961562504.run(Script1655961562504.groovy:20)
	... 13 more
)

2022-06-28 11:55:42 - [MESSAGE][FAILED] - Unable to send request (Root cause: java.lang.IllegalArgumentException: Illegal character in scheme name at index 0: {http://ec2-35-89-26-59.us-west-2.compute.amazonaws.com/restapi/v1/material/class/1123
	at com.kms.katalon.core.webservice.common.DefaultHttpEntityEnclosingRequest.<init>(DefaultHttpEntityEnclosingRequest.java:20)
	at com.kms.katalon.core.webservice.common.RestfulClient.buildHttpRequestWithBody(RestfulClient.java:41)
	at com.kms.katalon.core.webservice.common.RestfulClient.buildHttpRequest(RestfulClient.java:27)
	at com.kms.katalon.core.webservice.common.RestfulClient.buildHttpRequest(RestfulClient.java:1)
	at com.kms.katalon.core.webservice.common.BasicRequestor.send(BasicRequestor.java:55)
	at com.kms.katalon.core.webservice.helper.WebServiceCommonHelper.sendRequest(WebServiceCommonHelper.java:28)
	at com.kms.katalon.core.webservice.keyword.builtin.SendRequestKeyword$_sendRequest_closure1.doCall(SendRequestKeyword.groovy:40)
	at com.kms.katalon.core.webservice.keyword.builtin.SendRequestKeyword$_sendRequest_closure1.call(SendRequestKeyword.groovy)
	at com.kms.katalon.core.keyword.internal.KeywordMain.runKeyword(KeywordMain.groovy:74)
	at com.kms.katalon.core.webservice.keyword.builtin.SendRequestKeyword.sendRequest(SendRequestKeyword.groovy:38)
	at com.kms.katalon.core.webservice.keyword.builtin.SendRequestKeyword.execute(SendRequestKeyword.groovy:33)
	at com.kms.katalon.core.keyword.internal.KeywordExecutor.executeKeywordForPlatform(KeywordExecutor.groovy:74)
	at com.kms.katalon.core.webservice.keyword.WSBuiltInKeywords.sendRequest(WSBuiltInKeywords.groovy:40)
	at com.kms.katalon.core.webservice.keyword.WSBuiltInKeywords$sendRequest.call(Unknown Source)
	at TC002_Get All Material By Class Id (With invalid id).run(TC002_Get All Material By Class Id (With invalid id):20)
	at com.kms.katalon.core.main.ScriptEngine.run(ScriptEngine.java:194)
	at com.kms.katalon.core.main.ScriptEngine.runScriptAsRawText(ScriptEngine.java:119)
	at com.kms.katalon.core.main.TestCaseExecutor.runScript(TestCaseExecutor.java:442)
	at com.kms.katalon.core.main.TestCaseExecutor.doExecute(TestCaseExecutor.java:433)
	at com.kms.katalon.core.main.TestCaseExecutor.processExecutionPhase(TestCaseExecutor.java:412)
	at com.kms.katalon.core.main.TestCaseExecutor.accessMainPhase(TestCaseExecutor.java:404)
	at com.kms.katalon.core.main.TestCaseExecutor.execute(TestCaseExecutor.java:281)
	at com.kms.katalon.core.main.TestSuiteExecutor.accessTestCaseMainPhase(TestSuiteExecutor.java:202)
	at com.kms.katalon.core.main.TestSuiteExecutor.accessTestSuiteMainPhase(TestSuiteExecutor.java:164)
	at com.kms.katalon.core.main.TestSuiteExecutor.execute(TestSuiteExecutor.java:105)
	at com.kms.katalon.core.main.TestCaseMain.startTestSuite(TestCaseMain.java:185)
	at com.kms.katalon.core.main.TestCaseMain$startTestSuite$0.call(Unknown Source)
	at TempTestSuite1656391471368.run(TempTestSuite1656391471368.groovy:36)
Caused by: java.net.URISyntaxException: Illegal character in scheme name at index 0: {http://ec2-35-89-26-59.us-west-2.compute.amazonaws.com/restapi/v1/material/class/1123
	at com.kms.katalon.core.webservice.common.DefaultHttpEntityEnclosingRequest.<init>(DefaultHttpEntityEnclosingRequest.java:20)
	at com.kms.katalon.core.webservice.common.RestfulClient.buildHttpRequestWithBody(RestfulClient.java:41)
	at com.kms.katalon.core.webservice.common.RestfulClient.buildHttpRequest(RestfulClient.java:27)
	at com.kms.katalon.core.webservice.common.RestfulClient.buildHttpRequest(RestfulClient.java:1)
	at com.kms.katalon.core.webservice.common.BasicRequestor.send(BasicRequestor.java:55)
	at com.kms.katalon.core.webservice.helper.WebServiceCommonHelper.sendRequest(WebServiceCommonHelper.java:28)
	at com.kms.katalon.core.webservice.keyword.builtin.SendRequestKeyword$_sendRequest_closure1.doCall(SendRequestKeyword.groovy:40)
	at com.kms.katalon.core.webservice.keyword.builtin.SendRequestKeyword$_sendRequest_closure1.call(SendRequestKeyword.groovy)
	at com.kms.katalon.core.keyword.internal.KeywordMain.runKeyword(KeywordMain.groovy:74)
	at com.kms.katalon.core.webservice.keyword.builtin.SendRequestKeyword.sendRequest(SendRequestKeyword.groovy:38)
	at com.kms.katalon.core.webservice.keyword.builtin.SendRequestKeyword.execute(SendRequestKeyword.groovy:33)
	at com.kms.katalon.core.keyword.internal.KeywordExecutor.executeKeywordForPlatform(KeywordExecutor.groovy:74)
	at com.kms.katalon.core.webservice.keyword.WSBuiltInKeywords.sendRequest(WSBuiltInKeywords.groovy:40)
	at com.kms.katalon.core.webservice.keyword.WSBuiltInKeywords$sendRequest.call(Unknown Source)
	at Script1655961562504.run(Script1655961562504.groovy:20)
	... 13 more
)]]></system-out>
         <system-err><![CDATA[2022-06-28 11:55:40 - [TEST_CASE][FAILED] - Test Cases/01_API/03_Class Material/SC015_Get All Material By Class Id/TC002_Get All Material By Class Id (With invalid id): Test Cases/01_API/03_Class Material/SC015_Get All Material By Class Id/TC002_Get All Material By Class Id (With invalid id) FAILED.
Reason:
com.kms.katalon.core.exception.StepFailedException: Unable to send request (Root cause: java.lang.IllegalArgumentException: Illegal character in scheme name at index 0: {http://ec2-35-89-26-59.us-west-2.compute.amazonaws.com/restapi/v1/material/class/1123
	at com.kms.katalon.core.webservice.common.DefaultHttpEntityEnclosingRequest.<init>(DefaultHttpEntityEnclosingRequest.java:20)
	at com.kms.katalon.core.webservice.common.RestfulClient.buildHttpRequestWithBody(RestfulClient.java:41)
	at com.kms.katalon.core.webservice.common.RestfulClient.buildHttpRequest(RestfulClient.java:27)
	at com.kms.katalon.core.webservice.common.RestfulClient.buildHttpRequest(RestfulClient.java:1)
	at com.kms.katalon.core.webservice.common.BasicRequestor.send(BasicRequestor.java:55)
	at com.kms.katalon.core.webservice.helper.WebServiceCommonHelper.sendRequest(WebServiceCommonHelper.java:28)
	at com.kms.katalon.core.webservice.keyword.builtin.SendRequestKeyword$_sendRequest_closure1.doCall(SendRequestKeyword.groovy:40)
	at com.kms.katalon.core.webservice.keyword.builtin.SendRequestKeyword$_sendRequest_closure1.call(SendRequestKeyword.groovy)
	at com.kms.katalon.core.keyword.internal.KeywordMain.runKeyword(KeywordMain.groovy:74)
	at com.kms.katalon.core.webservice.keyword.builtin.SendRequestKeyword.sendRequest(SendRequestKeyword.groovy:38)
	at com.kms.katalon.core.webservice.keyword.builtin.SendRequestKeyword.execute(SendRequestKeyword.groovy:33)
	at com.kms.katalon.core.keyword.internal.KeywordExecutor.executeKeywordForPlatform(KeywordExecutor.groovy:74)
	at com.kms.katalon.core.webservice.keyword.WSBuiltInKeywords.sendRequest(WSBuiltInKeywords.groovy:40)
	at com.kms.katalon.core.webservice.keyword.WSBuiltInKeywords$sendRequest.call(Unknown Source)
	at TC002_Get All Material By Class Id (With invalid id).run(TC002_Get All Material By Class Id (With invalid id):20)
	at com.kms.katalon.core.main.ScriptEngine.run(ScriptEngine.java:194)
	at com.kms.katalon.core.main.ScriptEngine.runScriptAsRawText(ScriptEngine.java:119)
	at com.kms.katalon.core.main.TestCaseExecutor.runScript(TestCaseExecutor.java:442)
	at com.kms.katalon.core.main.TestCaseExecutor.doExecute(TestCaseExecutor.java:433)
	at com.kms.katalon.core.main.TestCaseExecutor.processExecutionPhase(TestCaseExecutor.java:412)
	at com.kms.katalon.core.main.TestCaseExecutor.accessMainPhase(TestCaseExecutor.java:404)
	at com.kms.katalon.core.main.TestCaseExecutor.execute(TestCaseExecutor.java:281)
	at com.kms.katalon.core.main.TestSuiteExecutor.accessTestCaseMainPhase(TestSuiteExecutor.java:202)
	at com.kms.katalon.core.main.TestSuiteExecutor.accessTestSuiteMainPhase(TestSuiteExecutor.java:164)
	at com.kms.katalon.core.main.TestSuiteExecutor.execute(TestSuiteExecutor.java:105)
	at com.kms.katalon.core.main.TestCaseMain.startTestSuite(TestCaseMain.java:185)
	at com.kms.katalon.core.main.TestCaseMain$startTestSuite$0.call(Unknown Source)
	at TempTestSuite1656391471368.run(TempTestSuite1656391471368.groovy:36)
Caused by: java.net.URISyntaxException: Illegal character in scheme name at index 0: {http://ec2-35-89-26-59.us-west-2.compute.amazonaws.com/restapi/v1/material/class/1123
	at com.kms.katalon.core.webservice.common.DefaultHttpEntityEnclosingRequest.<init>(DefaultHttpEntityEnclosingRequest.java:20)
	at com.kms.katalon.core.webservice.common.RestfulClient.buildHttpRequestWithBody(RestfulClient.java:41)
	at com.kms.katalon.core.webservice.common.RestfulClient.buildHttpRequest(RestfulClient.java:27)
	at com.kms.katalon.core.webservice.common.RestfulClient.buildHttpRequest(RestfulClient.java:1)
	at com.kms.katalon.core.webservice.common.BasicRequestor.send(BasicRequestor.java:55)
	at com.kms.katalon.core.webservice.helper.WebServiceCommonHelper.sendRequest(WebServiceCommonHelper.java:28)
	at com.kms.katalon.core.webservice.keyword.builtin.SendRequestKeyword$_sendRequest_closure1.doCall(SendRequestKeyword.groovy:40)
	at com.kms.katalon.core.webservice.keyword.builtin.SendRequestKeyword$_sendRequest_closure1.call(SendRequestKeyword.groovy)
	at com.kms.katalon.core.keyword.internal.KeywordMain.runKeyword(KeywordMain.groovy:74)
	at com.kms.katalon.core.webservice.keyword.builtin.SendRequestKeyword.sendRequest(SendRequestKeyword.groovy:38)
	at com.kms.katalon.core.webservice.keyword.builtin.SendRequestKeyword.execute(SendRequestKeyword.groovy:33)
	at com.kms.katalon.core.keyword.internal.KeywordExecutor.executeKeywordForPlatform(KeywordExecutor.groovy:74)
	at com.kms.katalon.core.webservice.keyword.WSBuiltInKeywords.sendRequest(WSBuiltInKeywords.groovy:40)
	at com.kms.katalon.core.webservice.keyword.WSBuiltInKeywords$sendRequest.call(Unknown Source)
	at Script1655961562504.run(Script1655961562504.groovy:20)
	... 13 more
)
	at com.kms.katalon.core.keyword.internal.KeywordMain.stepFailed(KeywordMain.groovy:50)
	at com.kms.katalon.core.keyword.internal.KeywordMain.stepFailed(KeywordMain.groovy)
	at com.kms.katalon.core.keyword.internal.KeywordMain.runKeyword(KeywordMain.groovy:76)
	at com.kms.katalon.core.webservice.keyword.builtin.SendRequestKeyword.sendRequest(SendRequestKeyword.groovy:38)
	at com.kms.katalon.core.webservice.keyword.builtin.SendRequestKeyword.execute(SendRequestKeyword.groovy:33)
	at com.kms.katalon.core.keyword.internal.KeywordExecutor.executeKeywordForPlatform(KeywordExecutor.groovy:74)
	at com.kms.katalon.core.webservice.keyword.WSBuiltInKeywords.sendRequest(WSBuiltInKeywords.groovy:40)
	at com.kms.katalon.core.webservice.keyword.WSBuiltInKeywords$sendRequest.call(Unknown Source)
	at TC002_Get All Material By Class Id (With invalid id).run(TC002_Get All Material By Class Id (With invalid id):20)
	at com.kms.katalon.core.main.ScriptEngine.run(ScriptEngine.java:194)
	at com.kms.katalon.core.main.ScriptEngine.runScriptAsRawText(ScriptEngine.java:119)
	at com.kms.katalon.core.main.TestCaseExecutor.runScript(TestCaseExecutor.java:442)
	at com.kms.katalon.core.main.TestCaseExecutor.doExecute(TestCaseExecutor.java:433)
	at com.kms.katalon.core.main.TestCaseExecutor.processExecutionPhase(TestCaseExecutor.java:412)
	at com.kms.katalon.core.main.TestCaseExecutor.accessMainPhase(TestCaseExecutor.java:404)
	at com.kms.katalon.core.main.TestCaseExecutor.execute(TestCaseExecutor.java:281)
	at com.kms.katalon.core.main.TestSuiteExecutor.accessTestCaseMainPhase(TestSuiteExecutor.java:202)
	at com.kms.katalon.core.main.TestSuiteExecutor.accessTestSuiteMainPhase(TestSuiteExecutor.java:164)
	at com.kms.katalon.core.main.TestSuiteExecutor.execute(TestSuiteExecutor.java:105)
	at com.kms.katalon.core.main.TestCaseMain.startTestSuite(TestCaseMain.java:185)
	at com.kms.katalon.core.main.TestCaseMain$startTestSuite$0.call(Unknown Source)
	at TempTestSuite1656391471368.run(TempTestSuite1656391471368.groovy:36)
Caused by: java.lang.IllegalArgumentException: Illegal character in scheme name at index 0: {http://ec2-35-89-26-59.us-west-2.compute.amazonaws.com/restapi/v1/material/class/1123
	at com.kms.katalon.core.webservice.common.DefaultHttpEntityEnclosingRequest.<init>(DefaultHttpEntityEnclosingRequest.java:20)
	at com.kms.katalon.core.webservice.common.RestfulClient.buildHttpRequestWithBody(RestfulClient.java:41)
	at com.kms.katalon.core.webservice.common.RestfulClient.buildHttpRequest(RestfulClient.java:27)
	at com.kms.katalon.core.webservice.common.RestfulClient.buildHttpRequest(RestfulClient.java:1)
	at com.kms.katalon.core.webservice.common.BasicRequestor.send(BasicRequestor.java:55)
	at com.kms.katalon.core.webservice.helper.WebServiceCommonHelper.sendRequest(WebServiceCommonHelper.java:28)
	at com.kms.katalon.core.webservice.keyword.builtin.SendRequestKeyword$_sendRequest_closure1.doCall(SendRequestKeyword.groovy:40)
	at com.kms.katalon.core.webservice.keyword.builtin.SendRequestKeyword$_sendRequest_closure1.call(SendRequestKeyword.groovy)
	at com.kms.katalon.core.keyword.internal.KeywordMain.runKeyword(KeywordMain.groovy:74)
	... 19 more
Caused by: java.net.URISyntaxException: Illegal character in scheme name at index 0: {http://ec2-35-89-26-59.us-west-2.compute.amazonaws.com/restapi/v1/material/class/1123
	... 28 more]]></system-err>
      </testcase>
      <testcase name="Test Cases/01_API/03_Class Material/SC015_Get All Material By Class Id/TC001_Get All Material By Class Id" time="0.65" classname="Test Cases/01_API/03_Class Material/SC015_Get All Material By Class Id/TC001_Get All Material By Class Id" status="FAILED">
         <failure type="FAILED" message="Test Cases/01_API/03_Class Material/SC015_Get All Material By Class Id/TC001_Get All Material By Class Id FAILED.
Reason:
com.kms.katalon.core.exception.StepFailedException: Unable to send request (Root cause: java.lang.IllegalArgumentException: Illegal character in scheme name at index 0: {http://ec2-35-89-26-59.us-west-2.compute.amazonaws.com/restapi/v1/material/class/492535a2-f2d4-42b4-b4ae-f6cc0b77d280
	at com.kms.katalon.core.webservice.common.DefaultHttpEntityEnclosingRequest.&lt;init>(DefaultHttpEntityEnclosingRequest.java:20)
	at com.kms.katalon.core.webservice.common.RestfulClient.buildHttpRequestWithBody(RestfulClient.java:41)
	at com.kms.katalon.core.webservice.common.RestfulClient.buildHttpRequest(RestfulClient.java:27)
	at com.kms.katalon.core.webservice.common.RestfulClient.buildHttpRequest(RestfulClient.java:1)
	at com.kms.katalon.core.webservice.common.BasicRequestor.send(BasicRequestor.java:55)
	at com.kms.katalon.core.webservice.helper.WebServiceCommonHelper.sendRequest(WebServiceCommonHelper.java:28)
	at com.kms.katalon.core.webservice.keyword.builtin.SendRequestKeyword$_sendRequest_closure1.doCall(SendRequestKeyword.groovy:40)
	at com.kms.katalon.core.webservice.keyword.builtin.SendRequestKeyword$_sendRequest_closure1.call(SendRequestKeyword.groovy)
	at com.kms.katalon.core.keyword.internal.KeywordMain.runKeyword(KeywordMain.groovy:74)
	at com.kms.katalon.core.webservice.keyword.builtin.SendRequestKeyword.sendRequest(SendRequestKeyword.groovy:38)
	at com.kms.katalon.core.webservice.keyword.builtin.SendRequestKeyword.execute(SendRequestKeyword.groovy:33)
	at com.kms.katalon.core.keyword.internal.KeywordExecutor.executeKeywordForPlatform(KeywordExecutor.groovy:74)
	at com.kms.katalon.core.webservice.keyword.WSBuiltInKeywords.sendRequest(WSBuiltInKeywords.groovy:40)
	at com.kms.katalon.core.webservice.keyword.WSBuiltInKeywords$sendRequest.call(Unknown Source)
	at TC001_Get All Material By Class Id.run(TC001_Get All Material By Class Id:20)
	at com.kms.katalon.core.main.ScriptEngine.run(ScriptEngine.java:194)
	at com.kms.katalon.core.main.ScriptEngine.runScriptAsRawText(ScriptEngine.java:119)
	at com.kms.katalon.core.main.TestCaseExecutor.runScript(TestCaseExecutor.java:442)
	at com.kms.katalon.core.main.TestCaseExecutor.doExecute(TestCaseExecutor.java:433)
	at com.kms.katalon.core.main.TestCaseExecutor.processExecutionPhase(TestCaseExecutor.java:412)
	at com.kms.katalon.core.main.TestCaseExecutor.accessMainPhase(TestCaseExecutor.java:404)
	at com.kms.katalon.core.main.TestCaseExecutor.execute(TestCaseExecutor.java:281)
	at com.kms.katalon.core.main.TestSuiteExecutor.accessTestCaseMainPhase(TestSuiteExecutor.java:202)
	at com.kms.katalon.core.main.TestSuiteExecutor.accessTestSuiteMainPhase(TestSuiteExecutor.java:164)
	at com.kms.katalon.core.main.TestSuiteExecutor.execute(TestSuiteExecutor.java:105)
	at com.kms.katalon.core.main.TestCaseMain.startTestSuite(TestCaseMain.java:185)
	at com.kms.katalon.core.main.TestCaseMain$startTestSuite$0.call(Unknown Source)
	at TempTestSuite1656391471368.run(TempTestSuite1656391471368.groovy:36)
Caused by: java.net.URISyntaxException: Illegal character in scheme name at index 0: {http://ec2-35-89-26-59.us-west-2.compute.amazonaws.com/restapi/v1/material/class/492535a2-f2d4-42b4-b4ae-f6cc0b77d280
	at com.kms.katalon.core.webservice.common.DefaultHttpEntityEnclosingRequest.&lt;init>(DefaultHttpEntityEnclosingRequest.java:20)
	at com.kms.katalon.core.webservice.common.RestfulClient.buildHttpRequestWithBody(RestfulClient.java:41)
	at com.kms.katalon.core.webservice.common.RestfulClient.buildHttpRequest(RestfulClient.java:27)
	at com.kms.katalon.core.webservice.common.RestfulClient.buildHttpRequest(RestfulClient.java:1)
	at com.kms.katalon.core.webservice.common.BasicRequestor.send(BasicRequestor.java:55)
	at com.kms.katalon.core.webservice.helper.WebServiceCommonHelper.sendRequest(WebServiceCommonHelper.java:28)
	at com.kms.katalon.core.webservice.keyword.builtin.SendRequestKeyword$_sendRequest_closure1.doCall(SendRequestKeyword.groovy:40)
	at com.kms.katalon.core.webservice.keyword.builtin.SendRequestKeyword$_sendRequest_closure1.call(SendRequestKeyword.groovy)
	at com.kms.katalon.core.keyword.internal.KeywordMain.runKeyword(KeywordMain.groovy:74)
	at com.kms.katalon.core.webservice.keyword.builtin.SendRequestKeyword.sendRequest(SendRequestKeyword.groovy:38)
	at com.kms.katalon.core.webservice.keyword.builtin.SendRequestKeyword.execute(SendRequestKeyword.groovy:33)
	at com.kms.katalon.core.keyword.internal.KeywordExecutor.executeKeywordForPlatform(KeywordExecutor.groovy:74)
	at com.kms.katalon.core.webservice.keyword.WSBuiltInKeywords.sendRequest(WSBuiltInKeywords.groovy:40)
	at com.kms.katalon.core.webservice.keyword.WSBuiltInKeywords$sendRequest.call(Unknown Source)
	at Script1655961512591.run(Script1655961512591.groovy:20)
	... 13 more
)
	at com.kms.katalon.core.keyword.internal.KeywordMain.stepFailed(KeywordMain.groovy:50)
	at com.kms.katalon.core.keyword.internal.KeywordMain.stepFailed(KeywordMain.groovy)
	at com.kms.katalon.core.keyword.internal.KeywordMain.runKeyword(KeywordMain.groovy:76)
	at com.kms.katalon.core.webservice.keyword.builtin.SendRequestKeyword.sendRequest(SendRequestKeyword.groovy:38)
	at com.kms.katalon.core.webservice.keyword.builtin.SendRequestKeyword.execute(SendRequestKeyword.groovy:33)
	at com.kms.katalon.core.keyword.internal.KeywordExecutor.executeKeywordForPlatform(KeywordExecutor.groovy:74)
	at com.kms.katalon.core.webservice.keyword.WSBuiltInKeywords.sendRequest(WSBuiltInKeywords.groovy:40)
	at com.kms.katalon.core.webservice.keyword.WSBuiltInKeywords$sendRequest.call(Unknown Source)
	at TC001_Get All Material By Class Id.run(TC001_Get All Material By Class Id:20)
	at com.kms.katalon.core.main.ScriptEngine.run(ScriptEngine.java:194)
	at com.kms.katalon.core.main.ScriptEngine.runScriptAsRawText(ScriptEngine.java:119)
	at com.kms.katalon.core.main.TestCaseExecutor.runScript(TestCaseExecutor.java:442)
	at com.kms.katalon.core.main.TestCaseExecutor.doExecute(TestCaseExecutor.java:433)
	at com.kms.katalon.core.main.TestCaseExecutor.processExecutionPhase(TestCaseExecutor.java:412)
	at com.kms.katalon.core.main.TestCaseExecutor.accessMainPhase(TestCaseExecutor.java:404)
	at com.kms.katalon.core.main.TestCaseExecutor.execute(TestCaseExecutor.java:281)
	at com.kms.katalon.core.main.TestSuiteExecutor.accessTestCaseMainPhase(TestSuiteExecutor.java:202)
	at com.kms.katalon.core.main.TestSuiteExecutor.accessTestSuiteMainPhase(TestSuiteExecutor.java:164)
	at com.kms.katalon.core.main.TestSuiteExecutor.execute(TestSuiteExecutor.java:105)
	at com.kms.katalon.core.main.TestCaseMain.startTestSuite(TestCaseMain.java:185)
	at com.kms.katalon.core.main.TestCaseMain$startTestSuite$0.call(Unknown Source)
	at TempTestSuite1656391471368.run(TempTestSuite1656391471368.groovy:36)
Caused by: java.lang.IllegalArgumentException: Illegal character in scheme name at index 0: {http://ec2-35-89-26-59.us-west-2.compute.amazonaws.com/restapi/v1/material/class/492535a2-f2d4-42b4-b4ae-f6cc0b77d280
	at com.kms.katalon.core.webservice.common.DefaultHttpEntityEnclosingRequest.&lt;init>(DefaultHttpEntityEnclosingRequest.java:20)
	at com.kms.katalon.core.webservice.common.RestfulClient.buildHttpRequestWithBody(RestfulClient.java:41)
	at com.kms.katalon.core.webservice.common.RestfulClient.buildHttpRequest(RestfulClient.java:27)
	at com.kms.katalon.core.webservice.common.RestfulClient.buildHttpRequest(RestfulClient.java:1)
	at com.kms.katalon.core.webservice.common.BasicRequestor.send(BasicRequestor.java:55)
	at com.kms.katalon.core.webservice.helper.WebServiceCommonHelper.sendRequest(WebServiceCommonHelper.java:28)
	at com.kms.katalon.core.webservice.keyword.builtin.SendRequestKeyword$_sendRequest_closure1.doCall(SendRequestKeyword.groovy:40)
	at com.kms.katalon.core.webservice.keyword.builtin.SendRequestKeyword$_sendRequest_closure1.call(SendRequestKeyword.groovy)
	at com.kms.katalon.core.keyword.internal.KeywordMain.runKeyword(KeywordMain.groovy:74)
	... 19 more
Caused by: java.net.URISyntaxException: Illegal character in scheme name at index 0: {http://ec2-35-89-26-59.us-west-2.compute.amazonaws.com/restapi/v1/material/class/492535a2-f2d4-42b4-b4ae-f6cc0b77d280
	... 28 more
"/>
         <system-out><![CDATA[2022-06-28 11:55:42 - [TEST_CASE][FAILED] - Test Cases/01_API/03_Class Material/SC015_Get All Material By Class Id/TC001_Get All Material By Class Id: Test Cases/01_API/03_Class Material/SC015_Get All Material By Class Id/TC001_Get All Material By Class Id FAILED.
Reason:
com.kms.katalon.core.exception.StepFailedException: Unable to send request (Root cause: java.lang.IllegalArgumentException: Illegal character in scheme name at index 0: {http://ec2-35-89-26-59.us-west-2.compute.amazonaws.com/restapi/v1/material/class/492535a2-f2d4-42b4-b4ae-f6cc0b77d280
	at com.kms.katalon.core.webservice.common.DefaultHttpEntityEnclosingRequest.<init>(DefaultHttpEntityEnclosingRequest.java:20)
	at com.kms.katalon.core.webservice.common.RestfulClient.buildHttpRequestWithBody(RestfulClient.java:41)
	at com.kms.katalon.core.webservice.common.RestfulClient.buildHttpRequest(RestfulClient.java:27)
	at com.kms.katalon.core.webservice.common.RestfulClient.buildHttpRequest(RestfulClient.java:1)
	at com.kms.katalon.core.webservice.common.BasicRequestor.send(BasicRequestor.java:55)
	at com.kms.katalon.core.webservice.helper.WebServiceCommonHelper.sendRequest(WebServiceCommonHelper.java:28)
	at com.kms.katalon.core.webservice.keyword.builtin.SendRequestKeyword$_sendRequest_closure1.doCall(SendRequestKeyword.groovy:40)
	at com.kms.katalon.core.webservice.keyword.builtin.SendRequestKeyword$_sendRequest_closure1.call(SendRequestKeyword.groovy)
	at com.kms.katalon.core.keyword.internal.KeywordMain.runKeyword(KeywordMain.groovy:74)
	at com.kms.katalon.core.webservice.keyword.builtin.SendRequestKeyword.sendRequest(SendRequestKeyword.groovy:38)
	at com.kms.katalon.core.webservice.keyword.builtin.SendRequestKeyword.execute(SendRequestKeyword.groovy:33)
	at com.kms.katalon.core.keyword.internal.KeywordExecutor.executeKeywordForPlatform(KeywordExecutor.groovy:74)
	at com.kms.katalon.core.webservice.keyword.WSBuiltInKeywords.sendRequest(WSBuiltInKeywords.groovy:40)
	at com.kms.katalon.core.webservice.keyword.WSBuiltInKeywords$sendRequest.call(Unknown Source)
	at TC001_Get All Material By Class Id.run(TC001_Get All Material By Class Id:20)
	at com.kms.katalon.core.main.ScriptEngine.run(ScriptEngine.java:194)
	at com.kms.katalon.core.main.ScriptEngine.runScriptAsRawText(ScriptEngine.java:119)
	at com.kms.katalon.core.main.TestCaseExecutor.runScript(TestCaseExecutor.java:442)
	at com.kms.katalon.core.main.TestCaseExecutor.doExecute(TestCaseExecutor.java:433)
	at com.kms.katalon.core.main.TestCaseExecutor.processExecutionPhase(TestCaseExecutor.java:412)
	at com.kms.katalon.core.main.TestCaseExecutor.accessMainPhase(TestCaseExecutor.java:404)
	at com.kms.katalon.core.main.TestCaseExecutor.execute(TestCaseExecutor.java:281)
	at com.kms.katalon.core.main.TestSuiteExecutor.accessTestCaseMainPhase(TestSuiteExecutor.java:202)
	at com.kms.katalon.core.main.TestSuiteExecutor.accessTestSuiteMainPhase(TestSuiteExecutor.java:164)
	at com.kms.katalon.core.main.TestSuiteExecutor.execute(TestSuiteExecutor.java:105)
	at com.kms.katalon.core.main.TestCaseMain.startTestSuite(TestCaseMain.java:185)
	at com.kms.katalon.core.main.TestCaseMain$startTestSuite$0.call(Unknown Source)
	at TempTestSuite1656391471368.run(TempTestSuite1656391471368.groovy:36)
Caused by: java.net.URISyntaxException: Illegal character in scheme name at index 0: {http://ec2-35-89-26-59.us-west-2.compute.amazonaws.com/restapi/v1/material/class/492535a2-f2d4-42b4-b4ae-f6cc0b77d280
	at com.kms.katalon.core.webservice.common.DefaultHttpEntityEnclosingRequest.<init>(DefaultHttpEntityEnclosingRequest.java:20)
	at com.kms.katalon.core.webservice.common.RestfulClient.buildHttpRequestWithBody(RestfulClient.java:41)
	at com.kms.katalon.core.webservice.common.RestfulClient.buildHttpRequest(RestfulClient.java:27)
	at com.kms.katalon.core.webservice.common.RestfulClient.buildHttpRequest(RestfulClient.java:1)
	at com.kms.katalon.core.webservice.common.BasicRequestor.send(BasicRequestor.java:55)
	at com.kms.katalon.core.webservice.helper.WebServiceCommonHelper.sendRequest(WebServiceCommonHelper.java:28)
	at com.kms.katalon.core.webservice.keyword.builtin.SendRequestKeyword$_sendRequest_closure1.doCall(SendRequestKeyword.groovy:40)
	at com.kms.katalon.core.webservice.keyword.builtin.SendRequestKeyword$_sendRequest_closure1.call(SendRequestKeyword.groovy)
	at com.kms.katalon.core.keyword.internal.KeywordMain.runKeyword(KeywordMain.groovy:74)
	at com.kms.katalon.core.webservice.keyword.builtin.SendRequestKeyword.sendRequest(SendRequestKeyword.groovy:38)
	at com.kms.katalon.core.webservice.keyword.builtin.SendRequestKeyword.execute(SendRequestKeyword.groovy:33)
	at com.kms.katalon.core.keyword.internal.KeywordExecutor.executeKeywordForPlatform(KeywordExecutor.groovy:74)
	at com.kms.katalon.core.webservice.keyword.WSBuiltInKeywords.sendRequest(WSBuiltInKeywords.groovy:40)
	at com.kms.katalon.core.webservice.keyword.WSBuiltInKeywords$sendRequest.call(Unknown Source)
	at Script1655961512591.run(Script1655961512591.groovy:20)
	... 13 more
)
	at com.kms.katalon.core.keyword.internal.KeywordMain.stepFailed(KeywordMain.groovy:50)
	at com.kms.katalon.core.keyword.internal.KeywordMain.stepFailed(KeywordMain.groovy)
	at com.kms.katalon.core.keyword.internal.KeywordMain.runKeyword(KeywordMain.groovy:76)
	at com.kms.katalon.core.webservice.keyword.builtin.SendRequestKeyword.sendRequest(SendRequestKeyword.groovy:38)
	at com.kms.katalon.core.webservice.keyword.builtin.SendRequestKeyword.execute(SendRequestKeyword.groovy:33)
	at com.kms.katalon.core.keyword.internal.KeywordExecutor.executeKeywordForPlatform(KeywordExecutor.groovy:74)
	at com.kms.katalon.core.webservice.keyword.WSBuiltInKeywords.sendRequest(WSBuiltInKeywords.groovy:40)
	at com.kms.katalon.core.webservice.keyword.WSBuiltInKeywords$sendRequest.call(Unknown Source)
	at TC001_Get All Material By Class Id.run(TC001_Get All Material By Class Id:20)
	at com.kms.katalon.core.main.ScriptEngine.run(ScriptEngine.java:194)
	at com.kms.katalon.core.main.ScriptEngine.runScriptAsRawText(ScriptEngine.java:119)
	at com.kms.katalon.core.main.TestCaseExecutor.runScript(TestCaseExecutor.java:442)
	at com.kms.katalon.core.main.TestCaseExecutor.doExecute(TestCaseExecutor.java:433)
	at com.kms.katalon.core.main.TestCaseExecutor.processExecutionPhase(TestCaseExecutor.java:412)
	at com.kms.katalon.core.main.TestCaseExecutor.accessMainPhase(TestCaseExecutor.java:404)
	at com.kms.katalon.core.main.TestCaseExecutor.execute(TestCaseExecutor.java:281)
	at com.kms.katalon.core.main.TestSuiteExecutor.accessTestCaseMainPhase(TestSuiteExecutor.java:202)
	at com.kms.katalon.core.main.TestSuiteExecutor.accessTestSuiteMainPhase(TestSuiteExecutor.java:164)
	at com.kms.katalon.core.main.TestSuiteExecutor.execute(TestSuiteExecutor.java:105)
	at com.kms.katalon.core.main.TestCaseMain.startTestSuite(TestCaseMain.java:185)
	at com.kms.katalon.core.main.TestCaseMain$startTestSuite$0.call(Unknown Source)
	at TempTestSuite1656391471368.run(TempTestSuite1656391471368.groovy:36)
Caused by: java.lang.IllegalArgumentException: Illegal character in scheme name at index 0: {http://ec2-35-89-26-59.us-west-2.compute.amazonaws.com/restapi/v1/material/class/492535a2-f2d4-42b4-b4ae-f6cc0b77d280
	at com.kms.katalon.core.webservice.common.DefaultHttpEntityEnclosingRequest.<init>(DefaultHttpEntityEnclosingRequest.java:20)
	at com.kms.katalon.core.webservice.common.RestfulClient.buildHttpRequestWithBody(RestfulClient.java:41)
	at com.kms.katalon.core.webservice.common.RestfulClient.buildHttpRequest(RestfulClient.java:27)
	at com.kms.katalon.core.webservice.common.RestfulClient.buildHttpRequest(RestfulClient.java:1)
	at com.kms.katalon.core.webservice.common.BasicRequestor.send(BasicRequestor.java:55)
	at com.kms.katalon.core.webservice.helper.WebServiceCommonHelper.sendRequest(WebServiceCommonHelper.java:28)
	at com.kms.katalon.core.webservice.keyword.builtin.SendRequestKeyword$_sendRequest_closure1.doCall(SendRequestKeyword.groovy:40)
	at com.kms.katalon.core.webservice.keyword.builtin.SendRequestKeyword$_sendRequest_closure1.call(SendRequestKeyword.groovy)
	at com.kms.katalon.core.keyword.internal.KeywordMain.runKeyword(KeywordMain.groovy:74)
	... 19 more
Caused by: java.net.URISyntaxException: Illegal character in scheme name at index 0: {http://ec2-35-89-26-59.us-west-2.compute.amazonaws.com/restapi/v1/material/class/492535a2-f2d4-42b4-b4ae-f6cc0b77d280
	... 28 more


2022-06-28 11:55:42 - [TEST_STEP][FAILED] - response = sendRequest(findTestObject("01_API/03_Material/SC015_Get All Material By Class Id/TC001_Get All Material By Class Id")): Unable to send request (Root cause: java.lang.IllegalArgumentException: Illegal character in scheme name at index 0: {http://ec2-35-89-26-59.us-west-2.compute.amazonaws.com/restapi/v1/material/class/492535a2-f2d4-42b4-b4ae-f6cc0b77d280
	at com.kms.katalon.core.webservice.common.DefaultHttpEntityEnclosingRequest.<init>(DefaultHttpEntityEnclosingRequest.java:20)
	at com.kms.katalon.core.webservice.common.RestfulClient.buildHttpRequestWithBody(RestfulClient.java:41)
	at com.kms.katalon.core.webservice.common.RestfulClient.buildHttpRequest(RestfulClient.java:27)
	at com.kms.katalon.core.webservice.common.RestfulClient.buildHttpRequest(RestfulClient.java:1)
	at com.kms.katalon.core.webservice.common.BasicRequestor.send(BasicRequestor.java:55)
	at com.kms.katalon.core.webservice.helper.WebServiceCommonHelper.sendRequest(WebServiceCommonHelper.java:28)
	at com.kms.katalon.core.webservice.keyword.builtin.SendRequestKeyword$_sendRequest_closure1.doCall(SendRequestKeyword.groovy:40)
	at com.kms.katalon.core.webservice.keyword.builtin.SendRequestKeyword$_sendRequest_closure1.call(SendRequestKeyword.groovy)
	at com.kms.katalon.core.keyword.internal.KeywordMain.runKeyword(KeywordMain.groovy:74)
	at com.kms.katalon.core.webservice.keyword.builtin.SendRequestKeyword.sendRequest(SendRequestKeyword.groovy:38)
	at com.kms.katalon.core.webservice.keyword.builtin.SendRequestKeyword.execute(SendRequestKeyword.groovy:33)
	at com.kms.katalon.core.keyword.internal.KeywordExecutor.executeKeywordForPlatform(KeywordExecutor.groovy:74)
	at com.kms.katalon.core.webservice.keyword.WSBuiltInKeywords.sendRequest(WSBuiltInKeywords.groovy:40)
	at com.kms.katalon.core.webservice.keyword.WSBuiltInKeywords$sendRequest.call(Unknown Source)
	at TC001_Get All Material By Class Id.run(TC001_Get All Material By Class Id:20)
	at com.kms.katalon.core.main.ScriptEngine.run(ScriptEngine.java:194)
	at com.kms.katalon.core.main.ScriptEngine.runScriptAsRawText(ScriptEngine.java:119)
	at com.kms.katalon.core.main.TestCaseExecutor.runScript(TestCaseExecutor.java:442)
	at com.kms.katalon.core.main.TestCaseExecutor.doExecute(TestCaseExecutor.java:433)
	at com.kms.katalon.core.main.TestCaseExecutor.processExecutionPhase(TestCaseExecutor.java:412)
	at com.kms.katalon.core.main.TestCaseExecutor.accessMainPhase(TestCaseExecutor.java:404)
	at com.kms.katalon.core.main.TestCaseExecutor.execute(TestCaseExecutor.java:281)
	at com.kms.katalon.core.main.TestSuiteExecutor.accessTestCaseMainPhase(TestSuiteExecutor.java:202)
	at com.kms.katalon.core.main.TestSuiteExecutor.accessTestSuiteMainPhase(TestSuiteExecutor.java:164)
	at com.kms.katalon.core.main.TestSuiteExecutor.execute(TestSuiteExecutor.java:105)
	at com.kms.katalon.core.main.TestCaseMain.startTestSuite(TestCaseMain.java:185)
	at com.kms.katalon.core.main.TestCaseMain$startTestSuite$0.call(Unknown Source)
	at TempTestSuite1656391471368.run(TempTestSuite1656391471368.groovy:36)
Caused by: java.net.URISyntaxException: Illegal character in scheme name at index 0: {http://ec2-35-89-26-59.us-west-2.compute.amazonaws.com/restapi/v1/material/class/492535a2-f2d4-42b4-b4ae-f6cc0b77d280
	at com.kms.katalon.core.webservice.common.DefaultHttpEntityEnclosingRequest.<init>(DefaultHttpEntityEnclosingRequest.java:20)
	at com.kms.katalon.core.webservice.common.RestfulClient.buildHttpRequestWithBody(RestfulClient.java:41)
	at com.kms.katalon.core.webservice.common.RestfulClient.buildHttpRequest(RestfulClient.java:27)
	at com.kms.katalon.core.webservice.common.RestfulClient.buildHttpRequest(RestfulClient.java:1)
	at com.kms.katalon.core.webservice.common.BasicRequestor.send(BasicRequestor.java:55)
	at com.kms.katalon.core.webservice.helper.WebServiceCommonHelper.sendRequest(WebServiceCommonHelper.java:28)
	at com.kms.katalon.core.webservice.keyword.builtin.SendRequestKeyword$_sendRequest_closure1.doCall(SendRequestKeyword.groovy:40)
	at com.kms.katalon.core.webservice.keyword.builtin.SendRequestKeyword$_sendRequest_closure1.call(SendRequestKeyword.groovy)
	at com.kms.katalon.core.keyword.internal.KeywordMain.runKeyword(KeywordMain.groovy:74)
	at com.kms.katalon.core.webservice.keyword.builtin.SendRequestKeyword.sendRequest(SendRequestKeyword.groovy:38)
	at com.kms.katalon.core.webservice.keyword.builtin.SendRequestKeyword.execute(SendRequestKeyword.groovy:33)
	at com.kms.katalon.core.keyword.internal.KeywordExecutor.executeKeywordForPlatform(KeywordExecutor.groovy:74)
	at com.kms.katalon.core.webservice.keyword.WSBuiltInKeywords.sendRequest(WSBuiltInKeywords.groovy:40)
	at com.kms.katalon.core.webservice.keyword.WSBuiltInKeywords$sendRequest.call(Unknown Source)
	at Script1655961512591.run(Script1655961512591.groovy:20)
	... 13 more
)

2022-06-28 11:55:42 - [MESSAGE][FAILED] - Unable to send request (Root cause: java.lang.IllegalArgumentException: Illegal character in scheme name at index 0: {http://ec2-35-89-26-59.us-west-2.compute.amazonaws.com/restapi/v1/material/class/492535a2-f2d4-42b4-b4ae-f6cc0b77d280
	at com.kms.katalon.core.webservice.common.DefaultHttpEntityEnclosingRequest.<init>(DefaultHttpEntityEnclosingRequest.java:20)
	at com.kms.katalon.core.webservice.common.RestfulClient.buildHttpRequestWithBody(RestfulClient.java:41)
	at com.kms.katalon.core.webservice.common.RestfulClient.buildHttpRequest(RestfulClient.java:27)
	at com.kms.katalon.core.webservice.common.RestfulClient.buildHttpRequest(RestfulClient.java:1)
	at com.kms.katalon.core.webservice.common.BasicRequestor.send(BasicRequestor.java:55)
	at com.kms.katalon.core.webservice.helper.WebServiceCommonHelper.sendRequest(WebServiceCommonHelper.java:28)
	at com.kms.katalon.core.webservice.keyword.builtin.SendRequestKeyword$_sendRequest_closure1.doCall(SendRequestKeyword.groovy:40)
	at com.kms.katalon.core.webservice.keyword.builtin.SendRequestKeyword$_sendRequest_closure1.call(SendRequestKeyword.groovy)
	at com.kms.katalon.core.keyword.internal.KeywordMain.runKeyword(KeywordMain.groovy:74)
	at com.kms.katalon.core.webservice.keyword.builtin.SendRequestKeyword.sendRequest(SendRequestKeyword.groovy:38)
	at com.kms.katalon.core.webservice.keyword.builtin.SendRequestKeyword.execute(SendRequestKeyword.groovy:33)
	at com.kms.katalon.core.keyword.internal.KeywordExecutor.executeKeywordForPlatform(KeywordExecutor.groovy:74)
	at com.kms.katalon.core.webservice.keyword.WSBuiltInKeywords.sendRequest(WSBuiltInKeywords.groovy:40)
	at com.kms.katalon.core.webservice.keyword.WSBuiltInKeywords$sendRequest.call(Unknown Source)
	at TC001_Get All Material By Class Id.run(TC001_Get All Material By Class Id:20)
	at com.kms.katalon.core.main.ScriptEngine.run(ScriptEngine.java:194)
	at com.kms.katalon.core.main.ScriptEngine.runScriptAsRawText(ScriptEngine.java:119)
	at com.kms.katalon.core.main.TestCaseExecutor.runScript(TestCaseExecutor.java:442)
	at com.kms.katalon.core.main.TestCaseExecutor.doExecute(TestCaseExecutor.java:433)
	at com.kms.katalon.core.main.TestCaseExecutor.processExecutionPhase(TestCaseExecutor.java:412)
	at com.kms.katalon.core.main.TestCaseExecutor.accessMainPhase(TestCaseExecutor.java:404)
	at com.kms.katalon.core.main.TestCaseExecutor.execute(TestCaseExecutor.java:281)
	at com.kms.katalon.core.main.TestSuiteExecutor.accessTestCaseMainPhase(TestSuiteExecutor.java:202)
	at com.kms.katalon.core.main.TestSuiteExecutor.accessTestSuiteMainPhase(TestSuiteExecutor.java:164)
	at com.kms.katalon.core.main.TestSuiteExecutor.execute(TestSuiteExecutor.java:105)
	at com.kms.katalon.core.main.TestCaseMain.startTestSuite(TestCaseMain.java:185)
	at com.kms.katalon.core.main.TestCaseMain$startTestSuite$0.call(Unknown Source)
	at TempTestSuite1656391471368.run(TempTestSuite1656391471368.groovy:36)
Caused by: java.net.URISyntaxException: Illegal character in scheme name at index 0: {http://ec2-35-89-26-59.us-west-2.compute.amazonaws.com/restapi/v1/material/class/492535a2-f2d4-42b4-b4ae-f6cc0b77d280
	at com.kms.katalon.core.webservice.common.DefaultHttpEntityEnclosingRequest.<init>(DefaultHttpEntityEnclosingRequest.java:20)
	at com.kms.katalon.core.webservice.common.RestfulClient.buildHttpRequestWithBody(RestfulClient.java:41)
	at com.kms.katalon.core.webservice.common.RestfulClient.buildHttpRequest(RestfulClient.java:27)
	at com.kms.katalon.core.webservice.common.RestfulClient.buildHttpRequest(RestfulClient.java:1)
	at com.kms.katalon.core.webservice.common.BasicRequestor.send(BasicRequestor.java:55)
	at com.kms.katalon.core.webservice.helper.WebServiceCommonHelper.sendRequest(WebServiceCommonHelper.java:28)
	at com.kms.katalon.core.webservice.keyword.builtin.SendRequestKeyword$_sendRequest_closure1.doCall(SendRequestKeyword.groovy:40)
	at com.kms.katalon.core.webservice.keyword.builtin.SendRequestKeyword$_sendRequest_closure1.call(SendRequestKeyword.groovy)
	at com.kms.katalon.core.keyword.internal.KeywordMain.runKeyword(KeywordMain.groovy:74)
	at com.kms.katalon.core.webservice.keyword.builtin.SendRequestKeyword.sendRequest(SendRequestKeyword.groovy:38)
	at com.kms.katalon.core.webservice.keyword.builtin.SendRequestKeyword.execute(SendRequestKeyword.groovy:33)
	at com.kms.katalon.core.keyword.internal.KeywordExecutor.executeKeywordForPlatform(KeywordExecutor.groovy:74)
	at com.kms.katalon.core.webservice.keyword.WSBuiltInKeywords.sendRequest(WSBuiltInKeywords.groovy:40)
	at com.kms.katalon.core.webservice.keyword.WSBuiltInKeywords$sendRequest.call(Unknown Source)
	at Script1655961512591.run(Script1655961512591.groovy:20)
	... 13 more
)]]></system-out>
         <system-err><![CDATA[2022-06-28 11:55:42 - [TEST_CASE][FAILED] - Test Cases/01_API/03_Class Material/SC015_Get All Material By Class Id/TC001_Get All Material By Class Id: Test Cases/01_API/03_Class Material/SC015_Get All Material By Class Id/TC001_Get All Material By Class Id FAILED.
Reason:
com.kms.katalon.core.exception.StepFailedException: Unable to send request (Root cause: java.lang.IllegalArgumentException: Illegal character in scheme name at index 0: {http://ec2-35-89-26-59.us-west-2.compute.amazonaws.com/restapi/v1/material/class/492535a2-f2d4-42b4-b4ae-f6cc0b77d280
	at com.kms.katalon.core.webservice.common.DefaultHttpEntityEnclosingRequest.<init>(DefaultHttpEntityEnclosingRequest.java:20)
	at com.kms.katalon.core.webservice.common.RestfulClient.buildHttpRequestWithBody(RestfulClient.java:41)
	at com.kms.katalon.core.webservice.common.RestfulClient.buildHttpRequest(RestfulClient.java:27)
	at com.kms.katalon.core.webservice.common.RestfulClient.buildHttpRequest(RestfulClient.java:1)
	at com.kms.katalon.core.webservice.common.BasicRequestor.send(BasicRequestor.java:55)
	at com.kms.katalon.core.webservice.helper.WebServiceCommonHelper.sendRequest(WebServiceCommonHelper.java:28)
	at com.kms.katalon.core.webservice.keyword.builtin.SendRequestKeyword$_sendRequest_closure1.doCall(SendRequestKeyword.groovy:40)
	at com.kms.katalon.core.webservice.keyword.builtin.SendRequestKeyword$_sendRequest_closure1.call(SendRequestKeyword.groovy)
	at com.kms.katalon.core.keyword.internal.KeywordMain.runKeyword(KeywordMain.groovy:74)
	at com.kms.katalon.core.webservice.keyword.builtin.SendRequestKeyword.sendRequest(SendRequestKeyword.groovy:38)
	at com.kms.katalon.core.webservice.keyword.builtin.SendRequestKeyword.execute(SendRequestKeyword.groovy:33)
	at com.kms.katalon.core.keyword.internal.KeywordExecutor.executeKeywordForPlatform(KeywordExecutor.groovy:74)
	at com.kms.katalon.core.webservice.keyword.WSBuiltInKeywords.sendRequest(WSBuiltInKeywords.groovy:40)
	at com.kms.katalon.core.webservice.keyword.WSBuiltInKeywords$sendRequest.call(Unknown Source)
	at TC001_Get All Material By Class Id.run(TC001_Get All Material By Class Id:20)
	at com.kms.katalon.core.main.ScriptEngine.run(ScriptEngine.java:194)
	at com.kms.katalon.core.main.ScriptEngine.runScriptAsRawText(ScriptEngine.java:119)
	at com.kms.katalon.core.main.TestCaseExecutor.runScript(TestCaseExecutor.java:442)
	at com.kms.katalon.core.main.TestCaseExecutor.doExecute(TestCaseExecutor.java:433)
	at com.kms.katalon.core.main.TestCaseExecutor.processExecutionPhase(TestCaseExecutor.java:412)
	at com.kms.katalon.core.main.TestCaseExecutor.accessMainPhase(TestCaseExecutor.java:404)
	at com.kms.katalon.core.main.TestCaseExecutor.execute(TestCaseExecutor.java:281)
	at com.kms.katalon.core.main.TestSuiteExecutor.accessTestCaseMainPhase(TestSuiteExecutor.java:202)
	at com.kms.katalon.core.main.TestSuiteExecutor.accessTestSuiteMainPhase(TestSuiteExecutor.java:164)
	at com.kms.katalon.core.main.TestSuiteExecutor.execute(TestSuiteExecutor.java:105)
	at com.kms.katalon.core.main.TestCaseMain.startTestSuite(TestCaseMain.java:185)
	at com.kms.katalon.core.main.TestCaseMain$startTestSuite$0.call(Unknown Source)
	at TempTestSuite1656391471368.run(TempTestSuite1656391471368.groovy:36)
Caused by: java.net.URISyntaxException: Illegal character in scheme name at index 0: {http://ec2-35-89-26-59.us-west-2.compute.amazonaws.com/restapi/v1/material/class/492535a2-f2d4-42b4-b4ae-f6cc0b77d280
	at com.kms.katalon.core.webservice.common.DefaultHttpEntityEnclosingRequest.<init>(DefaultHttpEntityEnclosingRequest.java:20)
	at com.kms.katalon.core.webservice.common.RestfulClient.buildHttpRequestWithBody(RestfulClient.java:41)
	at com.kms.katalon.core.webservice.common.RestfulClient.buildHttpRequest(RestfulClient.java:27)
	at com.kms.katalon.core.webservice.common.RestfulClient.buildHttpRequest(RestfulClient.java:1)
	at com.kms.katalon.core.webservice.common.BasicRequestor.send(BasicRequestor.java:55)
	at com.kms.katalon.core.webservice.helper.WebServiceCommonHelper.sendRequest(WebServiceCommonHelper.java:28)
	at com.kms.katalon.core.webservice.keyword.builtin.SendRequestKeyword$_sendRequest_closure1.doCall(SendRequestKeyword.groovy:40)
	at com.kms.katalon.core.webservice.keyword.builtin.SendRequestKeyword$_sendRequest_closure1.call(SendRequestKeyword.groovy)
	at com.kms.katalon.core.keyword.internal.KeywordMain.runKeyword(KeywordMain.groovy:74)
	at com.kms.katalon.core.webservice.keyword.builtin.SendRequestKeyword.sendRequest(SendRequestKeyword.groovy:38)
	at com.kms.katalon.core.webservice.keyword.builtin.SendRequestKeyword.execute(SendRequestKeyword.groovy:33)
	at com.kms.katalon.core.keyword.internal.KeywordExecutor.executeKeywordForPlatform(KeywordExecutor.groovy:74)
	at com.kms.katalon.core.webservice.keyword.WSBuiltInKeywords.sendRequest(WSBuiltInKeywords.groovy:40)
	at com.kms.katalon.core.webservice.keyword.WSBuiltInKeywords$sendRequest.call(Unknown Source)
	at Script1655961512591.run(Script1655961512591.groovy:20)
	... 13 more
)
	at com.kms.katalon.core.keyword.internal.KeywordMain.stepFailed(KeywordMain.groovy:50)
	at com.kms.katalon.core.keyword.internal.KeywordMain.stepFailed(KeywordMain.groovy)
	at com.kms.katalon.core.keyword.internal.KeywordMain.runKeyword(KeywordMain.groovy:76)
	at com.kms.katalon.core.webservice.keyword.builtin.SendRequestKeyword.sendRequest(SendRequestKeyword.groovy:38)
	at com.kms.katalon.core.webservice.keyword.builtin.SendRequestKeyword.execute(SendRequestKeyword.groovy:33)
	at com.kms.katalon.core.keyword.internal.KeywordExecutor.executeKeywordForPlatform(KeywordExecutor.groovy:74)
	at com.kms.katalon.core.webservice.keyword.WSBuiltInKeywords.sendRequest(WSBuiltInKeywords.groovy:40)
	at com.kms.katalon.core.webservice.keyword.WSBuiltInKeywords$sendRequest.call(Unknown Source)
	at TC001_Get All Material By Class Id.run(TC001_Get All Material By Class Id:20)
	at com.kms.katalon.core.main.ScriptEngine.run(ScriptEngine.java:194)
	at com.kms.katalon.core.main.ScriptEngine.runScriptAsRawText(ScriptEngine.java:119)
	at com.kms.katalon.core.main.TestCaseExecutor.runScript(TestCaseExecutor.java:442)
	at com.kms.katalon.core.main.TestCaseExecutor.doExecute(TestCaseExecutor.java:433)
	at com.kms.katalon.core.main.TestCaseExecutor.processExecutionPhase(TestCaseExecutor.java:412)
	at com.kms.katalon.core.main.TestCaseExecutor.accessMainPhase(TestCaseExecutor.java:404)
	at com.kms.katalon.core.main.TestCaseExecutor.execute(TestCaseExecutor.java:281)
	at com.kms.katalon.core.main.TestSuiteExecutor.accessTestCaseMainPhase(TestSuiteExecutor.java:202)
	at com.kms.katalon.core.main.TestSuiteExecutor.accessTestSuiteMainPhase(TestSuiteExecutor.java:164)
	at com.kms.katalon.core.main.TestSuiteExecutor.execute(TestSuiteExecutor.java:105)
	at com.kms.katalon.core.main.TestCaseMain.startTestSuite(TestCaseMain.java:185)
	at com.kms.katalon.core.main.TestCaseMain$startTestSuite$0.call(Unknown Source)
	at TempTestSuite1656391471368.run(TempTestSuite1656391471368.groovy:36)
Caused by: java.lang.IllegalArgumentException: Illegal character in scheme name at index 0: {http://ec2-35-89-26-59.us-west-2.compute.amazonaws.com/restapi/v1/material/class/492535a2-f2d4-42b4-b4ae-f6cc0b77d280
	at com.kms.katalon.core.webservice.common.DefaultHttpEntityEnclosingRequest.<init>(DefaultHttpEntityEnclosingRequest.java:20)
	at com.kms.katalon.core.webservice.common.RestfulClient.buildHttpRequestWithBody(RestfulClient.java:41)
	at com.kms.katalon.core.webservice.common.RestfulClient.buildHttpRequest(RestfulClient.java:27)
	at com.kms.katalon.core.webservice.common.RestfulClient.buildHttpRequest(RestfulClient.java:1)
	at com.kms.katalon.core.webservice.common.BasicRequestor.send(BasicRequestor.java:55)
	at com.kms.katalon.core.webservice.helper.WebServiceCommonHelper.sendRequest(WebServiceCommonHelper.java:28)
	at com.kms.katalon.core.webservice.keyword.builtin.SendRequestKeyword$_sendRequest_closure1.doCall(SendRequestKeyword.groovy:40)
	at com.kms.katalon.core.webservice.keyword.builtin.SendRequestKeyword$_sendRequest_closure1.call(SendRequestKeyword.groovy)
	at com.kms.katalon.core.keyword.internal.KeywordMain.runKeyword(KeywordMain.groovy:74)
	... 19 more
Caused by: java.net.URISyntaxException: Illegal character in scheme name at index 0: {http://ec2-35-89-26-59.us-west-2.compute.amazonaws.com/restapi/v1/material/class/492535a2-f2d4-42b4-b4ae-f6cc0b77d280
	... 28 more]]></system-err>
      </testcase>
      <system-out><![CDATA[2022-06-28 11:44:44 - [TEST_SUITE][FAILED] - 03_Class Material: Test Cases/01_API/03_Class Material/SC013_Create Class Material/TC004_Create Class Material (With invalid token) FAILED.
Reason:
com.kms.katalon.core.exception.StepFailedException: Expected status code is '403' but actual status code is '200'
	at com.kms.katalon.core.keyword.internal.KeywordMain.stepFailed(KeywordMain.groovy:39)
	at com.kms.katalon.core.webservice.keyword.builtin.VerifyResponseStatusCodeKeyword.verifyStatusCode(VerifyResponseStatusCodeKeyword.groovy:52)
	at com.kms.katalon.core.webservice.keyword.builtin.VerifyResponseStatusCodeKeyword.access$1(VerifyResponseStatusCodeKeyword.groovy)
	at com.kms.katalon.core.webservice.keyword.builtin.VerifyResponseStatusCodeKeyword$_verifyResponseStatusCode_closure1.doCall(VerifyResponseStatusCodeKeyword.groovy:42)
	at com.kms.katalon.core.webservice.keyword.builtin.VerifyResponseStatusCodeKeyword$_verifyResponseStatusCode_closure1.call(VerifyResponseStatusCodeKeyword.groovy)
	at com.kms.katalon.core.keyword.internal.KeywordMain.runKeyword(KeywordMain.groovy:74)
	at com.kms.katalon.core.webservice.keyword.builtin.VerifyResponseStatusCodeKeyword.verifyResponseStatusCode(VerifyResponseStatusCodeKeyword.groovy:37)
	at com.kms.katalon.core.webservice.keyword.builtin.VerifyResponseStatusCodeKeyword.execute(VerifyResponseStatusCodeKeyword.groovy:32)
	at com.kms.katalon.core.keyword.internal.KeywordExecutor.executeKeywordForPlatform(KeywordExecutor.groovy:74)
	at com.kms.katalon.core.webservice.keyword.WSBuiltInKeywords.verifyResponseStatusCode(WSBuiltInKeywords.groovy:330)
	at com.kms.katalon.core.webservice.keyword.WSBuiltInKeywords$verifyResponseStatusCode$0.call(Unknown Source)
	at TC004_Create Class Material (With invalid token).run(TC004_Create Class Material (With invalid token):22)
	at com.kms.katalon.core.main.ScriptEngine.run(ScriptEngine.java:194)
	at com.kms.katalon.core.main.ScriptEngine.runScriptAsRawText(ScriptEngine.java:119)
	at com.kms.katalon.core.main.TestCaseExecutor.runScript(TestCaseExecutor.java:442)
	at com.kms.katalon.core.main.TestCaseExecutor.doExecute(TestCaseExecutor.java:433)
	at com.kms.katalon.core.main.TestCaseExecutor.processExecutionPhase(TestCaseExecutor.java:412)
	at com.kms.katalon.core.main.TestCaseExecutor.accessMainPhase(TestCaseExecutor.java:404)
	at com.kms.katalon.core.main.TestCaseExecutor.execute(TestCaseExecutor.java:281)
	at com.kms.katalon.core.main.TestSuiteExecutor.accessTestCaseMainPhase(TestSuiteExecutor.java:202)
	at com.kms.katalon.core.main.TestSuiteExecutor.accessTestSuiteMainPhase(TestSuiteExecutor.java:164)
	at com.kms.katalon.core.main.TestSuiteExecutor.execute(TestSuiteExecutor.java:105)
	at com.kms.katalon.core.main.TestCaseMain.startTestSuite(TestCaseMain.java:185)
	at com.kms.katalon.core.main.TestCaseMain$startTestSuite$0.call(Unknown Source)
	at TempTestSuite1656391471368.run(TempTestSuite1656391471368.groovy:36)]]></system-out>
      <system-err><![CDATA[2022-06-28 11:44:44 - [TEST_SUITE][FAILED] - 03_Class Material: Test Cases/01_API/03_Class Material/SC013_Create Class Material/TC004_Create Class Material (With invalid token) FAILED.
Reason:
com.kms.katalon.core.exception.StepFailedException: Expected status code is '403' but actual status code is '200'
	at com.kms.katalon.core.keyword.internal.KeywordMain.stepFailed(KeywordMain.groovy:39)
	at com.kms.katalon.core.webservice.keyword.builtin.VerifyResponseStatusCodeKeyword.verifyStatusCode(VerifyResponseStatusCodeKeyword.groovy:52)
	at com.kms.katalon.core.webservice.keyword.builtin.VerifyResponseStatusCodeKeyword.access$1(VerifyResponseStatusCodeKeyword.groovy)
	at com.kms.katalon.core.webservice.keyword.builtin.VerifyResponseStatusCodeKeyword$_verifyResponseStatusCode_closure1.doCall(VerifyResponseStatusCodeKeyword.groovy:42)
	at com.kms.katalon.core.webservice.keyword.builtin.VerifyResponseStatusCodeKeyword$_verifyResponseStatusCode_closure1.call(VerifyResponseStatusCodeKeyword.groovy)
	at com.kms.katalon.core.keyword.internal.KeywordMain.runKeyword(KeywordMain.groovy:74)
	at com.kms.katalon.core.webservice.keyword.builtin.VerifyResponseStatusCodeKeyword.verifyResponseStatusCode(VerifyResponseStatusCodeKeyword.groovy:37)
	at com.kms.katalon.core.webservice.keyword.builtin.VerifyResponseStatusCodeKeyword.execute(VerifyResponseStatusCodeKeyword.groovy:32)
	at com.kms.katalon.core.keyword.internal.KeywordExecutor.executeKeywordForPlatform(KeywordExecutor.groovy:74)
	at com.kms.katalon.core.webservice.keyword.WSBuiltInKeywords.verifyResponseStatusCode(WSBuiltInKeywords.groovy:330)
	at com.kms.katalon.core.webservice.keyword.WSBuiltInKeywords$verifyResponseStatusCode$0.call(Unknown Source)
	at TC004_Create Class Material (With invalid token).run(TC004_Create Class Material (With invalid token):22)
	at com.kms.katalon.core.main.ScriptEngine.run(ScriptEngine.java:194)
	at com.kms.katalon.core.main.ScriptEngine.runScriptAsRawText(ScriptEngine.java:119)
	at com.kms.katalon.core.main.TestCaseExecutor.runScript(TestCaseExecutor.java:442)
	at com.kms.katalon.core.main.TestCaseExecutor.doExecute(TestCaseExecutor.java:433)
	at com.kms.katalon.core.main.TestCaseExecutor.processExecutionPhase(TestCaseExecutor.java:412)
	at com.kms.katalon.core.main.TestCaseExecutor.accessMainPhase(TestCaseExecutor.java:404)
	at com.kms.katalon.core.main.TestCaseExecutor.execute(TestCaseExecutor.java:281)
	at com.kms.katalon.core.main.TestSuiteExecutor.accessTestCaseMainPhase(TestSuiteExecutor.java:202)
	at com.kms.katalon.core.main.TestSuiteExecutor.accessTestSuiteMainPhase(TestSuiteExecutor.java:164)
	at com.kms.katalon.core.main.TestSuiteExecutor.execute(TestSuiteExecutor.java:105)
	at com.kms.katalon.core.main.TestCaseMain.startTestSuite(TestCaseMain.java:185)
	at com.kms.katalon.core.main.TestCaseMain$startTestSuite$0.call(Unknown Source)
	at TempTestSuite1656391471368.run(TempTestSuite1656391471368.groovy:36)]]></system-err>
   </testsuite>
</testsuites>
